2017-10-23 20:03:10.5264 INFO Database file location: E:\Temp\Backup\ITWhiz.ScaleSoft\ITWhiz.ScaleSoft.Desktop\
2017-10-23 20:03:10.7660 INFO Initialising Components...
2017-10-23 20:03:13.8976 INFO Checking Database Connection...
2017-10-23 20:03:14.0232 INFO Database connection string : Data Source=|DataDirectory|\ScaleSoft.db3;Version=3;
2017-10-23 20:03:17.2459 INFO Finishing Initialisation...
2017-10-23 20:03:17.2459 INFO Database connection string : Data Source=|DataDirectory|\ScaleSoft.db3;Version=3;
2017-10-23 20:03:20.4760 INFO Database connection string : Data Source=|DataDirectory|\ScaleSoft.db3;Version=3;
2017-10-23 20:03:20.4865 INFO Database connection string : Data Source=|DataDirectory|\ScaleSoft.db3;Version=3;
2017-10-23 20:03:20.4945 INFO Database connection string : Data Source=|DataDirectory|\ScaleSoft.db3;Version=3;
2017-10-23 20:03:24.5562 INFO Database connection string : Data Source=|DataDirectory|\ScaleSoft.db3;Version=3;
2017-10-23 20:03:24.5562 INFO Database connection string : Data Source=|DataDirectory|\ScaleSoft.db3;Version=3;
2017-10-23 20:03:24.5782 INFO Database connection string : Data Source=|DataDirectory|\ScaleSoft.db3;Version=3;
2017-10-23 20:03:24.5918 INFO Database connection string : Data Source=|DataDirectory|\ScaleSoft.db3;Version=3;
2017-10-23 20:03:25.3167 INFO Database connection string : Data Source=|DataDirectory|\ScaleSoft.db3;Version=3;
2017-10-23 20:03:42.4637 INFO Database connection string : Data Source=|DataDirectory|\ScaleSoft.db3;Version=3;
2017-10-23 20:05:30.1420 INFO Database file location: E:\Temp\Backup\ITWhiz.ScaleSoft\ITWhiz.ScaleSoft.Desktop\
2017-10-23 20:05:30.2765 INFO Initialising Components...
2017-10-23 20:05:33.3401 INFO Checking Database Connection...
2017-10-23 20:05:33.3601 INFO Database connection string : Data Source=|DataDirectory|\ScaleSoft.db3;Version=3;
2017-10-23 20:05:36.4407 INFO Finishing Initialisation...
2017-10-23 20:05:36.4462 INFO Database connection string : Data Source=|DataDirectory|\ScaleSoft.db3;Version=3;
2017-10-23 20:05:39.9480 INFO Database connection string : Data Source=|DataDirectory|\ScaleSoft.db3;Version=3;
2017-10-23 20:05:39.9480 INFO Database connection string : Data Source=|DataDirectory|\ScaleSoft.db3;Version=3;
2017-10-23 20:05:39.9660 INFO Database connection string : Data Source=|DataDirectory|\ScaleSoft.db3;Version=3;
2017-10-23 20:05:43.1196 INFO Database connection string : Data Source=|DataDirectory|\ScaleSoft.db3;Version=3;
2017-10-23 20:05:43.1196 INFO Database connection string : Data Source=|DataDirectory|\ScaleSoft.db3;Version=3;
2017-10-23 20:05:43.1431 INFO Database connection string : Data Source=|DataDirectory|\ScaleSoft.db3;Version=3;
2017-10-23 20:05:43.1561 INFO Database connection string : Data Source=|DataDirectory|\ScaleSoft.db3;Version=3;
2017-10-23 20:05:43.8831 INFO Database connection string : Data Source=|DataDirectory|\ScaleSoft.db3;Version=3;
2017-10-23 20:05:59.7667 INFO Database connection string : Data Source=|DataDirectory|\ScaleSoft.db3;Version=3;
2017-10-23 20:10:21.8174 INFO Database file location: E:\Temp\Backup\ITWhiz.ScaleSoft\ITWhiz.ScaleSoft.Desktop\
2017-10-23 20:10:21.9590 INFO Initialising Components...
2017-10-23 20:10:25.0225 INFO Checking Database Connection...
2017-10-23 20:10:25.0746 INFO Database connection string : Data Source=|DataDirectory|\ScaleSoft.db3;Version=3;
2017-10-23 20:10:28.1561 INFO Finishing Initialisation...
2017-10-23 20:10:28.1561 INFO Database connection string : Data Source=|DataDirectory|\ScaleSoft.db3;Version=3;
2017-10-23 20:10:36.9565 INFO Database connection string : Data Source=|DataDirectory|\ScaleSoft.db3;Version=3;
2017-10-23 20:10:36.9665 INFO Database connection string : Data Source=|DataDirectory|\ScaleSoft.db3;Version=3;
2017-10-23 20:10:36.9665 INFO Database connection string : Data Source=|DataDirectory|\ScaleSoft.db3;Version=3;
2017-10-23 20:10:40.8806 INFO Database connection string : Data Source=|DataDirectory|\ScaleSoft.db3;Version=3;
2017-10-23 20:10:40.8926 INFO Database connection string : Data Source=|DataDirectory|\ScaleSoft.db3;Version=3;
2017-10-23 20:10:40.9031 INFO Database connection string : Data Source=|DataDirectory|\ScaleSoft.db3;Version=3;
2017-10-23 20:10:40.9231 INFO Database connection string : Data Source=|DataDirectory|\ScaleSoft.db3;Version=3;
2017-10-23 20:10:49.5439 INFO Database connection string : Data Source=|DataDirectory|\ScaleSoft.db3;Version=3;
2017-10-23 20:11:48.6098 INFO Database connection string : Data Source=|DataDirectory|\ScaleSoft.db3;Version=3;
2017-10-23 20:12:12.2470 INFO Database connection string : Data Source=|DataDirectory|\ScaleSoft.db3;Version=3;
2017-10-23 20:12:12.2580 INFO Database connection string : Data Source=|DataDirectory|\ScaleSoft.db3;Version=3;
2017-10-23 20:12:12.2580 INFO Database connection string : Data Source=|DataDirectory|\ScaleSoft.db3;Version=3;
2017-10-23 20:12:12.5297 INFO Database connection string : Data Source=|DataDirectory|\ScaleSoft.db3;Version=3;
2017-10-23 20:12:29.3099 INFO Database connection string : Data Source=|DataDirectory|\ScaleSoft.db3;Version=3;
2017-10-23 20:14:14.7467 INFO Database file location: E:\Temp\Backup\ITWhiz.ScaleSoft\ITWhiz.ScaleSoft.Desktop\
2017-10-23 20:14:14.8653 INFO Initialising Components...
2017-10-23 20:14:17.9283 INFO Checking Database Connection...
2017-10-23 20:14:17.9488 INFO Database connection string : Data Source=|DataDirectory|\ScaleSoft.db3;Version=3;
2017-10-23 20:14:21.0324 INFO Finishing Initialisation...
2017-10-23 20:14:21.0399 INFO Database connection string : Data Source=|DataDirectory|\ScaleSoft.db3;Version=3;
2017-10-23 20:14:23.3609 INFO Database connection string : Data Source=|DataDirectory|\ScaleSoft.db3;Version=3;
2017-10-23 20:14:23.3709 INFO Database connection string : Data Source=|DataDirectory|\ScaleSoft.db3;Version=3;
2017-10-23 20:14:23.3709 INFO Database connection string : Data Source=|DataDirectory|\ScaleSoft.db3;Version=3;
2017-10-23 20:14:27.0654 INFO Database connection string : Data Source=|DataDirectory|\ScaleSoft.db3;Version=3;
2017-10-23 20:14:27.0774 INFO Database connection string : Data Source=|DataDirectory|\ScaleSoft.db3;Version=3;
2017-10-23 20:14:27.0879 INFO Database connection string : Data Source=|DataDirectory|\ScaleSoft.db3;Version=3;
2017-10-23 20:14:27.1014 INFO Database connection string : Data Source=|DataDirectory|\ScaleSoft.db3;Version=3;
2017-10-23 20:14:27.8179 INFO Database connection string : Data Source=|DataDirectory|\ScaleSoft.db3;Version=3;
2017-10-23 20:14:47.6441 INFO Database connection string : Data Source=|DataDirectory|\ScaleSoft.db3;Version=3;
2017-10-23 20:15:13.5299 INFO Database connection string : Data Source=|DataDirectory|\ScaleSoft.db3;Version=3;
2017-10-23 20:15:13.5404 INFO Database connection string : Data Source=|DataDirectory|\ScaleSoft.db3;Version=3;
2017-10-23 20:15:13.5404 INFO Database connection string : Data Source=|DataDirectory|\ScaleSoft.db3;Version=3;
2017-10-23 20:15:13.7971 INFO Database connection string : Data Source=|DataDirectory|\ScaleSoft.db3;Version=3;
2017-10-23 20:15:30.9925 INFO Database connection string : Data Source=|DataDirectory|\ScaleSoft.db3;Version=3;
2017-10-23 20:16:07.2392 INFO Database file location: E:\Temp\Backup\ITWhiz.ScaleSoft\ITWhiz.ScaleSoft.Desktop\
2017-10-23 20:16:07.3768 INFO Initialising Components...
2017-10-23 20:16:10.4468 INFO Checking Database Connection...
2017-10-23 20:16:10.4713 INFO Database connection string : Data Source=|DataDirectory|\ScaleSoft.db3;Version=3;
2017-10-23 20:16:13.5519 INFO Finishing Initialisation...
2017-10-23 20:16:13.5574 INFO Database connection string : Data Source=|DataDirectory|\ScaleSoft.db3;Version=3;
2017-10-23 20:16:18.9260 INFO Database connection string : Data Source=|DataDirectory|\ScaleSoft.db3;Version=3;
2017-10-23 20:16:18.9360 INFO Database connection string : Data Source=|DataDirectory|\ScaleSoft.db3;Version=3;
2017-10-23 20:16:18.9470 INFO Database connection string : Data Source=|DataDirectory|\ScaleSoft.db3;Version=3;
2017-10-23 20:16:23.9093 INFO Database connection string : Data Source=|DataDirectory|\ScaleSoft.db3;Version=3;
2017-10-23 20:16:23.9218 INFO Database connection string : Data Source=|DataDirectory|\ScaleSoft.db3;Version=3;
2017-10-23 20:16:23.9338 INFO Database connection string : Data Source=|DataDirectory|\ScaleSoft.db3;Version=3;
2017-10-23 20:16:23.9473 INFO Database connection string : Data Source=|DataDirectory|\ScaleSoft.db3;Version=3;
2017-10-23 20:16:24.6718 INFO Database connection string : Data Source=|DataDirectory|\ScaleSoft.db3;Version=3;
2017-10-23 20:16:44.3149 INFO Database connection string : Data Source=|DataDirectory|\ScaleSoft.db3;Version=3;
2017-10-23 20:17:12.6923 INFO Database connection string : Data Source=|DataDirectory|\ScaleSoft.db3;Version=3;
2017-10-23 20:17:12.7058 INFO Database connection string : Data Source=|DataDirectory|\ScaleSoft.db3;Version=3;
2017-10-23 20:17:12.7143 INFO Database connection string : Data Source=|DataDirectory|\ScaleSoft.db3;Version=3;
2017-10-23 20:17:12.9720 INFO Database connection string : Data Source=|DataDirectory|\ScaleSoft.db3;Version=3;
2017-10-23 20:17:28.2277 INFO Database connection string : Data Source=|DataDirectory|\ScaleSoft.db3;Version=3;
2017-10-23 20:19:43.1636 INFO Database file location: E:\Temp\Backup\ITWhiz.ScaleSoft\ITWhiz.ScaleSoft.Desktop\
2017-10-23 20:19:43.2977 INFO Initialising Components...
2017-10-23 20:19:46.3523 INFO Checking Database Connection...
2017-10-23 20:19:46.3738 INFO Database connection string : Data Source=|DataDirectory|\ScaleSoft.db3;Version=3;
2017-10-23 20:19:49.4543 INFO Finishing Initialisation...
2017-10-23 20:19:49.4543 INFO Database connection string : Data Source=|DataDirectory|\ScaleSoft.db3;Version=3;
2017-10-23 20:19:52.3453 INFO Database connection string : Data Source=|DataDirectory|\ScaleSoft.db3;Version=3;
2017-10-23 20:19:52.3553 INFO Database connection string : Data Source=|DataDirectory|\ScaleSoft.db3;Version=3;
2017-10-23 20:19:52.3553 INFO Database connection string : Data Source=|DataDirectory|\ScaleSoft.db3;Version=3;
2017-10-23 20:19:56.9028 INFO Database connection string : Data Source=|DataDirectory|\ScaleSoft.db3;Version=3;
2017-10-23 20:19:56.9168 INFO Database connection string : Data Source=|DataDirectory|\ScaleSoft.db3;Version=3;
2017-10-23 20:19:56.9318 INFO Database connection string : Data Source=|DataDirectory|\ScaleSoft.db3;Version=3;
2017-10-23 20:19:56.9318 INFO Database connection string : Data Source=|DataDirectory|\ScaleSoft.db3;Version=3;
2017-10-23 20:19:57.6618 INFO Database connection string : Data Source=|DataDirectory|\ScaleSoft.db3;Version=3;
2017-10-23 20:20:42.6373 INFO Database connection string : Data Source=|DataDirectory|\ScaleSoft.db3;Version=3;
2017-10-23 20:22:47.2063 INFO Database file location: E:\Temp\Backup\ITWhiz.ScaleSoft\ITWhiz.ScaleSoft.Desktop\
2017-10-23 20:22:47.3439 INFO Initialising Components...
2017-10-23 20:22:50.4055 INFO Checking Database Connection...
2017-10-23 20:22:50.4280 INFO Database connection string : Data Source=|DataDirectory|\ScaleSoft.db3;Version=3;
2017-10-23 20:22:53.5100 INFO Finishing Initialisation...
2017-10-23 20:22:53.5100 INFO Database connection string : Data Source=|DataDirectory|\ScaleSoft.db3;Version=3;
2017-10-23 20:22:56.3449 INFO Database connection string : Data Source=|DataDirectory|\ScaleSoft.db3;Version=3;
2017-10-23 20:22:56.3549 INFO Database connection string : Data Source=|DataDirectory|\ScaleSoft.db3;Version=3;
2017-10-23 20:22:56.3549 INFO Database connection string : Data Source=|DataDirectory|\ScaleSoft.db3;Version=3;
2017-10-23 20:23:00.4407 INFO Database connection string : Data Source=|DataDirectory|\ScaleSoft.db3;Version=3;
2017-10-23 20:23:00.4532 INFO Database connection string : Data Source=|DataDirectory|\ScaleSoft.db3;Version=3;
2017-10-23 20:23:00.4642 INFO Database connection string : Data Source=|DataDirectory|\ScaleSoft.db3;Version=3;
2017-10-23 20:23:00.4777 INFO Database connection string : Data Source=|DataDirectory|\ScaleSoft.db3;Version=3;
2017-10-23 20:23:01.2012 INFO Database connection string : Data Source=|DataDirectory|\ScaleSoft.db3;Version=3;
2017-10-23 20:23:17.9828 INFO Database connection string : Data Source=|DataDirectory|\ScaleSoft.db3;Version=3;
2017-10-23 20:24:40.4812 INFO Database file location: E:\Temp\Backup\ITWhiz.ScaleSoft\ITWhiz.ScaleSoft.Desktop\
2017-10-23 20:24:40.6187 INFO Initialising Components...
2017-10-23 20:24:43.6993 INFO Checking Database Connection...
2017-10-23 20:24:43.7208 INFO Database connection string : Data Source=|DataDirectory|\ScaleSoft.db3;Version=3;
2017-10-23 20:24:46.8034 INFO Finishing Initialisation...
2017-10-23 20:24:46.8094 INFO Database connection string : Data Source=|DataDirectory|\ScaleSoft.db3;Version=3;
2017-10-23 20:24:49.3090 INFO Database connection string : Data Source=|DataDirectory|\ScaleSoft.db3;Version=3;
2017-10-23 20:24:49.3090 INFO Database connection string : Data Source=|DataDirectory|\ScaleSoft.db3;Version=3;
2017-10-23 20:24:49.3281 INFO Database connection string : Data Source=|DataDirectory|\ScaleSoft.db3;Version=3;
2017-10-23 20:24:52.6933 INFO Database connection string : Data Source=|DataDirectory|\ScaleSoft.db3;Version=3;
2017-10-23 20:24:52.7068 INFO Database connection string : Data Source=|DataDirectory|\ScaleSoft.db3;Version=3;
2017-10-23 20:24:52.7198 INFO Database connection string : Data Source=|DataDirectory|\ScaleSoft.db3;Version=3;
2017-10-23 20:24:52.7328 INFO Database connection string : Data Source=|DataDirectory|\ScaleSoft.db3;Version=3;
2017-10-23 20:24:53.4748 INFO Database connection string : Data Source=|DataDirectory|\ScaleSoft.db3;Version=3;
2017-10-23 20:25:05.7395 INFO Database connection string : Data Source=|DataDirectory|\ScaleSoft.db3;Version=3;
2017-10-23 20:26:15.5135 INFO Database file location: E:\Temp\Backup\ITWhiz.ScaleSoft\ITWhiz.ScaleSoft.Desktop\
2017-10-23 20:26:15.6731 INFO Initialising Components...
2017-10-23 20:26:18.7307 INFO Checking Database Connection...
2017-10-23 20:26:18.7522 INFO Database connection string : Data Source=|DataDirectory|\ScaleSoft.db3;Version=3;
2017-10-23 20:26:21.8347 INFO Finishing Initialisation...
2017-10-23 20:26:21.8407 INFO Database connection string : Data Source=|DataDirectory|\ScaleSoft.db3;Version=3;
2017-10-23 20:26:24.3934 INFO Database connection string : Data Source=|DataDirectory|\ScaleSoft.db3;Version=3;
2017-10-23 20:26:24.4034 INFO Database connection string : Data Source=|DataDirectory|\ScaleSoft.db3;Version=3;
2017-10-23 20:26:24.4034 INFO Database connection string : Data Source=|DataDirectory|\ScaleSoft.db3;Version=3;
2017-10-23 20:26:29.2707 INFO Database connection string : Data Source=|DataDirectory|\ScaleSoft.db3;Version=3;
2017-10-23 20:26:29.2827 INFO Database connection string : Data Source=|DataDirectory|\ScaleSoft.db3;Version=3;
2017-10-23 20:26:29.2932 INFO Database connection string : Data Source=|DataDirectory|\ScaleSoft.db3;Version=3;
2017-10-23 20:26:29.3067 INFO Database connection string : Data Source=|DataDirectory|\ScaleSoft.db3;Version=3;
2017-10-23 20:26:30.0387 INFO Database connection string : Data Source=|DataDirectory|\ScaleSoft.db3;Version=3;
2017-10-23 20:26:43.8454 INFO Database connection string : Data Source=|DataDirectory|\ScaleSoft.db3;Version=3;
2017-10-23 20:26:51.2058 INFO Database connection string : Data Source=|DataDirectory|\ScaleSoft.db3;Version=3;
2017-10-23 20:26:51.2158 INFO Database connection string : Data Source=|DataDirectory|\ScaleSoft.db3;Version=3;
2017-10-23 20:26:51.2158 INFO Database connection string : Data Source=|DataDirectory|\ScaleSoft.db3;Version=3;
2017-10-23 20:26:51.4690 INFO Database connection string : Data Source=|DataDirectory|\ScaleSoft.db3;Version=3;
2017-10-23 20:28:05.6219 INFO Database file location: E:\Temp\Backup\ITWhiz.ScaleSoft\ITWhiz.ScaleSoft.Desktop\
2017-10-23 20:28:05.7460 INFO Initialising Components...
2017-10-23 20:28:08.8255 INFO Checking Database Connection...
2017-10-23 20:28:08.8481 INFO Database connection string : Data Source=|DataDirectory|\ScaleSoft.db3;Version=3;
2017-10-23 20:28:11.9306 INFO Finishing Initialisation...
2017-10-23 20:28:11.9306 INFO Database connection string : Data Source=|DataDirectory|\ScaleSoft.db3;Version=3;
2017-10-23 20:28:17.2507 INFO Database connection string : Data Source=|DataDirectory|\ScaleSoft.db3;Version=3;
2017-10-23 20:28:17.2602 INFO Database connection string : Data Source=|DataDirectory|\ScaleSoft.db3;Version=3;
2017-10-23 20:28:17.2602 INFO Database connection string : Data Source=|DataDirectory|\ScaleSoft.db3;Version=3;
2017-10-23 20:28:20.1001 INFO Database connection string : Data Source=|DataDirectory|\ScaleSoft.db3;Version=3;
2017-10-23 20:28:20.1136 INFO Database connection string : Data Source=|DataDirectory|\ScaleSoft.db3;Version=3;
2017-10-23 20:28:20.1246 INFO Database connection string : Data Source=|DataDirectory|\ScaleSoft.db3;Version=3;
2017-10-23 20:28:27.6021 INFO Database connection string : Data Source=|DataDirectory|\ScaleSoft.db3;Version=3;
2017-10-23 20:28:28.3381 INFO Database connection string : Data Source=|DataDirectory|\ScaleSoft.db3;Version=3;
2017-10-23 20:28:45.6296 INFO Database connection string : Data Source=|DataDirectory|\ScaleSoft.db3;Version=3;
2017-10-23 20:28:49.5607 INFO Database connection string : Data Source=|DataDirectory|\ScaleSoft.db3;Version=3;
2017-10-23 20:28:49.5707 INFO Database connection string : Data Source=|DataDirectory|\ScaleSoft.db3;Version=3;
2017-10-23 20:28:49.5707 INFO Database connection string : Data Source=|DataDirectory|\ScaleSoft.db3;Version=3;
2017-10-23 20:29:04.6693 INFO Database connection string : Data Source=|DataDirectory|\ScaleSoft.db3;Version=3;
2017-10-23 20:30:28.5457 INFO Database file location: E:\Temp\Backup\ITWhiz.ScaleSoft\ITWhiz.ScaleSoft.Desktop\
2017-10-23 20:30:28.6803 INFO Initialising Components...
2017-10-23 20:30:31.7433 INFO Checking Database Connection...
2017-10-23 20:30:31.7638 INFO Database connection string : Data Source=|DataDirectory|\ScaleSoft.db3;Version=3;
2017-10-23 20:30:34.8449 INFO Finishing Initialisation...
2017-10-23 20:30:34.8449 INFO Database connection string : Data Source=|DataDirectory|\ScaleSoft.db3;Version=3;
2017-10-23 20:30:40.5717 INFO Database connection string : Data Source=|DataDirectory|\ScaleSoft.db3;Version=3;
2017-10-23 20:30:40.5717 INFO Database connection string : Data Source=|DataDirectory|\ScaleSoft.db3;Version=3;
2017-10-23 20:30:40.5907 INFO Database connection string : Data Source=|DataDirectory|\ScaleSoft.db3;Version=3;
2017-10-23 20:30:43.7623 INFO Database connection string : Data Source=|DataDirectory|\ScaleSoft.db3;Version=3;
2017-10-23 20:30:43.7748 INFO Database connection string : Data Source=|DataDirectory|\ScaleSoft.db3;Version=3;
2017-10-23 20:30:43.7748 INFO Database connection string : Data Source=|DataDirectory|\ScaleSoft.db3;Version=3;
2017-10-23 20:30:48.7452 INFO Database connection string : Data Source=|DataDirectory|\ScaleSoft.db3;Version=3;
2017-10-23 20:30:49.4621 INFO Database connection string : Data Source=|DataDirectory|\ScaleSoft.db3;Version=3;
2017-10-23 20:31:01.9290 INFO Database connection string : Data Source=|DataDirectory|\ScaleSoft.db3;Version=3;
2017-10-23 20:31:05.0175 INFO Database connection string : Data Source=|DataDirectory|\ScaleSoft.db3;Version=3;
2017-10-23 20:31:05.0275 INFO Database connection string : Data Source=|DataDirectory|\ScaleSoft.db3;Version=3;
2017-10-23 20:31:05.0275 INFO Database connection string : Data Source=|DataDirectory|\ScaleSoft.db3;Version=3;
2017-10-23 20:35:26.7135 INFO Database file location: E:\Temp\Backup\ITWhiz.ScaleSoft\ITWhiz.ScaleSoft.Desktop\
2017-10-23 20:35:26.8626 INFO Initialising Components...
2017-10-23 20:35:29.9256 INFO Checking Database Connection...
2017-10-23 20:35:29.9466 INFO Database connection string : Data Source=|DataDirectory|\ScaleSoft.db3;Version=3;
2017-10-23 20:35:33.0282 INFO Finishing Initialisation...
2017-10-23 20:35:33.0282 INFO Database connection string : Data Source=|DataDirectory|\ScaleSoft.db3;Version=3;
2017-10-23 20:35:39.0192 INFO Database connection string : Data Source=|DataDirectory|\ScaleSoft.db3;Version=3;
2017-10-23 20:35:39.0292 INFO Database connection string : Data Source=|DataDirectory|\ScaleSoft.db3;Version=3;
2017-10-23 20:35:39.0292 INFO Database connection string : Data Source=|DataDirectory|\ScaleSoft.db3;Version=3;
2017-10-23 20:35:42.3954 INFO Database connection string : Data Source=|DataDirectory|\ScaleSoft.db3;Version=3;
2017-10-23 20:35:42.4074 INFO Database connection string : Data Source=|DataDirectory|\ScaleSoft.db3;Version=3;
2017-10-23 20:35:42.4179 INFO Database connection string : Data Source=|DataDirectory|\ScaleSoft.db3;Version=3;
2017-10-23 20:35:42.4315 INFO Database connection string : Data Source=|DataDirectory|\ScaleSoft.db3;Version=3;
2017-10-23 20:35:43.1825 INFO Database connection string : Data Source=|DataDirectory|\ScaleSoft.db3;Version=3;
2017-10-23 20:36:06.7942 INFO Database connection string : Data Source=|DataDirectory|\ScaleSoft.db3;Version=3;
2017-10-23 20:36:08.8781 INFO Database connection string : Data Source=|DataDirectory|\ScaleSoft.db3;Version=3;
2017-10-23 20:36:08.8886 INFO Database connection string : Data Source=|DataDirectory|\ScaleSoft.db3;Version=3;
2017-10-23 20:36:08.8886 INFO Database connection string : Data Source=|DataDirectory|\ScaleSoft.db3;Version=3;
2017-10-23 20:36:09.1468 INFO Database connection string : Data Source=|DataDirectory|\ScaleSoft.db3;Version=3;
2017-10-23 20:39:12.5190 INFO Database file location: E:\Temp\Backup\ITWhiz.ScaleSoft\ITWhiz.ScaleSoft.Desktop\
2017-10-23 20:39:12.6731 INFO Initialising Components...
2017-10-23 20:39:15.7302 INFO Checking Database Connection...
2017-10-23 20:39:15.7507 INFO Database connection string : Data Source=|DataDirectory|\ScaleSoft.db3;Version=3;
2017-10-23 20:39:18.8362 INFO Finishing Initialisation...
2017-10-23 20:39:18.8362 INFO Database connection string : Data Source=|DataDirectory|\ScaleSoft.db3;Version=3;
2017-10-23 20:39:22.7208 INFO Database connection string : Data Source=|DataDirectory|\ScaleSoft.db3;Version=3;
2017-10-23 20:39:22.7308 INFO Database connection string : Data Source=|DataDirectory|\ScaleSoft.db3;Version=3;
2017-10-23 20:39:22.7308 INFO Database connection string : Data Source=|DataDirectory|\ScaleSoft.db3;Version=3;
2017-10-23 20:39:26.4453 INFO Database connection string : Data Source=|DataDirectory|\ScaleSoft.db3;Version=3;
2017-10-23 20:39:26.4453 INFO Database connection string : Data Source=|DataDirectory|\ScaleSoft.db3;Version=3;
2017-10-23 20:39:26.4713 INFO Database connection string : Data Source=|DataDirectory|\ScaleSoft.db3;Version=3;
2017-10-23 20:39:26.4838 INFO Database connection string : Data Source=|DataDirectory|\ScaleSoft.db3;Version=3;
2017-10-23 20:39:26.8931 INFO Database connection string : Data Source=|DataDirectory|\ScaleSoft.db3;Version=3;
2017-10-23 20:39:56.9241 INFO Database connection string : Data Source=|DataDirectory|\ScaleSoft.db3;Version=3;
2017-10-23 20:40:01.0419 INFO Database connection string : Data Source=|DataDirectory|\ScaleSoft.db3;Version=3;
2017-10-23 20:40:01.0419 INFO Database connection string : Data Source=|DataDirectory|\ScaleSoft.db3;Version=3;
2017-10-23 20:40:01.0599 INFO Database connection string : Data Source=|DataDirectory|\ScaleSoft.db3;Version=3;
2017-10-23 20:40:01.0704 INFO Database connection string : Data Source=|DataDirectory|\ScaleSoft.db3;Version=3;
2017-10-23 20:40:01.3826 INFO Database connection string : Data Source=|DataDirectory|\ScaleSoft.db3;Version=3;
2017-10-23 20:40:29.6209 INFO Database connection string : Data Source=|DataDirectory|\ScaleSoft.db3;Version=3;
2017-10-23 20:40:29.6209 INFO Database connection string : Data Source=|DataDirectory|\ScaleSoft.db3;Version=3;
2017-10-23 20:40:29.6404 INFO Database connection string : Data Source=|DataDirectory|\ScaleSoft.db3;Version=3;
2017-10-23 20:40:29.6504 INFO Database connection string : Data Source=|DataDirectory|\ScaleSoft.db3;Version=3;
2017-10-23 20:40:29.9506 INFO Database connection string : Data Source=|DataDirectory|\ScaleSoft.db3;Version=3;
2017-10-23 20:40:55.5762 INFO Database connection string : Data Source=|DataDirectory|\ScaleSoft.db3;Version=3;
2017-10-23 20:40:55.5867 INFO Database connection string : Data Source=|DataDirectory|\ScaleSoft.db3;Version=3;
2017-10-23 20:40:55.5867 INFO Database connection string : Data Source=|DataDirectory|\ScaleSoft.db3;Version=3;
2017-10-23 20:41:01.7338 INFO Database connection string : Data Source=|DataDirectory|\ScaleSoft.db3;Version=3;
2017-10-23 20:41:16.2075 INFO Database connection string : Data Source=|DataDirectory|\ScaleSoft.db3;Version=3;
2017-10-23 20:41:39.2483 INFO Database connection string : Data Source=|DataDirectory|\ScaleSoft.db3;Version=3;
2017-10-23 20:41:41.1801 INFO Database connection string : Data Source=|DataDirectory|\ScaleSoft.db3;Version=3;
2017-10-23 20:41:44.8220 INFO Database connection string : Data Source=|DataDirectory|\ScaleSoft.db3;Version=3;
2017-10-23 20:41:44.8220 INFO Database connection string : Data Source=|DataDirectory|\ScaleSoft.db3;Version=3;
2017-10-23 20:41:44.8416 INFO Database connection string : Data Source=|DataDirectory|\ScaleSoft.db3;Version=3;
2017-10-23 20:41:48.8277 INFO Database connection string : Data Source=|DataDirectory|\ScaleSoft.db3;Version=3;
2017-10-23 20:41:49.2640 INFO Database connection string : Data Source=|DataDirectory|\ScaleSoft.db3;Version=3;
2017-10-23 20:42:33.0617 INFO Database file location: E:\Temp\Backup\ITWhiz.ScaleSoft\ITWhiz.ScaleSoft.Desktop\
2017-10-23 20:42:33.1953 INFO Initialising Components...
2017-10-23 20:42:36.2518 INFO Checking Database Connection...
2017-10-23 20:42:36.2723 INFO Database connection string : Data Source=|DataDirectory|\ScaleSoft.db3;Version=3;
2017-10-23 20:42:39.3544 INFO Finishing Initialisation...
2017-10-23 20:42:39.3544 INFO Database connection string : Data Source=|DataDirectory|\ScaleSoft.db3;Version=3;
2017-10-23 20:42:42.4675 INFO Database connection string : Data Source=|DataDirectory|\ScaleSoft.db3;Version=3;
2017-10-23 20:42:42.4780 INFO Database connection string : Data Source=|DataDirectory|\ScaleSoft.db3;Version=3;
2017-10-23 20:42:42.4780 INFO Database connection string : Data Source=|DataDirectory|\ScaleSoft.db3;Version=3;
2017-10-23 20:42:45.6216 INFO Database connection string : Data Source=|DataDirectory|\ScaleSoft.db3;Version=3;
2017-10-23 20:42:45.6346 INFO Database connection string : Data Source=|DataDirectory|\ScaleSoft.db3;Version=3;
2017-10-23 20:42:45.6346 INFO Database connection string : Data Source=|DataDirectory|\ScaleSoft.db3;Version=3;
2017-10-23 20:42:51.7206 INFO Database connection string : Data Source=|DataDirectory|\ScaleSoft.db3;Version=3;
2017-10-23 20:42:52.1464 INFO Database connection string : Data Source=|DataDirectory|\ScaleSoft.db3;Version=3;
2017-10-23 20:43:08.8956 INFO Database connection string : Data Source=|DataDirectory|\ScaleSoft.db3;Version=3;
2017-10-23 20:43:12.3079 INFO Database connection string : Data Source=|DataDirectory|\ScaleSoft.db3;Version=3;
2017-10-23 20:43:12.3079 INFO Database connection string : Data Source=|DataDirectory|\ScaleSoft.db3;Version=3;
2017-10-23 20:43:12.3264 INFO Database connection string : Data Source=|DataDirectory|\ScaleSoft.db3;Version=3;
2017-10-23 20:43:12.3359 INFO Database connection string : Data Source=|DataDirectory|\ScaleSoft.db3;Version=3;
2017-10-23 20:43:12.6436 INFO Database connection string : Data Source=|DataDirectory|\ScaleSoft.db3;Version=3;
2017-10-23 20:45:53.1951 INFO Database file location: E:\Temp\Backup\ITWhiz.ScaleSoft\ITWhiz.ScaleSoft.Desktop\
2017-10-23 20:45:53.3287 INFO Initialising Components...
2017-10-23 20:45:56.3863 INFO Checking Database Connection...
2017-10-23 20:45:56.4073 INFO Database connection string : Data Source=|DataDirectory|\ScaleSoft.db3;Version=3;
2017-10-23 20:45:59.4898 INFO Finishing Initialisation...
2017-10-23 20:45:59.4963 INFO Database connection string : Data Source=|DataDirectory|\ScaleSoft.db3;Version=3;
2017-10-23 20:46:07.6423 INFO Database connection string : Data Source=|DataDirectory|\ScaleSoft.db3;Version=3;
2017-10-23 20:46:07.6518 INFO Database connection string : Data Source=|DataDirectory|\ScaleSoft.db3;Version=3;
2017-10-23 20:46:07.6518 INFO Database connection string : Data Source=|DataDirectory|\ScaleSoft.db3;Version=3;
2017-10-23 20:46:10.8194 INFO Database connection string : Data Source=|DataDirectory|\ScaleSoft.db3;Version=3;
2017-10-23 20:46:10.8314 INFO Database connection string : Data Source=|DataDirectory|\ScaleSoft.db3;Version=3;
2017-10-23 20:46:10.8419 INFO Database connection string : Data Source=|DataDirectory|\ScaleSoft.db3;Version=3;
2017-10-23 20:46:10.8559 INFO Database connection string : Data Source=|DataDirectory|\ScaleSoft.db3;Version=3;
2017-10-23 20:46:11.2697 INFO Database connection string : Data Source=|DataDirectory|\ScaleSoft.db3;Version=3;
2017-10-23 20:46:32.3107 INFO Database connection string : Data Source=|DataDirectory|\ScaleSoft.db3;Version=3;
2017-10-23 20:46:34.6218 INFO Database connection string : Data Source=|DataDirectory|\ScaleSoft.db3;Version=3;
2017-10-23 20:46:34.6218 INFO Database connection string : Data Source=|DataDirectory|\ScaleSoft.db3;Version=3;
2017-10-23 20:46:34.6408 INFO Database connection string : Data Source=|DataDirectory|\ScaleSoft.db3;Version=3;
2017-10-23 20:46:34.6498 INFO Database connection string : Data Source=|DataDirectory|\ScaleSoft.db3;Version=3;
2017-10-23 20:46:34.9660 INFO Database connection string : Data Source=|DataDirectory|\ScaleSoft.db3;Version=3;
2017-10-23 20:47:02.5654 INFO Database file location: E:\Temp\Backup\ITWhiz.ScaleSoft\ITWhiz.ScaleSoft.Desktop\
2017-10-23 20:47:02.6985 INFO Initialising Components...
2017-10-23 20:47:05.7575 INFO Checking Database Connection...
2017-10-23 20:47:05.7775 INFO Database connection string : Data Source=|DataDirectory|\ScaleSoft.db3;Version=3;
2017-10-23 20:47:08.8611 INFO Finishing Initialisation...
2017-10-23 20:47:08.8611 INFO Database connection string : Data Source=|DataDirectory|\ScaleSoft.db3;Version=3;
2017-10-23 20:47:27.3534 INFO Database connection string : Data Source=|DataDirectory|\ScaleSoft.db3;Version=3;
2017-10-23 20:47:27.3534 INFO Database connection string : Data Source=|DataDirectory|\ScaleSoft.db3;Version=3;
2017-10-23 20:47:27.3729 INFO Database connection string : Data Source=|DataDirectory|\ScaleSoft.db3;Version=3;
2017-10-23 20:47:32.5093 INFO Database connection string : Data Source=|DataDirectory|\ScaleSoft.db3;Version=3;
2017-10-23 20:47:32.5093 INFO Database connection string : Data Source=|DataDirectory|\ScaleSoft.db3;Version=3;
2017-10-23 20:47:32.5324 INFO Database connection string : Data Source=|DataDirectory|\ScaleSoft.db3;Version=3;
2017-10-23 20:47:32.5459 INFO Database connection string : Data Source=|DataDirectory|\ScaleSoft.db3;Version=3;
2017-10-23 20:47:32.9541 INFO Database connection string : Data Source=|DataDirectory|\ScaleSoft.db3;Version=3;
2017-10-23 20:47:52.4396 INFO Database connection string : Data Source=|DataDirectory|\ScaleSoft.db3;Version=3;
2017-10-23 20:47:58.4596 INFO Database connection string : Data Source=|DataDirectory|\ScaleSoft.db3;Version=3;
2017-10-23 20:47:58.4697 INFO Database connection string : Data Source=|DataDirectory|\ScaleSoft.db3;Version=3;
2017-10-23 20:47:58.4792 INFO Database connection string : Data Source=|DataDirectory|\ScaleSoft.db3;Version=3;
2017-10-23 20:47:58.4792 INFO Database connection string : Data Source=|DataDirectory|\ScaleSoft.db3;Version=3;
2017-10-23 20:47:58.7859 INFO Database connection string : Data Source=|DataDirectory|\ScaleSoft.db3;Version=3;
2017-10-23 20:48:23.0716 INFO Database connection string : Data Source=|DataDirectory|\ScaleSoft.db3;Version=3;
2017-10-23 20:48:47.8451 INFO Database file location: E:\Temp\Backup\ITWhiz.ScaleSoft\ITWhiz.ScaleSoft.Desktop\
2017-10-23 20:48:47.9802 INFO Initialising Components...
2017-10-23 20:48:51.0727 INFO Checking Database Connection...
2017-10-23 20:48:51.0927 INFO Database connection string : Data Source=|DataDirectory|\ScaleSoft.db3;Version=3;
2017-10-23 20:48:54.1788 INFO Finishing Initialisation...
2017-10-23 20:48:54.1858 INFO Database connection string : Data Source=|DataDirectory|\ScaleSoft.db3;Version=3;
2017-10-23 20:48:56.9146 INFO Database connection string : Data Source=|DataDirectory|\ScaleSoft.db3;Version=3;
2017-10-23 20:48:56.9146 INFO Database connection string : Data Source=|DataDirectory|\ScaleSoft.db3;Version=3;
2017-10-23 20:48:56.9336 INFO Database connection string : Data Source=|DataDirectory|\ScaleSoft.db3;Version=3;
2017-10-23 20:49:00.9568 INFO Database connection string : Data Source=|DataDirectory|\ScaleSoft.db3;Version=3;
2017-10-23 20:49:00.9698 INFO Database connection string : Data Source=|DataDirectory|\ScaleSoft.db3;Version=3;
2017-10-23 20:49:00.9813 INFO Database connection string : Data Source=|DataDirectory|\ScaleSoft.db3;Version=3;
2017-10-23 20:49:00.9943 INFO Database connection string : Data Source=|DataDirectory|\ScaleSoft.db3;Version=3;
2017-10-23 20:49:01.4056 INFO Database connection string : Data Source=|DataDirectory|\ScaleSoft.db3;Version=3;
2017-10-23 20:49:32.3567 INFO Database connection string : Data Source=|DataDirectory|\ScaleSoft.db3;Version=3;
2017-10-23 21:05:30.8998 INFO Database file location: E:\Temp\Backup\ITWhiz.ScaleSoft\ITWhiz.ScaleSoft.Desktop\
2017-10-23 21:05:31.0549 INFO Initialising Components...
2017-10-23 21:05:34.1840 INFO Checking Database Connection...
2017-10-23 21:05:34.2100 INFO Database connection string : Data Source=|DataDirectory|\ScaleSoft.db3;Version=3;
2017-10-23 21:05:37.2965 INFO Finishing Initialisation...
2017-10-23 21:05:37.2965 INFO Database connection string : Data Source=|DataDirectory|\ScaleSoft.db3;Version=3;
2017-10-23 21:05:40.2610 INFO Database connection string : Data Source=|DataDirectory|\ScaleSoft.db3;Version=3;
2017-10-23 21:05:40.2610 INFO Database connection string : Data Source=|DataDirectory|\ScaleSoft.db3;Version=3;
2017-10-23 21:05:40.2795 INFO Database connection string : Data Source=|DataDirectory|\ScaleSoft.db3;Version=3;
2017-10-23 21:05:43.9585 INFO Database connection string : Data Source=|DataDirectory|\ScaleSoft.db3;Version=3;
2017-10-23 21:05:43.9710 INFO Database connection string : Data Source=|DataDirectory|\ScaleSoft.db3;Version=3;
2017-10-23 21:05:43.9815 INFO Database connection string : Data Source=|DataDirectory|\ScaleSoft.db3;Version=3;
2017-10-23 21:05:43.9950 INFO Database connection string : Data Source=|DataDirectory|\ScaleSoft.db3;Version=3;
2017-10-23 21:05:44.4068 INFO Database connection string : Data Source=|DataDirectory|\ScaleSoft.db3;Version=3;
2017-10-23 21:06:11.4728 INFO Database connection string : Data Source=|DataDirectory|\ScaleSoft.db3;Version=3;
2017-10-23 21:06:13.4031 INFO Database connection string : Data Source=|DataDirectory|\ScaleSoft.db3;Version=3;
2017-10-23 21:06:13.4031 INFO Database connection string : Data Source=|DataDirectory|\ScaleSoft.db3;Version=3;
2017-10-23 21:06:13.4216 INFO Database connection string : Data Source=|DataDirectory|\ScaleSoft.db3;Version=3;
2017-10-23 21:06:13.4311 INFO Database connection string : Data Source=|DataDirectory|\ScaleSoft.db3;Version=3;
2017-10-23 21:06:13.7598 INFO Database connection string : Data Source=|DataDirectory|\ScaleSoft.db3;Version=3;
2017-10-23 21:10:53.4188 INFO Database file location: E:\Temp\Backup\ITWhiz.ScaleSoft\ITWhiz.ScaleSoft.Desktop\
2017-10-23 21:10:53.5529 INFO Initialising Components...
2017-10-23 21:10:56.6154 INFO Checking Database Connection...
2017-10-23 21:10:56.6359 INFO Database connection string : Data Source=|DataDirectory|\ScaleSoft.db3;Version=3;
2017-10-23 21:10:59.7175 INFO Finishing Initialisation...
2017-10-23 21:10:59.7175 INFO Database connection string : Data Source=|DataDirectory|\ScaleSoft.db3;Version=3;
2017-10-23 21:11:02.6785 INFO Database connection string : Data Source=|DataDirectory|\ScaleSoft.db3;Version=3;
2017-10-23 21:11:02.6960 INFO Database connection string : Data Source=|DataDirectory|\ScaleSoft.db3;Version=3;
2017-10-23 21:11:02.6960 INFO Database connection string : Data Source=|DataDirectory|\ScaleSoft.db3;Version=3;
2017-10-23 21:11:08.3002 INFO Database connection string : Data Source=|DataDirectory|\ScaleSoft.db3;Version=3;
2017-10-23 21:11:08.3122 INFO Database connection string : Data Source=|DataDirectory|\ScaleSoft.db3;Version=3;
2017-10-23 21:11:08.3227 INFO Database connection string : Data Source=|DataDirectory|\ScaleSoft.db3;Version=3;
2017-10-23 21:11:08.3357 INFO Database connection string : Data Source=|DataDirectory|\ScaleSoft.db3;Version=3;
2017-10-23 21:11:08.7710 INFO Database connection string : Data Source=|DataDirectory|\ScaleSoft.db3;Version=3;
2017-10-23 21:11:28.7073 INFO Database connection string : Data Source=|DataDirectory|\ScaleSoft.db3;Version=3;
2017-10-23 21:11:28.7168 INFO Database connection string : Data Source=|DataDirectory|\ScaleSoft.db3;Version=3;
2017-10-23 21:11:28.7168 INFO Database connection string : Data Source=|DataDirectory|\ScaleSoft.db3;Version=3;
2017-10-23 21:11:28.7348 INFO Database connection string : Data Source=|DataDirectory|\ScaleSoft.db3;Version=3;
2017-10-23 21:11:29.0530 INFO Database connection string : Data Source=|DataDirectory|\ScaleSoft.db3;Version=3;
2017-10-23 21:11:37.7273 INFO Database connection string : Data Source=|DataDirectory|\ScaleSoft.db3;Version=3;
2017-10-23 21:11:37.7273 INFO Database connection string : Data Source=|DataDirectory|\ScaleSoft.db3;Version=3;
2017-10-23 21:11:37.7463 INFO Database connection string : Data Source=|DataDirectory|\ScaleSoft.db3;Version=3;
2017-10-23 21:12:30.7682 INFO Database file location: E:\Temp\Backup\ITWhiz.ScaleSoft\ITWhiz.ScaleSoft.Desktop\
2017-10-23 21:12:30.9123 INFO Initialising Components...
2017-10-23 21:12:34.0179 INFO Checking Database Connection...
2017-10-23 21:12:34.0399 INFO Database connection string : Data Source=|DataDirectory|\ScaleSoft.db3;Version=3;
2017-10-23 21:12:37.1319 INFO Finishing Initialisation...
2017-10-23 21:12:37.1374 INFO Database connection string : Data Source=|DataDirectory|\ScaleSoft.db3;Version=3;
2017-10-23 21:12:39.7622 INFO Database connection string : Data Source=|DataDirectory|\ScaleSoft.db3;Version=3;
2017-10-23 21:12:39.7622 INFO Database connection string : Data Source=|DataDirectory|\ScaleSoft.db3;Version=3;
2017-10-23 21:12:39.7807 INFO Database connection string : Data Source=|DataDirectory|\ScaleSoft.db3;Version=3;
2017-10-23 21:12:43.3065 INFO Database connection string : Data Source=|DataDirectory|\ScaleSoft.db3;Version=3;
2017-10-23 21:12:43.3201 INFO Database connection string : Data Source=|DataDirectory|\ScaleSoft.db3;Version=3;
2017-10-23 21:12:43.3201 INFO Database connection string : Data Source=|DataDirectory|\ScaleSoft.db3;Version=3;
2017-10-23 21:12:49.0003 INFO Database connection string : Data Source=|DataDirectory|\ScaleSoft.db3;Version=3;
2017-10-23 21:12:49.4591 INFO Database connection string : Data Source=|DataDirectory|\ScaleSoft.db3;Version=3;
2017-10-23 21:13:09.4865 INFO Database connection string : Data Source=|DataDirectory|\ScaleSoft.db3;Version=3;
2017-10-23 21:13:09.4975 INFO Database connection string : Data Source=|DataDirectory|\ScaleSoft.db3;Version=3;
2017-10-23 21:13:09.5075 INFO Database connection string : Data Source=|DataDirectory|\ScaleSoft.db3;Version=3;
2017-10-23 21:13:09.5075 INFO Database connection string : Data Source=|DataDirectory|\ScaleSoft.db3;Version=3;
2017-10-23 21:13:09.8277 INFO Database connection string : Data Source=|DataDirectory|\ScaleSoft.db3;Version=3;
2017-10-23 21:13:13.0354 INFO Database connection string : Data Source=|DataDirectory|\ScaleSoft.db3;Version=3;
2017-10-23 21:13:13.0454 INFO Database connection string : Data Source=|DataDirectory|\ScaleSoft.db3;Version=3;
2017-10-23 21:13:13.0454 INFO Database connection string : Data Source=|DataDirectory|\ScaleSoft.db3;Version=3;
2017-10-23 21:13:22.2485 INFO Database connection string : Data Source=|DataDirectory|\ScaleSoft.db3;Version=3;
2017-10-23 21:13:22.6643 INFO Database connection string : Data Source=|DataDirectory|\ScaleSoft.db3;Version=3;
2017-10-23 21:17:18.0477 INFO Database file location: E:\Temp\Backup\ITWhiz.ScaleSoft\ITWhiz.ScaleSoft.Desktop\
2017-10-23 21:17:18.1858 INFO Initialising Components...
2017-10-23 21:17:21.2503 INFO Checking Database Connection...
2017-10-23 21:17:21.2794 INFO Database connection string : Data Source=|DataDirectory|\ScaleSoft.db3;Version=3;
2017-10-23 21:17:24.3629 INFO Finishing Initialisation...
2017-10-23 21:17:24.3684 INFO Database connection string : Data Source=|DataDirectory|\ScaleSoft.db3;Version=3;
2017-10-23 21:17:29.6930 INFO Database connection string : Data Source=|DataDirectory|\ScaleSoft.db3;Version=3;
2017-10-23 21:17:29.7030 INFO Database connection string : Data Source=|DataDirectory|\ScaleSoft.db3;Version=3;
2017-10-23 21:17:29.7115 INFO Database connection string : Data Source=|DataDirectory|\ScaleSoft.db3;Version=3;
2017-10-23 21:17:33.2729 INFO Database connection string : Data Source=|DataDirectory|\ScaleSoft.db3;Version=3;
2017-10-23 21:17:33.2849 INFO Database connection string : Data Source=|DataDirectory|\ScaleSoft.db3;Version=3;
2017-10-23 21:17:33.2954 INFO Database connection string : Data Source=|DataDirectory|\ScaleSoft.db3;Version=3;
2017-10-23 21:17:37.8264 INFO Database connection string : Data Source=|DataDirectory|\ScaleSoft.db3;Version=3;
2017-10-23 21:18:18.3354 INFO Database file location: E:\Temp\Backup\ITWhiz.ScaleSoft\ITWhiz.ScaleSoft.Desktop\
2017-10-23 21:18:18.4625 INFO Initialising Components...
2017-10-23 21:18:21.5265 INFO Checking Database Connection...
2017-10-23 21:18:21.5470 INFO Database connection string : Data Source=|DataDirectory|\ScaleSoft.db3;Version=3;
2017-10-23 21:18:24.6306 INFO Finishing Initialisation...
2017-10-23 21:18:24.6361 INFO Database connection string : Data Source=|DataDirectory|\ScaleSoft.db3;Version=3;
2017-10-23 21:18:27.9748 INFO Database connection string : Data Source=|DataDirectory|\ScaleSoft.db3;Version=3;
2017-10-23 21:18:27.9878 INFO Database connection string : Data Source=|DataDirectory|\ScaleSoft.db3;Version=3;
2017-10-23 21:18:27.9968 INFO Database connection string : Data Source=|DataDirectory|\ScaleSoft.db3;Version=3;
2017-10-23 21:18:32.1941 INFO Database connection string : Data Source=|DataDirectory|\ScaleSoft.db3;Version=3;
2017-10-23 21:18:32.2056 INFO Database connection string : Data Source=|DataDirectory|\ScaleSoft.db3;Version=3;
2017-10-23 21:18:32.2177 INFO Database connection string : Data Source=|DataDirectory|\ScaleSoft.db3;Version=3;
2017-10-23 21:18:32.2487 INFO Database connection string : Data Source=|DataDirectory|\ScaleSoft.db3;Version=3;
2017-10-23 21:46:09.9553 INFO Database file location: E:\Temp\Backup\ITWhiz.ScaleSoft\ITWhiz.ScaleSoft.Desktop\
2017-10-23 21:46:10.0989 INFO Initialising Components...
2017-10-23 21:46:13.1945 INFO Checking Database Connection...
2017-10-23 21:46:13.2150 INFO Database connection string : Data Source=|DataDirectory|\ScaleSoft.db3;Version=3;
2017-10-23 21:46:16.2995 INFO Finishing Initialisation...
2017-10-23 21:46:16.3055 INFO Database connection string : Data Source=|DataDirectory|\ScaleSoft.db3;Version=3;
2017-10-23 21:46:19.6082 INFO Database connection string : Data Source=|DataDirectory|\ScaleSoft.db3;Version=3;
2017-10-23 21:46:19.6178 INFO Database connection string : Data Source=|DataDirectory|\ScaleSoft.db3;Version=3;
2017-10-23 21:46:19.6178 INFO Database connection string : Data Source=|DataDirectory|\ScaleSoft.db3;Version=3;
2017-10-23 21:46:26.7810 INFO Database connection string : Data Source=|DataDirectory|\ScaleSoft.db3;Version=3;
2017-10-23 21:46:26.7930 INFO Database connection string : Data Source=|DataDirectory|\ScaleSoft.db3;Version=3;
2017-10-23 21:46:26.7930 INFO Database connection string : Data Source=|DataDirectory|\ScaleSoft.db3;Version=3;
2017-10-23 21:46:26.8176 INFO Database connection string : Data Source=|DataDirectory|\ScaleSoft.db3;Version=3;
2017-10-23 21:46:27.2653 INFO Database connection string : Data Source=|DataDirectory|\ScaleSoft.db3;Version=3;
2017-10-23 21:46:36.5891 INFO Database connection string : Data Source=|DataDirectory|\ScaleSoft.db3;Version=3;
2017-10-23 21:46:36.5891 INFO Database connection string : Data Source=|DataDirectory|\ScaleSoft.db3;Version=3;
2017-10-23 21:46:36.6076 INFO Database connection string : Data Source=|DataDirectory|\ScaleSoft.db3;Version=3;
2017-10-23 21:46:36.6336 INFO Database connection string : Data Source=|DataDirectory|\ScaleSoft.db3;Version=3;
2017-10-23 21:48:09.4427 INFO Database file location: E:\Temp\Backup\ITWhiz.ScaleSoft\ITWhiz.ScaleSoft.Desktop\
2017-10-23 21:48:09.5763 INFO Initialising Components...
2017-10-23 21:48:12.6434 INFO Checking Database Connection...
2017-10-23 21:48:12.6674 INFO Database connection string : Data Source=|DataDirectory|\ScaleSoft.db3;Version=3;
2017-10-23 21:48:15.7494 INFO Finishing Initialisation...
2017-10-23 21:48:15.7574 INFO Database connection string : Data Source=|DataDirectory|\ScaleSoft.db3;Version=3;
2017-10-23 21:48:19.5685 INFO Database connection string : Data Source=|DataDirectory|\ScaleSoft.db3;Version=3;
2017-10-23 21:48:19.5790 INFO Database connection string : Data Source=|DataDirectory|\ScaleSoft.db3;Version=3;
2017-10-23 21:48:19.5875 INFO Database connection string : Data Source=|DataDirectory|\ScaleSoft.db3;Version=3;
2017-10-23 21:48:23.4296 INFO Database connection string : Data Source=|DataDirectory|\ScaleSoft.db3;Version=3;
2017-10-23 21:48:23.4296 INFO Database connection string : Data Source=|DataDirectory|\ScaleSoft.db3;Version=3;
2017-10-23 21:48:23.4521 INFO Database connection string : Data Source=|DataDirectory|\ScaleSoft.db3;Version=3;
2017-10-23 21:48:23.4816 INFO Database connection string : Data Source=|DataDirectory|\ScaleSoft.db3;Version=3;
2017-10-23 21:48:35.0263 INFO Database connection string : Data Source=|DataDirectory|\ScaleSoft.db3;Version=3;
2017-10-23 21:48:35.0263 INFO Database connection string : Data Source=|DataDirectory|\ScaleSoft.db3;Version=3;
2017-10-23 21:48:35.0443 INFO Database connection string : Data Source=|DataDirectory|\ScaleSoft.db3;Version=3;
2017-10-23 21:48:35.0698 INFO Database connection string : Data Source=|DataDirectory|\ScaleSoft.db3;Version=3;
2017-10-23 21:50:46.2077 INFO Database file location: E:\Temp\Backup\ITWhiz.ScaleSoft\ITWhiz.ScaleSoft.Desktop\
2017-10-23 21:50:46.3323 INFO Initialising Components...
2017-10-23 21:50:49.3934 INFO Checking Database Connection...
2017-10-23 21:50:49.4794 INFO Database connection string : Data Source=|DataDirectory|\ScaleSoft.db3;Version=3;
2017-10-23 21:50:52.5770 INFO Finishing Initialisation...
2017-10-23 21:50:52.5770 INFO Database connection string : Data Source=|DataDirectory|\ScaleSoft.db3;Version=3;
2017-10-23 21:50:57.2781 INFO Database connection string : Data Source=|DataDirectory|\ScaleSoft.db3;Version=3;
2017-10-23 21:50:57.2886 INFO Database connection string : Data Source=|DataDirectory|\ScaleSoft.db3;Version=3;
2017-10-23 21:50:57.2886 INFO Database connection string : Data Source=|DataDirectory|\ScaleSoft.db3;Version=3;
2017-10-23 21:51:00.5363 INFO Database connection string : Data Source=|DataDirectory|\ScaleSoft.db3;Version=3;
2017-10-23 21:51:00.5493 INFO Database connection string : Data Source=|DataDirectory|\ScaleSoft.db3;Version=3;
2017-10-23 21:51:00.5608 INFO Database connection string : Data Source=|DataDirectory|\ScaleSoft.db3;Version=3;
2017-10-23 21:51:00.5903 INFO Database connection string : Data Source=|DataDirectory|\ScaleSoft.db3;Version=3;
2017-10-23 21:51:29.1639 INFO Database connection string : Data Source=|DataDirectory|\ScaleSoft.db3;Version=3;
2017-10-23 21:51:58.9988 INFO Database file location: E:\Temp\Backup\ITWhiz.ScaleSoft\ITWhiz.ScaleSoft.Desktop\
2017-10-23 21:51:59.1279 INFO Initialising Components...
2017-10-23 21:52:02.2254 INFO Checking Database Connection...
2017-10-23 21:52:02.2454 INFO Database connection string : Data Source=|DataDirectory|\ScaleSoft.db3;Version=3;
2017-10-23 21:52:05.3290 INFO Finishing Initialisation...
2017-10-23 21:52:05.3290 INFO Database connection string : Data Source=|DataDirectory|\ScaleSoft.db3;Version=3;
2017-10-23 21:52:09.9751 INFO Database connection string : Data Source=|DataDirectory|\ScaleSoft.db3;Version=3;
2017-10-23 21:52:09.9851 INFO Database connection string : Data Source=|DataDirectory|\ScaleSoft.db3;Version=3;
2017-10-23 21:52:09.9936 INFO Database connection string : Data Source=|DataDirectory|\ScaleSoft.db3;Version=3;
2017-10-23 21:52:14.1564 INFO Database connection string : Data Source=|DataDirectory|\ScaleSoft.db3;Version=3;
2017-10-23 21:52:14.1684 INFO Database connection string : Data Source=|DataDirectory|\ScaleSoft.db3;Version=3;
2017-10-23 21:52:14.1684 INFO Database connection string : Data Source=|DataDirectory|\ScaleSoft.db3;Version=3;
2017-10-23 21:52:14.2089 INFO Database connection string : Data Source=|DataDirectory|\ScaleSoft.db3;Version=3;
2017-10-23 21:52:18.1626 INFO Database connection string : Data Source=|DataDirectory|\ScaleSoft.db3;Version=3;
2017-10-23 21:53:31.2703 INFO Database file location: E:\Temp\Backup\ITWhiz.ScaleSoft\ITWhiz.ScaleSoft.Desktop\
2017-10-23 21:53:31.3889 INFO Initialising Components...
2017-10-23 21:53:34.4464 INFO Checking Database Connection...
2017-10-23 21:53:34.4664 INFO Database connection string : Data Source=|DataDirectory|\ScaleSoft.db3;Version=3;
2017-10-23 21:53:37.5545 INFO Finishing Initialisation...
2017-10-23 21:53:37.5545 INFO Database connection string : Data Source=|DataDirectory|\ScaleSoft.db3;Version=3;
2017-10-23 21:53:40.0982 INFO Database connection string : Data Source=|DataDirectory|\ScaleSoft.db3;Version=3;
2017-10-23 21:53:40.1092 INFO Database connection string : Data Source=|DataDirectory|\ScaleSoft.db3;Version=3;
2017-10-23 21:53:40.1182 INFO Database connection string : Data Source=|DataDirectory|\ScaleSoft.db3;Version=3;
2017-10-23 21:53:43.2213 INFO Database connection string : Data Source=|DataDirectory|\ScaleSoft.db3;Version=3;
2017-10-23 21:53:43.2323 INFO Database connection string : Data Source=|DataDirectory|\ScaleSoft.db3;Version=3;
2017-10-23 21:53:43.2438 INFO Database connection string : Data Source=|DataDirectory|\ScaleSoft.db3;Version=3;
2017-10-23 21:53:43.2743 INFO Database connection string : Data Source=|DataDirectory|\ScaleSoft.db3;Version=3;
2017-10-23 21:53:55.3619 INFO Database connection string : Data Source=|DataDirectory|\ScaleSoft.db3;Version=3;
2017-10-23 22:10:50.8807 INFO Database file location: E:\Temp\Backup\ITWhiz.ScaleSoft\ITWhiz.ScaleSoft.Desktop\
2017-10-23 22:10:51.0703 INFO Initialising Components...
2017-10-23 22:10:54.1574 INFO Checking Database Connection...
2017-10-23 22:10:54.2359 INFO Database connection string : Data Source=|DataDirectory|\ScaleSoft.db3;Version=3;
2017-10-23 22:10:57.3340 INFO Finishing Initialisation...
2017-10-23 22:10:57.3395 INFO Database connection string : Data Source=|DataDirectory|\ScaleSoft.db3;Version=3;
2017-10-23 22:11:03.4681 INFO Database connection string : Data Source=|DataDirectory|\ScaleSoft.db3;Version=3;
2017-10-23 22:11:03.4781 INFO Database connection string : Data Source=|DataDirectory|\ScaleSoft.db3;Version=3;
2017-10-23 22:11:03.4781 INFO Database connection string : Data Source=|DataDirectory|\ScaleSoft.db3;Version=3;
2017-10-23 22:11:14.9577 INFO Database connection string : Data Source=|DataDirectory|\ScaleSoft.db3;Version=3;
2017-10-23 22:11:14.9698 INFO Database connection string : Data Source=|DataDirectory|\ScaleSoft.db3;Version=3;
2017-10-23 22:11:14.9803 INFO Database connection string : Data Source=|DataDirectory|\ScaleSoft.db3;Version=3;
2017-10-23 22:11:15.0093 INFO Database connection string : Data Source=|DataDirectory|\ScaleSoft.db3;Version=3;
2017-10-23 22:11:23.7071 INFO Database connection string : Data Source=|DataDirectory|\ScaleSoft.db3;Version=3;
2017-10-23 23:33:35.9359 INFO Database file location: E:\Temp\Backup\ITWhiz.ScaleSoft\ITWhiz.ScaleSoft.Desktop\
2017-10-23 23:33:36.0945 INFO Initialising Components...
2017-10-23 23:33:39.2211 INFO Checking Database Connection...
2017-10-23 23:33:39.3032 INFO Database connection string : Data Source=|DataDirectory|\ScaleSoft.db3;Version=3;
2017-10-23 23:33:42.3917 INFO Finishing Initialisation...
2017-10-23 23:33:42.3917 INFO Database connection string : Data Source=|DataDirectory|\ScaleSoft.db3;Version=3;
2017-10-23 23:33:47.8153 INFO Database connection string : Data Source=|DataDirectory|\ScaleSoft.db3;Version=3;
2017-10-23 23:33:47.8258 INFO Database connection string : Data Source=|DataDirectory|\ScaleSoft.db3;Version=3;
2017-10-23 23:33:47.8258 INFO Database connection string : Data Source=|DataDirectory|\ScaleSoft.db3;Version=3;
2017-10-23 23:33:52.0892 INFO Database connection string : Data Source=|DataDirectory|\ScaleSoft.db3;Version=3;
2017-10-23 23:33:52.1022 INFO Database connection string : Data Source=|DataDirectory|\ScaleSoft.db3;Version=3;
2017-10-23 23:33:52.1022 INFO Database connection string : Data Source=|DataDirectory|\ScaleSoft.db3;Version=3;
2017-10-23 23:33:52.1262 INFO Database connection string : Data Source=|DataDirectory|\ScaleSoft.db3;Version=3;
2017-10-23 23:33:52.6010 INFO Database connection string : Data Source=|DataDirectory|\ScaleSoft.db3;Version=3;
2017-10-23 23:34:36.8855 INFO Database connection string : Data Source=|DataDirectory|\ScaleSoft.db3;Version=3;
