2016-08-13 12:26:59.0616 INFO Database file location: E:\Zaib\personal\Projects\itwhiz.com\ITWhiz.ScaleSoft\ITWhiz.ScaleSoft.Desktop\
2016-08-13 12:26:59.5800 INFO Initialising Components...
2016-08-13 12:26:59.6410 INFO Checking License...
2016-08-13 12:27:27.9836 INFO Error: not find any rockey2 : -1609564149
2016-08-13 14:14:04.4218 INFO Database file location: E:\Zaib\personal\Projects\itwhiz.com\ITWhiz.ScaleSoft\ITWhiz.ScaleSoft.Desktop\
2016-08-13 14:14:05.1678 INFO Initialising Components...
2016-08-13 14:14:05.2348 INFO Checking License...
2016-08-13 14:14:05.5479 INFO Error: not find any rockey2 : -1609564149
2016-08-13 14:15:07.6226 INFO Database file location: E:\Zaib\personal\Projects\itwhiz.com\ITWhiz.ScaleSoft\ITWhiz.ScaleSoft.Desktop\
2016-08-13 14:15:08.3520 INFO Initialising Components...
2016-08-13 14:15:11.4182 INFO Checking Database Connection...
2016-08-13 14:15:12.4179 INFO Database connection string : Data Source=|DataDirectory|\ScaleSoft.db3;Version=3;
2016-08-13 14:15:16.3495 INFO Checking License...
2016-08-13 14:15:16.3915 INFO Database connection string : Data Source=|DataDirectory|\ScaleSoft.db3;Version=3;
2016-08-13 14:16:51.4783 INFO Database file location: E:\Zaib\personal\Projects\itwhiz.com\ITWhiz.ScaleSoft\ITWhiz.ScaleSoft.Desktop\
2016-08-13 14:16:51.9931 INFO Initialising Components...
2016-08-13 14:16:55.0446 INFO Checking Database Connection...
2016-08-13 14:16:55.1597 INFO Database connection string : Data Source=|DataDirectory|\ScaleSoft.db3;Version=3;
2016-08-13 14:16:58.6065 INFO Checking License...
2016-08-13 14:16:58.6505 INFO Database connection string : Data Source=|DataDirectory|\ScaleSoft.db3;Version=3;
2016-08-13 14:17:18.9573 INFO Error: not find any rockey2 : -1609564149
2016-08-13 14:20:01.3947 INFO Database file location: E:\Zaib\personal\Projects\itwhiz.com\ITWhiz.ScaleSoft\ITWhiz.ScaleSoft.Desktop\
2016-08-13 14:20:02.0021 INFO Initialising Components...
2016-08-13 14:20:05.0647 INFO Checking Database Connection...
2016-08-13 14:20:05.2478 INFO Database connection string : Data Source=|DataDirectory|\ScaleSoft.db3;Version=3;
2016-08-13 14:20:08.5353 INFO Checking License...
2016-08-13 14:20:08.5613 INFO Database connection string : Data Source=|DataDirectory|\ScaleSoft.db3;Version=3;
2016-08-13 14:20:53.0279 INFO Database file location: E:\Zaib\personal\Projects\itwhiz.com\ITWhiz.ScaleSoft\ITWhiz.ScaleSoft.Desktop\
2016-08-13 14:20:53.5963 INFO Initialising Components...
2016-08-13 14:20:56.6695 INFO Checking Database Connection...
2016-08-13 14:20:56.8496 INFO Database connection string : Data Source=|DataDirectory|\ScaleSoft.db3;Version=3;
2016-08-13 14:21:00.1337 INFO Checking License...
2016-08-13 14:21:00.1563 INFO Database connection string : Data Source=|DataDirectory|\ScaleSoft.db3;Version=3;
2016-08-13 14:21:22.1768 INFO Error: not find any rockey2 : -1609564149
2016-08-13 14:23:13.8745 INFO Database file location: E:\Zaib\personal\Projects\itwhiz.com\ITWhiz.ScaleSoft\ITWhiz.ScaleSoft.Desktop\
2016-08-13 14:23:14.6471 INFO Initialising Components...
2016-08-13 14:23:17.7451 INFO Checking Database Connection...
2016-08-13 14:23:17.9042 INFO Database connection string : Data Source=|DataDirectory|\ScaleSoft.db3;Version=3;
2016-08-13 14:23:21.3436 INFO Checking License...
2016-08-13 14:23:21.3712 INFO Database connection string : Data Source=|DataDirectory|\ScaleSoft.db3;Version=3;
2016-08-13 14:23:28.4767 INFO Finishing Initialisation...
2016-08-13 14:27:51.1995 INFO Database file location: E:\Zaib\personal\Projects\itwhiz.com\ITWhiz.ScaleSoft\ITWhiz.ScaleSoft.Desktop\
2016-08-13 14:27:51.8081 INFO Initialising Components...
2016-08-13 14:27:54.8765 INFO Checking Database Connection...
2016-08-13 14:27:55.0126 INFO Database connection string : Data Source=|DataDirectory|\ScaleSoft.db3;Version=3;
2016-08-13 14:27:58.3029 INFO Checking License...
2016-08-13 14:27:58.3270 INFO Database connection string : Data Source=|DataDirectory|\ScaleSoft.db3;Version=3;
2016-08-13 14:28:27.9923 INFO Error: not find any rockey2 : -1609564149
2016-08-13 14:29:02.4144 INFO Sucess: find rockey2 : 1
2016-08-13 14:29:02.4334 INFO Sucess: open rockey2
2016-08-13 14:29:02.5046 INFO The uid is : 131231 and hid 3643056841
2016-08-13 14:29:02.8094 INFO Database connection string : Data Source=|DataDirectory|\ScaleSoft.db3;Version=3;
2016-08-13 14:29:07.5072 INFO Sucess: find rockey2 : 1
2016-08-13 14:29:07.5222 INFO Sucess: open rockey2
2016-08-13 14:29:07.5860 INFO The uid is : 131231 and hid 3643056841
2016-08-13 14:29:07.5980 INFO Database connection string : Data Source=|DataDirectory|\ScaleSoft.db3;Version=3;
2016-08-13 14:29:08.6341 INFO Sucess: find rockey2 : 1
2016-08-13 14:29:08.6516 INFO Sucess: open rockey2
2016-08-13 14:29:08.7197 INFO The uid is : 131231 and hid 3643056841
2016-08-13 14:29:08.7347 INFO Database connection string : Data Source=|DataDirectory|\ScaleSoft.db3;Version=3;
2016-08-13 14:29:13.7698 INFO Sucess: find rockey2 : 1
2016-08-13 14:29:13.7828 INFO Sucess: open rockey2
2016-08-13 14:29:13.8456 INFO The uid is : 131231 and hid 3643056841
2016-08-13 14:29:13.8573 INFO Database connection string : Data Source=|DataDirectory|\ScaleSoft.db3;Version=3;
2016-08-13 14:29:27.7798 INFO Sucess: find rockey2 : 1
2016-08-13 14:29:32.3349 INFO Sucess: open rockey2
2016-08-13 14:29:34.8416 INFO The uid is : 131231 and hid 3643056841
2016-08-13 14:31:03.9855 INFO Database connection string : Data Source=|DataDirectory|\ScaleSoft.db3;Version=3;
2016-08-13 14:31:52.7481 INFO Database file location: E:\Zaib\personal\Projects\itwhiz.com\ITWhiz.ScaleSoft\ITWhiz.ScaleSoft.Desktop\
2016-08-13 14:31:53.3441 INFO Initialising Components...
2016-08-13 14:31:56.4072 INFO Checking Database Connection...
2016-08-13 14:31:56.5423 INFO Database connection string : Data Source=|DataDirectory|\ScaleSoft.db3;Version=3;
2016-08-13 14:31:59.9258 INFO Checking License...
2016-08-13 14:31:59.9453 INFO Database connection string : Data Source=|DataDirectory|\ScaleSoft.db3;Version=3;
2016-08-13 14:32:12.3101 INFO Sucess: find rockey2 : 1
2016-08-13 14:32:15.1870 INFO Sucess: open rockey2
2016-08-13 14:32:17.8092 INFO The uid is : 3643056841 and hid 3643056841
2016-08-13 14:45:38.4763 INFO Database file location: E:\Zaib\personal\Projects\itwhiz.com\ITWhiz.ScaleSoft\ITWhiz.ScaleSoft.Desktop\
2016-08-13 14:45:39.0497 INFO Initialising Components...
2016-08-13 14:45:42.1233 INFO Checking Database Connection...
2016-08-13 14:45:42.3324 INFO Database connection string : Data Source=|DataDirectory|\ScaleSoft.db3;Version=3;
2016-08-13 14:45:45.7009 INFO Checking License...
2016-08-13 14:45:45.7229 INFO Database connection string : Data Source=|DataDirectory|\ScaleSoft.db3;Version=3;
2016-08-13 14:46:01.2308 INFO Sucess: find rockey2 : 1
2016-08-13 14:46:01.2308 INFO Sucess: open rockey2
2016-08-13 14:46:01.3099 INFO The uid is : 3643056841 and hid 3643056841
2016-08-13 14:46:07.1827 INFO Finishing Initialisation...
2016-08-13 14:47:16.5265 INFO Database file location: E:\Zaib\personal\Projects\itwhiz.com\ITWhiz.ScaleSoft\ITWhiz.ScaleSoft.Desktop\
2016-08-13 14:47:17.6458 INFO Initialising Components...
2016-08-13 14:47:20.7372 INFO Checking Database Connection...
2016-08-13 14:47:20.8918 INFO Database connection string : Data Source=|DataDirectory|\ScaleSoft.db3;Version=3;
2016-08-13 14:47:24.2518 INFO Checking License...
2016-08-13 14:47:24.2739 INFO Database connection string : Data Source=|DataDirectory|\ScaleSoft.db3;Version=3;
2016-08-13 14:48:02.8678 INFO Sucess: find rockey2 : 1
2016-08-13 14:48:07.5581 INFO Sucess: open rockey2
2016-08-13 14:48:11.5393 INFO The uid is : 2618208898 and hid 3643056841
2016-08-13 14:48:46.0372 INFO Database connection string : Data Source=|DataDirectory|\ScaleSoft.db3;Version=3;
2016-08-13 14:48:50.7996 INFO Finishing Initialisation...
2016-08-13 14:50:01.9924 INFO Database file location: E:\Zaib\personal\Projects\itwhiz.com\ITWhiz.ScaleSoft\ITWhiz.ScaleSoft.Desktop\
2016-08-13 14:50:02.6118 INFO Initialising Components...
2016-08-13 14:50:05.6837 INFO Checking Database Connection...
2016-08-13 14:50:05.9578 INFO Database connection string : Data Source=|DataDirectory|\ScaleSoft.db3;Version=3;
2016-08-13 14:50:09.2821 INFO Checking License...
2016-08-13 14:50:09.3071 INFO Database connection string : Data Source=|DataDirectory|\ScaleSoft.db3;Version=3;
2016-08-13 14:50:52.2021 INFO Database file location: E:\Zaib\personal\Projects\itwhiz.com\ITWhiz.ScaleSoft\ITWhiz.ScaleSoft.Desktop\
2016-08-13 14:50:52.9081 INFO Initialising Components...
2016-08-13 14:50:55.9836 INFO Checking Database Connection...
2016-08-13 14:50:56.1357 INFO Database connection string : Data Source=|DataDirectory|\ScaleSoft.db3;Version=3;
2016-08-13 14:50:59.5454 INFO Checking License...
2016-08-13 14:50:59.5669 INFO Database connection string : Data Source=|DataDirectory|\ScaleSoft.db3;Version=3;
2016-08-13 14:51:36.2397 INFO Sucess: find rockey2 : 1
2016-08-13 14:51:37.5258 INFO Sucess: open rockey2
2016-08-13 14:51:39.9089 INFO The uid is : 2618208898 and hid 3643056841
2016-08-13 14:52:28.4932 INFO Database file location: E:\Zaib\personal\Projects\itwhiz.com\ITWhiz.ScaleSoft\ITWhiz.ScaleSoft.Desktop\
2016-08-13 14:52:29.0011 INFO Initialising Components...
2016-08-13 14:52:32.0737 INFO Checking Database Connection...
2016-08-13 14:52:32.2599 INFO Database connection string : Data Source=|DataDirectory|\ScaleSoft.db3;Version=3;
2016-08-13 14:52:35.7697 INFO Checking License...
2016-08-13 14:52:35.8442 INFO Database connection string : Data Source=|DataDirectory|\ScaleSoft.db3;Version=3;
2016-08-13 14:53:38.2817 INFO Database file location: E:\Zaib\personal\Projects\itwhiz.com\ITWhiz.ScaleSoft\ITWhiz.ScaleSoft.Desktop\
2016-08-13 14:53:38.8771 INFO Initialising Components...
2016-08-13 14:53:41.9420 INFO Checking Database Connection...
2016-08-13 14:53:42.0996 INFO Database connection string : Data Source=|DataDirectory|\ScaleSoft.db3;Version=3;
2016-08-13 14:53:45.4783 INFO Checking License...
2016-08-13 14:53:45.5013 INFO Database connection string : Data Source=|DataDirectory|\ScaleSoft.db3;Version=3;
2016-08-13 14:54:00.6580 INFO Sucess: find rockey2 : 1
2016-08-13 14:54:00.7050 INFO Sucess: open rockey2
2016-08-13 14:54:00.7981 INFO The uid is : 2618208898 and hid 3643056841
2016-08-13 14:54:00.8101 INFO Valid license found + 3643056841
2016-08-13 14:54:43.8707 INFO Finishing Initialisation...
2016-08-13 14:56:28.3094 INFO Database file location: E:\Zaib\personal\Projects\itwhiz.com\ITWhiz.ScaleSoft\ITWhiz.ScaleSoft.Desktop\
2016-08-13 14:56:28.7711 INFO Initialising Components...
2016-08-13 14:56:31.8279 INFO Checking Database Connection...
2016-08-13 14:56:31.9485 INFO Database connection string : Data Source=|DataDirectory|\ScaleSoft.db3;Version=3;
2016-08-13 14:56:35.2956 INFO Checking License...
2016-08-13 14:56:35.3231 INFO Database connection string : Data Source=|DataDirectory|\ScaleSoft.db3;Version=3;
2016-08-13 14:56:51.0022 INFO Sucess: find rockey2 : 1
2016-08-13 14:56:51.0202 INFO Sucess: open rockey2
2016-08-13 14:56:51.0893 INFO The uid is : 2618208898 and hid 2552834880
2016-08-13 14:56:56.7873 INFO Finishing Initialisation...
2016-08-13 14:57:21.9980 INFO Database file location: E:\Zaib\personal\Projects\itwhiz.com\ITWhiz.ScaleSoft\ITWhiz.ScaleSoft.Desktop\
2016-08-13 14:57:22.6870 INFO Initialising Components...
2016-08-13 14:57:25.7641 INFO Checking Database Connection...
2016-08-13 14:57:25.9152 INFO Database connection string : Data Source=|DataDirectory|\ScaleSoft.db3;Version=3;
2016-08-13 14:57:29.3256 INFO Checking License...
2016-08-13 14:57:29.3516 INFO Database connection string : Data Source=|DataDirectory|\ScaleSoft.db3;Version=3;
2016-08-13 14:57:37.8092 INFO Sucess: find rockey2 : 1
2016-08-13 14:57:37.8252 INFO Sucess: open rockey2
2016-08-13 14:57:37.8903 INFO The uid is : 2618208898 and hid 3643056841
2016-08-13 14:57:37.9068 INFO Valid license found + 3643056841
2016-08-13 15:16:20.1599 INFO Database file location: E:\Zaib\personal\Projects\itwhiz.com\ITWhiz.ScaleSoft\ITWhiz.ScaleSoft.Desktop\
2016-08-13 15:16:20.6057 INFO Initialising Components...
2016-08-13 15:16:23.6304 INFO Checking Database Connection...
2016-08-13 15:16:23.8391 INFO Database connection string : Data Source=|DataDirectory|\ScaleSoft.db3;Version=3;
2016-08-13 15:16:27.2121 INFO Checking License...
2016-08-13 15:16:27.2381 INFO Database connection string : Data Source=|DataDirectory|\ScaleSoft.db3;Version=3;
2016-08-13 15:16:27.7920 INFO Sucess: find rockey2 : 1
2016-08-13 15:16:27.8105 INFO Sucess: open rockey2
2016-08-13 15:16:27.8806 INFO The uid is : 2618208898 and hid 3643056841
2016-08-13 15:16:27.8966 INFO Valid license found + 3643056841
2016-08-13 15:16:43.4238 INFO Finishing Initialisation...
2016-08-13 15:35:10.2894 INFO Database file location: E:\Zaib\personal\Projects\itwhiz.com\ITWhiz.ScaleSoft\ITWhiz.ScaleSoft.Desktop\
2016-08-13 15:35:10.9269 INFO Initialising Components...
2016-08-13 15:35:13.9646 INFO Checking Database Connection...
2016-08-13 15:35:14.1497 INFO Database connection string : Data Source=|DataDirectory|\ScaleSoft.db3;Version=3;
2016-08-13 15:35:17.6656 INFO Checking License...
2016-08-13 15:35:17.7026 INFO Database connection string : Data Source=|DataDirectory|\ScaleSoft.db3;Version=3;
2016-08-13 15:35:18.1030 INFO Sucess: find rockey2 : 1
2016-08-13 15:35:18.1230 INFO Sucess: open rockey2
2016-08-13 15:35:18.1941 INFO The uid is : 2618208898 and hid 3643056841
2016-08-13 15:35:18.2131 INFO Valid license found + 3643056841
2016-08-13 15:35:25.5709 INFO Finishing Initialisation...
2016-08-13 15:35:34.5837 INFO Database file location: E:\Zaib\personal\Projects\itwhiz.com\ITWhiz.ScaleSoft\ITWhiz.ScaleSoft.Desktop\
2016-08-13 15:35:35.3072 INFO Initialising Components...
2016-08-13 15:35:38.3489 INFO Checking Database Connection...
2016-08-13 15:35:38.4940 INFO Database connection string : Data Source=|DataDirectory|\ScaleSoft.db3;Version=3;
2016-08-13 15:35:41.8698 INFO Checking License...
2016-08-13 15:35:41.9059 INFO Database connection string : Data Source=|DataDirectory|\ScaleSoft.db3;Version=3;
2016-08-13 15:35:42.2602 INFO Error: not find any rockey2 : -1609564149
2016-08-13 15:36:00.5447 INFO Finishing Initialisation...
2016-08-13 15:52:38.2035 INFO Database file location: E:\Zaib\personal\Projects\itwhiz.com\ITWhiz.ScaleSoft\ITWhiz.ScaleSoft.Desktop\
2016-08-13 15:52:38.8014 INFO Initialising Components...
2016-08-13 15:52:41.8418 INFO Checking Database Connection...
2016-08-13 15:52:42.0995 INFO Database connection string : Data Source=|DataDirectory|\ScaleSoft.db3;Version=3;
2016-08-13 15:52:45.3988 INFO Checking License...
2016-08-13 15:52:45.4354 INFO Database connection string : Data Source=|DataDirectory|\ScaleSoft.db3;Version=3;
2016-08-13 15:52:45.8007 INFO Error: not find any rockey2 : -1609564149
2016-08-13 16:01:58.1496 INFO Database file location: E:\Zaib\personal\Projects\itwhiz.com\ITWhiz.ScaleSoft\ITWhiz.ScaleSoft.Desktop\
2016-08-13 16:01:58.7615 INFO Initialising Components...
2016-08-13 16:02:01.7982 INFO Checking Database Connection...
2016-08-13 16:02:01.8764 INFO Database connection string : Data Source=|DataDirectory|\ScaleSoft.db3;Version=3;
2016-08-13 16:02:05.2583 INFO Checking License...
2016-08-13 16:02:05.2803 INFO Database connection string : Data Source=|DataDirectory|\ScaleSoft.db3;Version=3;
2016-08-13 16:02:05.6565 INFO Error: not find any rockey2 : -1609564149
2016-08-13 16:02:12.9680 INFO Finishing Initialisation...
2016-08-13 16:02:21.0815 INFO Database connection string : Data Source=|DataDirectory|\ScaleSoft.db3;Version=3;
2016-08-13 16:02:21.1655 INFO Database connection string : Data Source=|DataDirectory|\ScaleSoft.db3;Version=3;
2016-08-13 16:02:21.1911 INFO Database connection string : Data Source=|DataDirectory|\ScaleSoft.db3;Version=3;
