2016-08-06 16:39:33.3866 INFO Database file location: E:\Zaib\personal\Projects\itwhiz.com\ITWhiz.ScaleSoft\ITWhiz.ScaleSoft.Desktop\
2016-08-06 16:39:34.3007 INFO Initialising Components...
2016-08-06 16:39:34.3147 INFO Checking Database Connection...
2016-08-06 16:39:34.9692 INFO Database connection string : Data Source=|DataDirectory|\ScaleSoft.db3;Version=3;
2016-08-06 16:39:35.4605 INFO Checking License...
2016-08-06 16:47:03.2042 INFO Database file location: E:\Zaib\personal\Projects\itwhiz.com\ITWhiz.ScaleSoft\ITWhiz.ScaleSoft.Desktop\
2016-08-06 16:47:03.9617 INFO Initialising Components...
2016-08-06 16:47:03.9733 INFO Checking Database Connection...
2016-08-06 16:47:04.0788 INFO Database connection string : Data Source=|DataDirectory|\ScaleSoft.db3;Version=3;
2016-08-06 16:47:04.3650 INFO Checking License...
2016-08-06 16:47:08.2839 INFO Finishing Initialisation...
2016-08-06 16:51:16.4624 INFO Database file location: E:\Zaib\personal\Projects\itwhiz.com\ITWhiz.ScaleSoft\ITWhiz.ScaleSoft.Desktop\
2016-08-06 16:51:17.1144 INFO Initialising Components...
2016-08-06 16:51:18.1365 INFO Checking Database Connection...
2016-08-06 16:51:18.2141 INFO Database connection string : Data Source=|DataDirectory|\ScaleSoft.db3;Version=3;
2016-08-06 16:51:19.4607 INFO Checking License...
2016-08-06 16:51:20.4736 INFO Finishing Initialisation...
2016-08-06 16:51:42.0259 INFO Database file location: E:\Zaib\personal\Projects\itwhiz.com\ITWhiz.ScaleSoft\ITWhiz.ScaleSoft.Desktop\
2016-08-06 16:51:42.7499 INFO Initialising Components...
2016-08-06 16:51:45.7739 INFO Checking Database Connection...
2016-08-06 16:51:45.8875 INFO Database connection string : Data Source=|DataDirectory|\ScaleSoft.db3;Version=3;
2016-08-06 16:51:49.2130 INFO Checking License...
2016-08-06 16:51:52.4204 INFO Finishing Initialisation...
2016-08-06 16:53:49.0465 INFO Database file location: E:\Zaib\personal\Projects\itwhiz.com\ITWhiz.ScaleSoft\ITWhiz.ScaleSoft.Desktop\
2016-08-06 16:53:49.5939 INFO Initialising Components...
2016-08-06 16:53:52.6126 INFO Checking Database Connection...
2016-08-06 16:53:52.7302 INFO Database connection string : Data Source=|DataDirectory|\ScaleSoft.db3;Version=3;
2016-08-06 16:53:56.0039 INFO Checking License...
2016-08-06 16:53:59.0178 INFO Finishing Initialisation...
2016-08-06 16:54:59.1430 INFO Database file location: E:\Zaib\personal\Projects\itwhiz.com\ITWhiz.ScaleSoft\ITWhiz.ScaleSoft.Desktop\
2016-08-06 16:54:59.8711 INFO Initialising Components...
2016-08-06 16:55:02.9289 INFO Checking Database Connection...
2016-08-06 16:55:03.0535 INFO Database connection string : Data Source=|DataDirectory|\ScaleSoft.db3;Version=3;
2016-08-06 16:55:06.4238 INFO Checking License...
2016-08-06 16:55:09.4430 INFO Finishing Initialisation...
2016-08-06 16:59:55.6582 INFO Database file location: E:\Zaib\personal\Projects\itwhiz.com\ITWhiz.ScaleSoft\ITWhiz.ScaleSoft.Desktop\
2016-08-06 16:59:56.2351 INFO Initialising Components...
2016-08-06 16:59:59.2847 INFO Checking Database Connection...
2016-08-06 16:59:59.4540 INFO Database connection string : Data Source=|DataDirectory|\ScaleSoft.db3;Version=3;
2016-08-06 17:00:02.7616 INFO Checking License...
2016-08-06 17:00:05.8006 INFO Finishing Initialisation...
2016-08-06 17:00:40.8066 INFO Database file location: E:\Zaib\personal\Projects\itwhiz.com\ITWhiz.ScaleSoft\ITWhiz.ScaleSoft.Desktop\
2016-08-06 17:00:41.5191 INFO Initialising Components...
2016-08-06 17:00:44.5667 INFO Checking Database Connection...
2016-08-06 17:00:44.6670 INFO Database connection string : Data Source=|DataDirectory|\ScaleSoft.db3;Version=3;
2016-08-06 17:00:47.9850 INFO Checking License...
2016-08-06 17:00:51.0254 INFO Finishing Initialisation...
2016-08-06 17:01:43.2025 INFO Database file location: E:\Zaib\personal\Projects\itwhiz.com\ITWhiz.ScaleSoft\ITWhiz.ScaleSoft.Desktop\
2016-08-06 17:01:43.7649 INFO Initialising Components...
2016-08-06 17:01:46.8141 INFO Checking Database Connection...
2016-08-06 17:01:46.9316 INFO Database connection string : Data Source=|DataDirectory|\ScaleSoft.db3;Version=3;
2016-08-06 17:01:50.2458 INFO Checking License...
2016-08-06 17:02:12.0040 INFO Database file location: E:\Zaib\personal\Projects\itwhiz.com\ITWhiz.ScaleSoft\ITWhiz.ScaleSoft.Desktop\
2016-08-06 17:02:12.5904 INFO Initialising Components...
2016-08-06 17:02:15.6374 INFO Checking Database Connection...
2016-08-06 17:02:15.7533 INFO Database connection string : Data Source=|DataDirectory|\ScaleSoft.db3;Version=3;
2016-08-06 17:02:19.0873 INFO Checking License...
2016-08-06 17:02:22.1228 INFO Finishing Initialisation...
2016-08-06 17:02:38.7271 INFO Database file location: E:\Zaib\personal\Projects\itwhiz.com\ITWhiz.ScaleSoft\ITWhiz.ScaleSoft.Desktop\
2016-08-06 17:02:39.2399 INFO Initialising Components...
2016-08-06 17:02:42.2837 INFO Checking Database Connection...
2016-08-06 17:02:42.3522 INFO Database connection string : Data Source=|DataDirectory|\ScaleSoft.db3;Version=3;
2016-08-06 17:02:45.6545 INFO Checking License...
2016-08-06 17:02:48.6814 INFO Finishing Initialisation...
2016-08-06 17:03:41.0098 INFO Database file location: E:\Zaib\personal\Projects\itwhiz.com\ITWhiz.ScaleSoft\ITWhiz.ScaleSoft.Desktop\
2016-08-06 17:03:41.5496 INFO Initialising Components...
2016-08-06 17:03:44.5948 INFO Checking Database Connection...
2016-08-06 17:03:44.7083 INFO Database connection string : Data Source=|DataDirectory|\ScaleSoft.db3;Version=3;
2016-08-06 17:03:48.0020 INFO Checking License...
2016-08-06 17:03:51.0205 INFO Finishing Initialisation...
2016-08-06 17:05:04.6719 INFO Database file location: E:\Zaib\personal\Projects\itwhiz.com\ITWhiz.ScaleSoft\ITWhiz.ScaleSoft.Desktop\
2016-08-06 17:05:05.3253 INFO Initialising Components...
2016-08-06 17:05:08.3676 INFO Checking Database Connection...
2016-08-06 17:05:08.5094 INFO Database connection string : Data Source=|DataDirectory|\ScaleSoft.db3;Version=3;
2016-08-06 17:05:11.8196 INFO Checking License...
2016-08-06 17:05:14.8575 INFO Finishing Initialisation...
2016-08-06 17:07:28.4748 INFO Database file location: E:\Zaib\personal\Projects\itwhiz.com\ITWhiz.ScaleSoft\ITWhiz.ScaleSoft.Desktop\
2016-08-06 17:07:29.0127 INFO Initialising Components...
2016-08-06 17:07:32.0612 INFO Checking Database Connection...
2016-08-06 17:07:32.1615 INFO Database connection string : Data Source=|DataDirectory|\ScaleSoft.db3;Version=3;
2016-08-06 17:07:35.4921 INFO Checking License...
2016-08-06 17:07:38.5295 INFO Finishing Initialisation...
2016-08-06 17:08:24.5284 INFO Database file location: E:\Zaib\personal\Projects\itwhiz.com\ITWhiz.ScaleSoft\ITWhiz.ScaleSoft.Desktop\
2016-08-06 17:08:24.6585 INFO Initialising Components...
2016-08-06 17:08:27.6960 INFO Checking Database Connection...
2016-08-06 17:08:27.8556 INFO Database connection string : Data Source=|DataDirectory|\ScaleSoft.db3;Version=3;
2016-08-06 17:08:31.2204 INFO Checking License...
2016-08-06 17:08:34.2574 INFO Finishing Initialisation...
2016-08-06 17:08:45.2795 INFO Checking Database Connection...
2016-08-06 17:08:45.3341 INFO Database connection string : Data Source=|DataDirectory|\ScaleSoft.db3;Version=3;
2016-08-06 17:09:20.2840 INFO Database file location: E:\Zaib\personal\Projects\itwhiz.com\ITWhiz.ScaleSoft\ITWhiz.ScaleSoft.Desktop\
2016-08-06 17:09:20.8643 INFO Initialising Components...
2016-08-06 17:09:23.9171 INFO Checking Database Connection...
2016-08-06 17:09:24.0442 INFO Database connection string : Data Source=|DataDirectory|\ScaleSoft.db3;Version=3;
2016-08-06 17:09:27.4172 INFO Checking License...
2016-08-06 17:09:30.4383 INFO Finishing Initialisation...
2016-08-06 17:11:25.2294 INFO Database file location: E:\Zaib\personal\Projects\itwhiz.com\ITWhiz.ScaleSoft\ITWhiz.ScaleSoft.Desktop\
2016-08-06 17:11:25.8894 INFO Initialising Components...
2016-08-06 17:11:28.9611 INFO Checking Database Connection...
2016-08-06 17:11:29.0978 INFO Database connection string : Data Source=|DataDirectory|\ScaleSoft.db3;Version=3;
2016-08-06 17:11:32.4273 INFO Checking License...
2016-08-06 17:11:35.4402 INFO Finishing Initialisation...
2016-08-06 17:12:29.5531 INFO Database file location: E:\Zaib\personal\Projects\itwhiz.com\ITWhiz.ScaleSoft\ITWhiz.ScaleSoft.Desktop\
2016-08-06 17:12:30.1730 INFO Initialising Components...
2016-08-06 17:12:33.2427 INFO Checking Database Connection...
2016-08-06 17:12:33.3883 INFO Database connection string : Data Source=|DataDirectory|\ScaleSoft.db3;Version=3;
2016-08-06 17:12:36.6952 INFO Checking License...
2016-08-06 17:12:39.7113 INFO Finishing Initialisation...
2016-08-06 17:13:43.6315 INFO Database file location: E:\Zaib\personal\Projects\itwhiz.com\ITWhiz.ScaleSoft\ITWhiz.ScaleSoft.Desktop\
2016-08-06 17:13:44.3555 INFO Initialising Components...
2016-08-06 17:13:47.3915 INFO Checking Database Connection...
2016-08-06 17:13:47.5722 INFO Database connection string : Data Source=|DataDirectory|\ScaleSoft.db3;Version=3;
2016-08-06 17:13:50.9538 INFO Checking License...
2016-08-06 17:13:53.9693 INFO Finishing Initialisation...
2016-08-06 17:15:29.3624 INFO Database file location: E:\Zaib\personal\Projects\itwhiz.com\ITWhiz.ScaleSoft\ITWhiz.ScaleSoft.Desktop\
2016-08-06 17:15:29.5260 INFO Initialising Components...
2016-08-06 17:15:32.5719 INFO Checking Database Connection...
2016-08-06 17:15:32.7077 INFO Database connection string : Data Source=|DataDirectory|\ScaleSoft.db3;Version=3;
2016-08-06 17:15:36.0752 INFO Checking License...
2016-08-06 17:15:39.0934 INFO Finishing Initialisation...
2016-08-06 17:17:06.3689 INFO Database file location: E:\Zaib\personal\Projects\itwhiz.com\ITWhiz.ScaleSoft\ITWhiz.ScaleSoft.Desktop\
2016-08-06 17:17:06.5285 INFO Initialising Components...
2016-08-06 17:17:09.5719 INFO Checking Database Connection...
2016-08-06 17:17:09.7080 INFO Database connection string : Data Source=|DataDirectory|\ScaleSoft.db3;Version=3;
2016-08-06 17:17:13.0467 INFO Checking License...
2016-08-06 17:17:16.0613 INFO Finishing Initialisation...
2016-08-06 17:18:39.6070 INFO Database file location: E:\Zaib\personal\Projects\itwhiz.com\ITWhiz.ScaleSoft\ITWhiz.ScaleSoft.Desktop\
2016-08-06 17:18:39.7121 INFO Initialising Components...
2016-08-06 17:18:42.7495 INFO Checking Database Connection...
2016-08-06 17:18:42.9192 INFO Database connection string : Data Source=|DataDirectory|\ScaleSoft.db3;Version=3;
2016-08-06 17:18:46.2416 INFO Checking License...
2016-08-06 17:19:08.8490 INFO Database file location: E:\Zaib\personal\Projects\itwhiz.com\ITWhiz.ScaleSoft\ITWhiz.ScaleSoft.Desktop\
2016-08-06 17:19:08.9976 INFO Initialising Components...
2016-08-06 17:19:53.0968 INFO Database file location: E:\Zaib\personal\Projects\itwhiz.com\ITWhiz.ScaleSoft\ITWhiz.ScaleSoft.Desktop\
2016-08-06 17:19:53.6757 INFO Initialising Components...
2016-08-06 17:20:29.0200 INFO Database file location: E:\Zaib\personal\Projects\itwhiz.com\ITWhiz.ScaleSoft\ITWhiz.ScaleSoft.Desktop\
2016-08-06 17:20:29.6069 INFO Initialising Components...
2016-08-06 17:46:49.1168 INFO Database file location: E:\Zaib\personal\Projects\itwhiz.com\ITWhiz.ScaleSoft\ITWhiz.ScaleSoft.Desktop\
2016-08-06 17:46:49.8299 INFO Initialising Components...
2016-08-06 17:47:18.4040 INFO Database file location: E:\Zaib\personal\Projects\itwhiz.com\ITWhiz.ScaleSoft\ITWhiz.ScaleSoft.Desktop\
2016-08-06 17:47:18.9894 INFO Initialising Components...
2016-08-06 17:47:59.3998 INFO Database file location: E:\Zaib\personal\Projects\itwhiz.com\ITWhiz.ScaleSoft\ITWhiz.ScaleSoft.Desktop\
2016-08-06 17:48:00.2019 INFO Initialising Components...
2016-08-06 17:48:27.3044 INFO Database file location: E:\Zaib\personal\Projects\itwhiz.com\ITWhiz.ScaleSoft\ITWhiz.ScaleSoft.Desktop\
2016-08-06 17:48:27.8863 INFO Initialising Components...
2016-08-06 17:48:27.9549 INFO Checking License...
2016-08-06 17:49:58.3774 INFO Database file location: E:\Zaib\personal\Projects\itwhiz.com\ITWhiz.ScaleSoft\ITWhiz.ScaleSoft.Desktop\
2016-08-06 17:49:58.9497 INFO Initialising Components...
2016-08-06 17:49:59.0193 INFO Checking License...
2016-08-06 17:50:11.3265 INFO Sucess: find rockey2 : 1
2016-08-06 17:50:35.3830 INFO Sucess: open rockey2
2016-08-06 17:51:05.8962 INFO Database file location: E:\Zaib\personal\Projects\itwhiz.com\ITWhiz.ScaleSoft\ITWhiz.ScaleSoft.Desktop\
2016-08-06 17:51:06.4921 INFO Initialising Components...
2016-08-06 17:51:06.5586 INFO Checking License...
2016-08-06 17:51:17.6276 INFO Sucess: find rockey2 : 1
2016-08-06 17:51:38.0246 INFO Sucess: open rockey2
2016-08-06 17:51:52.3878 INFO The uid is : 0
2016-08-06 17:54:47.9632 INFO Database file location: E:\Zaib\personal\Projects\itwhiz.com\ITWhiz.ScaleSoft\ITWhiz.ScaleSoft.Desktop\
2016-08-06 17:54:48.5146 INFO Initialising Components...
2016-08-06 17:54:48.5756 INFO Checking License...
2016-08-06 17:54:56.5750 INFO Sucess: find rockey2 : 1
2016-08-06 17:54:56.5906 INFO Sucess: open rockey2
2016-08-06 17:54:56.6531 INFO The uid is : 0
2016-08-06 17:55:13.3245 INFO Sucess: find rockey2 : 1
2016-08-06 17:55:18.3744 INFO Sucess: open rockey2
2016-08-06 17:55:25.9646 INFO The uid is : 0
2016-08-06 17:56:41.2678 INFO Database file location: E:\Zaib\personal\Projects\itwhiz.com\ITWhiz.ScaleSoft\ITWhiz.ScaleSoft.Desktop\
2016-08-06 17:56:41.9098 INFO Initialising Components...
2016-08-06 17:56:41.9698 INFO Checking License...
2016-08-06 17:57:13.2853 INFO Sucess: find rockey2 : 1
2016-08-06 17:57:14.4278 INFO Sucess: open rockey2
2016-08-06 17:57:16.7866 INFO The uid is : 0 and hid 3643056841
2016-08-06 17:58:19.1800 INFO Database file location: E:\Zaib\personal\Projects\itwhiz.com\ITWhiz.ScaleSoft\ITWhiz.ScaleSoft.Desktop\
2016-08-06 17:58:19.7779 INFO Initialising Components...
2016-08-06 17:58:19.8429 INFO Checking License...
2016-08-06 17:58:31.7553 INFO Sucess: find rockey2 : 1
2016-08-06 17:58:31.7866 INFO Sucess: open rockey2
2016-08-06 17:58:31.8426 INFO The uid is : 0 and hid 3643056841
2016-08-06 18:11:46.2674 INFO Database file location: E:\Zaib\personal\Projects\itwhiz.com\ITWhiz.ScaleSoft\ITWhiz.ScaleSoft.Desktop\
2016-08-06 18:11:46.8798 INFO Initialising Components...
2016-08-06 18:11:46.9464 INFO Checking License...
2016-08-06 18:11:54.6611 INFO Sucess: find rockey2 : 1
2016-08-06 18:11:54.6771 INFO Sucess: open rockey2
2016-08-06 18:11:54.7370 INFO The uid is : 0 and hid 3643056841
2016-08-06 18:15:14.1917 INFO Database file location: E:\Zaib\personal\Projects\itwhiz.com\ITWhiz.ScaleSoft\ITWhiz.ScaleSoft.Desktop\
2016-08-06 18:15:14.7666 INFO Initialising Components...
2016-08-06 18:15:14.8306 INFO Checking License...
2016-08-06 18:15:35.1612 INFO Sucess: find rockey2 : 1
2016-08-06 18:15:38.3848 INFO Sucess: open rockey2
2016-08-06 18:15:41.8264 INFO The uid is : 0 and hid 3084257874
2016-08-06 18:25:56.2433 INFO Database file location: E:\Zaib\personal\Projects\itwhiz.com\ITWhiz.ScaleSoft\ITWhiz.ScaleSoft.Desktop\
2016-08-06 18:25:56.7852 INFO Initialising Components...
2016-08-06 18:25:56.8532 INFO Checking License...
2016-08-06 18:26:09.9689 INFO Sucess: find rockey2 : 1
