2016-10-01 14:38:49.8729 INFO Database file location: D:\Attique\For-Attiq\ITWhiz.ScaleSoft\ITWhiz.ScaleSoft.Desktop\
2016-10-01 14:38:49.9806 INFO Initialising Components...
2016-10-01 14:38:53.0007 INFO Checking Database Connection...
2016-10-01 14:38:53.1479 INFO Database connection string : Data Source=|DataDirectory|\ScaleSoft.db3;Version=3;
2016-10-01 14:38:56.7553 INFO Checking License...
2016-10-01 14:38:56.7553 INFO Database connection string : Data Source=|DataDirectory|\ScaleSoft.db3;Version=3;
2016-10-01 14:38:57.7245 INFO Error: not find any rockey2 : -1609564149
2016-10-01 14:39:12.5357 INFO Finishing Initialisation...
2016-10-01 14:39:24.3964 INFO Database connection string : Data Source=|DataDirectory|\ScaleSoft.db3;Version=3;
2016-10-01 14:39:24.4120 INFO Database connection string : Data Source=|DataDirectory|\ScaleSoft.db3;Version=3;
2016-10-01 14:39:24.4120 INFO Database connection string : Data Source=|DataDirectory|\ScaleSoft.db3;Version=3;
2016-10-01 14:39:48.7791 INFO Database connection string : Data Source=|DataDirectory|\ScaleSoft.db3;Version=3;
2016-10-01 14:39:59.5134 INFO Database connection string : Data Source=|DataDirectory|\ScaleSoft.db3;Version=3;
2016-10-01 14:40:07.9931 INFO Database connection string : Data Source=|DataDirectory|\ScaleSoft.db3;Version=3;
2016-10-01 14:40:27.4329 INFO Database connection string : Data Source=|DataDirectory|\ScaleSoft.db3;Version=3;
2016-10-01 14:41:22.1282 INFO Database connection string : Data Source=|DataDirectory|\ScaleSoft.db3;Version=3;
2016-10-01 14:41:26.1448 INFO Database connection string : Data Source=|DataDirectory|\ScaleSoft.db3;Version=3;
2016-10-01 14:41:38.2111 INFO Database connection string : Data Source=|DataDirectory|\ScaleSoft.db3;Version=3;
2016-10-01 14:41:38.2267 INFO Database connection string : Data Source=|DataDirectory|\ScaleSoft.db3;Version=3;
2016-10-01 14:41:38.2267 INFO Database connection string : Data Source=|DataDirectory|\ScaleSoft.db3;Version=3;
2016-10-01 14:41:38.2579 INFO Database connection string : Data Source=|DataDirectory|\ScaleSoft.db3;Version=3;
2016-10-01 14:41:50.1121 INFO Database connection string : Data Source=|DataDirectory|\ScaleSoft.db3;Version=3;
2016-10-01 14:42:14.4928 INFO Database connection string : Data Source=|DataDirectory|\ScaleSoft.db3;Version=3;
2016-10-01 14:42:14.5310 INFO Database connection string : Data Source=|DataDirectory|\ScaleSoft.db3;Version=3;
2016-10-01 14:42:14.5310 INFO Database connection string : Data Source=|DataDirectory|\ScaleSoft.db3;Version=3;
2016-10-01 14:42:14.5623 INFO Database connection string : Data Source=|DataDirectory|\ScaleSoft.db3;Version=3;
2016-10-01 14:42:33.3090 INFO Database connection string : Data Source=|DataDirectory|\ScaleSoft.db3;Version=3;
2016-10-01 14:42:33.3311 INFO Database connection string : Data Source=|DataDirectory|\ScaleSoft.db3;Version=3;
2016-10-01 14:42:33.3467 INFO Database connection string : Data Source=|DataDirectory|\ScaleSoft.db3;Version=3;
2016-10-01 14:42:33.3623 INFO Database connection string : Data Source=|DataDirectory|\ScaleSoft.db3;Version=3;
2016-10-01 14:42:41.1606 INFO Database connection string : Data Source=|DataDirectory|\ScaleSoft.db3;Version=3;
2016-10-01 14:42:41.1762 INFO Database connection string : Data Source=|DataDirectory|\ScaleSoft.db3;Version=3;
2016-10-01 14:42:41.1762 INFO Database connection string : Data Source=|DataDirectory|\ScaleSoft.db3;Version=3;
2016-10-01 14:42:41.1918 INFO Database connection string : Data Source=|DataDirectory|\ScaleSoft.db3;Version=3;
