2017-06-19 08:18:32.6962 INFO Database file location: E:\Attique\For-Attiq\ITWhiz.ScaleSoft\ITWhiz.ScaleSoft.Desktop\
2017-06-19 08:18:32.7978 INFO Initialising Components...
2017-06-19 08:18:35.8180 INFO Checking Database Connection...
2017-06-19 08:18:36.1814 INFO Database connection string : Data Source=|DataDirectory|\ScaleSoft.db3;Version=3;
2017-06-19 08:18:39.5130 INFO Checking License...
2017-06-19 08:18:39.5190 INFO Database connection string : Data Source=|DataDirectory|\ScaleSoft.db3;Version=3;
2017-06-19 08:18:39.9032 INFO Error: not find any rockey2 : -1609564149
2017-06-19 08:20:16.3063 INFO Finishing Initialisation...
2017-06-19 08:20:19.9459 INFO Database connection string : Data Source=|DataDirectory|\ScaleSoft.db3;Version=3;
2017-06-19 08:20:19.9459 INFO Database connection string : Data Source=|DataDirectory|\ScaleSoft.db3;Version=3;
2017-06-19 08:20:19.9616 INFO Database connection string : Data Source=|DataDirectory|\ScaleSoft.db3;Version=3;
2017-06-19 08:20:25.9909 INFO Database connection string : Data Source=|DataDirectory|\ScaleSoft.db3;Version=3;
2017-06-19 08:20:26.0019 INFO Database connection string : Data Source=|DataDirectory|\ScaleSoft.db3;Version=3;
2017-06-19 08:20:26.0019 INFO Database connection string : Data Source=|DataDirectory|\ScaleSoft.db3;Version=3;
2017-06-19 08:21:45.3731 INFO Database connection string : Data Source=|DataDirectory|\ScaleSoft.db3;Version=3;
2017-06-19 08:47:28.3575 INFO Database file location: E:\Attique\For-Attiq\ITWhiz.ScaleSoft\ITWhiz.ScaleSoft.Desktop\
2017-06-19 08:47:28.4881 INFO Initialising Components...
2017-06-19 08:47:31.5130 INFO Checking Database Connection...
2017-06-19 08:47:31.5394 INFO Database connection string : Data Source=|DataDirectory|\ScaleSoft.db3;Version=3;
2017-06-19 08:47:34.6073 INFO Checking License...
2017-06-19 08:47:34.6123 INFO Database connection string : Data Source=|DataDirectory|\ScaleSoft.db3;Version=3;
2017-06-19 08:47:34.6904 INFO Error: not find any rockey2 : -1609564149
2017-06-19 08:47:41.3362 INFO Finishing Initialisation...
2017-06-19 08:47:43.7223 INFO Database connection string : Data Source=|DataDirectory|\ScaleSoft.db3;Version=3;
2017-06-19 08:47:43.7223 INFO Database connection string : Data Source=|DataDirectory|\ScaleSoft.db3;Version=3;
2017-06-19 08:47:43.7391 INFO Database connection string : Data Source=|DataDirectory|\ScaleSoft.db3;Version=3;
2017-06-19 08:47:47.1772 INFO Database connection string : Data Source=|DataDirectory|\ScaleSoft.db3;Version=3;
2017-06-19 08:47:47.1772 INFO Database connection string : Data Source=|DataDirectory|\ScaleSoft.db3;Version=3;
2017-06-19 08:47:47.1952 INFO Database connection string : Data Source=|DataDirectory|\ScaleSoft.db3;Version=3;
2017-06-19 08:47:47.2168 INFO Database connection string : Data Source=|DataDirectory|\ScaleSoft.db3;Version=3;
2017-06-19 08:57:35.9126 INFO Database file location: E:\Attique\For-Attiq\ITWhiz.ScaleSoft\ITWhiz.ScaleSoft.Desktop\
2017-06-19 08:57:36.0071 INFO Initialising Components...
2017-06-19 08:57:39.0313 INFO Checking Database Connection...
2017-06-19 08:57:39.0584 INFO Database connection string : Data Source=|DataDirectory|\ScaleSoft.db3;Version=3;
2017-06-19 08:57:42.1357 INFO Checking License...
2017-06-19 08:57:42.1768 INFO Database connection string : Data Source=|DataDirectory|\ScaleSoft.db3;Version=3;
2017-06-19 08:57:42.2544 INFO Error: not find any rockey2 : -1609564149
2017-06-19 08:57:48.1753 INFO Finishing Initialisation...
2017-06-19 08:57:50.0455 INFO Database connection string : Data Source=|DataDirectory|\ScaleSoft.db3;Version=3;
2017-06-19 08:57:50.0535 INFO Database connection string : Data Source=|DataDirectory|\ScaleSoft.db3;Version=3;
2017-06-19 08:57:50.0535 INFO Database connection string : Data Source=|DataDirectory|\ScaleSoft.db3;Version=3;
2017-06-19 08:57:52.7747 INFO Database connection string : Data Source=|DataDirectory|\ScaleSoft.db3;Version=3;
2017-06-19 08:57:52.7859 INFO Database connection string : Data Source=|DataDirectory|\ScaleSoft.db3;Version=3;
2017-06-19 08:57:52.7859 INFO Database connection string : Data Source=|DataDirectory|\ScaleSoft.db3;Version=3;
2017-06-19 08:59:23.8791 INFO Database connection string : Data Source=|DataDirectory|\ScaleSoft.db3;Version=3;
2017-06-19 09:07:28.2933 INFO Database file location: E:\Attique\For-Attiq\ITWhiz.ScaleSoft\ITWhiz.ScaleSoft.Desktop\
2017-06-19 09:07:28.3879 INFO Initialising Components...
2017-06-19 09:07:31.4147 INFO Checking Database Connection...
2017-06-19 09:07:31.4487 INFO Database connection string : Data Source=|DataDirectory|\ScaleSoft.db3;Version=3;
2017-06-19 09:07:34.5195 INFO Checking License...
2017-06-19 09:07:34.5195 INFO Database connection string : Data Source=|DataDirectory|\ScaleSoft.db3;Version=3;
2017-06-19 09:07:34.6078 INFO Error: not find any rockey2 : -1609564149
2017-06-19 09:07:54.8641 INFO Finishing Initialisation...
2017-06-19 09:07:57.3231 INFO Database connection string : Data Source=|DataDirectory|\ScaleSoft.db3;Version=3;
2017-06-19 09:07:57.3321 INFO Database connection string : Data Source=|DataDirectory|\ScaleSoft.db3;Version=3;
2017-06-19 09:07:57.3321 INFO Database connection string : Data Source=|DataDirectory|\ScaleSoft.db3;Version=3;
2017-06-19 09:07:59.8620 INFO Database connection string : Data Source=|DataDirectory|\ScaleSoft.db3;Version=3;
2017-06-19 09:07:59.8620 INFO Database connection string : Data Source=|DataDirectory|\ScaleSoft.db3;Version=3;
2017-06-19 09:07:59.8801 INFO Database connection string : Data Source=|DataDirectory|\ScaleSoft.db3;Version=3;
2017-06-19 09:08:17.0307 INFO Database connection string : Data Source=|DataDirectory|\ScaleSoft.db3;Version=3;
2017-06-19 09:21:05.5468 INFO Database file location: E:\Attique\For-Attiq\ITWhiz.ScaleSoft\ITWhiz.ScaleSoft.Desktop\
2017-06-19 09:21:05.6834 INFO Initialising Components...
2017-06-19 09:21:08.7124 INFO Checking Database Connection...
2017-06-19 09:21:08.7425 INFO Database connection string : Data Source=|DataDirectory|\ScaleSoft.db3;Version=3;
2017-06-19 09:21:11.8122 INFO Checking License...
2017-06-19 09:21:11.8182 INFO Database connection string : Data Source=|DataDirectory|\ScaleSoft.db3;Version=3;
2017-06-19 09:21:11.8983 INFO Error: not find any rockey2 : -1609564149
2017-06-19 09:21:17.7219 INFO Finishing Initialisation...
2017-06-19 09:21:20.4112 INFO Database connection string : Data Source=|DataDirectory|\ScaleSoft.db3;Version=3;
2017-06-19 09:21:20.4112 INFO Database connection string : Data Source=|DataDirectory|\ScaleSoft.db3;Version=3;
2017-06-19 09:21:20.4286 INFO Database connection string : Data Source=|DataDirectory|\ScaleSoft.db3;Version=3;
2017-06-19 09:21:23.3988 INFO Database connection string : Data Source=|DataDirectory|\ScaleSoft.db3;Version=3;
2017-06-19 09:21:23.4099 INFO Database connection string : Data Source=|DataDirectory|\ScaleSoft.db3;Version=3;
2017-06-19 09:21:23.4099 INFO Database connection string : Data Source=|DataDirectory|\ScaleSoft.db3;Version=3;
2017-06-19 09:21:27.8074 INFO Database connection string : Data Source=|DataDirectory|\ScaleSoft.db3;Version=3;
2017-06-19 09:23:47.4179 INFO Database file location: E:\Attique\For-Attiq\ITWhiz.ScaleSoft\ITWhiz.ScaleSoft.Desktop\
2017-06-19 09:23:47.5186 INFO Initialising Components...
2017-06-19 09:23:50.5421 INFO Checking Database Connection...
2017-06-19 09:23:50.5691 INFO Database connection string : Data Source=|DataDirectory|\ScaleSoft.db3;Version=3;
2017-06-19 09:23:53.6467 INFO Checking License...
2017-06-19 09:23:53.6467 INFO Database connection string : Data Source=|DataDirectory|\ScaleSoft.db3;Version=3;
2017-06-19 09:23:53.7289 INFO Error: not find any rockey2 : -1609564149
2017-06-19 09:23:59.2785 INFO Finishing Initialisation...
2017-06-19 09:24:01.7374 INFO Database connection string : Data Source=|DataDirectory|\ScaleSoft.db3;Version=3;
2017-06-19 09:24:01.7374 INFO Database connection string : Data Source=|DataDirectory|\ScaleSoft.db3;Version=3;
2017-06-19 09:24:01.7549 INFO Database connection string : Data Source=|DataDirectory|\ScaleSoft.db3;Version=3;
2017-06-19 09:24:05.3924 INFO Database connection string : Data Source=|DataDirectory|\ScaleSoft.db3;Version=3;
2017-06-19 09:24:05.4034 INFO Database connection string : Data Source=|DataDirectory|\ScaleSoft.db3;Version=3;
2017-06-19 09:24:05.4098 INFO Database connection string : Data Source=|DataDirectory|\ScaleSoft.db3;Version=3;
2017-06-19 09:24:29.8989 INFO Database connection string : Data Source=|DataDirectory|\ScaleSoft.db3;Version=3;
2017-06-19 09:25:48.8110 INFO Database file location: E:\Attique\For-Attiq\ITWhiz.ScaleSoft\ITWhiz.ScaleSoft.Desktop\
2017-06-19 09:25:48.9316 INFO Initialising Components...
2017-06-19 09:25:51.9541 INFO Checking Database Connection...
2017-06-19 09:25:51.9882 INFO Database connection string : Data Source=|DataDirectory|\ScaleSoft.db3;Version=3;
2017-06-19 09:25:55.0555 INFO Checking License...
2017-06-19 09:25:55.0648 INFO Database connection string : Data Source=|DataDirectory|\ScaleSoft.db3;Version=3;
2017-06-19 09:25:55.1454 INFO Error: not find any rockey2 : -1609564149
2017-06-19 09:26:00.4413 INFO Finishing Initialisation...
2017-06-19 09:26:02.7390 INFO Database connection string : Data Source=|DataDirectory|\ScaleSoft.db3;Version=3;
2017-06-19 09:26:02.7390 INFO Database connection string : Data Source=|DataDirectory|\ScaleSoft.db3;Version=3;
2017-06-19 09:26:02.7557 INFO Database connection string : Data Source=|DataDirectory|\ScaleSoft.db3;Version=3;
2017-06-19 09:26:05.8363 INFO Database connection string : Data Source=|DataDirectory|\ScaleSoft.db3;Version=3;
2017-06-19 09:26:05.8473 INFO Database connection string : Data Source=|DataDirectory|\ScaleSoft.db3;Version=3;
2017-06-19 09:26:05.8473 INFO Database connection string : Data Source=|DataDirectory|\ScaleSoft.db3;Version=3;
2017-06-19 09:26:38.5751 INFO Database connection string : Data Source=|DataDirectory|\ScaleSoft.db3;Version=3;
