2017-06-06 11:58:19.4581 INFO Database file location: E:\Attique\For-Attiq\ITWhiz.ScaleSoft\ITWhiz.ScaleSoft.Desktop\
2017-06-06 11:58:19.5882 INFO Initialising Components...
2017-06-06 11:58:22.6439 INFO Checking Database Connection...
2017-06-06 11:58:23.8003 INFO Database connection string : Data Source=|DataDirectory|\ScaleSoft.db3;Version=3;
2017-06-06 11:58:27.8161 INFO Checking License...
2017-06-06 11:58:27.8231 INFO Database connection string : Data Source=|DataDirectory|\ScaleSoft.db3;Version=3;
2017-06-06 11:58:28.2916 INFO Error: not find any rockey2 : -1609564149
2017-06-06 11:58:35.5190 INFO Finishing Initialisation...
2017-06-06 11:58:48.3324 INFO Database connection string : Data Source=|DataDirectory|\ScaleSoft.db3;Version=3;
2017-06-06 11:58:48.3324 INFO Database connection string : Data Source=|DataDirectory|\ScaleSoft.db3;Version=3;
2017-06-06 11:58:48.3484 INFO Database connection string : Data Source=|DataDirectory|\ScaleSoft.db3;Version=3;
2017-06-06 11:58:56.9196 INFO Database connection string : Data Source=|DataDirectory|\ScaleSoft.db3;Version=3;
2017-06-06 11:59:18.2967 INFO Database connection string : Data Source=|DataDirectory|\ScaleSoft.db3;Version=3;
2017-06-06 11:59:18.3288 INFO Database connection string : Data Source=|DataDirectory|\ScaleSoft.db3;Version=3;
2017-06-06 11:59:18.3368 INFO Database connection string : Data Source=|DataDirectory|\ScaleSoft.db3;Version=3;
2017-06-06 11:59:18.3745 INFO Database connection string : Data Source=|DataDirectory|\ScaleSoft.db3;Version=3;
2017-06-06 11:59:31.6405 INFO Database connection string : Data Source=|DataDirectory|\ScaleSoft.db3;Version=3;
2017-06-06 11:59:48.0216 INFO Database connection string : Data Source=|DataDirectory|\ScaleSoft.db3;Version=3;
2017-06-06 12:05:16.4921 INFO Database file location: E:\Attique\For-Attiq\ITWhiz.ScaleSoft\ITWhiz.ScaleSoft.Desktop\
2017-06-06 12:05:16.5911 INFO Initialising Components...
2017-06-06 12:05:19.6169 INFO Checking Database Connection...
2017-06-06 12:05:19.6515 INFO Database connection string : Data Source=|DataDirectory|\ScaleSoft.db3;Version=3;
2017-06-06 12:05:22.7128 INFO Checking License...
2017-06-06 12:05:22.7128 INFO Database connection string : Data Source=|DataDirectory|\ScaleSoft.db3;Version=3;
2017-06-06 12:05:22.7977 INFO Error: not find any rockey2 : -1609564149
2017-06-06 12:05:30.2000 INFO Finishing Initialisation...
2017-06-06 12:05:32.8305 INFO Database connection string : Data Source=|DataDirectory|\ScaleSoft.db3;Version=3;
2017-06-06 12:05:32.8385 INFO Database connection string : Data Source=|DataDirectory|\ScaleSoft.db3;Version=3;
2017-06-06 12:05:32.8385 INFO Database connection string : Data Source=|DataDirectory|\ScaleSoft.db3;Version=3;
2017-06-06 12:05:35.5349 INFO Database connection string : Data Source=|DataDirectory|\ScaleSoft.db3;Version=3;
