2017-07-03 08:09:20.8083 INFO Database file location: E:\Attique\For-Attiq\ITWhiz.ScaleSoft\ITWhiz.ScaleSoft.Desktop\
2017-07-03 08:09:21.3487 INFO Initialising Components...
2017-07-03 08:09:24.3747 INFO Checking Database Connection...
2017-07-03 08:09:24.8725 INFO Database connection string : Data Source=|DataDirectory|\ScaleSoft.db3;Version=3;
2017-07-03 08:09:28.3258 INFO Checking License...
2017-07-03 08:09:28.3348 INFO Database connection string : Data Source=|DataDirectory|\ScaleSoft.db3;Version=3;
2017-07-03 08:09:29.5361 INFO Error: not find any rockey2 : -1609564149
2017-07-03 08:09:37.3943 INFO Finishing Initialisation...
2017-07-03 08:09:44.3875 INFO Database connection string : Data Source=|DataDirectory|\ScaleSoft.db3;Version=3;
2017-07-03 08:09:44.4000 INFO Database connection string : Data Source=|DataDirectory|\ScaleSoft.db3;Version=3;
2017-07-03 08:09:44.4105 INFO Database connection string : Data Source=|DataDirectory|\ScaleSoft.db3;Version=3;
2017-07-03 08:09:48.5667 INFO Database connection string : Data Source=|DataDirectory|\ScaleSoft.db3;Version=3;
2017-07-03 08:09:48.5817 INFO Database connection string : Data Source=|DataDirectory|\ScaleSoft.db3;Version=3;
2017-07-03 08:09:48.5817 INFO Database connection string : Data Source=|DataDirectory|\ScaleSoft.db3;Version=3;
2017-07-03 08:09:48.6253 INFO Database connection string : Data Source=|DataDirectory|\ScaleSoft.db3;Version=3;
2017-07-03 08:10:23.4205 INFO Database connection string : Data Source=|DataDirectory|\ScaleSoft.db3;Version=3;
2017-07-03 08:10:24.1735 INFO Database connection string : Data Source=|DataDirectory|\ScaleSoft.db3;Version=3;
2017-07-03 08:19:57.7471 INFO Database file location: E:\Attique\For-Attiq\ITWhiz.ScaleSoft\ITWhiz.ScaleSoft.Desktop\
2017-07-03 08:19:57.9338 INFO Initialising Components...
2017-07-03 08:20:00.9563 INFO Checking Database Connection...
2017-07-03 08:20:01.0138 INFO Database connection string : Data Source=|DataDirectory|\ScaleSoft.db3;Version=3;
2017-07-03 08:20:04.1274 INFO Checking License...
2017-07-03 08:20:04.1274 INFO Database connection string : Data Source=|DataDirectory|\ScaleSoft.db3;Version=3;
2017-07-03 08:20:04.2545 INFO Error: not find any rockey2 : -1609564149
2017-07-03 08:20:09.4174 INFO Finishing Initialisation...
2017-07-03 08:20:11.5378 INFO Database connection string : Data Source=|DataDirectory|\ScaleSoft.db3;Version=3;
2017-07-03 08:20:11.5503 INFO Database connection string : Data Source=|DataDirectory|\ScaleSoft.db3;Version=3;
2017-07-03 08:20:11.5503 INFO Database connection string : Data Source=|DataDirectory|\ScaleSoft.db3;Version=3;
2017-07-03 08:20:13.8518 INFO Database connection string : Data Source=|DataDirectory|\ScaleSoft.db3;Version=3;
2017-07-03 08:20:13.8678 INFO Database connection string : Data Source=|DataDirectory|\ScaleSoft.db3;Version=3;
2017-07-03 08:20:13.8793 INFO Database connection string : Data Source=|DataDirectory|\ScaleSoft.db3;Version=3;
2017-07-03 08:20:13.9134 INFO Database connection string : Data Source=|DataDirectory|\ScaleSoft.db3;Version=3;
2017-07-03 08:20:36.1131 INFO Database connection string : Data Source=|DataDirectory|\ScaleSoft.db3;Version=3;
2017-07-03 08:20:36.5784 INFO Database connection string : Data Source=|DataDirectory|\ScaleSoft.db3;Version=3;
2017-07-03 08:24:14.1884 INFO Database file location: E:\Attique\For-Attiq\ITWhiz.ScaleSoft\ITWhiz.ScaleSoft.Desktop\
2017-07-03 08:24:14.4026 INFO Initialising Components...
2017-07-03 08:24:17.4341 INFO Checking Database Connection...
2017-07-03 08:24:17.4801 INFO Database connection string : Data Source=|DataDirectory|\ScaleSoft.db3;Version=3;
2017-07-03 08:24:20.5962 INFO Checking License...
2017-07-03 08:24:20.5962 INFO Database connection string : Data Source=|DataDirectory|\ScaleSoft.db3;Version=3;
2017-07-03 08:24:20.7388 INFO Error: not find any rockey2 : -1609564149
2017-07-03 08:24:26.7377 INFO Finishing Initialisation...
2017-07-03 08:24:28.4964 INFO Database connection string : Data Source=|DataDirectory|\ScaleSoft.db3;Version=3;
2017-07-03 08:24:28.5089 INFO Database connection string : Data Source=|DataDirectory|\ScaleSoft.db3;Version=3;
2017-07-03 08:24:28.5194 INFO Database connection string : Data Source=|DataDirectory|\ScaleSoft.db3;Version=3;
2017-07-03 08:24:30.9155 INFO Database connection string : Data Source=|DataDirectory|\ScaleSoft.db3;Version=3;
2017-07-03 08:24:30.9315 INFO Database connection string : Data Source=|DataDirectory|\ScaleSoft.db3;Version=3;
2017-07-03 08:24:30.9420 INFO Database connection string : Data Source=|DataDirectory|\ScaleSoft.db3;Version=3;
2017-07-03 08:24:30.9691 INFO Database connection string : Data Source=|DataDirectory|\ScaleSoft.db3;Version=3;
2017-07-03 08:25:08.0287 INFO Database connection string : Data Source=|DataDirectory|\ScaleSoft.db3;Version=3;
2017-07-03 08:25:08.6456 INFO Database connection string : Data Source=|DataDirectory|\ScaleSoft.db3;Version=3;
2017-07-03 08:44:32.3803 INFO Database file location: E:\Attique\For-Attiq\ITWhiz.ScaleSoft\ITWhiz.ScaleSoft.Desktop\
2017-07-03 08:44:32.5639 INFO Initialising Components...
2017-07-03 08:44:35.5924 INFO Checking Database Connection...
2017-07-03 08:44:35.6504 INFO Database connection string : Data Source=|DataDirectory|\ScaleSoft.db3;Version=3;
2017-07-03 08:44:38.7500 INFO Checking License...
2017-07-03 08:44:38.7625 INFO Database connection string : Data Source=|DataDirectory|\ScaleSoft.db3;Version=3;
2017-07-03 08:44:38.8811 INFO Error: not find any rockey2 : -1609564149
2017-07-03 08:44:44.3807 INFO Finishing Initialisation...
2017-07-03 08:44:46.3240 INFO Database connection string : Data Source=|DataDirectory|\ScaleSoft.db3;Version=3;
2017-07-03 08:44:46.3390 INFO Database connection string : Data Source=|DataDirectory|\ScaleSoft.db3;Version=3;
2017-07-03 08:44:46.3510 INFO Database connection string : Data Source=|DataDirectory|\ScaleSoft.db3;Version=3;
2017-07-03 08:44:48.8822 INFO Database connection string : Data Source=|DataDirectory|\ScaleSoft.db3;Version=3;
2017-07-03 08:44:48.8987 INFO Database connection string : Data Source=|DataDirectory|\ScaleSoft.db3;Version=3;
2017-07-03 08:44:48.9097 INFO Database connection string : Data Source=|DataDirectory|\ScaleSoft.db3;Version=3;
2017-07-03 08:44:48.9458 INFO Database connection string : Data Source=|DataDirectory|\ScaleSoft.db3;Version=3;
2017-07-03 11:34:36.8949 INFO Database file location: E:\Attique\For-Attiq\ITWhiz.ScaleSoft\ITWhiz.ScaleSoft.Desktop\
2017-07-03 11:34:37.1115 INFO Initialising Components...
2017-07-03 11:34:40.1901 INFO Checking Database Connection...
2017-07-03 11:34:40.2386 INFO Database connection string : Data Source=|DataDirectory|\ScaleSoft.db3;Version=3;
2017-07-03 11:34:43.3782 INFO Checking License...
2017-07-03 11:34:43.3782 INFO Database connection string : Data Source=|DataDirectory|\ScaleSoft.db3;Version=3;
2017-07-03 11:34:43.5118 INFO Error: not find any rockey2 : -1609564149
2017-07-03 11:36:58.5084 INFO Finishing Initialisation...
2017-07-03 11:37:10.8731 INFO Database connection string : Data Source=|DataDirectory|\ScaleSoft.db3;Version=3;
2017-07-03 11:37:10.8891 INFO Database connection string : Data Source=|DataDirectory|\ScaleSoft.db3;Version=3;
2017-07-03 11:37:10.9026 INFO Database connection string : Data Source=|DataDirectory|\ScaleSoft.db3;Version=3;
