2017-06-23 23:45:32.6613 INFO Database file location: E:\Attique\For-Attiq\ITWhiz.ScaleSoft\ITWhiz.ScaleSoft.Desktop\
2017-06-23 23:45:32.8745 INFO Initialising Components...
2017-06-23 23:45:35.9188 INFO Checking Database Connection...
2017-06-23 23:45:36.5319 INFO Database connection string : Data Source=|DataDirectory|\ScaleSoft.db3;Version=3;
2017-06-23 23:45:40.5578 INFO Checking License...
2017-06-23 23:45:40.5628 INFO Database connection string : Data Source=|DataDirectory|\ScaleSoft.db3;Version=3;
2017-06-23 23:45:40.9734 INFO Error: not find any rockey2 : -1609564149
2017-06-23 23:45:55.2487 INFO Finishing Initialisation...
2017-06-23 23:46:07.1126 INFO Database connection string : Data Source=|DataDirectory|\ScaleSoft.db3;Version=3;
2017-06-23 23:46:07.1236 INFO Database connection string : Data Source=|DataDirectory|\ScaleSoft.db3;Version=3;
2017-06-23 23:46:07.1236 INFO Database connection string : Data Source=|DataDirectory|\ScaleSoft.db3;Version=3;
2017-06-23 23:46:10.5883 INFO Database connection string : Data Source=|DataDirectory|\ScaleSoft.db3;Version=3;
2017-06-23 23:46:10.5993 INFO Database connection string : Data Source=|DataDirectory|\ScaleSoft.db3;Version=3;
2017-06-23 23:46:10.6063 INFO Database connection string : Data Source=|DataDirectory|\ScaleSoft.db3;Version=3;
2017-06-23 23:46:15.2152 INFO Database connection string : Data Source=|DataDirectory|\ScaleSoft.db3;Version=3;
2017-06-23 23:53:22.9114 INFO Database connection string : Data Source=|DataDirectory|\ScaleSoft.db3;Version=3;
2017-06-23 23:55:40.7208 INFO Database file location: E:\Attique\For-Attiq\ITWhiz.ScaleSoft\ITWhiz.ScaleSoft.Desktop\
2017-06-23 23:55:40.8484 INFO Initialising Components...
2017-06-23 23:55:43.8745 INFO Checking Database Connection...
2017-06-23 23:55:43.9005 INFO Database connection string : Data Source=|DataDirectory|\ScaleSoft.db3;Version=3;
2017-06-23 23:55:46.9991 INFO Checking License...
2017-06-23 23:55:46.9991 INFO Database connection string : Data Source=|DataDirectory|\ScaleSoft.db3;Version=3;
2017-06-23 23:55:47.0814 INFO Error: not find any rockey2 : -1609564149
2017-06-23 23:55:53.6581 INFO Finishing Initialisation...
2017-06-23 23:55:55.7900 INFO Database connection string : Data Source=|DataDirectory|\ScaleSoft.db3;Version=3;
2017-06-23 23:55:55.7988 INFO Database connection string : Data Source=|DataDirectory|\ScaleSoft.db3;Version=3;
2017-06-23 23:55:55.7988 INFO Database connection string : Data Source=|DataDirectory|\ScaleSoft.db3;Version=3;
2017-06-23 23:56:01.1359 INFO Database connection string : Data Source=|DataDirectory|\ScaleSoft.db3;Version=3;
2017-06-23 23:56:01.1469 INFO Database connection string : Data Source=|DataDirectory|\ScaleSoft.db3;Version=3;
2017-06-23 23:56:01.1539 INFO Database connection string : Data Source=|DataDirectory|\ScaleSoft.db3;Version=3;
2017-06-23 23:56:19.3780 INFO Database connection string : Data Source=|DataDirectory|\ScaleSoft.db3;Version=3;
2017-06-23 23:57:18.0580 INFO Database connection string : Data Source=|DataDirectory|\ScaleSoft.db3;Version=3;
2017-06-23 23:57:18.0660 INFO Database connection string : Data Source=|DataDirectory|\ScaleSoft.db3;Version=3;
2017-06-23 23:57:18.0660 INFO Database connection string : Data Source=|DataDirectory|\ScaleSoft.db3;Version=3;
2017-06-23 23:57:29.6702 INFO Database connection string : Data Source=|DataDirectory|\ScaleSoft.db3;Version=3;
