2017-10-10 23:02:10.3353 INFO Database file location: E:\IBTS\ITWhiz.ScaleSoft\ITWhiz.ScaleSoft.Desktop\
2017-10-10 23:02:10.4432 INFO Initialising Components...
2017-10-10 23:02:13.4628 INFO Checking Database Connection...
2017-10-10 23:02:13.7754 INFO Database connection string : Data Source=|DataDirectory|\ScaleSoft.db3;Version=3;
2017-10-10 23:02:17.1977 INFO Checking License...
2017-10-10 23:02:17.2132 INFO Database connection string : Data Source=|DataDirectory|\ScaleSoft.db3;Version=3;
2017-10-10 23:02:17.6932 INFO Sucess: find rockey2 : 1
2017-10-10 23:02:17.7088 INFO Sucess: open rockey2
2017-10-10 23:02:17.7558 INFO The uid is : 2618208898 and hid 2564932284
2017-10-10 23:02:20.7874 INFO Finishing Initialisation...
2017-10-10 23:02:26.5112 INFO Database connection string : Data Source=|DataDirectory|\ScaleSoft.db3;Version=3;
2017-10-10 23:02:26.5892 INFO Database connection string : Data Source=|DataDirectory|\ScaleSoft.db3;Version=3;
2017-10-10 23:02:26.6049 INFO Database connection string : Data Source=|DataDirectory|\ScaleSoft.db3;Version=3;
2017-10-10 23:02:34.4964 INFO Database connection string : Data Source=|DataDirectory|\ScaleSoft.db3;Version=3;
2017-10-10 23:02:34.5277 INFO Database connection string : Data Source=|DataDirectory|\ScaleSoft.db3;Version=3;
2017-10-10 23:02:34.5432 INFO Database connection string : Data Source=|DataDirectory|\ScaleSoft.db3;Version=3;
2017-10-10 23:02:34.6058 INFO Database connection string : Data Source=|DataDirectory|\ScaleSoft.db3;Version=3;
2017-10-10 23:03:09.2954 INFO Database file location: E:\IBTS\ITWhiz.ScaleSoft\ITWhiz.ScaleSoft.Desktop\
2017-10-10 23:03:09.3976 INFO Initialising Components...
2017-10-10 23:03:12.4130 INFO Checking Database Connection...
2017-10-10 23:03:12.4381 INFO Database connection string : Data Source=|DataDirectory|\ScaleSoft.db3;Version=3;
2017-10-10 23:03:15.5205 INFO Checking License...
2017-10-10 23:03:15.5395 INFO Database connection string : Data Source=|DataDirectory|\ScaleSoft.db3;Version=3;
2017-10-10 23:03:15.7046 INFO Sucess: find rockey2 : 1
2017-10-10 23:03:15.7166 INFO Sucess: open rockey2
2017-10-10 23:03:15.8655 INFO The uid is : 2618208898 and hid 2564932284
2017-10-10 23:03:18.8738 INFO Finishing Initialisation...
2017-10-10 23:03:23.2495 INFO Database connection string : Data Source=|DataDirectory|\ScaleSoft.db3;Version=3;
2017-10-10 23:03:23.2495 INFO Database connection string : Data Source=|DataDirectory|\ScaleSoft.db3;Version=3;
2017-10-10 23:03:23.2646 INFO Database connection string : Data Source=|DataDirectory|\ScaleSoft.db3;Version=3;
2017-10-10 23:03:26.1337 INFO Database connection string : Data Source=|DataDirectory|\ScaleSoft.db3;Version=3;
2017-10-10 23:03:44.3454 INFO Database connection string : Data Source=|DataDirectory|\ScaleSoft.db3;Version=3;
2017-10-10 23:03:49.1659 INFO Database connection string : Data Source=|DataDirectory|\ScaleSoft.db3;Version=3;
2017-10-10 23:03:50.4456 INFO Database connection string : Data Source=|DataDirectory|\ScaleSoft.db3;Version=3;
2017-10-10 23:03:51.0643 INFO Database connection string : Data Source=|DataDirectory|\ScaleSoft.db3;Version=3;
2017-10-10 23:03:51.6303 INFO Database connection string : Data Source=|DataDirectory|\ScaleSoft.db3;Version=3;
2017-10-10 23:04:02.4216 INFO Database connection string : Data Source=|DataDirectory|\ScaleSoft.db3;Version=3;
2017-10-10 23:04:02.4216 INFO Database connection string : Data Source=|DataDirectory|\ScaleSoft.db3;Version=3;
2017-10-10 23:04:02.5004 INFO Database connection string : Data Source=|DataDirectory|\ScaleSoft.db3;Version=3;
2017-10-10 23:04:02.5437 INFO Database connection string : Data Source=|DataDirectory|\ScaleSoft.db3;Version=3;
2017-10-10 23:04:28.4393 INFO Database connection string : Data Source=|DataDirectory|\ScaleSoft.db3;Version=3;
2017-10-10 23:04:28.6285 INFO Database connection string : Data Source=|DataDirectory|\ScaleSoft.db3;Version=3;
2017-10-10 23:04:29.5699 INFO Database connection string : Data Source=|DataDirectory|\ScaleSoft.db3;Version=3;
2017-10-10 23:04:35.3348 INFO Database connection string : Data Source=|DataDirectory|\ScaleSoft.db3;Version=3;
2017-10-10 23:04:35.3608 INFO Database connection string : Data Source=|DataDirectory|\ScaleSoft.db3;Version=3;
2017-10-10 23:28:31.4292 INFO Database file location: E:\IBTS\ITWhiz.ScaleSoft\ITWhiz.ScaleSoft.Desktop\
2017-10-10 23:28:31.5676 INFO Initialising Components...
2017-10-10 23:28:34.5927 INFO Checking Database Connection...
2017-10-10 23:28:34.6551 INFO Database connection string : Data Source=|DataDirectory|\ScaleSoft.db3;Version=3;
2017-10-10 23:28:37.7493 INFO Checking License...
2017-10-10 23:28:37.7648 INFO Database connection string : Data Source=|DataDirectory|\ScaleSoft.db3;Version=3;
2017-10-10 23:28:37.9181 INFO Sucess: find rockey2 : 1
2017-10-10 23:28:37.9338 INFO Sucess: open rockey2
2017-10-10 23:28:37.9964 INFO The uid is : 2618208898 and hid 2564932284
2017-10-10 23:28:41.0123 INFO Finishing Initialisation...
2017-10-10 23:28:48.2474 INFO Database connection string : Data Source=|DataDirectory|\ScaleSoft.db3;Version=3;
2017-10-10 23:28:48.2629 INFO Database connection string : Data Source=|DataDirectory|\ScaleSoft.db3;Version=3;
2017-10-10 23:28:48.2629 INFO Database connection string : Data Source=|DataDirectory|\ScaleSoft.db3;Version=3;
2017-10-10 23:30:55.1241 INFO Database file location: E:\IBTS\ITWhiz.ScaleSoft\ITWhiz.ScaleSoft.Desktop\
2017-10-10 23:30:55.2705 INFO Initialising Components...
2017-10-10 23:30:58.2869 INFO Checking Database Connection...
2017-10-10 23:30:58.3492 INFO Database connection string : Data Source=|DataDirectory|\ScaleSoft.db3;Version=3;
2017-10-10 23:31:01.4747 INFO Checking License...
2017-10-10 23:31:01.4902 INFO Database connection string : Data Source=|DataDirectory|\ScaleSoft.db3;Version=3;
2017-10-10 23:31:01.6777 INFO Error: not find any rockey2 : -1609564149
2017-10-10 23:31:07.5620 INFO Finishing Initialisation...
2017-10-10 23:31:14.6565 INFO Database connection string : Data Source=|DataDirectory|\ScaleSoft.db3;Version=3;
2017-10-10 23:31:14.6720 INFO Database connection string : Data Source=|DataDirectory|\ScaleSoft.db3;Version=3;
2017-10-10 23:31:14.6720 INFO Database connection string : Data Source=|DataDirectory|\ScaleSoft.db3;Version=3;
2017-10-10 23:37:17.7266 INFO Database file location: E:\IBTS\ITWhiz.ScaleSoft\ITWhiz.ScaleSoft.Desktop\
2017-10-10 23:37:17.8318 INFO Initialising Components...
2017-10-10 23:37:20.8759 INFO Checking Database Connection...
2017-10-10 23:37:20.9070 INFO Database connection string : Data Source=|DataDirectory|\ScaleSoft.db3;Version=3;
2017-10-10 23:37:24.0997 INFO Checking License...
2017-10-10 23:37:24.1152 INFO Database connection string : Data Source=|DataDirectory|\ScaleSoft.db3;Version=3;
2017-10-10 23:37:24.3027 INFO Error: not find any rockey2 : -1609564149
2017-10-10 23:37:30.2317 INFO Finishing Initialisation...
2017-10-10 23:37:30.2317 INFO Database connection string : Data Source=|DataDirectory|\ScaleSoft.db3;Version=3;
2017-10-10 23:37:33.7633 INFO Database connection string : Data Source=|DataDirectory|\ScaleSoft.db3;Version=3;
2017-10-10 23:37:33.7633 INFO Database connection string : Data Source=|DataDirectory|\ScaleSoft.db3;Version=3;
2017-10-10 23:37:33.7789 INFO Database connection string : Data Source=|DataDirectory|\ScaleSoft.db3;Version=3;
2017-10-10 23:50:26.8112 INFO Database file location: E:\IBTS\ITWhiz.ScaleSoft\ITWhiz.ScaleSoft.Desktop\
2017-10-10 23:50:26.9867 INFO Initialising Components...
2017-10-10 23:50:30.0122 INFO Checking Database Connection...
2017-10-10 23:50:30.0434 INFO Database connection string : Data Source=|DataDirectory|\ScaleSoft.db3;Version=3;
2017-10-10 23:50:33.1639 INFO Checking License...
2017-10-10 23:50:33.1795 INFO Database connection string : Data Source=|DataDirectory|\ScaleSoft.db3;Version=3;
2017-10-10 23:50:33.2733 INFO Error: not find any rockey2 : -1609564149
2017-10-10 23:50:39.4699 INFO Finishing Initialisation...
2017-10-10 23:50:41.5169 INFO Database connection string : Data Source=|DataDirectory|\ScaleSoft.db3;Version=3;
2017-10-10 23:50:41.5169 INFO Database connection string : Data Source=|DataDirectory|\ScaleSoft.db3;Version=3;
2017-10-10 23:50:41.5325 INFO Database connection string : Data Source=|DataDirectory|\ScaleSoft.db3;Version=3;
2017-10-10 23:52:03.1523 INFO Database file location: E:\IBTS\ITWhiz.ScaleSoft\ITWhiz.ScaleSoft.Desktop\
2017-10-10 23:52:03.2616 INFO Initialising Components...
2017-10-10 23:52:06.2858 INFO Checking Database Connection...
2017-10-10 23:52:06.3325 INFO Database connection string : Data Source=|DataDirectory|\ScaleSoft.db3;Version=3;
2017-10-10 23:52:09.4592 INFO Checking License...
2017-10-10 23:52:09.4748 INFO Database connection string : Data Source=|DataDirectory|\ScaleSoft.db3;Version=3;
2017-10-10 23:52:09.5998 INFO Error: not find any rockey2 : -1609564149
2017-10-10 23:52:15.4383 INFO Finishing Initialisation...
2017-10-10 23:56:41.0653 INFO Database file location: E:\IBTS\ITWhiz.ScaleSoft\ITWhiz.ScaleSoft.Desktop\
2017-10-10 23:56:41.1695 INFO Initialising Components...
2017-10-10 23:56:44.1983 INFO Checking Database Connection...
2017-10-10 23:56:44.2450 INFO Database connection string : Data Source=|DataDirectory|\ScaleSoft.db3;Version=3;
2017-10-10 23:56:47.3705 INFO Checking License...
2017-10-10 23:56:47.3860 INFO Database connection string : Data Source=|DataDirectory|\ScaleSoft.db3;Version=3;
2017-10-10 23:56:47.5578 INFO Error: not find any rockey2 : -1609564149
2017-10-10 23:56:55.7082 INFO Finishing Initialisation...
