2017-08-30 08:21:13.3450 INFO Database file location: E:\Attique\For-Attiq\ITWhiz.ScaleSoft\ITWhiz.ScaleSoft.Desktop\
2017-08-30 08:21:14.3912 INFO Initialising Components...
2017-08-30 08:21:17.4698 INFO Checking Database Connection...
2017-08-30 08:21:18.6185 INFO Database connection string : Data Source=|DataDirectory|\ScaleSoft.db3;Version=3;
2017-08-30 08:21:25.5171 INFO Checking License...
2017-08-30 08:21:25.5456 INFO Database connection string : Data Source=|DataDirectory|\ScaleSoft.db3;Version=3;
2017-08-30 08:21:28.2775 INFO Sucess: find rockey2 : 1
2017-08-30 08:21:28.2840 INFO Sucess: open rockey2
2017-08-30 08:21:28.3480 INFO The uid is : 2618208898 and hid 2564932284
2017-08-30 08:21:31.3560 INFO Finishing Initialisation...
2017-08-30 08:21:37.6412 INFO Database connection string : Data Source=|DataDirectory|\ScaleSoft.db3;Version=3;
2017-08-30 08:21:37.8839 INFO Database connection string : Data Source=|DataDirectory|\ScaleSoft.db3;Version=3;
2017-08-30 08:21:38.2386 INFO Database connection string : Data Source=|DataDirectory|\ScaleSoft.db3;Version=3;
2017-08-30 08:21:43.5946 INFO Database connection string : Data Source=|DataDirectory|\ScaleSoft.db3;Version=3;
2017-08-30 08:21:43.7047 INFO Database connection string : Data Source=|DataDirectory|\ScaleSoft.db3;Version=3;
2017-08-30 08:21:43.7047 INFO Database connection string : Data Source=|DataDirectory|\ScaleSoft.db3;Version=3;
2017-08-30 08:21:43.7803 INFO Database connection string : Data Source=|DataDirectory|\ScaleSoft.db3;Version=3;
2017-08-30 08:36:12.5309 INFO Database file location: E:\Attique\For-Attiq\ITWhiz.ScaleSoft\ITWhiz.ScaleSoft.Desktop\
2017-08-30 08:36:12.7751 INFO Initialising Components...
2017-08-30 08:36:15.8221 INFO Checking Database Connection...
2017-08-30 08:36:16.1479 INFO Database connection string : Data Source=|DataDirectory|\ScaleSoft.db3;Version=3;
2017-08-30 08:36:19.4693 INFO Checking License...
2017-08-30 08:36:19.4758 INFO Database connection string : Data Source=|DataDirectory|\ScaleSoft.db3;Version=3;
2017-08-30 08:36:19.6679 INFO Sucess: find rockey2 : 1
2017-08-30 08:36:19.6679 INFO Sucess: open rockey2
2017-08-30 08:36:19.7260 INFO The uid is : 2618208898 and hid 2564932284
2017-08-30 08:36:22.7323 INFO Finishing Initialisation...
2017-08-30 08:36:26.2505 INFO Database connection string : Data Source=|DataDirectory|\ScaleSoft.db3;Version=3;
2017-08-30 08:36:26.2610 INFO Database connection string : Data Source=|DataDirectory|\ScaleSoft.db3;Version=3;
2017-08-30 08:36:26.2695 INFO Database connection string : Data Source=|DataDirectory|\ScaleSoft.db3;Version=3;
2017-08-30 08:36:30.1353 INFO Database connection string : Data Source=|DataDirectory|\ScaleSoft.db3;Version=3;
2017-08-30 08:36:30.1833 INFO Database connection string : Data Source=|DataDirectory|\ScaleSoft.db3;Version=3;
2017-08-30 08:36:30.1913 INFO Database connection string : Data Source=|DataDirectory|\ScaleSoft.db3;Version=3;
2017-08-30 08:36:30.2274 INFO Database connection string : Data Source=|DataDirectory|\ScaleSoft.db3;Version=3;
2017-08-30 08:37:08.2948 INFO Database connection string : Data Source=|DataDirectory|\ScaleSoft.db3;Version=3;
2017-08-30 08:37:09.3036 INFO Database connection string : Data Source=|DataDirectory|\ScaleSoft.db3;Version=3;
2017-08-30 08:41:41.9512 INFO Database file location: E:\Attique\For-Attiq\ITWhiz.ScaleSoft\ITWhiz.ScaleSoft.Desktop\
2017-08-30 08:41:42.1189 INFO Initialising Components...
2017-08-30 08:41:45.1729 INFO Checking Database Connection...
2017-08-30 08:41:45.2044 INFO Database connection string : Data Source=|DataDirectory|\ScaleSoft.db3;Version=3;
2017-08-30 08:41:48.3030 INFO Checking License...
2017-08-30 08:41:48.3030 INFO Database connection string : Data Source=|DataDirectory|\ScaleSoft.db3;Version=3;
2017-08-30 08:41:48.5211 INFO Sucess: find rockey2 : 1
2017-08-30 08:41:48.5211 INFO Sucess: open rockey2
2017-08-30 08:41:48.5792 INFO The uid is : 2618208898 and hid 2564932284
2017-08-30 08:41:51.5857 INFO Finishing Initialisation...
2017-08-30 08:41:54.9794 INFO Database connection string : Data Source=|DataDirectory|\ScaleSoft.db3;Version=3;
2017-08-30 08:41:54.9909 INFO Database connection string : Data Source=|DataDirectory|\ScaleSoft.db3;Version=3;
2017-08-30 08:41:54.9909 INFO Database connection string : Data Source=|DataDirectory|\ScaleSoft.db3;Version=3;
2017-08-30 08:41:58.3492 INFO Database connection string : Data Source=|DataDirectory|\ScaleSoft.db3;Version=3;
2017-08-30 08:41:58.3627 INFO Database connection string : Data Source=|DataDirectory|\ScaleSoft.db3;Version=3;
2017-08-30 08:41:58.3627 INFO Database connection string : Data Source=|DataDirectory|\ScaleSoft.db3;Version=3;
2017-08-30 08:41:58.4062 INFO Database connection string : Data Source=|DataDirectory|\ScaleSoft.db3;Version=3;
2017-08-30 08:42:27.6952 INFO Database connection string : Data Source=|DataDirectory|\ScaleSoft.db3;Version=3;
2017-08-30 08:42:28.7084 INFO Database connection string : Data Source=|DataDirectory|\ScaleSoft.db3;Version=3;
2017-08-30 08:48:09.7768 INFO Database file location: E:\Attique\For-Attiq\ITWhiz.ScaleSoft\ITWhiz.ScaleSoft.Desktop\
2017-08-30 08:48:09.9269 INFO Initialising Components...
2017-08-30 08:48:12.9770 INFO Checking Database Connection...
2017-08-30 08:48:13.0085 INFO Database connection string : Data Source=|DataDirectory|\ScaleSoft.db3;Version=3;
2017-08-30 08:48:16.1401 INFO Checking License...
2017-08-30 08:48:16.1496 INFO Database connection string : Data Source=|DataDirectory|\ScaleSoft.db3;Version=3;
2017-08-30 08:48:16.3257 INFO Sucess: find rockey2 : 1
2017-08-30 08:48:16.3307 INFO Sucess: open rockey2
2017-08-30 08:48:16.3852 INFO The uid is : 2618208898 and hid 2564932284
2017-08-30 08:48:19.3922 INFO Finishing Initialisation...
2017-08-30 08:48:25.5338 INFO Database connection string : Data Source=|DataDirectory|\ScaleSoft.db3;Version=3;
2017-08-30 08:48:25.5338 INFO Database connection string : Data Source=|DataDirectory|\ScaleSoft.db3;Version=3;
2017-08-30 08:48:25.5518 INFO Database connection string : Data Source=|DataDirectory|\ScaleSoft.db3;Version=3;
2017-08-30 08:48:29.0186 INFO Database connection string : Data Source=|DataDirectory|\ScaleSoft.db3;Version=3;
2017-08-30 08:48:29.0186 INFO Database connection string : Data Source=|DataDirectory|\ScaleSoft.db3;Version=3;
2017-08-30 08:48:29.0396 INFO Database connection string : Data Source=|DataDirectory|\ScaleSoft.db3;Version=3;
2017-08-30 08:48:29.0777 INFO Database connection string : Data Source=|DataDirectory|\ScaleSoft.db3;Version=3;
2017-08-30 08:48:50.1907 INFO Database connection string : Data Source=|DataDirectory|\ScaleSoft.db3;Version=3;
2017-08-30 08:48:53.6505 INFO Database connection string : Data Source=|DataDirectory|\ScaleSoft.db3;Version=3;
2017-08-30 08:53:05.0554 INFO Database file location: E:\Attique\For-Attiq\ITWhiz.ScaleSoft\ITWhiz.ScaleSoft.Desktop\
2017-08-30 08:53:05.2170 INFO Initialising Components...
2017-08-30 08:53:08.2642 INFO Checking Database Connection...
2017-08-30 08:53:08.2892 INFO Database connection string : Data Source=|DataDirectory|\ScaleSoft.db3;Version=3;
2017-08-30 08:53:11.3695 INFO Checking License...
2017-08-30 08:53:11.3765 INFO Database connection string : Data Source=|DataDirectory|\ScaleSoft.db3;Version=3;
2017-08-30 08:53:11.5026 INFO Sucess: find rockey2 : 1
2017-08-30 08:53:11.5026 INFO Sucess: open rockey2
2017-08-30 08:53:11.5617 INFO The uid is : 2618208898 and hid 2564932284
2017-08-30 08:54:20.5762 INFO Database file location: E:\Attique\For-Attiq\ITWhiz.ScaleSoft\ITWhiz.ScaleSoft.Desktop\
2017-08-30 08:54:20.7308 INFO Initialising Components...
2017-08-30 08:54:23.7870 INFO Checking Database Connection...
2017-08-30 08:54:23.8176 INFO Database connection string : Data Source=|DataDirectory|\ScaleSoft.db3;Version=3;
2017-08-30 08:54:26.9007 INFO Checking License...
2017-08-30 08:54:26.9077 INFO Database connection string : Data Source=|DataDirectory|\ScaleSoft.db3;Version=3;
2017-08-30 08:54:27.0338 INFO Sucess: find rockey2 : 1
2017-08-30 08:54:27.0338 INFO Sucess: open rockey2
2017-08-30 08:54:27.0949 INFO The uid is : 2618208898 and hid 2564932284
2017-08-30 08:54:30.1017 INFO Finishing Initialisation...
2017-08-30 08:54:33.6501 INFO Database connection string : Data Source=|DataDirectory|\ScaleSoft.db3;Version=3;
2017-08-30 08:54:33.6606 INFO Database connection string : Data Source=|DataDirectory|\ScaleSoft.db3;Version=3;
2017-08-30 08:54:33.6606 INFO Database connection string : Data Source=|DataDirectory|\ScaleSoft.db3;Version=3;
2017-08-30 08:54:38.2934 INFO Database connection string : Data Source=|DataDirectory|\ScaleSoft.db3;Version=3;
2017-08-30 08:54:38.3085 INFO Database connection string : Data Source=|DataDirectory|\ScaleSoft.db3;Version=3;
2017-08-30 08:54:38.3165 INFO Database connection string : Data Source=|DataDirectory|\ScaleSoft.db3;Version=3;
2017-08-30 08:54:38.3535 INFO Database connection string : Data Source=|DataDirectory|\ScaleSoft.db3;Version=3;
2017-08-30 08:55:01.4194 INFO Database connection string : Data Source=|DataDirectory|\ScaleSoft.db3;Version=3;
2017-08-30 08:55:02.2174 INFO Database connection string : Data Source=|DataDirectory|\ScaleSoft.db3;Version=3;
2017-08-30 08:57:25.8763 INFO Database file location: E:\Attique\For-Attiq\ITWhiz.ScaleSoft\ITWhiz.ScaleSoft.Desktop\
2017-08-30 08:57:26.0265 INFO Initialising Components...
2017-08-30 08:57:29.0741 INFO Checking Database Connection...
2017-08-30 08:57:29.1101 INFO Database connection string : Data Source=|DataDirectory|\ScaleSoft.db3;Version=3;
2017-08-30 08:57:32.1974 INFO Checking License...
2017-08-30 08:57:32.2049 INFO Database connection string : Data Source=|DataDirectory|\ScaleSoft.db3;Version=3;
2017-08-30 08:57:32.3360 INFO Sucess: find rockey2 : 1
2017-08-30 08:57:32.3360 INFO Sucess: open rockey2
2017-08-30 08:57:32.3940 INFO The uid is : 2618208898 and hid 2564932284
2017-08-30 08:57:35.4013 INFO Finishing Initialisation...
2017-08-30 08:57:39.2825 INFO Database connection string : Data Source=|DataDirectory|\ScaleSoft.db3;Version=3;
2017-08-30 08:57:39.2825 INFO Database connection string : Data Source=|DataDirectory|\ScaleSoft.db3;Version=3;
2017-08-30 08:57:39.3010 INFO Database connection string : Data Source=|DataDirectory|\ScaleSoft.db3;Version=3;
2017-08-30 08:57:42.2733 INFO Database connection string : Data Source=|DataDirectory|\ScaleSoft.db3;Version=3;
2017-08-30 08:57:42.2864 INFO Database connection string : Data Source=|DataDirectory|\ScaleSoft.db3;Version=3;
2017-08-30 08:57:42.2864 INFO Database connection string : Data Source=|DataDirectory|\ScaleSoft.db3;Version=3;
2017-08-30 08:57:42.3309 INFO Database connection string : Data Source=|DataDirectory|\ScaleSoft.db3;Version=3;
2017-08-30 08:58:19.4874 INFO Database connection string : Data Source=|DataDirectory|\ScaleSoft.db3;Version=3;
2017-08-30 08:58:20.2795 INFO Database connection string : Data Source=|DataDirectory|\ScaleSoft.db3;Version=3;
2017-08-30 09:00:27.6296 INFO Database file location: E:\Attique\For-Attiq\ITWhiz.ScaleSoft\ITWhiz.ScaleSoft.Desktop\
2017-08-30 09:00:27.7982 INFO Initialising Components...
2017-08-30 09:00:30.8495 INFO Checking Database Connection...
2017-08-30 09:00:30.8880 INFO Database connection string : Data Source=|DataDirectory|\ScaleSoft.db3;Version=3;
2017-08-30 09:00:33.9724 INFO Checking License...
2017-08-30 09:00:33.9724 INFO Database connection string : Data Source=|DataDirectory|\ScaleSoft.db3;Version=3;
2017-08-30 09:00:34.1104 INFO Sucess: find rockey2 : 1
2017-08-30 09:00:34.1104 INFO Sucess: open rockey2
2017-08-30 09:00:34.1690 INFO The uid is : 2618208898 and hid 2564932284
2017-08-30 09:00:37.1758 INFO Finishing Initialisation...
2017-08-30 09:00:41.4425 INFO Database connection string : Data Source=|DataDirectory|\ScaleSoft.db3;Version=3;
2017-08-30 09:00:41.4425 INFO Database connection string : Data Source=|DataDirectory|\ScaleSoft.db3;Version=3;
2017-08-30 09:00:41.4591 INFO Database connection string : Data Source=|DataDirectory|\ScaleSoft.db3;Version=3;
2017-08-30 09:00:44.6427 INFO Database connection string : Data Source=|DataDirectory|\ScaleSoft.db3;Version=3;
2017-08-30 09:00:44.6427 INFO Database connection string : Data Source=|DataDirectory|\ScaleSoft.db3;Version=3;
2017-08-30 09:00:44.6637 INFO Database connection string : Data Source=|DataDirectory|\ScaleSoft.db3;Version=3;
2017-08-30 09:00:44.6990 INFO Database connection string : Data Source=|DataDirectory|\ScaleSoft.db3;Version=3;
2017-08-30 09:01:04.3678 INFO Database connection string : Data Source=|DataDirectory|\ScaleSoft.db3;Version=3;
2017-08-30 09:01:05.5147 INFO Database connection string : Data Source=|DataDirectory|\ScaleSoft.db3;Version=3;
2017-08-30 09:08:01.8830 INFO Database file location: E:\Attique\For-Attiq\ITWhiz.ScaleSoft\ITWhiz.ScaleSoft.Desktop\
2017-08-30 09:08:02.1667 INFO Initialising Components...
2017-08-30 09:08:05.3293 INFO Checking Database Connection...
2017-08-30 09:08:05.5224 INFO Database connection string : Data Source=|DataDirectory|\ScaleSoft.db3;Version=3;
2017-08-30 09:08:08.7311 INFO Checking License...
2017-08-30 09:08:08.7421 INFO Database connection string : Data Source=|DataDirectory|\ScaleSoft.db3;Version=3;
2017-08-30 09:08:08.9057 INFO Sucess: find rockey2 : 1
2017-08-30 09:08:08.9127 INFO Sucess: open rockey2
2017-08-30 09:08:08.9687 INFO The uid is : 2618208898 and hid 2564932284
2017-08-30 09:08:11.9797 INFO Finishing Initialisation...
2017-08-30 09:08:14.9217 INFO Database connection string : Data Source=|DataDirectory|\ScaleSoft.db3;Version=3;
2017-08-30 09:08:14.9362 INFO Database connection string : Data Source=|DataDirectory|\ScaleSoft.db3;Version=3;
2017-08-30 09:08:14.9492 INFO Database connection string : Data Source=|DataDirectory|\ScaleSoft.db3;Version=3;
2017-08-30 09:08:17.9267 INFO Database connection string : Data Source=|DataDirectory|\ScaleSoft.db3;Version=3;
2017-08-30 09:08:17.9522 INFO Database connection string : Data Source=|DataDirectory|\ScaleSoft.db3;Version=3;
2017-08-30 09:08:17.9687 INFO Database connection string : Data Source=|DataDirectory|\ScaleSoft.db3;Version=3;
2017-08-30 09:08:18.0407 INFO Database connection string : Data Source=|DataDirectory|\ScaleSoft.db3;Version=3;
2017-08-30 09:08:39.3219 INFO Database connection string : Data Source=|DataDirectory|\ScaleSoft.db3;Version=3;
2017-08-30 09:08:39.8267 INFO Database connection string : Data Source=|DataDirectory|\ScaleSoft.db3;Version=3;
2017-08-30 10:35:00.7974 INFO Database file location: E:\Attique\For-Attiq\ITWhiz.ScaleSoft\ITWhiz.ScaleSoft.Desktop\
2017-08-30 10:35:01.0386 INFO Initialising Components...
2017-08-30 10:35:04.1402 INFO Checking Database Connection...
2017-08-30 10:35:04.1957 INFO Database connection string : Data Source=|DataDirectory|\ScaleSoft.db3;Version=3;
2017-08-30 10:35:07.3823 INFO Checking License...
2017-08-30 10:35:07.3963 INFO Database connection string : Data Source=|DataDirectory|\ScaleSoft.db3;Version=3;
2017-08-30 10:35:07.5955 INFO Sucess: find rockey2 : 1
2017-08-30 10:35:07.5955 INFO Sucess: open rockey2
2017-08-30 10:35:07.6635 INFO The uid is : 2618208898 and hid 2564932284
2017-08-30 10:35:10.6755 INFO Finishing Initialisation...
2017-08-30 10:36:02.2853 INFO Database file location: E:\Attique\For-Attiq\ITWhiz.ScaleSoft\ITWhiz.ScaleSoft.Desktop\
2017-08-30 10:36:02.5630 INFO Initialising Components...
2017-08-30 10:36:05.6756 INFO Checking Database Connection...
2017-08-30 10:36:05.7536 INFO Database connection string : Data Source=|DataDirectory|\ScaleSoft.db3;Version=3;
2017-08-30 10:36:08.9097 INFO Checking License...
2017-08-30 10:36:08.9097 INFO Database connection string : Data Source=|DataDirectory|\ScaleSoft.db3;Version=3;
2017-08-30 10:36:09.0828 INFO Sucess: find rockey2 : 1
2017-08-30 10:36:09.0828 INFO Sucess: open rockey2
2017-08-30 10:36:09.1469 INFO The uid is : 2618208898 and hid 2564932284
2017-08-30 10:36:12.1569 INFO Finishing Initialisation...
2017-08-30 10:36:34.7199 INFO Database connection string : Data Source=|DataDirectory|\ScaleSoft.db3;Version=3;
2017-08-30 10:36:34.7199 INFO Database connection string : Data Source=|DataDirectory|\ScaleSoft.db3;Version=3;
2017-08-30 10:36:34.7444 INFO Database connection string : Data Source=|DataDirectory|\ScaleSoft.db3;Version=3;
2017-08-30 10:36:37.8139 INFO Database connection string : Data Source=|DataDirectory|\ScaleSoft.db3;Version=3;
2017-08-30 10:36:37.8295 INFO Database connection string : Data Source=|DataDirectory|\ScaleSoft.db3;Version=3;
2017-08-30 10:36:37.8295 INFO Database connection string : Data Source=|DataDirectory|\ScaleSoft.db3;Version=3;
2017-08-30 10:36:37.8775 INFO Database connection string : Data Source=|DataDirectory|\ScaleSoft.db3;Version=3;
2017-08-30 10:37:06.4615 INFO Database connection string : Data Source=|DataDirectory|\ScaleSoft.db3;Version=3;
2017-08-30 10:37:07.1484 INFO Database connection string : Data Source=|DataDirectory|\ScaleSoft.db3;Version=3;
2017-08-30 10:58:04.7653 INFO Database file location: E:\Attique\For-Attiq\ITWhiz.ScaleSoft\ITWhiz.ScaleSoft.Desktop\
2017-08-30 10:58:04.9735 INFO Initialising Components...
2017-08-30 10:58:08.0553 INFO Checking Database Connection...
2017-08-30 10:58:08.1768 INFO Database connection string : Data Source=|DataDirectory|\ScaleSoft.db3;Version=3;
2017-08-30 10:58:11.3020 INFO Checking License...
2017-08-30 10:58:11.3225 INFO Database connection string : Data Source=|DataDirectory|\ScaleSoft.db3;Version=3;
2017-08-30 10:58:11.4536 INFO Sucess: find rockey2 : 1
2017-08-30 10:58:11.4591 INFO Sucess: open rockey2
2017-08-30 10:58:11.5131 INFO The uid is : 2618208898 and hid 2564932284
2017-08-30 10:58:14.5214 INFO Finishing Initialisation...
2017-08-30 10:58:18.1646 INFO Database connection string : Data Source=|DataDirectory|\ScaleSoft.db3;Version=3;
2017-08-30 10:58:18.1757 INFO Database connection string : Data Source=|DataDirectory|\ScaleSoft.db3;Version=3;
2017-08-30 10:58:18.1757 INFO Database connection string : Data Source=|DataDirectory|\ScaleSoft.db3;Version=3;
2017-08-30 10:58:21.6777 INFO Database connection string : Data Source=|DataDirectory|\ScaleSoft.db3;Version=3;
2017-08-30 10:58:21.6917 INFO Database connection string : Data Source=|DataDirectory|\ScaleSoft.db3;Version=3;
2017-08-30 10:58:21.6917 INFO Database connection string : Data Source=|DataDirectory|\ScaleSoft.db3;Version=3;
2017-08-30 10:58:21.7457 INFO Database connection string : Data Source=|DataDirectory|\ScaleSoft.db3;Version=3;
2017-08-30 10:58:43.6945 INFO Database connection string : Data Source=|DataDirectory|\ScaleSoft.db3;Version=3;
2017-08-30 10:58:44.3220 INFO Database connection string : Data Source=|DataDirectory|\ScaleSoft.db3;Version=3;
2017-08-30 11:02:57.3611 INFO Database file location: E:\Attique\For-Attiq\ITWhiz.ScaleSoft\ITWhiz.ScaleSoft.Desktop\
2017-08-30 11:02:57.5472 INFO Initialising Components...
2017-08-30 11:03:00.6253 INFO Checking Database Connection...
2017-08-30 11:03:00.6908 INFO Database connection string : Data Source=|DataDirectory|\ScaleSoft.db3;Version=3;
2017-08-30 11:03:03.7890 INFO Checking License...
2017-08-30 11:03:03.7890 INFO Database connection string : Data Source=|DataDirectory|\ScaleSoft.db3;Version=3;
2017-08-30 11:03:03.9391 INFO Sucess: find rockey2 : 1
2017-08-30 11:03:03.9391 INFO Sucess: open rockey2
2017-08-30 11:03:04.0001 INFO The uid is : 2618208898 and hid 2564932284
2017-08-30 11:03:07.0080 INFO Finishing Initialisation...
2017-08-30 11:03:12.3786 INFO Database connection string : Data Source=|DataDirectory|\ScaleSoft.db3;Version=3;
2017-08-30 11:03:12.3921 INFO Database connection string : Data Source=|DataDirectory|\ScaleSoft.db3;Version=3;
2017-08-30 11:03:12.3921 INFO Database connection string : Data Source=|DataDirectory|\ScaleSoft.db3;Version=3;
2017-08-30 11:03:15.6389 INFO Database connection string : Data Source=|DataDirectory|\ScaleSoft.db3;Version=3;
2017-08-30 11:03:15.6529 INFO Database connection string : Data Source=|DataDirectory|\ScaleSoft.db3;Version=3;
2017-08-30 11:03:15.6634 INFO Database connection string : Data Source=|DataDirectory|\ScaleSoft.db3;Version=3;
2017-08-30 11:03:15.7084 INFO Database connection string : Data Source=|DataDirectory|\ScaleSoft.db3;Version=3;
2017-08-30 11:03:50.2687 INFO Database connection string : Data Source=|DataDirectory|\ScaleSoft.db3;Version=3;
2017-08-30 11:03:50.9046 INFO Database connection string : Data Source=|DataDirectory|\ScaleSoft.db3;Version=3;
