2017-03-16 10:07:31.6618 INFO Database file location: E:\Attique\For-Attiq\ITWhiz.ScaleSoft\ITWhiz.ScaleSoft.Desktop\
2017-03-16 10:07:31.9586 INFO Initialising Components...
2017-03-16 10:07:35.0101 INFO Checking Database Connection...
2017-03-16 10:07:36.4374 INFO Database connection string : Data Source=|DataDirectory|\ScaleSoft.db3;Version=3;
2017-03-16 10:07:41.2781 INFO Checking License...
2017-03-16 10:07:41.2781 INFO Database connection string : Data Source=|DataDirectory|\ScaleSoft.db3;Version=3;
2017-03-16 10:07:43.1330 INFO Error: not find any rockey2 : -1609564149
2017-03-16 10:07:52.1231 INFO Finishing Initialisation...
2017-03-16 10:09:51.3505 INFO Database connection string : Data Source=|DataDirectory|\ScaleSoft.db3;Version=3;
2017-03-16 10:09:51.3661 INFO Database connection string : Data Source=|DataDirectory|\ScaleSoft.db3;Version=3;
2017-03-16 10:09:51.3661 INFO Database connection string : Data Source=|DataDirectory|\ScaleSoft.db3;Version=3;
2017-03-16 10:10:03.9777 INFO Database connection string : Data Source=|DataDirectory|\ScaleSoft.db3;Version=3;
2017-03-16 10:10:03.9933 INFO Database connection string : Data Source=|DataDirectory|\ScaleSoft.db3;Version=3;
2017-03-16 10:10:04.0089 INFO Database connection string : Data Source=|DataDirectory|\ScaleSoft.db3;Version=3;
2017-03-16 10:10:04.0245 INFO Database connection string : Data Source=|DataDirectory|\ScaleSoft.db3;Version=3;
2017-03-16 10:10:56.6492 INFO Database connection string : Data Source=|DataDirectory|\ScaleSoft.db3;Version=3;
2017-03-16 10:10:59.3709 INFO Database connection string : Data Source=|DataDirectory|\ScaleSoft.db3;Version=3;
2017-03-16 10:11:04.4877 INFO Database connection string : Data Source=|DataDirectory|\ScaleSoft.db3;Version=3;
2017-03-16 10:12:15.7115 INFO Database connection string : Data Source=|DataDirectory|\ScaleSoft.db3;Version=3;
2017-03-16 10:12:15.7115 INFO Database connection string : Data Source=|DataDirectory|\ScaleSoft.db3;Version=3;
2017-03-16 10:12:15.7115 INFO Database connection string : Data Source=|DataDirectory|\ScaleSoft.db3;Version=3;
2017-03-16 10:12:15.7326 INFO Database connection string : Data Source=|DataDirectory|\ScaleSoft.db3;Version=3;
2017-03-16 10:12:19.4631 INFO Database connection string : Data Source=|DataDirectory|\ScaleSoft.db3;Version=3;
2017-03-16 10:12:24.0958 INFO Database connection string : Data Source=|DataDirectory|\ScaleSoft.db3;Version=3;
2017-03-16 10:12:24.1144 INFO Database connection string : Data Source=|DataDirectory|\ScaleSoft.db3;Version=3;
2017-03-16 10:12:24.1144 INFO Database connection string : Data Source=|DataDirectory|\ScaleSoft.db3;Version=3;
2017-03-16 10:12:24.1336 INFO Database connection string : Data Source=|DataDirectory|\ScaleSoft.db3;Version=3;
2017-03-16 10:13:40.6845 INFO Database connection string : Data Source=|DataDirectory|\ScaleSoft.db3;Version=3;
2017-03-16 10:13:40.7222 INFO Database connection string : Data Source=|DataDirectory|\ScaleSoft.db3;Version=3;
2017-03-16 10:13:40.7222 INFO Database connection string : Data Source=|DataDirectory|\ScaleSoft.db3;Version=3;
2017-03-16 10:13:40.7378 INFO Database connection string : Data Source=|DataDirectory|\ScaleSoft.db3;Version=3;
2017-03-16 10:13:46.5416 INFO Database connection string : Data Source=|DataDirectory|\ScaleSoft.db3;Version=3;
2017-03-16 10:13:46.5728 INFO Database connection string : Data Source=|DataDirectory|\ScaleSoft.db3;Version=3;
2017-03-16 10:13:46.5885 INFO Database connection string : Data Source=|DataDirectory|\ScaleSoft.db3;Version=3;
2017-03-16 10:13:46.5885 INFO Database connection string : Data Source=|DataDirectory|\ScaleSoft.db3;Version=3;
2017-03-16 13:32:52.8358 INFO Database file location: E:\Attique\For-Attiq\ITWhiz.ScaleSoft\ITWhiz.ScaleSoft.Desktop\
2017-03-16 13:32:53.0874 INFO Initialising Components...
2017-03-16 13:32:56.1147 INFO Checking Database Connection...
2017-03-16 13:32:56.7687 INFO Database connection string : Data Source=|DataDirectory|\ScaleSoft.db3;Version=3;
2017-03-16 13:33:00.3490 INFO Checking License...
2017-03-16 13:33:00.3490 INFO Database connection string : Data Source=|DataDirectory|\ScaleSoft.db3;Version=3;
2017-03-16 13:33:00.6447 INFO Error: not find any rockey2 : -1609564149
2017-03-16 13:33:08.4318 INFO Finishing Initialisation...
2017-03-16 13:33:12.0506 INFO Database connection string : Data Source=|DataDirectory|\ScaleSoft.db3;Version=3;
2017-03-16 13:33:12.0617 INFO Database connection string : Data Source=|DataDirectory|\ScaleSoft.db3;Version=3;
2017-03-16 13:33:12.0697 INFO Database connection string : Data Source=|DataDirectory|\ScaleSoft.db3;Version=3;
2017-03-16 13:35:44.8693 INFO Database file location: E:\Attique\For-Attiq\ITWhiz.ScaleSoft\ITWhiz.ScaleSoft.Desktop\
2017-03-16 13:35:55.5208 INFO Initialising Components...
2017-03-16 13:36:02.5433 INFO Checking Database Connection...
2017-03-16 13:36:02.5745 INFO Database connection string : Data Source=|DataDirectory|\ScaleSoft.db3;Version=3;
2017-03-16 13:36:05.6610 INFO Checking License...
2017-03-16 13:36:05.6610 INFO Database connection string : Data Source=|DataDirectory|\ScaleSoft.db3;Version=3;
2017-03-16 13:36:05.7612 INFO Error: not find any rockey2 : -1609564149
2017-03-16 13:36:20.0819 INFO Finishing Initialisation...
2017-03-16 13:36:31.2518 INFO Database connection string : Data Source=|DataDirectory|\ScaleSoft.db3;Version=3;
2017-03-16 13:36:31.2674 INFO Database connection string : Data Source=|DataDirectory|\ScaleSoft.db3;Version=3;
2017-03-16 13:36:31.2860 INFO Database connection string : Data Source=|DataDirectory|\ScaleSoft.db3;Version=3;
2017-03-16 13:38:06.1606 INFO Database connection string : Data Source=|DataDirectory|\ScaleSoft.db3;Version=3;
2017-03-16 13:38:08.2173 INFO Database connection string : Data Source=|DataDirectory|\ScaleSoft.db3;Version=3;
2017-03-16 13:38:28.2089 INFO Database connection string : Data Source=|DataDirectory|\ScaleSoft.db3;Version=3;
2017-03-16 13:38:39.6630 INFO Database connection string : Data Source=|DataDirectory|\ScaleSoft.db3;Version=3;
2017-03-16 13:39:08.2820 INFO Database connection string : Data Source=|DataDirectory|\ScaleSoft.db3;Version=3;
2017-03-16 13:39:14.4679 INFO Database connection string : Data Source=|DataDirectory|\ScaleSoft.db3;Version=3;
2017-03-16 13:39:14.4679 INFO Database connection string : Data Source=|DataDirectory|\ScaleSoft.db3;Version=3;
2017-03-16 13:39:14.4856 INFO Database connection string : Data Source=|DataDirectory|\ScaleSoft.db3;Version=3;
2017-03-16 13:39:14.5168 INFO Database connection string : Data Source=|DataDirectory|\ScaleSoft.db3;Version=3;
2017-03-16 13:39:29.0510 INFO Database connection string : Data Source=|DataDirectory|\ScaleSoft.db3;Version=3;
