2017-07-10 16:54:47.0228 INFO Database file location: E:\Attique\For-Attiq\ITWhiz.ScaleSoft\ITWhiz.ScaleSoft.Desktop\
2017-07-10 16:54:47.2059 INFO Initialising Components...
2017-07-10 16:54:50.2424 INFO Checking Database Connection...
2017-07-10 16:54:50.7573 INFO Database connection string : Data Source=|DataDirectory|\ScaleSoft.db3;Version=3;
2017-07-10 16:54:54.4042 INFO Checking License...
2017-07-10 16:54:54.4152 INFO Database connection string : Data Source=|DataDirectory|\ScaleSoft.db3;Version=3;
2017-07-10 16:54:55.2558 INFO Error: not find any rockey2 : -1609564149
2017-07-10 16:55:04.1332 INFO Finishing Initialisation...
2017-07-10 16:55:11.5846 INFO Database connection string : Data Source=|DataDirectory|\ScaleSoft.db3;Version=3;
2017-07-10 16:55:11.5951 INFO Database connection string : Data Source=|DataDirectory|\ScaleSoft.db3;Version=3;
2017-07-10 16:55:11.5951 INFO Database connection string : Data Source=|DataDirectory|\ScaleSoft.db3;Version=3;
2017-07-10 16:55:14.6907 INFO Database connection string : Data Source=|DataDirectory|\ScaleSoft.db3;Version=3;
2017-07-10 16:55:14.7067 INFO Database connection string : Data Source=|DataDirectory|\ScaleSoft.db3;Version=3;
2017-07-10 16:55:14.7067 INFO Database connection string : Data Source=|DataDirectory|\ScaleSoft.db3;Version=3;
2017-07-10 16:55:14.7593 INFO Database connection string : Data Source=|DataDirectory|\ScaleSoft.db3;Version=3;
2017-07-10 16:56:29.7817 INFO Database connection string : Data Source=|DataDirectory|\ScaleSoft.db3;Version=3;
2017-07-10 16:56:30.4447 INFO Database connection string : Data Source=|DataDirectory|\ScaleSoft.db3;Version=3;
2017-07-10 18:05:05.0419 INFO Database file location: E:\Attique\For-Attiq\ITWhiz.ScaleSoft\ITWhiz.ScaleSoft.Desktop\
2017-07-10 18:05:05.2551 INFO Initialising Components...
2017-07-10 18:05:08.2956 INFO Checking Database Connection...
2017-07-10 18:05:08.3376 INFO Database connection string : Data Source=|DataDirectory|\ScaleSoft.db3;Version=3;
2017-07-10 18:05:11.4392 INFO Checking License...
2017-07-10 18:05:11.4392 INFO Database connection string : Data Source=|DataDirectory|\ScaleSoft.db3;Version=3;
2017-07-10 18:05:11.5537 INFO Error: not find any rockey2 : -1609564149
2017-07-10 18:05:18.4624 INFO Finishing Initialisation...
2017-07-10 18:05:20.7078 INFO Database connection string : Data Source=|DataDirectory|\ScaleSoft.db3;Version=3;
2017-07-10 18:05:20.7214 INFO Database connection string : Data Source=|DataDirectory|\ScaleSoft.db3;Version=3;
2017-07-10 18:05:20.7214 INFO Database connection string : Data Source=|DataDirectory|\ScaleSoft.db3;Version=3;
2017-07-10 18:05:23.7769 INFO Database connection string : Data Source=|DataDirectory|\ScaleSoft.db3;Version=3;
2017-07-10 18:05:23.7929 INFO Database connection string : Data Source=|DataDirectory|\ScaleSoft.db3;Version=3;
2017-07-10 18:05:23.8059 INFO Database connection string : Data Source=|DataDirectory|\ScaleSoft.db3;Version=3;
2017-07-10 18:05:23.8424 INFO Database connection string : Data Source=|DataDirectory|\ScaleSoft.db3;Version=3;
2017-07-10 18:06:20.5337 INFO Database connection string : Data Source=|DataDirectory|\ScaleSoft.db3;Version=3;
2017-07-10 18:08:51.7394 INFO Database file location: E:\Attique\For-Attiq\ITWhiz.ScaleSoft\ITWhiz.ScaleSoft.Desktop\
2017-07-10 18:08:52.0151 INFO Initialising Components...
2017-07-10 18:08:55.0672 INFO Checking Database Connection...
2017-07-10 18:08:55.2022 INFO Database connection string : Data Source=|DataDirectory|\ScaleSoft.db3;Version=3;
2017-07-10 18:08:58.3393 INFO Checking License...
2017-07-10 18:08:58.3473 INFO Database connection string : Data Source=|DataDirectory|\ScaleSoft.db3;Version=3;
2017-07-10 18:08:58.4669 INFO Error: not find any rockey2 : -1609564149
2017-07-10 18:09:10.1352 INFO Finishing Initialisation...
2017-07-10 18:09:11.7458 INFO Database connection string : Data Source=|DataDirectory|\ScaleSoft.db3;Version=3;
2017-07-10 18:09:11.7553 INFO Database connection string : Data Source=|DataDirectory|\ScaleSoft.db3;Version=3;
2017-07-10 18:09:11.7553 INFO Database connection string : Data Source=|DataDirectory|\ScaleSoft.db3;Version=3;
2017-07-10 18:09:14.9389 INFO Database connection string : Data Source=|DataDirectory|\ScaleSoft.db3;Version=3;
2017-07-10 18:09:14.9549 INFO Database connection string : Data Source=|DataDirectory|\ScaleSoft.db3;Version=3;
2017-07-10 18:09:14.9549 INFO Database connection string : Data Source=|DataDirectory|\ScaleSoft.db3;Version=3;
2017-07-10 18:09:15.0009 INFO Database connection string : Data Source=|DataDirectory|\ScaleSoft.db3;Version=3;
2017-07-10 18:10:11.3680 INFO Database connection string : Data Source=|DataDirectory|\ScaleSoft.db3;Version=3;
2017-07-10 18:16:03.7553 INFO Database file location: E:\Attique\For-Attiq\ITWhiz.ScaleSoft\ITWhiz.ScaleSoft.Desktop\
2017-07-10 18:16:03.9934 INFO Initialising Components...
2017-07-10 18:16:07.0660 INFO Checking Database Connection...
2017-07-10 18:16:07.1105 INFO Database connection string : Data Source=|DataDirectory|\ScaleSoft.db3;Version=3;
2017-07-10 18:16:10.2296 INFO Checking License...
2017-07-10 18:16:10.2361 INFO Database connection string : Data Source=|DataDirectory|\ScaleSoft.db3;Version=3;
2017-07-10 18:16:10.3306 INFO Error: not find any rockey2 : -1609564149
2017-07-10 18:16:15.2684 INFO Finishing Initialisation...
2017-07-10 18:16:16.8090 INFO Database connection string : Data Source=|DataDirectory|\ScaleSoft.db3;Version=3;
2017-07-10 18:16:16.8220 INFO Database connection string : Data Source=|DataDirectory|\ScaleSoft.db3;Version=3;
2017-07-10 18:16:16.8320 INFO Database connection string : Data Source=|DataDirectory|\ScaleSoft.db3;Version=3;
2017-07-10 18:16:20.3223 INFO Database connection string : Data Source=|DataDirectory|\ScaleSoft.db3;Version=3;
2017-07-10 18:16:20.3388 INFO Database connection string : Data Source=|DataDirectory|\ScaleSoft.db3;Version=3;
2017-07-10 18:16:20.3473 INFO Database connection string : Data Source=|DataDirectory|\ScaleSoft.db3;Version=3;
2017-07-10 18:16:20.3773 INFO Database connection string : Data Source=|DataDirectory|\ScaleSoft.db3;Version=3;
2017-07-10 18:18:33.0697 INFO Database connection string : Data Source=|DataDirectory|\ScaleSoft.db3;Version=3;
2017-07-10 22:01:59.2927 INFO Database file location: E:\Attique\For-Attiq\ITWhiz.ScaleSoft\ITWhiz.ScaleSoft.Desktop\
2017-07-10 22:01:59.5434 INFO Initialising Components...
2017-07-10 22:02:02.5989 INFO Checking Database Connection...
2017-07-10 22:02:02.6379 INFO Database connection string : Data Source=|DataDirectory|\ScaleSoft.db3;Version=3;
2017-07-10 22:02:05.7900 INFO Checking License...
2017-07-10 22:02:05.8030 INFO Database connection string : Data Source=|DataDirectory|\ScaleSoft.db3;Version=3;
2017-07-10 22:02:05.9541 INFO Error: not find any rockey2 : -1609564149
2017-07-10 22:02:12.0172 INFO Finishing Initialisation...
2017-07-10 22:02:14.5814 INFO Database connection string : Data Source=|DataDirectory|\ScaleSoft.db3;Version=3;
2017-07-10 22:02:14.5954 INFO Database connection string : Data Source=|DataDirectory|\ScaleSoft.db3;Version=3;
2017-07-10 22:02:14.5954 INFO Database connection string : Data Source=|DataDirectory|\ScaleSoft.db3;Version=3;
2017-07-10 22:02:17.6104 INFO Database connection string : Data Source=|DataDirectory|\ScaleSoft.db3;Version=3;
2017-07-10 22:02:17.6234 INFO Database connection string : Data Source=|DataDirectory|\ScaleSoft.db3;Version=3;
2017-07-10 22:02:17.6314 INFO Database connection string : Data Source=|DataDirectory|\ScaleSoft.db3;Version=3;
2017-07-10 22:02:17.6749 INFO Database connection string : Data Source=|DataDirectory|\ScaleSoft.db3;Version=3;
2017-07-10 22:02:46.9229 INFO Database connection string : Data Source=|DataDirectory|\ScaleSoft.db3;Version=3;
2017-07-10 22:02:47.4688 INFO Database connection string : Data Source=|DataDirectory|\ScaleSoft.db3;Version=3;
