2017-06-24 00:01:09.8636 INFO Database connection string : Data Source=|DataDirectory|\ScaleSoft.db3;Version=3;
2017-06-24 00:01:09.8726 INFO Database connection string : Data Source=|DataDirectory|\ScaleSoft.db3;Version=3;
2017-06-24 00:01:09.8726 INFO Database connection string : Data Source=|DataDirectory|\ScaleSoft.db3;Version=3;
2017-06-24 00:01:21.8210 INFO Database connection string : Data Source=|DataDirectory|\ScaleSoft.db3;Version=3;
2017-06-24 00:01:51.7576 INFO Database file location: E:\Attique\For-Attiq\ITWhiz.ScaleSoft\ITWhiz.ScaleSoft.Desktop\
2017-06-24 00:01:51.8914 INFO Initialising Components...
2017-06-24 00:01:54.9148 INFO Checking Database Connection...
2017-06-24 00:01:54.9462 INFO Database connection string : Data Source=|DataDirectory|\ScaleSoft.db3;Version=3;
2017-06-24 00:01:58.0450 INFO Checking License...
2017-06-24 00:01:58.0450 INFO Database connection string : Data Source=|DataDirectory|\ScaleSoft.db3;Version=3;
2017-06-24 00:01:58.1288 INFO Error: not find any rockey2 : -1609564149
2017-06-24 00:02:04.0402 INFO Finishing Initialisation...
2017-06-24 00:02:06.5642 INFO Database connection string : Data Source=|DataDirectory|\ScaleSoft.db3;Version=3;
2017-06-24 00:02:06.5642 INFO Database connection string : Data Source=|DataDirectory|\ScaleSoft.db3;Version=3;
2017-06-24 00:02:06.5792 INFO Database connection string : Data Source=|DataDirectory|\ScaleSoft.db3;Version=3;
2017-06-24 00:02:09.3106 INFO Database connection string : Data Source=|DataDirectory|\ScaleSoft.db3;Version=3;
2017-06-24 00:02:09.3106 INFO Database connection string : Data Source=|DataDirectory|\ScaleSoft.db3;Version=3;
2017-06-24 00:02:09.3281 INFO Database connection string : Data Source=|DataDirectory|\ScaleSoft.db3;Version=3;
2017-06-24 00:02:28.2033 INFO Database connection string : Data Source=|DataDirectory|\ScaleSoft.db3;Version=3;
2017-06-24 00:05:43.6690 INFO Database connection string : Data Source=|DataDirectory|\ScaleSoft.db3;Version=3;
2017-06-24 00:05:43.6690 INFO Database connection string : Data Source=|DataDirectory|\ScaleSoft.db3;Version=3;
2017-06-24 00:05:43.6840 INFO Database connection string : Data Source=|DataDirectory|\ScaleSoft.db3;Version=3;
2017-06-24 00:05:45.6521 INFO Database connection string : Data Source=|DataDirectory|\ScaleSoft.db3;Version=3;
2017-06-24 00:07:34.5160 INFO Database file location: E:\Attique\For-Attiq\ITWhiz.ScaleSoft\ITWhiz.ScaleSoft.Desktop\
2017-06-24 00:07:34.6290 INFO Initialising Components...
2017-06-24 00:07:37.6531 INFO Checking Database Connection...
2017-06-24 00:07:37.6787 INFO Database connection string : Data Source=|DataDirectory|\ScaleSoft.db3;Version=3;
2017-06-24 00:07:40.7460 INFO Checking License...
2017-06-24 00:07:40.7460 INFO Database connection string : Data Source=|DataDirectory|\ScaleSoft.db3;Version=3;
2017-06-24 00:07:40.8318 INFO Error: not find any rockey2 : -1609564149
2017-06-24 00:07:46.2361 INFO Finishing Initialisation...
2017-06-24 00:07:49.8590 INFO Database connection string : Data Source=|DataDirectory|\ScaleSoft.db3;Version=3;
2017-06-24 00:07:49.8590 INFO Database connection string : Data Source=|DataDirectory|\ScaleSoft.db3;Version=3;
2017-06-24 00:07:49.8767 INFO Database connection string : Data Source=|DataDirectory|\ScaleSoft.db3;Version=3;
2017-06-24 00:07:53.1185 INFO Database connection string : Data Source=|DataDirectory|\ScaleSoft.db3;Version=3;
2017-06-24 00:07:53.1305 INFO Database connection string : Data Source=|DataDirectory|\ScaleSoft.db3;Version=3;
2017-06-24 00:07:53.1375 INFO Database connection string : Data Source=|DataDirectory|\ScaleSoft.db3;Version=3;
2017-06-24 00:07:55.1672 INFO Database connection string : Data Source=|DataDirectory|\ScaleSoft.db3;Version=3;
2017-06-24 00:20:22.5861 INFO Database file location: E:\Attique\For-Attiq\ITWhiz.ScaleSoft\ITWhiz.ScaleSoft.Desktop\
2017-06-24 00:20:22.7077 INFO Initialising Components...
2017-06-24 00:20:25.7323 INFO Checking Database Connection...
2017-06-24 00:20:25.7624 INFO Database connection string : Data Source=|DataDirectory|\ScaleSoft.db3;Version=3;
2017-06-24 00:20:28.8321 INFO Checking License...
2017-06-24 00:20:28.8321 INFO Database connection string : Data Source=|DataDirectory|\ScaleSoft.db3;Version=3;
2017-06-24 00:20:28.9148 INFO Error: not find any rockey2 : -1609564149
2017-06-24 00:20:35.6923 INFO Finishing Initialisation...
2017-06-24 00:20:36.6154 INFO Database connection string : Data Source=|DataDirectory|\ScaleSoft.db3;Version=3;
2017-06-24 00:20:36.6262 INFO Database connection string : Data Source=|DataDirectory|\ScaleSoft.db3;Version=3;
2017-06-24 00:20:36.6262 INFO Database connection string : Data Source=|DataDirectory|\ScaleSoft.db3;Version=3;
2017-06-24 00:20:40.8536 INFO Database connection string : Data Source=|DataDirectory|\ScaleSoft.db3;Version=3;
2017-06-24 00:20:40.8646 INFO Database connection string : Data Source=|DataDirectory|\ScaleSoft.db3;Version=3;
2017-06-24 00:20:40.8711 INFO Database connection string : Data Source=|DataDirectory|\ScaleSoft.db3;Version=3;
2017-06-24 00:20:44.8362 INFO Database connection string : Data Source=|DataDirectory|\ScaleSoft.db3;Version=3;
2017-06-24 00:32:46.3598 INFO Database file location: E:\Attique\For-Attiq\ITWhiz.ScaleSoft\ITWhiz.ScaleSoft.Desktop\
2017-06-24 00:32:46.4709 INFO Initialising Components...
2017-06-24 00:32:49.4918 INFO Checking Database Connection...
2017-06-24 00:32:49.5256 INFO Database connection string : Data Source=|DataDirectory|\ScaleSoft.db3;Version=3;
2017-06-24 00:32:52.5943 INFO Checking License...
2017-06-24 00:32:52.5943 INFO Database connection string : Data Source=|DataDirectory|\ScaleSoft.db3;Version=3;
2017-06-24 00:32:52.6793 INFO Error: not find any rockey2 : -1609564149
2017-06-24 00:32:58.4941 INFO Finishing Initialisation...
2017-06-24 00:33:07.2133 INFO Database connection string : Data Source=|DataDirectory|\ScaleSoft.db3;Version=3;
2017-06-24 00:33:07.2232 INFO Database connection string : Data Source=|DataDirectory|\ScaleSoft.db3;Version=3;
2017-06-24 00:33:07.2302 INFO Database connection string : Data Source=|DataDirectory|\ScaleSoft.db3;Version=3;
2017-06-24 00:33:10.1883 INFO Database connection string : Data Source=|DataDirectory|\ScaleSoft.db3;Version=3;
2017-06-24 00:33:10.1883 INFO Database connection string : Data Source=|DataDirectory|\ScaleSoft.db3;Version=3;
2017-06-24 00:33:10.2053 INFO Database connection string : Data Source=|DataDirectory|\ScaleSoft.db3;Version=3;
2017-06-24 00:33:10.2272 INFO Database connection string : Data Source=|DataDirectory|\ScaleSoft.db3;Version=3;
2017-06-24 00:39:47.1163 INFO Database file location: E:\Attique\For-Attiq\ITWhiz.ScaleSoft\ITWhiz.ScaleSoft.Desktop\
2017-06-24 00:39:47.2421 INFO Initialising Components...
2017-06-24 00:39:50.2759 INFO Checking Database Connection...
2017-06-24 00:39:50.3023 INFO Database connection string : Data Source=|DataDirectory|\ScaleSoft.db3;Version=3;
2017-06-24 00:39:53.3699 INFO Checking License...
2017-06-24 00:39:53.3789 INFO Database connection string : Data Source=|DataDirectory|\ScaleSoft.db3;Version=3;
2017-06-24 00:39:53.4587 INFO Error: not find any rockey2 : -1609564149
2017-06-24 00:39:59.9411 INFO Finishing Initialisation...
2017-06-24 00:40:01.0553 INFO Database connection string : Data Source=|DataDirectory|\ScaleSoft.db3;Version=3;
2017-06-24 00:40:01.0643 INFO Database connection string : Data Source=|DataDirectory|\ScaleSoft.db3;Version=3;
2017-06-24 00:40:01.0643 INFO Database connection string : Data Source=|DataDirectory|\ScaleSoft.db3;Version=3;
2017-06-24 00:40:03.7936 INFO Database connection string : Data Source=|DataDirectory|\ScaleSoft.db3;Version=3;
2017-06-24 00:40:03.7936 INFO Database connection string : Data Source=|DataDirectory|\ScaleSoft.db3;Version=3;
2017-06-24 00:40:03.8127 INFO Database connection string : Data Source=|DataDirectory|\ScaleSoft.db3;Version=3;
2017-06-24 00:40:03.8375 INFO Database connection string : Data Source=|DataDirectory|\ScaleSoft.db3;Version=3;
2017-06-24 00:41:44.0370 INFO Database file location: E:\Attique\For-Attiq\ITWhiz.ScaleSoft\ITWhiz.ScaleSoft.Desktop\
2017-06-24 00:41:44.1615 INFO Initialising Components...
2017-06-24 00:41:47.1909 INFO Checking Database Connection...
2017-06-24 00:41:47.2281 INFO Database connection string : Data Source=|DataDirectory|\ScaleSoft.db3;Version=3;
2017-06-24 00:41:50.2969 INFO Checking License...
2017-06-24 00:41:50.2969 INFO Database connection string : Data Source=|DataDirectory|\ScaleSoft.db3;Version=3;
2017-06-24 00:41:50.3801 INFO Error: not find any rockey2 : -1609564149
2017-06-24 00:41:56.2875 INFO Finishing Initialisation...
2017-06-24 00:41:57.2654 INFO Database connection string : Data Source=|DataDirectory|\ScaleSoft.db3;Version=3;
2017-06-24 00:41:57.2774 INFO Database connection string : Data Source=|DataDirectory|\ScaleSoft.db3;Version=3;
2017-06-24 00:41:57.2774 INFO Database connection string : Data Source=|DataDirectory|\ScaleSoft.db3;Version=3;
2017-06-24 00:42:00.0734 INFO Database connection string : Data Source=|DataDirectory|\ScaleSoft.db3;Version=3;
2017-06-24 00:42:02.3491 INFO Database connection string : Data Source=|DataDirectory|\ScaleSoft.db3;Version=3;
2017-06-24 00:42:02.3601 INFO Database connection string : Data Source=|DataDirectory|\ScaleSoft.db3;Version=3;
2017-06-24 00:42:02.3601 INFO Database connection string : Data Source=|DataDirectory|\ScaleSoft.db3;Version=3;
2017-06-24 00:42:02.3901 INFO Database connection string : Data Source=|DataDirectory|\ScaleSoft.db3;Version=3;
2017-06-24 00:42:21.7425 INFO Database file location: E:\Attique\For-Attiq\ITWhiz.ScaleSoft\ITWhiz.ScaleSoft.Desktop\
2017-06-24 00:42:21.8626 INFO Initialising Components...
2017-06-24 00:42:24.8928 INFO Checking Database Connection...
2017-06-24 00:42:24.9282 INFO Database connection string : Data Source=|DataDirectory|\ScaleSoft.db3;Version=3;
2017-06-24 00:42:27.9975 INFO Checking License...
2017-06-24 00:42:27.9975 INFO Database connection string : Data Source=|DataDirectory|\ScaleSoft.db3;Version=3;
2017-06-24 00:42:28.0823 INFO Error: not find any rockey2 : -1609564149
2017-06-24 00:42:33.4945 INFO Finishing Initialisation...
2017-06-24 00:42:36.1633 INFO Database connection string : Data Source=|DataDirectory|\ScaleSoft.db3;Version=3;
2017-06-24 00:42:36.1723 INFO Database connection string : Data Source=|DataDirectory|\ScaleSoft.db3;Version=3;
2017-06-24 00:42:36.1723 INFO Database connection string : Data Source=|DataDirectory|\ScaleSoft.db3;Version=3;
2017-06-24 00:43:46.7396 INFO Database file location: E:\Attique\For-Attiq\ITWhiz.ScaleSoft\ITWhiz.ScaleSoft.Desktop\
2017-06-24 00:43:46.8607 INFO Initialising Components...
2017-06-24 00:43:49.8892 INFO Checking Database Connection...
2017-06-24 00:43:49.9149 INFO Database connection string : Data Source=|DataDirectory|\ScaleSoft.db3;Version=3;
2017-06-24 00:43:52.9818 INFO Checking License...
2017-06-24 00:43:52.9818 INFO Database connection string : Data Source=|DataDirectory|\ScaleSoft.db3;Version=3;
2017-06-24 00:43:53.0655 INFO Error: not find any rockey2 : -1609564149
2017-06-24 00:43:58.2959 INFO Finishing Initialisation...
2017-06-24 00:44:00.3459 INFO Database connection string : Data Source=|DataDirectory|\ScaleSoft.db3;Version=3;
2017-06-24 00:44:00.3459 INFO Database connection string : Data Source=|DataDirectory|\ScaleSoft.db3;Version=3;
2017-06-24 00:44:00.3639 INFO Database connection string : Data Source=|DataDirectory|\ScaleSoft.db3;Version=3;
2017-06-24 00:44:03.3368 INFO Database connection string : Data Source=|DataDirectory|\ScaleSoft.db3;Version=3;
2017-06-24 00:44:03.3478 INFO Database connection string : Data Source=|DataDirectory|\ScaleSoft.db3;Version=3;
2017-06-24 00:44:03.3558 INFO Database connection string : Data Source=|DataDirectory|\ScaleSoft.db3;Version=3;
2017-06-24 00:44:03.3788 INFO Database connection string : Data Source=|DataDirectory|\ScaleSoft.db3;Version=3;
2017-06-24 00:45:02.0190 INFO Database connection string : Data Source=|DataDirectory|\ScaleSoft.db3;Version=3;
2017-06-24 00:45:02.0280 INFO Database connection string : Data Source=|DataDirectory|\ScaleSoft.db3;Version=3;
2017-06-24 00:45:02.0280 INFO Database connection string : Data Source=|DataDirectory|\ScaleSoft.db3;Version=3;
2017-06-24 00:45:17.2023 INFO Database connection string : Data Source=|DataDirectory|\ScaleSoft.db3;Version=3;
2017-06-24 00:45:17.2023 INFO Database connection string : Data Source=|DataDirectory|\ScaleSoft.db3;Version=3;
2017-06-24 00:45:17.2194 INFO Database connection string : Data Source=|DataDirectory|\ScaleSoft.db3;Version=3;
2017-06-24 00:45:49.5989 INFO Database file location: E:\Attique\For-Attiq\ITWhiz.ScaleSoft\ITWhiz.ScaleSoft.Desktop\
2017-06-24 00:45:49.7070 INFO Initialising Components...
2017-06-24 00:45:52.7346 INFO Checking Database Connection...
2017-06-24 00:45:52.7663 INFO Database connection string : Data Source=|DataDirectory|\ScaleSoft.db3;Version=3;
2017-06-24 00:45:55.8346 INFO Checking License...
2017-06-24 00:45:55.8416 INFO Database connection string : Data Source=|DataDirectory|\ScaleSoft.db3;Version=3;
2017-06-24 00:45:55.9193 INFO Error: not find any rockey2 : -1609564149
2017-06-24 00:46:01.0226 INFO Finishing Initialisation...
2017-06-24 00:46:02.9160 INFO Database connection string : Data Source=|DataDirectory|\ScaleSoft.db3;Version=3;
2017-06-24 00:46:02.9260 INFO Database connection string : Data Source=|DataDirectory|\ScaleSoft.db3;Version=3;
2017-06-24 00:46:02.9260 INFO Database connection string : Data Source=|DataDirectory|\ScaleSoft.db3;Version=3;
2017-06-24 00:46:05.2559 INFO Database connection string : Data Source=|DataDirectory|\ScaleSoft.db3;Version=3;
2017-06-24 00:46:05.2669 INFO Database connection string : Data Source=|DataDirectory|\ScaleSoft.db3;Version=3;
2017-06-24 00:46:05.2669 INFO Database connection string : Data Source=|DataDirectory|\ScaleSoft.db3;Version=3;
2017-06-24 00:46:05.2958 INFO Database connection string : Data Source=|DataDirectory|\ScaleSoft.db3;Version=3;
2017-06-24 00:47:31.4152 INFO Database file location: E:\Attique\For-Attiq\ITWhiz.ScaleSoft\ITWhiz.ScaleSoft.Desktop\
2017-06-24 00:47:31.5279 INFO Initialising Components...
2017-06-24 00:47:34.5554 INFO Checking Database Connection...
2017-06-24 00:47:34.5889 INFO Database connection string : Data Source=|DataDirectory|\ScaleSoft.db3;Version=3;
2017-06-24 00:47:37.6614 INFO Checking License...
2017-06-24 00:47:37.6614 INFO Database connection string : Data Source=|DataDirectory|\ScaleSoft.db3;Version=3;
2017-06-24 00:47:37.7442 INFO Error: not find any rockey2 : -1609564149
2017-06-24 00:47:43.1501 INFO Finishing Initialisation...
2017-06-24 00:47:47.4706 INFO Database connection string : Data Source=|DataDirectory|\ScaleSoft.db3;Version=3;
2017-06-24 00:47:47.4816 INFO Database connection string : Data Source=|DataDirectory|\ScaleSoft.db3;Version=3;
2017-06-24 00:47:47.4816 INFO Database connection string : Data Source=|DataDirectory|\ScaleSoft.db3;Version=3;
2017-06-24 00:47:51.4524 INFO Database connection string : Data Source=|DataDirectory|\ScaleSoft.db3;Version=3;
2017-06-24 00:47:51.4524 INFO Database connection string : Data Source=|DataDirectory|\ScaleSoft.db3;Version=3;
2017-06-24 00:47:51.4715 INFO Database connection string : Data Source=|DataDirectory|\ScaleSoft.db3;Version=3;
2017-06-24 00:47:51.4971 INFO Database connection string : Data Source=|DataDirectory|\ScaleSoft.db3;Version=3;
2017-06-24 00:48:24.2585 INFO Database connection string : Data Source=|DataDirectory|\ScaleSoft.db3;Version=3;
2017-06-24 00:48:24.2668 INFO Database connection string : Data Source=|DataDirectory|\ScaleSoft.db3;Version=3;
2017-06-24 00:48:24.2668 INFO Database connection string : Data Source=|DataDirectory|\ScaleSoft.db3;Version=3;
2017-06-24 00:48:24.2939 INFO Database connection string : Data Source=|DataDirectory|\ScaleSoft.db3;Version=3;
2017-06-24 00:48:42.0240 INFO Database connection string : Data Source=|DataDirectory|\ScaleSoft.db3;Version=3;
2017-06-24 00:48:42.0320 INFO Database connection string : Data Source=|DataDirectory|\ScaleSoft.db3;Version=3;
2017-06-24 00:48:42.0320 INFO Database connection string : Data Source=|DataDirectory|\ScaleSoft.db3;Version=3;
2017-06-24 00:48:42.0571 INFO Database connection string : Data Source=|DataDirectory|\ScaleSoft.db3;Version=3;
2017-06-24 00:49:12.6897 INFO Database file location: E:\Attique\For-Attiq\ITWhiz.ScaleSoft\ITWhiz.ScaleSoft.Desktop\
2017-06-24 00:49:12.7992 INFO Initialising Components...
2017-06-24 00:49:15.8234 INFO Checking Database Connection...
2017-06-24 00:49:15.8549 INFO Database connection string : Data Source=|DataDirectory|\ScaleSoft.db3;Version=3;
2017-06-24 00:49:18.9289 INFO Checking License...
2017-06-24 00:49:18.9350 INFO Database connection string : Data Source=|DataDirectory|\ScaleSoft.db3;Version=3;
2017-06-24 00:49:19.0122 INFO Error: not find any rockey2 : -1609564149
2017-06-24 00:50:53.6233 INFO Finishing Initialisation...
2017-06-24 00:50:57.0096 INFO Database connection string : Data Source=|DataDirectory|\ScaleSoft.db3;Version=3;
2017-06-24 00:50:57.0191 INFO Database connection string : Data Source=|DataDirectory|\ScaleSoft.db3;Version=3;
2017-06-24 00:50:57.0275 INFO Database connection string : Data Source=|DataDirectory|\ScaleSoft.db3;Version=3;
2017-06-24 00:50:59.6312 INFO Database connection string : Data Source=|DataDirectory|\ScaleSoft.db3;Version=3;
2017-06-24 00:50:59.6423 INFO Database connection string : Data Source=|DataDirectory|\ScaleSoft.db3;Version=3;
2017-06-24 00:50:59.6423 INFO Database connection string : Data Source=|DataDirectory|\ScaleSoft.db3;Version=3;
2017-06-24 00:50:59.6729 INFO Database connection string : Data Source=|DataDirectory|\ScaleSoft.db3;Version=3;
2017-06-24 00:51:32.6315 INFO Database connection string : Data Source=|DataDirectory|\ScaleSoft.db3;Version=3;
2017-06-24 00:51:32.6405 INFO Database connection string : Data Source=|DataDirectory|\ScaleSoft.db3;Version=3;
2017-06-24 00:51:32.6405 INFO Database connection string : Data Source=|DataDirectory|\ScaleSoft.db3;Version=3;
2017-06-24 00:51:32.6649 INFO Database connection string : Data Source=|DataDirectory|\ScaleSoft.db3;Version=3;
2017-06-24 00:52:55.8050 INFO Database connection string : Data Source=|DataDirectory|\ScaleSoft.db3;Version=3;
2017-06-24 00:52:55.8137 INFO Database connection string : Data Source=|DataDirectory|\ScaleSoft.db3;Version=3;
2017-06-24 00:52:55.8137 INFO Database connection string : Data Source=|DataDirectory|\ScaleSoft.db3;Version=3;
2017-06-24 00:52:55.8389 INFO Database connection string : Data Source=|DataDirectory|\ScaleSoft.db3;Version=3;
2017-06-24 01:09:16.7221 INFO Database file location: E:\Attique\For-Attiq\ITWhiz.ScaleSoft\ITWhiz.ScaleSoft.Desktop\
2017-06-24 01:09:16.8478 INFO Initialising Components...
2017-06-24 01:09:19.8792 INFO Checking Database Connection...
2017-06-24 01:09:19.9052 INFO Database connection string : Data Source=|DataDirectory|\ScaleSoft.db3;Version=3;
2017-06-24 01:09:22.9734 INFO Checking License...
2017-06-24 01:09:22.9734 INFO Database connection string : Data Source=|DataDirectory|\ScaleSoft.db3;Version=3;
2017-06-24 01:09:23.0587 INFO Error: not find any rockey2 : -1609564149
2017-06-24 01:10:16.9356 INFO Database file location: E:\Attique\For-Attiq\ITWhiz.ScaleSoft\ITWhiz.ScaleSoft.Desktop\
2017-06-24 01:10:17.0495 INFO Initialising Components...
2017-06-24 01:10:20.0741 INFO Checking Database Connection...
2017-06-24 01:10:20.1082 INFO Database connection string : Data Source=|DataDirectory|\ScaleSoft.db3;Version=3;
2017-06-24 01:10:23.1764 INFO Checking License...
2017-06-24 01:10:23.1764 INFO Database connection string : Data Source=|DataDirectory|\ScaleSoft.db3;Version=3;
2017-06-24 01:10:23.2600 INFO Error: not find any rockey2 : -1609564149
2017-06-24 01:10:28.8067 INFO Finishing Initialisation...
2017-06-24 01:10:30.1611 INFO Database connection string : Data Source=|DataDirectory|\ScaleSoft.db3;Version=3;
2017-06-24 01:10:30.1701 INFO Database connection string : Data Source=|DataDirectory|\ScaleSoft.db3;Version=3;
2017-06-24 01:10:30.1701 INFO Database connection string : Data Source=|DataDirectory|\ScaleSoft.db3;Version=3;
2017-06-24 01:10:32.6950 INFO Database connection string : Data Source=|DataDirectory|\ScaleSoft.db3;Version=3;
2017-06-24 01:10:32.7060 INFO Database connection string : Data Source=|DataDirectory|\ScaleSoft.db3;Version=3;
2017-06-24 01:10:32.7060 INFO Database connection string : Data Source=|DataDirectory|\ScaleSoft.db3;Version=3;
2017-06-24 01:10:32.7380 INFO Database connection string : Data Source=|DataDirectory|\ScaleSoft.db3;Version=3;
2017-06-24 01:12:05.7375 INFO Database file location: E:\Attique\For-Attiq\ITWhiz.ScaleSoft\ITWhiz.ScaleSoft.Desktop\
2017-06-24 01:12:05.8691 INFO Initialising Components...
2017-06-24 01:12:08.8979 INFO Checking Database Connection...
2017-06-24 01:12:08.9851 INFO Database connection string : Data Source=|DataDirectory|\ScaleSoft.db3;Version=3;
2017-06-24 01:12:12.0823 INFO Checking License...
2017-06-24 01:12:12.0823 INFO Database connection string : Data Source=|DataDirectory|\ScaleSoft.db3;Version=3;
2017-06-24 01:12:12.1659 INFO Error: not find any rockey2 : -1609564149
2017-06-24 01:12:18.1666 INFO Finishing Initialisation...
2017-06-24 01:12:19.1778 INFO Database connection string : Data Source=|DataDirectory|\ScaleSoft.db3;Version=3;
2017-06-24 01:12:19.1868 INFO Database connection string : Data Source=|DataDirectory|\ScaleSoft.db3;Version=3;
2017-06-24 01:12:19.1868 INFO Database connection string : Data Source=|DataDirectory|\ScaleSoft.db3;Version=3;
2017-06-24 01:12:21.3235 INFO Database connection string : Data Source=|DataDirectory|\ScaleSoft.db3;Version=3;
2017-06-24 01:12:21.3345 INFO Database connection string : Data Source=|DataDirectory|\ScaleSoft.db3;Version=3;
2017-06-24 01:12:21.3426 INFO Database connection string : Data Source=|DataDirectory|\ScaleSoft.db3;Version=3;
2017-06-24 01:12:21.3662 INFO Database connection string : Data Source=|DataDirectory|\ScaleSoft.db3;Version=3;
2017-06-24 01:13:39.9985 INFO Database file location: E:\Attique\For-Attiq\ITWhiz.ScaleSoft\ITWhiz.ScaleSoft.Desktop\
2017-06-24 01:13:40.1219 INFO Initialising Components...
2017-06-24 01:13:43.1563 INFO Checking Database Connection...
2017-06-24 01:13:43.1828 INFO Database connection string : Data Source=|DataDirectory|\ScaleSoft.db3;Version=3;
2017-06-24 01:13:46.2516 INFO Checking License...
2017-06-24 01:13:46.2516 INFO Database connection string : Data Source=|DataDirectory|\ScaleSoft.db3;Version=3;
2017-06-24 01:13:46.3350 INFO Error: not find any rockey2 : -1609564149
2017-06-24 01:13:54.0494 INFO Finishing Initialisation...
2017-06-24 01:13:55.7942 INFO Database connection string : Data Source=|DataDirectory|\ScaleSoft.db3;Version=3;
2017-06-24 01:13:55.7942 INFO Database connection string : Data Source=|DataDirectory|\ScaleSoft.db3;Version=3;
2017-06-24 01:13:55.8113 INFO Database connection string : Data Source=|DataDirectory|\ScaleSoft.db3;Version=3;
2017-06-24 01:13:59.0414 INFO Database connection string : Data Source=|DataDirectory|\ScaleSoft.db3;Version=3;
2017-06-24 01:13:59.0519 INFO Database connection string : Data Source=|DataDirectory|\ScaleSoft.db3;Version=3;
2017-06-24 01:13:59.0599 INFO Database connection string : Data Source=|DataDirectory|\ScaleSoft.db3;Version=3;
2017-06-24 01:13:59.0857 INFO Database connection string : Data Source=|DataDirectory|\ScaleSoft.db3;Version=3;
2017-06-24 01:14:47.8517 INFO Database file location: E:\Attique\For-Attiq\ITWhiz.ScaleSoft\ITWhiz.ScaleSoft.Desktop\
2017-06-24 01:14:47.9698 INFO Initialising Components...
2017-06-24 01:14:51.0025 INFO Checking Database Connection...
2017-06-24 01:14:51.0336 INFO Database connection string : Data Source=|DataDirectory|\ScaleSoft.db3;Version=3;
2017-06-24 01:14:54.1008 INFO Checking License...
2017-06-24 01:14:54.1070 INFO Database connection string : Data Source=|DataDirectory|\ScaleSoft.db3;Version=3;
2017-06-24 01:14:54.1862 INFO Error: not find any rockey2 : -1609564149
2017-06-24 01:14:59.7541 INFO Finishing Initialisation...
2017-06-24 01:15:00.7579 INFO Database connection string : Data Source=|DataDirectory|\ScaleSoft.db3;Version=3;
2017-06-24 01:15:00.7669 INFO Database connection string : Data Source=|DataDirectory|\ScaleSoft.db3;Version=3;
2017-06-24 01:15:00.7669 INFO Database connection string : Data Source=|DataDirectory|\ScaleSoft.db3;Version=3;
2017-06-24 01:15:04.0663 INFO Database connection string : Data Source=|DataDirectory|\ScaleSoft.db3;Version=3;
2017-06-24 01:15:04.0773 INFO Database connection string : Data Source=|DataDirectory|\ScaleSoft.db3;Version=3;
2017-06-24 01:15:04.0773 INFO Database connection string : Data Source=|DataDirectory|\ScaleSoft.db3;Version=3;
2017-06-24 01:15:04.1086 INFO Database connection string : Data Source=|DataDirectory|\ScaleSoft.db3;Version=3;
2017-06-24 01:15:27.6482 INFO Database connection string : Data Source=|DataDirectory|\ScaleSoft.db3;Version=3;
2017-06-24 01:15:28.0935 INFO Database connection string : Data Source=|DataDirectory|\ScaleSoft.db3;Version=3;
2017-06-24 01:16:58.8139 INFO Database file location: E:\Attique\For-Attiq\ITWhiz.ScaleSoft\ITWhiz.ScaleSoft.Desktop\
2017-06-24 01:16:58.9418 INFO Initialising Components...
2017-06-24 01:17:01.9746 INFO Checking Database Connection...
2017-06-24 01:17:02.0076 INFO Database connection string : Data Source=|DataDirectory|\ScaleSoft.db3;Version=3;
2017-06-24 01:17:05.0767 INFO Checking License...
2017-06-24 01:17:05.0767 INFO Database connection string : Data Source=|DataDirectory|\ScaleSoft.db3;Version=3;
2017-06-24 01:17:05.1613 INFO Error: not find any rockey2 : -1609564149
2017-06-24 01:17:10.6320 INFO Finishing Initialisation...
2017-06-24 01:17:11.7254 INFO Database connection string : Data Source=|DataDirectory|\ScaleSoft.db3;Version=3;
2017-06-24 01:17:11.7344 INFO Database connection string : Data Source=|DataDirectory|\ScaleSoft.db3;Version=3;
2017-06-24 01:17:11.7344 INFO Database connection string : Data Source=|DataDirectory|\ScaleSoft.db3;Version=3;
2017-06-24 01:17:14.8940 INFO Database connection string : Data Source=|DataDirectory|\ScaleSoft.db3;Version=3;
2017-06-24 01:17:14.9050 INFO Database connection string : Data Source=|DataDirectory|\ScaleSoft.db3;Version=3;
2017-06-24 01:17:14.9050 INFO Database connection string : Data Source=|DataDirectory|\ScaleSoft.db3;Version=3;
2017-06-24 01:17:14.9357 INFO Database connection string : Data Source=|DataDirectory|\ScaleSoft.db3;Version=3;
2017-06-24 01:17:30.2192 INFO Database connection string : Data Source=|DataDirectory|\ScaleSoft.db3;Version=3;
2017-06-24 01:17:30.7015 INFO Database connection string : Data Source=|DataDirectory|\ScaleSoft.db3;Version=3;
2017-06-24 15:48:09.3507 INFO Database file location: E:\Attique\For-Attiq\ITWhiz.ScaleSoft\ITWhiz.ScaleSoft.Desktop\
2017-06-24 15:48:09.5113 INFO Initialising Components...
2017-06-24 15:48:12.5318 INFO Checking Database Connection...
2017-06-24 15:48:12.9436 INFO Database connection string : Data Source=|DataDirectory|\ScaleSoft.db3;Version=3;
2017-06-24 15:48:16.6772 INFO Checking License...
2017-06-24 15:48:16.6772 INFO Database connection string : Data Source=|DataDirectory|\ScaleSoft.db3;Version=3;
2017-06-24 15:48:16.9440 INFO Error: not find any rockey2 : -1609564149
2017-06-24 15:48:23.0329 INFO Finishing Initialisation...
2017-06-24 15:48:28.4442 INFO Database connection string : Data Source=|DataDirectory|\ScaleSoft.db3;Version=3;
2017-06-24 15:48:28.4442 INFO Database connection string : Data Source=|DataDirectory|\ScaleSoft.db3;Version=3;
2017-06-24 15:48:28.4609 INFO Database connection string : Data Source=|DataDirectory|\ScaleSoft.db3;Version=3;
2017-06-24 16:26:02.1709 INFO Database file location: E:\Attique\For-Attiq\ITWhiz.ScaleSoft\ITWhiz.ScaleSoft.Desktop\
2017-06-24 16:26:02.2879 INFO Initialising Components...
2017-06-24 16:26:05.3197 INFO Checking Database Connection...
2017-06-24 16:26:05.3353 INFO Database connection string : Data Source=|DataDirectory|\ScaleSoft.db3;Version=3;
2017-06-24 16:26:08.6074 INFO Checking License...
2017-06-24 16:26:08.6074 INFO Database connection string : Data Source=|DataDirectory|\ScaleSoft.db3;Version=3;
2017-06-24 16:26:08.8032 INFO Sucess: find rockey2 : 1
2017-06-24 16:26:08.8032 INFO Sucess: open rockey2
2017-06-24 16:26:08.8606 INFO The uid is : 2618208898 and hid 2564932284
2017-06-24 16:26:15.5875 INFO Finishing Initialisation...
2017-06-24 16:26:21.8859 INFO Database connection string : Data Source=|DataDirectory|\ScaleSoft.db3;Version=3;
2017-06-24 16:26:21.9016 INFO Database connection string : Data Source=|DataDirectory|\ScaleSoft.db3;Version=3;
2017-06-24 16:26:21.9016 INFO Database connection string : Data Source=|DataDirectory|\ScaleSoft.db3;Version=3;
2017-06-24 16:26:25.5051 INFO Database connection string : Data Source=|DataDirectory|\ScaleSoft.db3;Version=3;
2017-06-24 16:26:25.5207 INFO Database connection string : Data Source=|DataDirectory|\ScaleSoft.db3;Version=3;
2017-06-24 16:26:25.5379 INFO Database connection string : Data Source=|DataDirectory|\ScaleSoft.db3;Version=3;
2017-06-24 16:26:25.6059 INFO Database connection string : Data Source=|DataDirectory|\ScaleSoft.db3;Version=3;
