2017-06-18 15:44:03.2099 INFO Database file location: E:\Attique\For-Attiq\ITWhiz.ScaleSoft\ITWhiz.ScaleSoft.Desktop\
2017-06-18 15:44:03.6670 INFO Initialising Components...
2017-06-18 15:44:06.7020 INFO Checking Database Connection...
2017-06-18 15:44:08.9926 INFO Database connection string : Data Source=|DataDirectory|\ScaleSoft.db3;Version=3;
2017-06-18 15:44:15.2812 INFO Checking License...
2017-06-18 15:44:15.3995 INFO Database connection string : Data Source=|DataDirectory|\ScaleSoft.db3;Version=3;
2017-06-18 15:44:16.7690 INFO Error: not find any rockey2 : -1609564149
2017-06-18 15:44:26.4534 INFO Finishing Initialisation...
2017-06-18 15:47:37.5877 INFO Database connection string : Data Source=|DataDirectory|\ScaleSoft.db3;Version=3;
2017-06-18 15:47:37.6338 INFO Database connection string : Data Source=|DataDirectory|\ScaleSoft.db3;Version=3;
2017-06-18 15:47:37.6643 INFO Database connection string : Data Source=|DataDirectory|\ScaleSoft.db3;Version=3;
2017-06-18 15:56:14.9741 INFO Database file location: E:\Attique\For-Attiq\ITWhiz.ScaleSoft\ITWhiz.ScaleSoft.Desktop\
2017-06-18 15:56:15.0776 INFO Initialising Components...
2017-06-18 15:56:18.0997 INFO Checking Database Connection...
2017-06-18 15:56:18.1217 INFO Database connection string : Data Source=|DataDirectory|\ScaleSoft.db3;Version=3;
2017-06-18 15:56:21.1884 INFO Checking License...
2017-06-18 15:56:21.2309 INFO Database connection string : Data Source=|DataDirectory|\ScaleSoft.db3;Version=3;
2017-06-18 15:56:21.3090 INFO Error: not find any rockey2 : -1609564149
2017-06-18 15:56:33.4411 INFO Finishing Initialisation...
2017-06-18 15:56:41.0635 INFO Database connection string : Data Source=|DataDirectory|\ScaleSoft.db3;Version=3;
2017-06-18 15:56:41.0635 INFO Database connection string : Data Source=|DataDirectory|\ScaleSoft.db3;Version=3;
2017-06-18 15:56:41.0800 INFO Database connection string : Data Source=|DataDirectory|\ScaleSoft.db3;Version=3;
2017-06-18 15:56:55.5041 INFO Database connection string : Data Source=|DataDirectory|\ScaleSoft.db3;Version=3;
2017-06-18 15:56:55.5756 INFO Database connection string : Data Source=|DataDirectory|\ScaleSoft.db3;Version=3;
2017-06-18 15:56:55.5836 INFO Database connection string : Data Source=|DataDirectory|\ScaleSoft.db3;Version=3;
2017-06-18 15:56:55.6858 INFO Database connection string : Data Source=|DataDirectory|\ScaleSoft.db3;Version=3;
2017-06-18 16:22:26.7797 INFO Database file location: E:\Attique\For-Attiq\ITWhiz.ScaleSoft\ITWhiz.ScaleSoft.Desktop\
2017-06-18 16:22:26.9243 INFO Initialising Components...
2017-06-18 16:22:29.9500 INFO Checking Database Connection...
2017-06-18 16:22:30.0360 INFO Database connection string : Data Source=|DataDirectory|\ScaleSoft.db3;Version=3;
2017-06-18 16:22:33.1161 INFO Checking License...
2017-06-18 16:22:33.1161 INFO Database connection string : Data Source=|DataDirectory|\ScaleSoft.db3;Version=3;
2017-06-18 16:22:33.2322 INFO Error: not find any rockey2 : -1609564149
2017-06-18 16:22:41.4559 INFO Finishing Initialisation...
2017-06-18 16:22:49.0812 INFO Database connection string : Data Source=|DataDirectory|\ScaleSoft.db3;Version=3;
2017-06-18 16:22:49.0812 INFO Database connection string : Data Source=|DataDirectory|\ScaleSoft.db3;Version=3;
2017-06-18 16:22:49.0977 INFO Database connection string : Data Source=|DataDirectory|\ScaleSoft.db3;Version=3;
2017-06-18 16:40:00.7382 INFO Database file location: E:\Attique\For-Attiq\ITWhiz.ScaleSoft\ITWhiz.ScaleSoft.Desktop\
2017-06-18 16:40:00.8728 INFO Initialising Components...
2017-06-18 16:40:03.9401 INFO Checking Database Connection...
2017-06-18 16:40:03.9631 INFO Database connection string : Data Source=|DataDirectory|\ScaleSoft.db3;Version=3;
2017-06-18 16:40:07.0214 INFO Checking License...
2017-06-18 16:40:07.0214 INFO Database connection string : Data Source=|DataDirectory|\ScaleSoft.db3;Version=3;
2017-06-18 16:40:07.1094 INFO Error: not find any rockey2 : -1609564149
2017-06-18 16:57:47.3617 INFO Database file location: E:\Attique\For-Attiq\ITWhiz.ScaleSoft\ITWhiz.ScaleSoft.Desktop\
2017-06-18 16:57:47.5053 INFO Initialising Components...
2017-06-18 16:57:50.5397 INFO Checking Database Connection...
2017-06-18 16:57:50.7152 INFO Database connection string : Data Source=|DataDirectory|\ScaleSoft.db3;Version=3;
2017-06-18 16:57:53.9298 INFO Checking License...
2017-06-18 16:57:53.9665 INFO Database connection string : Data Source=|DataDirectory|\ScaleSoft.db3;Version=3;
2017-06-18 16:57:54.1521 INFO Error: not find any rockey2 : -1609564149
2017-06-18 16:58:02.6708 INFO Finishing Initialisation...
2017-06-18 16:58:07.5339 INFO Database connection string : Data Source=|DataDirectory|\ScaleSoft.db3;Version=3;
2017-06-18 16:58:07.5589 INFO Database connection string : Data Source=|DataDirectory|\ScaleSoft.db3;Version=3;
2017-06-18 16:58:07.5669 INFO Database connection string : Data Source=|DataDirectory|\ScaleSoft.db3;Version=3;
