2017-10-02 09:51:31.7603 INFO Database file location: E:\Attique\For-Attiq\ITWhiz.ScaleSoft\ITWhiz.ScaleSoft.Desktop\
2017-10-02 09:51:32.1047 INFO Initialising Components...
2017-10-02 09:51:35.1550 INFO Checking Database Connection...
2017-10-02 09:51:35.7834 INFO Database connection string : Data Source=|DataDirectory|\ScaleSoft.db3;Version=3;
2017-10-02 09:51:39.7177 INFO Checking License...
2017-10-02 09:51:39.7177 INFO Database connection string : Data Source=|DataDirectory|\ScaleSoft.db3;Version=3;
2017-10-02 09:51:40.5353 INFO Error: not find any rockey2 : -1609564149
2017-10-02 09:51:47.3460 INFO Finishing Initialisation...
2017-10-02 09:52:58.0326 INFO Database connection string : Data Source=|DataDirectory|\ScaleSoft.db3;Version=3;
2017-10-02 09:52:58.0466 INFO Database connection string : Data Source=|DataDirectory|\ScaleSoft.db3;Version=3;
2017-10-02 09:52:58.0571 INFO Database connection string : Data Source=|DataDirectory|\ScaleSoft.db3;Version=3;
2017-10-02 09:53:02.9667 INFO Database connection string : Data Source=|DataDirectory|\ScaleSoft.db3;Version=3;
2017-10-02 09:53:03.0047 INFO Database connection string : Data Source=|DataDirectory|\ScaleSoft.db3;Version=3;
2017-10-02 09:53:03.0147 INFO Database connection string : Data Source=|DataDirectory|\ScaleSoft.db3;Version=3;
2017-10-02 09:53:03.0427 INFO Database connection string : Data Source=|DataDirectory|\ScaleSoft.db3;Version=3;
2017-10-02 09:53:56.8612 INFO Database file location: E:\Attique\For-Attiq\ITWhiz.ScaleSoft\ITWhiz.ScaleSoft.Desktop\
2017-10-02 09:53:57.0948 INFO Initialising Components...
2017-10-02 09:54:00.1214 INFO Checking Database Connection...
2017-10-02 09:54:00.1700 INFO Database connection string : Data Source=|DataDirectory|\ScaleSoft.db3;Version=3;
2017-10-02 09:54:03.2664 INFO Checking License...
2017-10-02 09:54:03.2744 INFO Database connection string : Data Source=|DataDirectory|\ScaleSoft.db3;Version=3;
2017-10-02 09:54:03.3805 INFO Error: not find any rockey2 : -1609564149
2017-10-02 09:54:35.2043 INFO Finishing Initialisation...
2017-10-02 09:54:47.3764 INFO Database connection string : Data Source=|DataDirectory|\ScaleSoft.db3;Version=3;
2017-10-02 09:54:47.3884 INFO Database connection string : Data Source=|DataDirectory|\ScaleSoft.db3;Version=3;
2017-10-02 09:54:47.3984 INFO Database connection string : Data Source=|DataDirectory|\ScaleSoft.db3;Version=3;
2017-10-02 09:54:50.3971 INFO Database connection string : Data Source=|DataDirectory|\ScaleSoft.db3;Version=3;
2017-10-02 09:54:50.4131 INFO Database connection string : Data Source=|DataDirectory|\ScaleSoft.db3;Version=3;
2017-10-02 09:54:50.4226 INFO Database connection string : Data Source=|DataDirectory|\ScaleSoft.db3;Version=3;
2017-10-02 09:54:50.4506 INFO Database connection string : Data Source=|DataDirectory|\ScaleSoft.db3;Version=3;
2017-10-02 09:55:28.0902 INFO Database connection string : Data Source=|DataDirectory|\ScaleSoft.db3;Version=3;
2017-10-02 09:55:28.5801 INFO Database connection string : Data Source=|DataDirectory|\ScaleSoft.db3;Version=3;
