2017-10-18 22:45:44.2012 INFO Database file location: E:\IBTS\ITWhiz.ScaleSoft\ITWhiz.ScaleSoft.Desktop\
2017-10-18 22:45:44.6206 INFO Initialising Components...
2017-10-18 22:45:47.8780 INFO Checking Database Connection...
2017-10-18 22:45:48.0741 INFO Database connection string : Data Source=|DataDirectory|\ScaleSoft.db3;Version=3;
2017-10-18 22:45:51.7544 INFO Checking License...
2017-10-18 22:45:51.7810 INFO Database connection string : Data Source=|DataDirectory|\ScaleSoft.db3;Version=3;
2017-10-18 22:45:52.7377 INFO Sucess: find rockey2 : 1
2017-10-18 22:45:52.7377 INFO Sucess: open rockey2
2017-10-18 22:45:52.7889 INFO The uid is : 2618208898 and hid 2564932284
2017-10-18 22:45:55.8027 INFO Finishing Initialisation...
2017-10-18 22:45:55.8177 INFO Database connection string : Data Source=|DataDirectory|\ScaleSoft.db3;Version=3;
2017-10-18 22:45:55.8490 INFO Sucess: find rockey2 : 1
2017-10-18 22:45:55.8620 INFO Sucess: open rockey2
2017-10-18 22:45:55.9249 INFO The uid is : 2618208898 and hid 2564932284
2017-10-18 22:46:00.9324 INFO Database connection string : Data Source=|DataDirectory|\ScaleSoft.db3;Version=3;
2017-10-18 22:46:00.9482 INFO Database connection string : Data Source=|DataDirectory|\ScaleSoft.db3;Version=3;
2017-10-18 22:46:00.9637 INFO Database connection string : Data Source=|DataDirectory|\ScaleSoft.db3;Version=3;
2017-10-18 22:46:06.7577 INFO Database connection string : Data Source=|DataDirectory|\ScaleSoft.db3;Version=3;
2017-10-18 22:55:14.0858 INFO Database file location: E:\IBTS\ITWhiz.ScaleSoft\ITWhiz.ScaleSoft.Desktop\
2017-10-18 22:55:14.3319 INFO Initialising Components...
2017-10-18 22:55:17.4564 INFO Checking Database Connection...
2017-10-18 22:55:17.5255 INFO Database connection string : Data Source=|DataDirectory|\ScaleSoft.db3;Version=3;
2017-10-18 22:55:20.6760 INFO Checking License...
2017-10-18 22:55:20.6915 INFO Database connection string : Data Source=|DataDirectory|\ScaleSoft.db3;Version=3;
2017-10-18 22:55:21.1214 INFO Sucess: find rockey2 : 1
2017-10-18 22:55:21.1372 INFO Sucess: open rockey2
2017-10-18 22:55:21.2039 INFO The uid is : 2618208898 and hid 2564932284
2017-10-18 22:55:24.2515 INFO Finishing Initialisation...
2017-10-18 22:55:24.2671 INFO Database connection string : Data Source=|DataDirectory|\ScaleSoft.db3;Version=3;
2017-10-18 22:55:24.2984 INFO Sucess: find rockey2 : 1
2017-10-18 22:55:24.3140 INFO Sucess: open rockey2
2017-10-18 22:55:24.3676 INFO The uid is : 2618208898 and hid 2564932284
2017-10-18 22:55:27.2536 INFO Database connection string : Data Source=|DataDirectory|\ScaleSoft.db3;Version=3;
2017-10-18 22:55:27.2692 INFO Database connection string : Data Source=|DataDirectory|\ScaleSoft.db3;Version=3;
2017-10-18 22:55:27.2692 INFO Database connection string : Data Source=|DataDirectory|\ScaleSoft.db3;Version=3;
2017-10-18 22:55:30.7723 INFO Database connection string : Data Source=|DataDirectory|\ScaleSoft.db3;Version=3;
2017-10-18 22:55:30.8726 INFO Database connection string : Data Source=|DataDirectory|\ScaleSoft.db3;Version=3;
2017-10-18 22:55:30.8726 INFO Database connection string : Data Source=|DataDirectory|\ScaleSoft.db3;Version=3;
2017-10-18 22:55:30.9205 INFO Database connection string : Data Source=|DataDirectory|\ScaleSoft.db3;Version=3;
2017-10-18 22:55:56.7754 INFO Database connection string : Data Source=|DataDirectory|\ScaleSoft.db3;Version=3;
2017-10-18 22:55:57.0765 INFO Database connection string : Data Source=|DataDirectory|\ScaleSoft.db3;Version=3;
2017-10-18 22:55:57.4915 INFO Database connection string : Data Source=|DataDirectory|\ScaleSoft.db3;Version=3;
2017-10-18 22:56:21.0854 INFO Database connection string : Data Source=|DataDirectory|\ScaleSoft.db3;Version=3;
2017-10-18 22:56:49.5004 INFO Database connection string : Data Source=|DataDirectory|\ScaleSoft.db3;Version=3;
2017-10-18 23:10:46.5437 INFO Database file location: E:\IBTS\ITWhiz.ScaleSoft\ITWhiz.ScaleSoft.Desktop\
2017-10-18 23:10:46.7949 INFO Initialising Components...
2017-10-18 23:10:49.8978 INFO Checking Database Connection...
2017-10-18 23:10:49.9507 INFO Database connection string : Data Source=|DataDirectory|\ScaleSoft.db3;Version=3;
2017-10-18 23:10:53.1006 INFO Checking License...
2017-10-18 23:10:53.1162 INFO Database connection string : Data Source=|DataDirectory|\ScaleSoft.db3;Version=3;
2017-10-18 23:10:53.5731 INFO Sucess: find rockey2 : 1
2017-10-18 23:10:53.5731 INFO Sucess: open rockey2
2017-10-18 23:10:53.6359 INFO The uid is : 2618208898 and hid 2564932284
2017-10-18 23:10:56.6719 INFO Finishing Initialisation...
2017-10-18 23:10:56.6874 INFO Database connection string : Data Source=|DataDirectory|\ScaleSoft.db3;Version=3;
2017-10-18 23:10:56.7030 INFO Sucess: find rockey2 : 1
2017-10-18 23:10:56.7187 INFO Sucess: open rockey2
2017-10-18 23:10:56.7717 INFO The uid is : 2618208898 and hid 2564932284
2017-10-18 23:10:59.7360 INFO Database connection string : Data Source=|DataDirectory|\ScaleSoft.db3;Version=3;
2017-10-18 23:10:59.7521 INFO Database connection string : Data Source=|DataDirectory|\ScaleSoft.db3;Version=3;
2017-10-18 23:10:59.7521 INFO Database connection string : Data Source=|DataDirectory|\ScaleSoft.db3;Version=3;
2017-10-18 23:11:04.5418 INFO Database connection string : Data Source=|DataDirectory|\ScaleSoft.db3;Version=3;
2017-10-18 23:11:04.5951 INFO Database connection string : Data Source=|DataDirectory|\ScaleSoft.db3;Version=3;
2017-10-18 23:11:04.5951 INFO Database connection string : Data Source=|DataDirectory|\ScaleSoft.db3;Version=3;
2017-10-18 23:11:04.6263 INFO Database connection string : Data Source=|DataDirectory|\ScaleSoft.db3;Version=3;
2017-10-18 23:16:22.5554 INFO Database connection string : Data Source=|DataDirectory|\ScaleSoft.db3;Version=3;
2017-10-18 23:16:22.8497 INFO Database connection string : Data Source=|DataDirectory|\ScaleSoft.db3;Version=3;
2017-10-18 23:16:23.2214 INFO Database connection string : Data Source=|DataDirectory|\ScaleSoft.db3;Version=3;
2017-10-18 23:16:47.5158 INFO Database connection string : Data Source=|DataDirectory|\ScaleSoft.db3;Version=3;
2017-10-18 23:16:52.0815 INFO Database connection string : Data Source=|DataDirectory|\ScaleSoft.db3;Version=3;
2017-10-18 23:20:14.5259 INFO Database file location: E:\IBTS\ITWhiz.ScaleSoft\ITWhiz.ScaleSoft.Desktop\
2017-10-18 23:20:14.8695 INFO Initialising Components...
2017-10-18 23:20:17.9826 INFO Checking Database Connection...
2017-10-18 23:20:18.0607 INFO Database connection string : Data Source=|DataDirectory|\ScaleSoft.db3;Version=3;
2017-10-18 23:20:21.3028 INFO Checking License...
2017-10-18 23:20:21.3183 INFO Database connection string : Data Source=|DataDirectory|\ScaleSoft.db3;Version=3;
2017-10-18 23:20:21.8226 INFO Sucess: find rockey2 : 1
2017-10-18 23:20:21.8226 INFO Sucess: open rockey2
2017-10-18 23:20:21.8883 INFO The uid is : 2618208898 and hid 2564932284
2017-10-18 23:20:24.9209 INFO Finishing Initialisation...
2017-10-18 23:20:24.9363 INFO Database connection string : Data Source=|DataDirectory|\ScaleSoft.db3;Version=3;
2017-10-18 23:20:24.9676 INFO Sucess: find rockey2 : 1
2017-10-18 23:20:24.9676 INFO Sucess: open rockey2
2017-10-18 23:20:25.0366 INFO The uid is : 2618208898 and hid 2564932284
2017-10-18 23:20:29.0555 INFO Database connection string : Data Source=|DataDirectory|\ScaleSoft.db3;Version=3;
2017-10-18 23:20:29.0711 INFO Database connection string : Data Source=|DataDirectory|\ScaleSoft.db3;Version=3;
2017-10-18 23:20:29.0711 INFO Database connection string : Data Source=|DataDirectory|\ScaleSoft.db3;Version=3;
2017-10-18 23:20:34.6958 INFO Database connection string : Data Source=|DataDirectory|\ScaleSoft.db3;Version=3;
2017-10-18 23:20:34.7937 INFO Database connection string : Data Source=|DataDirectory|\ScaleSoft.db3;Version=3;
2017-10-18 23:20:34.7937 INFO Database connection string : Data Source=|DataDirectory|\ScaleSoft.db3;Version=3;
2017-10-18 23:20:34.8269 INFO Database connection string : Data Source=|DataDirectory|\ScaleSoft.db3;Version=3;
2017-10-18 23:21:17.8760 INFO Database connection string : Data Source=|DataDirectory|\ScaleSoft.db3;Version=3;
2017-10-18 23:21:18.1446 INFO Database connection string : Data Source=|DataDirectory|\ScaleSoft.db3;Version=3;
2017-10-18 23:21:18.4763 INFO Database connection string : Data Source=|DataDirectory|\ScaleSoft.db3;Version=3;
2017-10-18 23:21:23.7632 INFO Database connection string : Data Source=|DataDirectory|\ScaleSoft.db3;Version=3;
2017-10-18 23:21:30.0405 INFO Database connection string : Data Source=|DataDirectory|\ScaleSoft.db3;Version=3;
2017-10-18 23:26:01.0052 INFO Database file location: E:\IBTS\ITWhiz.ScaleSoft\ITWhiz.ScaleSoft.Desktop\
2017-10-18 23:26:01.2914 INFO Initialising Components...
2017-10-18 23:26:04.4159 INFO Checking Database Connection...
2017-10-18 23:26:04.4850 INFO Database connection string : Data Source=|DataDirectory|\ScaleSoft.db3;Version=3;
2017-10-18 23:26:07.6563 INFO Checking License...
2017-10-18 23:26:07.6719 INFO Database connection string : Data Source=|DataDirectory|\ScaleSoft.db3;Version=3;
2017-10-18 23:26:08.1171 INFO Sucess: find rockey2 : 1
2017-10-18 23:26:08.1365 INFO Sucess: open rockey2
2017-10-18 23:26:08.1885 INFO The uid is : 2618208898 and hid 2564932284
2017-10-18 23:26:11.2213 INFO Finishing Initialisation...
2017-10-18 23:26:11.2213 INFO Database connection string : Data Source=|DataDirectory|\ScaleSoft.db3;Version=3;
2017-10-18 23:26:11.2430 INFO Sucess: find rockey2 : 1
2017-10-18 23:26:11.2430 INFO Sucess: open rockey2
2017-10-18 23:26:11.2899 INFO The uid is : 2618208898 and hid 2564932284
2017-10-18 23:26:22.2645 INFO Database connection string : Data Source=|DataDirectory|\ScaleSoft.db3;Version=3;
2017-10-18 23:26:22.2802 INFO Database connection string : Data Source=|DataDirectory|\ScaleSoft.db3;Version=3;
2017-10-18 23:26:22.2802 INFO Database connection string : Data Source=|DataDirectory|\ScaleSoft.db3;Version=3;
2017-10-18 23:26:33.8880 INFO Database connection string : Data Source=|DataDirectory|\ScaleSoft.db3;Version=3;
2017-10-18 23:26:33.9348 INFO Database connection string : Data Source=|DataDirectory|\ScaleSoft.db3;Version=3;
2017-10-18 23:26:33.9348 INFO Database connection string : Data Source=|DataDirectory|\ScaleSoft.db3;Version=3;
2017-10-18 23:26:33.9726 INFO Database connection string : Data Source=|DataDirectory|\ScaleSoft.db3;Version=3;
2017-10-18 23:26:59.4165 INFO Database connection string : Data Source=|DataDirectory|\ScaleSoft.db3;Version=3;
2017-10-18 23:26:59.6701 INFO Database connection string : Data Source=|DataDirectory|\ScaleSoft.db3;Version=3;
2017-10-18 23:27:00.0536 INFO Database connection string : Data Source=|DataDirectory|\ScaleSoft.db3;Version=3;
2017-10-18 23:27:07.5386 INFO Database connection string : Data Source=|DataDirectory|\ScaleSoft.db3;Version=3;
2017-10-18 23:27:23.0097 INFO Database connection string : Data Source=|DataDirectory|\ScaleSoft.db3;Version=3;
2017-10-18 23:33:11.5702 INFO Database file location: E:\IBTS\ITWhiz.ScaleSoft\ITWhiz.ScaleSoft.Desktop\
2017-10-18 23:33:11.9051 INFO Initialising Components...
2017-10-18 23:33:15.0768 INFO Checking Database Connection...
2017-10-18 23:33:15.1302 INFO Database connection string : Data Source=|DataDirectory|\ScaleSoft.db3;Version=3;
2017-10-18 23:33:18.3159 INFO Checking License...
2017-10-18 23:33:18.3316 INFO Database connection string : Data Source=|DataDirectory|\ScaleSoft.db3;Version=3;
2017-10-18 23:33:18.8009 INFO Sucess: find rockey2 : 0
2017-10-18 23:33:18.8009 INFO Error: can not open the rockey2 : -1609564159
2017-10-18 23:33:25.5993 INFO Finishing Initialisation...
2017-10-18 23:33:25.5993 INFO Database connection string : Data Source=|DataDirectory|\ScaleSoft.db3;Version=3;
2017-10-18 23:33:25.6352 INFO Sucess: find rockey2 : 0
2017-10-18 23:33:25.6507 INFO Error: can not open the rockey2 : -1609564159
2017-10-18 23:33:31.4382 INFO Database connection string : Data Source=|DataDirectory|\ScaleSoft.db3;Version=3;
2017-10-18 23:33:31.4539 INFO Database connection string : Data Source=|DataDirectory|\ScaleSoft.db3;Version=3;
2017-10-18 23:33:31.4539 INFO Database connection string : Data Source=|DataDirectory|\ScaleSoft.db3;Version=3;
2017-10-18 23:33:37.0736 INFO Database connection string : Data Source=|DataDirectory|\ScaleSoft.db3;Version=3;
2017-10-18 23:33:37.1048 INFO Database connection string : Data Source=|DataDirectory|\ScaleSoft.db3;Version=3;
2017-10-18 23:33:37.1204 INFO Database connection string : Data Source=|DataDirectory|\ScaleSoft.db3;Version=3;
2017-10-18 23:33:37.1421 INFO Database connection string : Data Source=|DataDirectory|\ScaleSoft.db3;Version=3;
2017-10-18 23:34:16.5933 INFO Database connection string : Data Source=|DataDirectory|\ScaleSoft.db3;Version=3;
2017-10-18 23:34:16.8774 INFO Database connection string : Data Source=|DataDirectory|\ScaleSoft.db3;Version=3;
2017-10-18 23:34:17.2253 INFO Database connection string : Data Source=|DataDirectory|\ScaleSoft.db3;Version=3;
2017-10-18 23:34:24.1446 INFO Database connection string : Data Source=|DataDirectory|\ScaleSoft.db3;Version=3;
2017-10-18 23:34:55.0995 INFO Database connection string : Data Source=|DataDirectory|\ScaleSoft.db3;Version=3;
2017-10-18 23:40:20.3982 INFO Database file location: E:\IBTS\ITWhiz.ScaleSoft\ITWhiz.ScaleSoft.Desktop\
2017-10-18 23:40:20.6671 INFO Initialising Components...
2017-10-18 23:40:23.8033 INFO Checking Database Connection...
2017-10-18 23:40:23.8916 INFO Database connection string : Data Source=|DataDirectory|\ScaleSoft.db3;Version=3;
2017-10-18 23:40:27.0889 INFO Checking License...
2017-10-18 23:40:27.0889 INFO Database connection string : Data Source=|DataDirectory|\ScaleSoft.db3;Version=3;
2017-10-18 23:40:27.4938 INFO Sucess: find rockey2 : 0
2017-10-18 23:40:27.5139 INFO Error: can not open the rockey2 : -1609564159
2017-10-18 23:40:33.5668 INFO Finishing Initialisation...
2017-10-18 23:40:33.5822 INFO Database connection string : Data Source=|DataDirectory|\ScaleSoft.db3;Version=3;
2017-10-18 23:40:33.6044 INFO Sucess: find rockey2 : 0
2017-10-18 23:40:33.6201 INFO Error: can not open the rockey2 : -1609564159
2017-10-18 23:40:37.2286 INFO Database connection string : Data Source=|DataDirectory|\ScaleSoft.db3;Version=3;
2017-10-18 23:40:37.2441 INFO Database connection string : Data Source=|DataDirectory|\ScaleSoft.db3;Version=3;
2017-10-18 23:40:37.2598 INFO Database connection string : Data Source=|DataDirectory|\ScaleSoft.db3;Version=3;
2017-10-18 23:40:43.5165 INFO Database connection string : Data Source=|DataDirectory|\ScaleSoft.db3;Version=3;
2017-10-18 23:40:54.1013 INFO Database connection string : Data Source=|DataDirectory|\ScaleSoft.db3;Version=3;
2017-10-18 23:40:55.9558 INFO Database connection string : Data Source=|DataDirectory|\ScaleSoft.db3;Version=3;
2017-10-18 23:41:37.8048 INFO Database file location: E:\IBTS\ITWhiz.ScaleSoft\ITWhiz.ScaleSoft.Desktop\
2017-10-18 23:41:38.0991 INFO Initialising Components...
2017-10-18 23:41:41.2015 INFO Checking Database Connection...
2017-10-18 23:41:41.3016 INFO Database connection string : Data Source=|DataDirectory|\ScaleSoft.db3;Version=3;
2017-10-18 23:41:44.4869 INFO Checking License...
2017-10-18 23:41:44.5025 INFO Database connection string : Data Source=|DataDirectory|\ScaleSoft.db3;Version=3;
2017-10-18 23:41:44.9033 INFO Sucess: find rockey2 : 0
2017-10-18 23:41:44.9033 INFO Error: can not open the rockey2 : -1609564159
2017-10-18 23:41:54.0845 INFO Finishing Initialisation...
2017-10-18 23:41:54.1002 INFO Database connection string : Data Source=|DataDirectory|\ScaleSoft.db3;Version=3;
2017-10-18 23:41:54.1158 INFO Sucess: find rockey2 : 0
2017-10-18 23:41:54.1314 INFO Error: can not open the rockey2 : -1609564159
2017-10-18 23:42:13.4455 INFO Database connection string : Data Source=|DataDirectory|\ScaleSoft.db3;Version=3;
2017-10-18 23:42:13.4612 INFO Database connection string : Data Source=|DataDirectory|\ScaleSoft.db3;Version=3;
2017-10-18 23:42:13.4612 INFO Database connection string : Data Source=|DataDirectory|\ScaleSoft.db3;Version=3;
2017-10-18 23:42:19.9350 INFO Database connection string : Data Source=|DataDirectory|\ScaleSoft.db3;Version=3;
2017-10-18 23:42:19.9880 INFO Database connection string : Data Source=|DataDirectory|\ScaleSoft.db3;Version=3;
2017-10-18 23:42:20.0036 INFO Database connection string : Data Source=|DataDirectory|\ScaleSoft.db3;Version=3;
2017-10-18 23:42:20.0192 INFO Database connection string : Data Source=|DataDirectory|\ScaleSoft.db3;Version=3;
2017-10-18 23:42:44.7053 INFO Database connection string : Data Source=|DataDirectory|\ScaleSoft.db3;Version=3;
2017-10-18 23:42:44.9052 INFO Database connection string : Data Source=|DataDirectory|\ScaleSoft.db3;Version=3;
2017-10-18 23:42:45.2368 INFO Database connection string : Data Source=|DataDirectory|\ScaleSoft.db3;Version=3;
2017-10-18 23:42:52.8451 INFO Database connection string : Data Source=|DataDirectory|\ScaleSoft.db3;Version=3;
2017-10-18 23:43:12.7148 INFO Database connection string : Data Source=|DataDirectory|\ScaleSoft.db3;Version=3;
2017-10-18 23:45:50.3514 INFO Database file location: E:\IBTS\ITWhiz.ScaleSoft\ITWhiz.ScaleSoft.Desktop\
2017-10-18 23:45:50.5946 INFO Initialising Components...
2017-10-18 23:45:53.6963 INFO Checking Database Connection...
2017-10-18 23:45:53.7809 INFO Database connection string : Data Source=|DataDirectory|\ScaleSoft.db3;Version=3;
2017-10-18 23:45:56.9840 INFO Checking License...
2017-10-18 23:45:56.9996 INFO Database connection string : Data Source=|DataDirectory|\ScaleSoft.db3;Version=3;
2017-10-18 23:45:57.3844 INFO Sucess: find rockey2 : 0
2017-10-18 23:45:57.3844 INFO Error: can not open the rockey2 : -1609564159
2017-10-18 23:46:07.8162 INFO Finishing Initialisation...
2017-10-18 23:46:07.8162 INFO Database connection string : Data Source=|DataDirectory|\ScaleSoft.db3;Version=3;
2017-10-18 23:46:07.8162 INFO Sucess: find rockey2 : 0
2017-10-18 23:46:07.8318 INFO Error: can not open the rockey2 : -1609564159
2017-10-18 23:46:11.0233 INFO Database connection string : Data Source=|DataDirectory|\ScaleSoft.db3;Version=3;
2017-10-18 23:46:11.0233 INFO Database connection string : Data Source=|DataDirectory|\ScaleSoft.db3;Version=3;
2017-10-18 23:46:11.0389 INFO Database connection string : Data Source=|DataDirectory|\ScaleSoft.db3;Version=3;
2017-10-18 23:46:17.2962 INFO Database connection string : Data Source=|DataDirectory|\ScaleSoft.db3;Version=3;
2017-10-18 23:46:17.3274 INFO Database connection string : Data Source=|DataDirectory|\ScaleSoft.db3;Version=3;
2017-10-18 23:46:17.3431 INFO Database connection string : Data Source=|DataDirectory|\ScaleSoft.db3;Version=3;
2017-10-18 23:46:17.3965 INFO Database connection string : Data Source=|DataDirectory|\ScaleSoft.db3;Version=3;
2017-10-18 23:46:48.6462 INFO Database connection string : Data Source=|DataDirectory|\ScaleSoft.db3;Version=3;
2017-10-18 23:46:48.9306 INFO Database connection string : Data Source=|DataDirectory|\ScaleSoft.db3;Version=3;
2017-10-18 23:46:49.2998 INFO Database connection string : Data Source=|DataDirectory|\ScaleSoft.db3;Version=3;
2017-10-18 23:46:54.4554 INFO Database connection string : Data Source=|DataDirectory|\ScaleSoft.db3;Version=3;
2017-10-18 23:47:04.5717 INFO Database connection string : Data Source=|DataDirectory|\ScaleSoft.db3;Version=3;
2017-10-18 23:50:56.0779 INFO Database file location: E:\IBTS\ITWhiz.ScaleSoft\ITWhiz.ScaleSoft.Desktop\
2017-10-18 23:50:56.3056 INFO Initialising Components...
2017-10-18 23:50:59.3782 INFO Checking Database Connection...
2017-10-18 23:50:59.4799 INFO Database connection string : Data Source=|DataDirectory|\ScaleSoft.db3;Version=3;
2017-10-18 23:51:02.6251 INFO Checking License...
2017-10-18 23:51:02.6584 INFO Database connection string : Data Source=|DataDirectory|\ScaleSoft.db3;Version=3;
2017-10-18 23:51:03.0103 INFO Sucess: find rockey2 : 0
2017-10-18 23:51:03.0103 INFO Error: can not open the rockey2 : -1609564159
2017-10-18 23:51:08.8510 INFO Finishing Initialisation...
2017-10-18 23:51:08.8732 INFO Database connection string : Data Source=|DataDirectory|\ScaleSoft.db3;Version=3;
2017-10-18 23:51:08.9044 INFO Sucess: find rockey2 : 0
2017-10-18 23:51:08.9201 INFO Error: can not open the rockey2 : -1609564159
2017-10-18 23:51:21.5194 INFO Database connection string : Data Source=|DataDirectory|\ScaleSoft.db3;Version=3;
2017-10-18 23:51:21.5194 INFO Database connection string : Data Source=|DataDirectory|\ScaleSoft.db3;Version=3;
2017-10-18 23:51:21.5350 INFO Database connection string : Data Source=|DataDirectory|\ScaleSoft.db3;Version=3;
2017-10-18 23:51:24.7538 INFO Database connection string : Data Source=|DataDirectory|\ScaleSoft.db3;Version=3;
2017-10-18 23:51:24.7911 INFO Database connection string : Data Source=|DataDirectory|\ScaleSoft.db3;Version=3;
2017-10-18 23:51:24.8068 INFO Database connection string : Data Source=|DataDirectory|\ScaleSoft.db3;Version=3;
2017-10-18 23:51:24.8224 INFO Database connection string : Data Source=|DataDirectory|\ScaleSoft.db3;Version=3;
2017-10-18 23:51:44.5190 INFO Database connection string : Data Source=|DataDirectory|\ScaleSoft.db3;Version=3;
2017-10-18 23:51:44.7816 INFO Database connection string : Data Source=|DataDirectory|\ScaleSoft.db3;Version=3;
2017-10-18 23:51:45.1037 INFO Database connection string : Data Source=|DataDirectory|\ScaleSoft.db3;Version=3;
2017-10-18 23:51:50.1229 INFO Database connection string : Data Source=|DataDirectory|\ScaleSoft.db3;Version=3;
2017-10-18 23:51:57.4135 INFO Database connection string : Data Source=|DataDirectory|\ScaleSoft.db3;Version=3;
2017-10-18 23:53:25.2043 INFO Database file location: E:\IBTS\ITWhiz.ScaleSoft\ITWhiz.ScaleSoft.Desktop\
2017-10-18 23:53:25.5041 INFO Initialising Components...
2017-10-18 23:53:28.6855 INFO Checking Database Connection...
2017-10-18 23:53:28.7700 INFO Database connection string : Data Source=|DataDirectory|\ScaleSoft.db3;Version=3;
2017-10-18 23:53:31.9745 INFO Checking License...
2017-10-18 23:53:31.9901 INFO Database connection string : Data Source=|DataDirectory|\ScaleSoft.db3;Version=3;
2017-10-18 23:53:32.3375 INFO Sucess: find rockey2 : 0
2017-10-18 23:53:32.3375 INFO Error: can not open the rockey2 : -1609564159
2017-10-18 23:53:45.1147 INFO Finishing Initialisation...
2017-10-18 23:53:45.1303 INFO Database connection string : Data Source=|DataDirectory|\ScaleSoft.db3;Version=3;
2017-10-18 23:53:45.1681 INFO Sucess: find rockey2 : 0
2017-10-18 23:53:45.1837 INFO Error: can not open the rockey2 : -1609564159
2017-10-18 23:53:47.8642 INFO Database connection string : Data Source=|DataDirectory|\ScaleSoft.db3;Version=3;
2017-10-18 23:53:47.8798 INFO Database connection string : Data Source=|DataDirectory|\ScaleSoft.db3;Version=3;
2017-10-18 23:53:47.8798 INFO Database connection string : Data Source=|DataDirectory|\ScaleSoft.db3;Version=3;
2017-10-18 23:53:51.3123 INFO Database connection string : Data Source=|DataDirectory|\ScaleSoft.db3;Version=3;
2017-10-18 23:53:51.3655 INFO Database connection string : Data Source=|DataDirectory|\ScaleSoft.db3;Version=3;
2017-10-18 23:53:51.3811 INFO Database connection string : Data Source=|DataDirectory|\ScaleSoft.db3;Version=3;
2017-10-18 23:53:51.4123 INFO Database connection string : Data Source=|DataDirectory|\ScaleSoft.db3;Version=3;
2017-10-18 23:54:15.4026 INFO Database connection string : Data Source=|DataDirectory|\ScaleSoft.db3;Version=3;
2017-10-18 23:54:15.6711 INFO Database connection string : Data Source=|DataDirectory|\ScaleSoft.db3;Version=3;
2017-10-18 23:54:16.0069 INFO Database connection string : Data Source=|DataDirectory|\ScaleSoft.db3;Version=3;
2017-10-18 23:54:23.5492 INFO Database connection string : Data Source=|DataDirectory|\ScaleSoft.db3;Version=3;
2017-10-18 23:55:20.0809 INFO Database connection string : Data Source=|DataDirectory|\ScaleSoft.db3;Version=3;
