2017-06-29 01:40:09.7584 INFO Database file location: E:\Attique\For-Attiq\ITWhiz.ScaleSoft\ITWhiz.ScaleSoft.Desktop\
2017-06-29 01:40:32.8866 INFO Initialising Components...
2017-06-29 01:40:43.4393 INFO Checking Database Connection...
2017-06-29 01:40:43.8682 INFO Database connection string : Data Source=|DataDirectory|\ScaleSoft.db3;Version=3;
2017-06-29 01:40:47.2598 INFO Checking License...
2017-06-29 01:40:47.2598 INFO Database connection string : Data Source=|DataDirectory|\ScaleSoft.db3;Version=3;
2017-06-29 01:40:47.6115 INFO Sucess: find rockey2 : 1
2017-06-29 01:40:47.6165 INFO Sucess: open rockey2
2017-06-29 01:40:47.6705 INFO The uid is : 2618208898 and hid 2564932284
2017-06-29 01:41:00.0858 INFO Finishing Initialisation...
2017-06-29 01:41:10.9738 INFO Database connection string : Data Source=|DataDirectory|\ScaleSoft.db3;Version=3;
2017-06-29 01:41:10.9738 INFO Database connection string : Data Source=|DataDirectory|\ScaleSoft.db3;Version=3;
2017-06-29 01:41:10.9902 INFO Database connection string : Data Source=|DataDirectory|\ScaleSoft.db3;Version=3;
2017-06-29 01:43:47.3447 INFO Database file location: E:\Attique\For-Attiq\ITWhiz.ScaleSoft\ITWhiz.ScaleSoft.Desktop\
2017-06-29 01:51:25.8000 INFO Initialising Components...
2017-06-29 02:09:11.1222 INFO Checking Database Connection...
2017-06-29 02:11:24.9140 INFO Database connection string : Data Source=|DataDirectory|\ScaleSoft.db3;Version=3;
2017-06-29 02:12:54.9140 INFO Checking License...
2017-06-29 02:14:18.5595 INFO Database connection string : Data Source=|DataDirectory|\ScaleSoft.db3;Version=3;
2017-06-29 02:32:36.0744 INFO Sucess: find rockey2 : 1
2017-06-29 02:32:36.0744 INFO Sucess: open rockey2
2017-06-29 02:32:36.1308 INFO The uid is : 2618208898 and hid 2564932284
2017-06-29 02:48:53.7185 INFO Finishing Initialisation...
2017-06-29 02:51:45.2160 INFO Database connection string : Data Source=|DataDirectory|\ScaleSoft.db3;Version=3;
2017-06-29 02:51:45.2254 INFO Database connection string : Data Source=|DataDirectory|\ScaleSoft.db3;Version=3;
2017-06-29 02:51:45.2254 INFO Database connection string : Data Source=|DataDirectory|\ScaleSoft.db3;Version=3;
2017-06-29 02:57:04.6515 INFO Database file location: E:\Attique\For-Attiq\ITWhiz.ScaleSoft\ITWhiz.ScaleSoft.Desktop\
2017-06-29 02:57:06.9392 INFO Initialising Components...
2017-06-29 02:57:10.4631 INFO Checking Database Connection...
2017-06-29 02:57:10.4854 INFO Database connection string : Data Source=|DataDirectory|\ScaleSoft.db3;Version=3;
2017-06-29 02:57:13.5546 INFO Checking License...
2017-06-29 02:57:13.5546 INFO Database connection string : Data Source=|DataDirectory|\ScaleSoft.db3;Version=3;
2017-06-29 02:57:13.7959 INFO Sucess: find rockey2 : 1
2017-06-29 02:57:13.7999 INFO Sucess: open rockey2
2017-06-29 02:57:13.8548 INFO The uid is : 2618208898 and hid 2564932284
2017-06-29 02:57:18.1782 INFO Finishing Initialisation...
2017-06-29 02:57:47.0989 INFO Database connection string : Data Source=|DataDirectory|\ScaleSoft.db3;Version=3;
2017-06-29 02:57:47.0989 INFO Database connection string : Data Source=|DataDirectory|\ScaleSoft.db3;Version=3;
2017-06-29 02:57:47.1152 INFO Database connection string : Data Source=|DataDirectory|\ScaleSoft.db3;Version=3;
2017-06-29 18:27:53.5846 INFO Database file location: E:\Attique\For-Attiq\ITWhiz.ScaleSoft\ITWhiz.ScaleSoft.Desktop\
2017-06-29 18:27:58.7446 INFO Initialising Components...
2017-06-29 18:28:01.7940 INFO Checking Database Connection...
2017-06-29 18:28:01.9294 INFO Database connection string : Data Source=|DataDirectory|\ScaleSoft.db3;Version=3;
2017-06-29 18:28:05.0579 INFO Checking License...
2017-06-29 18:28:05.0579 INFO Database connection string : Data Source=|DataDirectory|\ScaleSoft.db3;Version=3;
2017-06-29 18:28:05.3661 INFO Sucess: find rockey2 : 1
2017-06-29 18:28:05.3661 INFO Sucess: open rockey2
2017-06-29 18:28:05.4237 INFO The uid is : 2618208898 and hid 2564932284
2017-06-29 18:28:11.4166 INFO Finishing Initialisation...
2017-06-29 18:28:53.8628 INFO Database connection string : Data Source=|DataDirectory|\ScaleSoft.db3;Version=3;
2017-06-29 18:28:53.8628 INFO Database connection string : Data Source=|DataDirectory|\ScaleSoft.db3;Version=3;
2017-06-29 18:28:53.8912 INFO Database connection string : Data Source=|DataDirectory|\ScaleSoft.db3;Version=3;
