2017-10-06 00:33:32.4731 INFO Database file location: E:\IBTS\ITWhiz.ScaleSoft\ITWhiz.ScaleSoft.Desktop\
2017-10-06 00:33:32.7198 INFO Initialising Components...
2017-10-06 00:33:35.7327 INFO Checking Database Connection...
2017-10-06 00:33:36.2313 INFO Database connection string : Data Source=|DataDirectory|\ScaleSoft.db3;Version=3;
2017-10-06 00:33:40.2481 INFO Checking License...
2017-10-06 00:33:40.2672 INFO Database connection string : Data Source=|DataDirectory|\ScaleSoft.db3;Version=3;
2017-10-06 00:33:41.3571 INFO Sucess: find rockey2 : 1
2017-10-06 00:33:41.3702 INFO Sucess: open rockey2
2017-10-06 00:33:41.4321 INFO The uid is : 2618208898 and hid 2564932284
2017-10-06 00:33:44.4473 INFO Finishing Initialisation...
2017-10-06 00:34:00.3179 INFO Database connection string : Data Source=|DataDirectory|\ScaleSoft.db3;Version=3;
2017-10-06 00:34:00.3248 INFO Database connection string : Data Source=|DataDirectory|\ScaleSoft.db3;Version=3;
2017-10-06 00:34:00.3248 INFO Database connection string : Data Source=|DataDirectory|\ScaleSoft.db3;Version=3;
2017-10-06 00:34:25.5873 INFO Database connection string : Data Source=|DataDirectory|\ScaleSoft.db3;Version=3;
2017-10-06 00:34:25.6448 INFO Database connection string : Data Source=|DataDirectory|\ScaleSoft.db3;Version=3;
2017-10-06 00:34:25.6568 INFO Database connection string : Data Source=|DataDirectory|\ScaleSoft.db3;Version=3;
2017-10-06 00:34:26.1208 INFO Database connection string : Data Source=|DataDirectory|\ScaleSoft.db3;Version=3;
2017-10-06 00:35:02.1032 INFO Database connection string : Data Source=|DataDirectory|\ScaleSoft.db3;Version=3;
2017-10-06 00:35:02.4273 INFO Database connection string : Data Source=|DataDirectory|\ScaleSoft.db3;Version=3;
2017-10-06 00:41:23.0976 INFO Database file location: E:\IBTS\ITWhiz.ScaleSoft\ITWhiz.ScaleSoft.Desktop\
2017-10-06 00:41:23.2109 INFO Initialising Components...
2017-10-06 00:41:26.2266 INFO Checking Database Connection...
2017-10-06 00:41:26.3010 INFO Database connection string : Data Source=|DataDirectory|\ScaleSoft.db3;Version=3;
2017-10-06 00:41:29.3881 INFO Checking License...
2017-10-06 00:41:29.3881 INFO Database connection string : Data Source=|DataDirectory|\ScaleSoft.db3;Version=3;
2017-10-06 00:41:29.6194 INFO Sucess: find rockey2 : 1
2017-10-06 00:41:29.6194 INFO Sucess: open rockey2
2017-10-06 00:41:29.6896 INFO The uid is : 2618208898 and hid 2564932284
2017-10-06 00:41:32.6973 INFO Finishing Initialisation...
2017-10-06 00:41:39.1263 INFO Database connection string : Data Source=|DataDirectory|\ScaleSoft.db3;Version=3;
2017-10-06 00:41:39.1384 INFO Database connection string : Data Source=|DataDirectory|\ScaleSoft.db3;Version=3;
2017-10-06 00:41:39.1384 INFO Database connection string : Data Source=|DataDirectory|\ScaleSoft.db3;Version=3;
2017-10-06 00:41:45.0582 INFO Database connection string : Data Source=|DataDirectory|\ScaleSoft.db3;Version=3;
2017-10-06 00:41:45.1409 INFO Database connection string : Data Source=|DataDirectory|\ScaleSoft.db3;Version=3;
2017-10-06 00:41:45.1529 INFO Database connection string : Data Source=|DataDirectory|\ScaleSoft.db3;Version=3;
2017-10-06 00:41:45.1793 INFO Database connection string : Data Source=|DataDirectory|\ScaleSoft.db3;Version=3;
2017-10-06 00:42:40.9112 INFO Database connection string : Data Source=|DataDirectory|\ScaleSoft.db3;Version=3;
2017-10-06 00:42:41.4396 INFO Database connection string : Data Source=|DataDirectory|\ScaleSoft.db3;Version=3;
2017-10-06 00:46:16.5857 INFO Database file location: E:\IBTS\ITWhiz.ScaleSoft\ITWhiz.ScaleSoft.Desktop\
2017-10-06 00:46:16.6950 INFO Initialising Components...
2017-10-06 00:46:19.7117 INFO Checking Database Connection...
2017-10-06 00:46:19.8172 INFO Database connection string : Data Source=|DataDirectory|\ScaleSoft.db3;Version=3;
2017-10-06 00:46:22.8852 INFO Checking License...
2017-10-06 00:46:22.9042 INFO Database connection string : Data Source=|DataDirectory|\ScaleSoft.db3;Version=3;
2017-10-06 00:46:23.0582 INFO Sucess: find rockey2 : 1
2017-10-06 00:46:23.0582 INFO Sucess: open rockey2
2017-10-06 00:46:23.1178 INFO The uid is : 2618208898 and hid 2564932284
2017-10-06 00:46:26.1219 INFO Finishing Initialisation...
2017-10-06 00:46:35.1332 INFO Database connection string : Data Source=|DataDirectory|\ScaleSoft.db3;Version=3;
2017-10-06 00:46:35.1423 INFO Database connection string : Data Source=|DataDirectory|\ScaleSoft.db3;Version=3;
2017-10-06 00:46:35.1423 INFO Database connection string : Data Source=|DataDirectory|\ScaleSoft.db3;Version=3;
2017-10-06 00:46:41.0296 INFO Database connection string : Data Source=|DataDirectory|\ScaleSoft.db3;Version=3;
2017-10-06 00:46:41.0416 INFO Database connection string : Data Source=|DataDirectory|\ScaleSoft.db3;Version=3;
2017-10-06 00:46:41.0416 INFO Database connection string : Data Source=|DataDirectory|\ScaleSoft.db3;Version=3;
2017-10-06 00:46:41.0657 INFO Database connection string : Data Source=|DataDirectory|\ScaleSoft.db3;Version=3;
2017-10-06 00:50:15.8892 INFO Database file location: E:\IBTS\ITWhiz.ScaleSoft\ITWhiz.ScaleSoft.Desktop\
2017-10-06 00:50:16.0035 INFO Initialising Components...
2017-10-06 00:50:19.0215 INFO Checking Database Connection...
2017-10-06 00:50:19.1848 INFO Database connection string : Data Source=|DataDirectory|\ScaleSoft.db3;Version=3;
2017-10-06 00:50:22.2784 INFO Checking License...
2017-10-06 00:50:22.3105 INFO Database connection string : Data Source=|DataDirectory|\ScaleSoft.db3;Version=3;
2017-10-06 00:50:22.4568 INFO Sucess: find rockey2 : 1
2017-10-06 00:50:22.4699 INFO Sucess: open rockey2
2017-10-06 00:50:22.5318 INFO The uid is : 2618208898 and hid 2564932284
2017-10-06 00:50:25.5499 INFO Finishing Initialisation...
2017-10-06 00:50:29.4453 INFO Database connection string : Data Source=|DataDirectory|\ScaleSoft.db3;Version=3;
2017-10-06 00:50:29.4526 INFO Database connection string : Data Source=|DataDirectory|\ScaleSoft.db3;Version=3;
2017-10-06 00:50:29.4526 INFO Database connection string : Data Source=|DataDirectory|\ScaleSoft.db3;Version=3;
2017-10-06 00:50:32.4908 INFO Database connection string : Data Source=|DataDirectory|\ScaleSoft.db3;Version=3;
2017-10-06 00:50:32.4999 INFO Database connection string : Data Source=|DataDirectory|\ScaleSoft.db3;Version=3;
2017-10-06 00:50:32.4999 INFO Database connection string : Data Source=|DataDirectory|\ScaleSoft.db3;Version=3;
2017-10-06 00:50:32.5216 INFO Database connection string : Data Source=|DataDirectory|\ScaleSoft.db3;Version=3;
2017-10-06 00:50:54.3264 INFO Database connection string : Data Source=|DataDirectory|\ScaleSoft.db3;Version=3;
2017-10-06 00:50:54.6022 INFO Database connection string : Data Source=|DataDirectory|\ScaleSoft.db3;Version=3;
2017-10-06 00:53:21.4694 INFO Database file location: E:\IBTS\ITWhiz.ScaleSoft\ITWhiz.ScaleSoft.Desktop\
2017-10-06 00:53:21.5847 INFO Initialising Components...
2017-10-06 00:53:24.5998 INFO Checking Database Connection...
2017-10-06 00:53:24.6530 INFO Database connection string : Data Source=|DataDirectory|\ScaleSoft.db3;Version=3;
2017-10-06 00:53:27.7228 INFO Checking License...
2017-10-06 00:53:27.7439 INFO Database connection string : Data Source=|DataDirectory|\ScaleSoft.db3;Version=3;
2017-10-06 00:53:27.8935 INFO Sucess: find rockey2 : 1
2017-10-06 00:53:27.9065 INFO Sucess: open rockey2
2017-10-06 00:53:27.9684 INFO The uid is : 2618208898 and hid 2564932284
2017-10-06 00:53:30.9812 INFO Finishing Initialisation...
2017-10-06 00:53:34.3089 INFO Database connection string : Data Source=|DataDirectory|\ScaleSoft.db3;Version=3;
2017-10-06 00:53:34.3089 INFO Database connection string : Data Source=|DataDirectory|\ScaleSoft.db3;Version=3;
2017-10-06 00:53:34.3289 INFO Database connection string : Data Source=|DataDirectory|\ScaleSoft.db3;Version=3;
2017-10-06 00:53:37.6669 INFO Database connection string : Data Source=|DataDirectory|\ScaleSoft.db3;Version=3;
2017-10-06 00:53:37.6669 INFO Database connection string : Data Source=|DataDirectory|\ScaleSoft.db3;Version=3;
2017-10-06 00:53:37.6829 INFO Database connection string : Data Source=|DataDirectory|\ScaleSoft.db3;Version=3;
2017-10-06 00:53:37.6829 INFO Database connection string : Data Source=|DataDirectory|\ScaleSoft.db3;Version=3;
2017-10-06 00:54:05.3584 INFO Database connection string : Data Source=|DataDirectory|\ScaleSoft.db3;Version=3;
2017-10-06 00:54:05.8312 INFO Database connection string : Data Source=|DataDirectory|\ScaleSoft.db3;Version=3;
2017-10-06 05:02:59.1343 INFO Database file location: E:\IBTS\ITWhiz.ScaleSoft\ITWhiz.ScaleSoft.Desktop\
2017-10-06 05:02:59.5250 INFO Initialising Components...
2017-10-06 05:03:02.5914 INFO Checking Database Connection...
2017-10-06 05:03:03.5133 INFO Database connection string : Data Source=|DataDirectory|\ScaleSoft.db3;Version=3;
2017-10-06 05:03:08.3734 INFO Checking License...
2017-10-06 05:03:08.4045 INFO Database connection string : Data Source=|DataDirectory|\ScaleSoft.db3;Version=3;
2017-10-06 05:03:08.7155 INFO Sucess: find rockey2 : 1
2017-10-06 05:03:08.7313 INFO Sucess: open rockey2
2017-10-06 05:03:08.7939 INFO The uid is : 2618208898 and hid 2564932284
2017-10-06 05:03:11.8228 INFO Finishing Initialisation...
2017-10-06 05:03:17.4564 INFO Database connection string : Data Source=|DataDirectory|\ScaleSoft.db3;Version=3;
2017-10-06 05:03:17.5033 INFO Database connection string : Data Source=|DataDirectory|\ScaleSoft.db3;Version=3;
2017-10-06 05:03:17.5188 INFO Database connection string : Data Source=|DataDirectory|\ScaleSoft.db3;Version=3;
2017-10-06 05:09:50.2011 INFO Database file location: E:\IBTS\ITWhiz.ScaleSoft\ITWhiz.ScaleSoft.Desktop\
2017-10-06 05:09:50.3227 INFO Initialising Components...
2017-10-06 05:09:53.3396 INFO Checking Database Connection...
2017-10-06 05:09:53.4177 INFO Database connection string : Data Source=|DataDirectory|\ScaleSoft.db3;Version=3;
2017-10-06 05:09:56.6472 INFO Checking License...
2017-10-06 05:09:56.6472 INFO Database connection string : Data Source=|DataDirectory|\ScaleSoft.db3;Version=3;
2017-10-06 05:09:56.7827 INFO Sucess: find rockey2 : 1
2017-10-06 05:09:56.7827 INFO Sucess: open rockey2
2017-10-06 05:09:56.8297 INFO The uid is : 2618208898 and hid 2564932284
2017-10-06 05:09:59.8613 INFO Finishing Initialisation...
2017-10-06 05:10:12.9257 INFO Database connection string : Data Source=|DataDirectory|\ScaleSoft.db3;Version=3;
2017-10-06 05:10:12.9412 INFO Database connection string : Data Source=|DataDirectory|\ScaleSoft.db3;Version=3;
2017-10-06 05:10:12.9412 INFO Database connection string : Data Source=|DataDirectory|\ScaleSoft.db3;Version=3;
2017-10-06 05:11:41.5326 INFO Database file location: E:\IBTS\ITWhiz.ScaleSoft\ITWhiz.ScaleSoft.Desktop\
2017-10-06 05:11:41.6620 INFO Initialising Components...
2017-10-06 05:11:44.6887 INFO Checking Database Connection...
2017-10-06 05:11:44.7044 INFO Database connection string : Data Source=|DataDirectory|\ScaleSoft.db3;Version=3;
2017-10-06 05:11:47.7986 INFO Checking License...
2017-10-06 05:11:47.8141 INFO Database connection string : Data Source=|DataDirectory|\ScaleSoft.db3;Version=3;
2017-10-06 05:11:47.9756 INFO Sucess: find rockey2 : 1
2017-10-06 05:11:47.9912 INFO Sucess: open rockey2
2017-10-06 05:11:48.0537 INFO The uid is : 2618208898 and hid 2564932284
2017-10-06 05:11:51.0698 INFO Finishing Initialisation...
2017-10-06 05:12:03.4876 INFO Database connection string : Data Source=|DataDirectory|\ScaleSoft.db3;Version=3;
2017-10-06 05:12:03.4876 INFO Database connection string : Data Source=|DataDirectory|\ScaleSoft.db3;Version=3;
2017-10-06 05:12:03.5031 INFO Database connection string : Data Source=|DataDirectory|\ScaleSoft.db3;Version=3;
2017-10-06 05:35:19.9545 INFO Database file location: E:\IBTS\ITWhiz.ScaleSoft\ITWhiz.ScaleSoft.Desktop\
2017-10-06 05:35:20.0546 INFO Initialising Components...
2017-10-06 05:35:23.0762 INFO Checking Database Connection...
2017-10-06 05:35:23.1240 INFO Database connection string : Data Source=|DataDirectory|\ScaleSoft.db3;Version=3;
2017-10-06 05:35:26.2091 INFO Checking License...
2017-10-06 05:35:26.2273 INFO Database connection string : Data Source=|DataDirectory|\ScaleSoft.db3;Version=3;
2017-10-06 05:35:26.4096 INFO Sucess: find rockey2 : 1
2017-10-06 05:35:26.4096 INFO Sucess: open rockey2
2017-10-06 05:35:26.4722 INFO The uid is : 2618208898 and hid 2564932284
2017-10-06 05:35:29.4922 INFO Finishing Initialisation...
