2017-01-08 06:58:49.9169 INFO Database file location: E:\Attique\For-Attiq\ITWhiz.ScaleSoft\ITWhiz.ScaleSoft.Desktop\
2017-01-08 06:58:50.2906 INFO Initialising Components...
2017-01-08 06:58:53.4083 INFO Checking Database Connection...
2017-01-08 06:58:53.8613 INFO Database connection string : Data Source=|DataDirectory|\ScaleSoft.db3;Version=3;
2017-01-08 06:58:58.5967 INFO Checking License...
2017-01-08 06:58:58.6496 INFO Database connection string : Data Source=|DataDirectory|\ScaleSoft.db3;Version=3;
2017-01-08 06:59:00.0503 INFO Error: not find any rockey2 : -1609564149
2017-01-08 06:59:11.6110 INFO Finishing Initialisation...
2017-01-08 06:59:15.3536 INFO Database connection string : Data Source=|DataDirectory|\ScaleSoft.db3;Version=3;
2017-01-08 06:59:15.3887 INFO Database connection string : Data Source=|DataDirectory|\ScaleSoft.db3;Version=3;
2017-01-08 06:59:15.4078 INFO Database connection string : Data Source=|DataDirectory|\ScaleSoft.db3;Version=3;
2017-01-08 06:59:22.3435 INFO Database connection string : Data Source=|DataDirectory|\ScaleSoft.db3;Version=3;
2017-01-08 06:59:22.4277 INFO Database connection string : Data Source=|DataDirectory|\ScaleSoft.db3;Version=3;
2017-01-08 06:59:22.4277 INFO Database connection string : Data Source=|DataDirectory|\ScaleSoft.db3;Version=3;
2017-01-08 06:59:22.4904 INFO Database connection string : Data Source=|DataDirectory|\ScaleSoft.db3;Version=3;
2017-01-08 06:59:48.2294 INFO Database connection string : Data Source=|DataDirectory|\ScaleSoft.db3;Version=3;
2017-01-08 07:00:06.9290 INFO Database connection string : Data Source=|DataDirectory|\ScaleSoft.db3;Version=3;
2017-01-08 07:00:06.9290 INFO Database connection string : Data Source=|DataDirectory|\ScaleSoft.db3;Version=3;
2017-01-08 07:00:06.9290 INFO Database connection string : Data Source=|DataDirectory|\ScaleSoft.db3;Version=3;
2017-01-08 07:00:06.9760 INFO Database connection string : Data Source=|DataDirectory|\ScaleSoft.db3;Version=3;
