2017-10-11 00:03:15.4751 INFO Database file location: E:\IBTS\ITWhiz.ScaleSoft\ITWhiz.ScaleSoft.Desktop\
2017-10-11 00:03:15.5774 INFO Initialising Components...
2017-10-11 00:03:18.6111 INFO Checking Database Connection...
2017-10-11 00:03:18.6422 INFO Database connection string : Data Source=|DataDirectory|\ScaleSoft.db3;Version=3;
2017-10-11 00:03:21.7833 INFO Checking License...
2017-10-11 00:03:21.7988 INFO Database connection string : Data Source=|DataDirectory|\ScaleSoft.db3;Version=3;
2017-10-11 00:03:21.9238 INFO Error: not find any rockey2 : -1609564149
2017-10-11 00:03:28.1900 INFO Finishing Initialisation...
2017-10-11 00:03:29.4399 INFO Database connection string : Data Source=|DataDirectory|\ScaleSoft.db3;Version=3;
2017-10-11 00:03:29.4399 INFO Database connection string : Data Source=|DataDirectory|\ScaleSoft.db3;Version=3;
2017-10-11 00:03:29.4556 INFO Database connection string : Data Source=|DataDirectory|\ScaleSoft.db3;Version=3;
2017-10-11 00:03:51.2040 INFO Database file location: E:\IBTS\ITWhiz.ScaleSoft\ITWhiz.ScaleSoft.Desktop\
2017-10-11 00:03:51.3333 INFO Initialising Components...
2017-10-11 00:03:54.4102 INFO Checking Database Connection...
2017-10-11 00:03:54.4569 INFO Database connection string : Data Source=|DataDirectory|\ScaleSoft.db3;Version=3;
2017-10-11 00:03:57.6137 INFO Checking License...
2017-10-11 00:03:57.6292 INFO Database connection string : Data Source=|DataDirectory|\ScaleSoft.db3;Version=3;
2017-10-11 00:03:57.8428 INFO Sucess: find rockey2 : 1
2017-10-11 00:03:57.8585 INFO Sucess: open rockey2
2017-10-11 00:03:57.9679 INFO The uid is : 2618208898 and hid 2564932284
2017-10-11 00:04:00.9996 INFO Finishing Initialisation...
2017-10-11 00:04:04.9062 INFO Database connection string : Data Source=|DataDirectory|\ScaleSoft.db3;Version=3;
2017-10-11 00:04:04.9686 INFO Database connection string : Data Source=|DataDirectory|\ScaleSoft.db3;Version=3;
2017-10-11 00:04:04.9999 INFO Database connection string : Data Source=|DataDirectory|\ScaleSoft.db3;Version=3;
2017-10-11 00:25:53.8376 INFO Database file location: E:\IBTS\ITWhiz.ScaleSoft\ITWhiz.ScaleSoft.Desktop\
2017-10-11 00:25:53.9429 INFO Initialising Components...
2017-10-11 00:25:56.9638 INFO Checking Database Connection...
2017-10-11 00:25:57.0105 INFO Database connection string : Data Source=|DataDirectory|\ScaleSoft.db3;Version=3;
2017-10-11 00:26:00.1360 INFO Checking License...
2017-10-11 00:26:00.1515 INFO Database connection string : Data Source=|DataDirectory|\ScaleSoft.db3;Version=3;
2017-10-11 00:26:00.3429 INFO Sucess: find rockey2 : 1
2017-10-11 00:26:00.3587 INFO Sucess: open rockey2
2017-10-11 00:26:00.4525 INFO The uid is : 2618208898 and hid 2564932284
2017-10-11 00:26:13.1882 INFO Finishing Initialisation...
2017-10-11 00:27:27.6578 INFO Database connection string : Data Source=|DataDirectory|\ScaleSoft.db3;Version=3;
2017-10-11 00:27:27.6734 INFO Database connection string : Data Source=|DataDirectory|\ScaleSoft.db3;Version=3;
2017-10-11 00:27:27.7361 INFO Database connection string : Data Source=|DataDirectory|\ScaleSoft.db3;Version=3;
2017-10-11 00:33:47.2378 INFO Database file location: E:\IBTS\ITWhiz.ScaleSoft\ITWhiz.ScaleSoft.Desktop\
2017-10-11 00:33:47.4667 INFO Initialising Components...
2017-10-11 00:33:50.5048 INFO Checking Database Connection...
2017-10-11 00:33:50.5672 INFO Database connection string : Data Source=|DataDirectory|\ScaleSoft.db3;Version=3;
2017-10-11 00:33:53.7240 INFO Checking License...
2017-10-11 00:33:53.7395 INFO Database connection string : Data Source=|DataDirectory|\ScaleSoft.db3;Version=3;
2017-10-11 00:35:12.5380 INFO Sucess: find rockey2 : 1
2017-10-11 00:35:12.5537 INFO Sucess: open rockey2
2017-10-11 00:35:12.6162 INFO The uid is : 2618208898 and hid 2564932284
2017-10-11 00:38:39.0618 INFO Finishing Initialisation...
2017-10-11 00:38:48.2419 INFO Database connection string : Data Source=|DataDirectory|\ScaleSoft.db3;Version=3;
2017-10-11 00:38:48.2574 INFO Database connection string : Data Source=|DataDirectory|\ScaleSoft.db3;Version=3;
2017-10-11 00:38:48.2730 INFO Database connection string : Data Source=|DataDirectory|\ScaleSoft.db3;Version=3;
2017-10-11 00:39:58.4015 INFO Database file location: E:\IBTS\ITWhiz.ScaleSoft\ITWhiz.ScaleSoft.Desktop\
2017-10-11 00:39:58.5108 INFO Initialising Components...
2017-10-11 00:40:01.5357 INFO Checking Database Connection...
2017-10-11 00:40:01.5824 INFO Database connection string : Data Source=|DataDirectory|\ScaleSoft.db3;Version=3;
2017-10-11 00:40:04.7235 INFO Checking License...
2017-10-11 00:40:04.7390 INFO Database connection string : Data Source=|DataDirectory|\ScaleSoft.db3;Version=3;
2017-10-11 00:41:14.8419 INFO Database file location: E:\IBTS\ITWhiz.ScaleSoft\ITWhiz.ScaleSoft.Desktop\
2017-10-11 00:41:14.9933 INFO Initialising Components...
2017-10-11 00:41:18.0410 INFO Checking Database Connection...
2017-10-11 00:41:18.1034 INFO Database connection string : Data Source=|DataDirectory|\ScaleSoft.db3;Version=3;
2017-10-11 00:41:21.2445 INFO Checking License...
2017-10-11 00:41:21.2600 INFO Database connection string : Data Source=|DataDirectory|\ScaleSoft.db3;Version=3;
2017-10-11 00:41:58.8628 INFO Error: not find any rockey2 : -1609564149
2017-10-11 00:44:01.5098 INFO Finishing Initialisation...
2017-10-11 00:44:18.7781 INFO Database file location: E:\IBTS\ITWhiz.ScaleSoft\ITWhiz.ScaleSoft.Desktop\
2017-10-11 00:44:18.8833 INFO Initialising Components...
2017-10-11 00:44:21.9157 INFO Checking Database Connection...
2017-10-11 00:44:21.9624 INFO Database connection string : Data Source=|DataDirectory|\ScaleSoft.db3;Version=3;
2017-10-11 00:44:25.0879 INFO Checking License...
2017-10-11 00:44:25.1034 INFO Database connection string : Data Source=|DataDirectory|\ScaleSoft.db3;Version=3;
2017-10-11 00:44:50.8314 INFO Sucess: find rockey2 : 1
2017-10-11 00:44:50.8474 INFO Sucess: open rockey2
2017-10-11 00:44:50.9100 INFO The uid is : 2618208898 and hid 2564932284
2017-10-11 00:46:14.8112 INFO Finishing Initialisation...
2017-10-11 00:46:25.4306 INFO Database file location: E:\IBTS\ITWhiz.ScaleSoft\ITWhiz.ScaleSoft.Desktop\
2017-10-11 00:46:25.5359 INFO Initialising Components...
2017-10-11 00:46:28.5728 INFO Checking Database Connection...
2017-10-11 00:46:28.6352 INFO Database connection string : Data Source=|DataDirectory|\ScaleSoft.db3;Version=3;
2017-10-11 00:46:31.7606 INFO Checking License...
2017-10-11 00:46:31.7761 INFO Database connection string : Data Source=|DataDirectory|\ScaleSoft.db3;Version=3;
2017-10-11 00:47:48.8082 INFO Sucess: find rockey2 : 1
2017-10-11 00:47:48.8239 INFO Sucess: open rockey2
2017-10-11 00:47:48.8866 INFO The uid is : 2618208898 and hid 2564932284
2017-10-11 00:52:08.7895 INFO Database file location: E:\IBTS\ITWhiz.ScaleSoft\ITWhiz.ScaleSoft.Desktop\
2017-10-11 00:52:08.8833 INFO Initialising Components...
2017-10-11 00:52:11.9149 INFO Checking Database Connection...
2017-10-11 00:52:11.9461 INFO Database connection string : Data Source=|DataDirectory|\ScaleSoft.db3;Version=3;
2017-10-11 00:52:15.0560 INFO Checking License...
2017-10-11 00:52:15.0715 INFO Database connection string : Data Source=|DataDirectory|\ScaleSoft.db3;Version=3;
2017-10-11 00:52:51.4114 INFO Error: not find any rockey2 : -1609564149
2017-10-11 00:55:03.1299 INFO Database file location: E:\IBTS\ITWhiz.ScaleSoft\ITWhiz.ScaleSoft.Desktop\
2017-10-11 00:55:03.2532 INFO Initialising Components...
2017-10-11 00:55:06.3016 INFO Checking Database Connection...
2017-10-11 00:55:06.3327 INFO Database connection string : Data Source=|DataDirectory|\ScaleSoft.db3;Version=3;
2017-10-11 00:55:09.4425 INFO Checking License...
2017-10-11 00:55:09.4580 INFO Database connection string : Data Source=|DataDirectory|\ScaleSoft.db3;Version=3;
2017-10-11 00:55:45.0623 INFO Sucess: find rockey2 : 1
2017-10-11 00:55:45.0779 INFO Sucess: open rockey2
2017-10-11 00:55:45.1404 INFO The uid is : 2618208898 and hid 2564932284
2017-10-11 01:00:22.9406 INFO Database file location: E:\IBTS\ITWhiz.ScaleSoft\ITWhiz.ScaleSoft.Desktop\
2017-10-11 01:00:23.0700 INFO Initialising Components...
2017-10-11 01:00:26.3715 INFO Checking Database Connection...
2017-10-11 01:00:26.4184 INFO Database connection string : Data Source=|DataDirectory|\ScaleSoft.db3;Version=3;
2017-10-11 01:00:29.5908 INFO Checking License...
2017-10-11 01:00:29.6062 INFO Database connection string : Data Source=|DataDirectory|\ScaleSoft.db3;Version=3;
2017-10-11 01:00:29.8063 INFO Sucess: find rockey2 : 1
2017-10-11 01:00:29.8222 INFO Sucess: open rockey2
2017-10-11 01:00:29.8848 INFO The uid is : 2618208898 and hid 2564932284
2017-10-11 01:00:32.9008 INFO Finishing Initialisation...
2017-10-11 01:05:13.7610 INFO Database file location: E:\IBTS\ITWhiz.ScaleSoft\ITWhiz.ScaleSoft.Desktop\
2017-10-11 01:05:13.8372 INFO Initialising Components...
2017-10-11 01:05:16.8755 INFO Checking Database Connection...
2017-10-11 01:05:16.8911 INFO Database connection string : Data Source=|DataDirectory|\ScaleSoft.db3;Version=3;
2017-10-11 01:05:20.0010 INFO Checking License...
2017-10-11 01:05:20.0165 INFO Database connection string : Data Source=|DataDirectory|\ScaleSoft.db3;Version=3;
2017-10-11 01:05:20.2158 INFO Sucess: find rockey2 : 1
2017-10-11 01:05:20.2316 INFO Sucess: open rockey2
2017-10-11 01:05:20.2941 INFO The uid is : 2618208898 and hid 2564932284
2017-10-11 01:05:23.3100 INFO Finishing Initialisation...
2017-10-11 01:05:27.5917 INFO Database connection string : Data Source=|DataDirectory|\ScaleSoft.db3;Version=3;
2017-10-11 01:06:04.4883 INFO Sucess: find rockey2 : 1
2017-10-11 01:06:04.5039 INFO Sucess: open rockey2
2017-10-11 01:06:04.5665 INFO The uid is : 2618208898 and hid 2564932284
2017-10-11 01:06:40.0942 INFO Database connection string : Data Source=|DataDirectory|\ScaleSoft.db3;Version=3;
2017-10-11 01:06:40.0942 INFO Database connection string : Data Source=|DataDirectory|\ScaleSoft.db3;Version=3;
2017-10-11 01:06:40.1098 INFO Database connection string : Data Source=|DataDirectory|\ScaleSoft.db3;Version=3;
2017-10-11 01:07:30.3713 INFO Database file location: E:\IBTS\ITWhiz.ScaleSoft\ITWhiz.ScaleSoft.Desktop\
2017-10-11 01:07:30.4651 INFO Initialising Components...
2017-10-11 01:07:33.4968 INFO Checking Database Connection...
2017-10-11 01:07:33.5279 INFO Database connection string : Data Source=|DataDirectory|\ScaleSoft.db3;Version=3;
2017-10-11 01:07:36.7003 INFO Checking License...
2017-10-11 01:07:36.7158 INFO Database connection string : Data Source=|DataDirectory|\ScaleSoft.db3;Version=3;
2017-10-11 01:07:36.8877 INFO Error: not find any rockey2 : -1609564149
2017-10-11 01:07:42.7023 INFO Finishing Initialisation...
2017-10-11 01:07:48.7809 INFO Database connection string : Data Source=|DataDirectory|\ScaleSoft.db3;Version=3;
2017-10-11 01:08:04.1630 INFO Error: not find any rockey2 : -1609564149
2017-10-11 01:11:04.7680 INFO Database file location: E:\IBTS\ITWhiz.ScaleSoft\ITWhiz.ScaleSoft.Desktop\
2017-10-11 01:11:04.8673 INFO Initialising Components...
2017-10-11 01:11:07.8997 INFO Checking Database Connection...
2017-10-11 01:11:07.9466 INFO Database connection string : Data Source=|DataDirectory|\ScaleSoft.db3;Version=3;
2017-10-11 01:11:11.0721 INFO Checking License...
2017-10-11 01:11:11.0875 INFO Database connection string : Data Source=|DataDirectory|\ScaleSoft.db3;Version=3;
2017-10-11 01:11:11.2282 INFO Error: not find any rockey2 : -1609564149
2017-10-11 01:11:15.7294 INFO Finishing Initialisation...
2017-10-11 01:11:15.7294 INFO Database connection string : Data Source=|DataDirectory|\ScaleSoft.db3;Version=3;
2017-10-11 01:11:15.7605 INFO Error: not find any rockey2 : -1609564149
2017-10-11 01:11:26.9745 INFO Database connection string : Data Source=|DataDirectory|\ScaleSoft.db3;Version=3;
2017-10-11 01:11:26.9745 INFO Database connection string : Data Source=|DataDirectory|\ScaleSoft.db3;Version=3;
2017-10-11 01:11:26.9901 INFO Database connection string : Data Source=|DataDirectory|\ScaleSoft.db3;Version=3;
2017-10-11 01:11:43.3957 INFO Database file location: E:\IBTS\ITWhiz.ScaleSoft\ITWhiz.ScaleSoft.Desktop\
2017-10-11 01:11:43.4910 INFO Initialising Components...
2017-10-11 01:11:46.5329 INFO Checking Database Connection...
2017-10-11 01:11:46.5797 INFO Database connection string : Data Source=|DataDirectory|\ScaleSoft.db3;Version=3;
2017-10-11 01:11:49.7208 INFO Checking License...
2017-10-11 01:11:49.7363 INFO Database connection string : Data Source=|DataDirectory|\ScaleSoft.db3;Version=3;
2017-10-11 01:11:49.9372 INFO Sucess: find rockey2 : 1
2017-10-11 01:11:49.9529 INFO Sucess: open rockey2
2017-10-11 01:11:50.0154 INFO The uid is : 2618208898 and hid 2564932284
2017-10-11 01:11:53.0471 INFO Finishing Initialisation...
2017-10-11 01:11:53.0626 INFO Database connection string : Data Source=|DataDirectory|\ScaleSoft.db3;Version=3;
2017-10-11 01:11:53.0938 INFO Sucess: find rockey2 : 1
2017-10-11 01:11:53.0938 INFO Sucess: open rockey2
2017-10-11 01:11:53.1565 INFO The uid is : 2618208898 and hid 2564932284
2017-10-11 01:12:02.4699 INFO Database connection string : Data Source=|DataDirectory|\ScaleSoft.db3;Version=3;
2017-10-11 01:12:02.4855 INFO Database connection string : Data Source=|DataDirectory|\ScaleSoft.db3;Version=3;
2017-10-11 01:12:02.4855 INFO Database connection string : Data Source=|DataDirectory|\ScaleSoft.db3;Version=3;
2017-10-11 01:13:45.7515 INFO Database file location: E:\IBTS\ITWhiz.ScaleSoft\ITWhiz.ScaleSoft.Desktop\
2017-10-11 01:13:45.8557 INFO Initialising Components...
2017-10-11 01:13:48.8889 INFO Checking Database Connection...
2017-10-11 01:13:48.9357 INFO Database connection string : Data Source=|DataDirectory|\ScaleSoft.db3;Version=3;
2017-10-11 01:13:52.0612 INFO Checking License...
2017-10-11 01:13:52.0766 INFO Database connection string : Data Source=|DataDirectory|\ScaleSoft.db3;Version=3;
2017-10-11 01:13:52.2440 INFO Sucess: find rockey2 : 1
2017-10-11 01:13:52.2440 INFO Sucess: open rockey2
2017-10-11 01:13:52.2909 INFO The uid is : 2618208898 and hid 2564932284
2017-10-11 01:13:55.3227 INFO Finishing Initialisation...
2017-10-11 01:13:55.3227 INFO Database connection string : Data Source=|DataDirectory|\ScaleSoft.db3;Version=3;
2017-10-11 01:13:55.3538 INFO Sucess: find rockey2 : 1
2017-10-11 01:13:55.3538 INFO Sucess: open rockey2
2017-10-11 01:13:55.4164 INFO The uid is : 2618208898 and hid 2564932284
2017-10-11 01:14:00.5576 INFO Database connection string : Data Source=|DataDirectory|\ScaleSoft.db3;Version=3;
2017-10-11 01:14:00.5731 INFO Database connection string : Data Source=|DataDirectory|\ScaleSoft.db3;Version=3;
2017-10-11 01:14:00.5731 INFO Database connection string : Data Source=|DataDirectory|\ScaleSoft.db3;Version=3;
2017-10-11 01:14:07.2769 INFO Database connection string : Data Source=|DataDirectory|\ScaleSoft.db3;Version=3;
2017-10-11 01:14:36.4955 INFO Database file location: E:\IBTS\ITWhiz.ScaleSoft\ITWhiz.ScaleSoft.Desktop\
2017-10-11 01:14:36.6349 INFO Initialising Components...
2017-10-11 01:14:39.6822 INFO Checking Database Connection...
2017-10-11 01:14:39.7289 INFO Database connection string : Data Source=|DataDirectory|\ScaleSoft.db3;Version=3;
2017-10-11 01:14:42.8388 INFO Checking License...
2017-10-11 01:14:42.8543 INFO Database connection string : Data Source=|DataDirectory|\ScaleSoft.db3;Version=3;
2017-10-11 01:14:42.9949 INFO Error: not find any rockey2 : -1609564149
2017-10-11 01:14:52.0576 INFO Finishing Initialisation...
2017-10-11 01:14:52.0576 INFO Database connection string : Data Source=|DataDirectory|\ScaleSoft.db3;Version=3;
2017-10-11 01:14:52.0887 INFO Error: not find any rockey2 : -1609564149
2017-10-11 01:14:58.9912 INFO Database connection string : Data Source=|DataDirectory|\ScaleSoft.db3;Version=3;
2017-10-11 01:14:59.0067 INFO Database connection string : Data Source=|DataDirectory|\ScaleSoft.db3;Version=3;
2017-10-11 01:14:59.0067 INFO Database connection string : Data Source=|DataDirectory|\ScaleSoft.db3;Version=3;
2017-10-11 01:16:24.1288 INFO Database file location: E:\IBTS\ITWhiz.ScaleSoft\ITWhiz.ScaleSoft.Desktop\
2017-10-11 01:16:24.2421 INFO Initialising Components...
2017-10-11 01:16:27.2759 INFO Checking Database Connection...
2017-10-11 01:16:27.3227 INFO Database connection string : Data Source=|DataDirectory|\ScaleSoft.db3;Version=3;
2017-10-11 01:16:30.4636 INFO Checking License...
2017-10-11 01:16:30.4792 INFO Database connection string : Data Source=|DataDirectory|\ScaleSoft.db3;Version=3;
2017-10-11 01:16:30.6043 INFO Error: not find any rockey2 : -1609564149
2017-10-11 01:16:37.0878 INFO Finishing Initialisation...
2017-10-11 01:16:37.0878 INFO Database connection string : Data Source=|DataDirectory|\ScaleSoft.db3;Version=3;
2017-10-11 01:16:37.1189 INFO Error: not find any rockey2 : -1609564149
2017-10-11 01:16:49.9778 INFO Database connection string : Data Source=|DataDirectory|\ScaleSoft.db3;Version=3;
2017-10-11 01:16:49.9778 INFO Database connection string : Data Source=|DataDirectory|\ScaleSoft.db3;Version=3;
2017-10-11 01:16:49.9778 INFO Database connection string : Data Source=|DataDirectory|\ScaleSoft.db3;Version=3;
2017-10-11 01:21:30.2562 INFO Database file location: E:\IBTS\ITWhiz.ScaleSoft\ITWhiz.ScaleSoft.Desktop\
2017-10-11 01:21:30.3675 INFO Initialising Components...
2017-10-11 01:21:33.4013 INFO Checking Database Connection...
2017-10-11 01:21:33.4481 INFO Database connection string : Data Source=|DataDirectory|\ScaleSoft.db3;Version=3;
2017-10-11 01:21:36.6203 INFO Checking License...
2017-10-11 01:21:36.6359 INFO Database connection string : Data Source=|DataDirectory|\ScaleSoft.db3;Version=3;
2017-10-11 01:21:36.7453 INFO Error: not find any rockey2 : -1609564149
2017-10-11 01:21:44.7575 INFO Finishing Initialisation...
2017-10-11 01:22:21.9663 INFO Database connection string : Data Source=|DataDirectory|\ScaleSoft.db3;Version=3;
2017-10-11 01:22:21.9817 INFO Database connection string : Data Source=|DataDirectory|\ScaleSoft.db3;Version=3;
2017-10-11 01:22:21.9817 INFO Database connection string : Data Source=|DataDirectory|\ScaleSoft.db3;Version=3;
2017-10-11 01:22:42.9569 INFO Database file location: E:\IBTS\ITWhiz.ScaleSoft\ITWhiz.ScaleSoft.Desktop\
2017-10-11 01:22:43.0672 INFO Initialising Components...
2017-10-11 01:22:46.0904 INFO Checking Database Connection...
2017-10-11 01:22:46.1371 INFO Database connection string : Data Source=|DataDirectory|\ScaleSoft.db3;Version=3;
2017-10-11 01:22:49.2939 INFO Checking License...
2017-10-11 01:22:49.3093 INFO Database connection string : Data Source=|DataDirectory|\ScaleSoft.db3;Version=3;
2017-10-11 01:22:49.4916 INFO Sucess: find rockey2 : 1
2017-10-11 01:22:49.5072 INFO Sucess: open rockey2
2017-10-11 01:22:49.5697 INFO The uid is : 2618208898 and hid 2564932284
2017-10-11 01:22:52.5858 INFO Finishing Initialisation...
2017-10-11 01:24:08.4834 INFO Database file location: E:\IBTS\ITWhiz.ScaleSoft\ITWhiz.ScaleSoft.Desktop\
2017-10-11 01:24:08.6318 INFO Initialising Components...
2017-10-11 01:24:11.6847 INFO Checking Database Connection...
2017-10-11 01:24:11.7314 INFO Database connection string : Data Source=|DataDirectory|\ScaleSoft.db3;Version=3;
2017-10-11 01:24:14.8413 INFO Checking License...
2017-10-11 01:24:14.8567 INFO Database connection string : Data Source=|DataDirectory|\ScaleSoft.db3;Version=3;
2017-10-11 01:24:15.0355 INFO Sucess: find rockey2 : 1
2017-10-11 01:24:15.0355 INFO Sucess: open rockey2
2017-10-11 01:24:15.0981 INFO The uid is : 2618208898 and hid 2564932284
2017-10-11 01:24:18.1297 INFO Finishing Initialisation...
2017-10-11 01:24:18.1297 INFO Database connection string : Data Source=|DataDirectory|\ScaleSoft.db3;Version=3;
2017-10-11 01:24:18.1609 INFO Sucess: find rockey2 : 1
2017-10-11 01:24:18.1765 INFO Sucess: open rockey2
2017-10-11 01:24:18.2391 INFO The uid is : 2618208898 and hid 2564932284
2017-10-11 01:24:24.8536 INFO Database connection string : Data Source=|DataDirectory|\ScaleSoft.db3;Version=3;
2017-10-11 01:24:24.8536 INFO Database connection string : Data Source=|DataDirectory|\ScaleSoft.db3;Version=3;
2017-10-11 01:24:24.8691 INFO Database connection string : Data Source=|DataDirectory|\ScaleSoft.db3;Version=3;
2017-10-11 01:24:51.3676 INFO Database file location: E:\IBTS\ITWhiz.ScaleSoft\ITWhiz.ScaleSoft.Desktop\
2017-10-11 01:24:51.4969 INFO Initialising Components...
2017-10-11 01:24:54.5649 INFO Checking Database Connection...
2017-10-11 01:24:54.6118 INFO Database connection string : Data Source=|DataDirectory|\ScaleSoft.db3;Version=3;
2017-10-11 01:24:57.7529 INFO Checking License...
2017-10-11 01:24:57.7684 INFO Database connection string : Data Source=|DataDirectory|\ScaleSoft.db3;Version=3;
2017-10-11 01:24:57.9246 INFO Error: not find any rockey2 : -1609564149
2017-10-11 01:25:02.4659 INFO Finishing Initialisation...
2017-10-11 01:25:02.4813 INFO Database connection string : Data Source=|DataDirectory|\ScaleSoft.db3;Version=3;
2017-10-11 01:25:02.4969 INFO Error: not find any rockey2 : -1609564149
2017-10-11 01:25:25.4632 INFO Database connection string : Data Source=|DataDirectory|\ScaleSoft.db3;Version=3;
2017-10-11 01:25:25.4632 INFO Database connection string : Data Source=|DataDirectory|\ScaleSoft.db3;Version=3;
2017-10-11 01:25:25.4788 INFO Database connection string : Data Source=|DataDirectory|\ScaleSoft.db3;Version=3;
2017-10-11 01:26:19.0306 INFO Database file location: E:\IBTS\ITWhiz.ScaleSoft\ITWhiz.ScaleSoft.Desktop\
2017-10-11 01:26:19.1439 INFO Initialising Components...
2017-10-11 01:26:22.1907 INFO Checking Database Connection...
2017-10-11 01:26:22.2376 INFO Database connection string : Data Source=|DataDirectory|\ScaleSoft.db3;Version=3;
2017-10-11 01:26:25.4099 INFO Checking License...
2017-10-11 01:26:25.4255 INFO Database connection string : Data Source=|DataDirectory|\ScaleSoft.db3;Version=3;
2017-10-11 01:26:25.5817 INFO Error: not find any rockey2 : -1609564149
2017-10-11 01:26:31.0077 INFO Finishing Initialisation...
2017-10-11 01:26:31.0232 INFO Database connection string : Data Source=|DataDirectory|\ScaleSoft.db3;Version=3;
2017-10-11 01:26:31.0389 INFO Error: not find any rockey2 : -1609564149
2017-10-11 01:26:34.1604 INFO Database connection string : Data Source=|DataDirectory|\ScaleSoft.db3;Version=3;
2017-10-11 01:26:34.1759 INFO Database connection string : Data Source=|DataDirectory|\ScaleSoft.db3;Version=3;
2017-10-11 01:26:34.1759 INFO Database connection string : Data Source=|DataDirectory|\ScaleSoft.db3;Version=3;
2017-10-11 01:26:51.7358 INFO Database file location: E:\IBTS\ITWhiz.ScaleSoft\ITWhiz.ScaleSoft.Desktop\
2017-10-11 01:26:51.8381 INFO Initialising Components...
2017-10-11 01:26:54.8663 INFO Checking Database Connection...
2017-10-11 01:26:54.9130 INFO Database connection string : Data Source=|DataDirectory|\ScaleSoft.db3;Version=3;
2017-10-11 01:26:58.0541 INFO Checking License...
2017-10-11 01:26:58.0696 INFO Database connection string : Data Source=|DataDirectory|\ScaleSoft.db3;Version=3;
2017-10-11 01:26:58.2839 INFO Sucess: find rockey2 : 1
2017-10-11 01:26:58.2996 INFO Sucess: open rockey2
2017-10-11 01:26:58.3622 INFO The uid is : 2618208898 and hid 2564932284
2017-10-11 01:27:01.3782 INFO Finishing Initialisation...
2017-10-11 01:27:01.3782 INFO Database connection string : Data Source=|DataDirectory|\ScaleSoft.db3;Version=3;
2017-10-11 01:27:01.4093 INFO Sucess: find rockey2 : 1
2017-10-11 01:27:01.4249 INFO Sucess: open rockey2
2017-10-11 01:27:01.4875 INFO The uid is : 2618208898 and hid 2564932284
2017-10-11 01:27:04.2065 INFO Database connection string : Data Source=|DataDirectory|\ScaleSoft.db3;Version=3;
2017-10-11 01:27:04.2065 INFO Database connection string : Data Source=|DataDirectory|\ScaleSoft.db3;Version=3;
2017-10-11 01:27:04.2221 INFO Database connection string : Data Source=|DataDirectory|\ScaleSoft.db3;Version=3;
