2017-07-05 18:26:39.9822 INFO Database file location: E:\Attique\For-Attiq\ITWhiz.ScaleSoft\ITWhiz.ScaleSoft.Desktop\
2017-07-05 18:26:40.8498 INFO Initialising Components...
2017-07-05 18:26:43.8963 INFO Checking Database Connection...
2017-07-05 18:26:44.6893 INFO Database connection string : Data Source=|DataDirectory|\ScaleSoft.db3;Version=3;
2017-07-05 18:26:48.9181 INFO Checking License...
2017-07-05 18:26:48.9461 INFO Database connection string : Data Source=|DataDirectory|\ScaleSoft.db3;Version=3;
2017-07-05 18:26:49.9768 INFO Error: not find any rockey2 : -1609564149
2017-07-05 18:26:57.0115 INFO Finishing Initialisation...
2017-07-05 18:26:59.5337 INFO Database connection string : Data Source=|DataDirectory|\ScaleSoft.db3;Version=3;
2017-07-05 18:26:59.5847 INFO Database connection string : Data Source=|DataDirectory|\ScaleSoft.db3;Version=3;
2017-07-05 18:26:59.5947 INFO Database connection string : Data Source=|DataDirectory|\ScaleSoft.db3;Version=3;
2017-07-05 18:27:04.1088 INFO Database connection string : Data Source=|DataDirectory|\ScaleSoft.db3;Version=3;
2017-07-05 18:27:04.1623 INFO Database connection string : Data Source=|DataDirectory|\ScaleSoft.db3;Version=3;
2017-07-05 18:27:04.1754 INFO Database connection string : Data Source=|DataDirectory|\ScaleSoft.db3;Version=3;
2017-07-05 18:27:04.3019 INFO Database connection string : Data Source=|DataDirectory|\ScaleSoft.db3;Version=3;
2017-07-05 18:27:40.2729 INFO Database connection string : Data Source=|DataDirectory|\ScaleSoft.db3;Version=3;
2017-07-05 18:27:40.9343 INFO Database connection string : Data Source=|DataDirectory|\ScaleSoft.db3;Version=3;
2017-07-05 18:31:23.0507 INFO Database file location: E:\Attique\For-Attiq\ITWhiz.ScaleSoft\ITWhiz.ScaleSoft.Desktop\
2017-07-05 18:31:23.3284 INFO Initialising Components...
2017-07-05 18:31:26.4059 INFO Checking Database Connection...
2017-07-05 18:31:26.4584 INFO Database connection string : Data Source=|DataDirectory|\ScaleSoft.db3;Version=3;
2017-07-05 18:31:29.5705 INFO Checking License...
2017-07-05 18:31:29.5705 INFO Database connection string : Data Source=|DataDirectory|\ScaleSoft.db3;Version=3;
2017-07-05 18:31:30.1249 INFO Error: not find any rockey2 : -1609564149
2017-07-05 18:31:35.1152 INFO Finishing Initialisation...
2017-07-05 18:31:37.5758 INFO Database connection string : Data Source=|DataDirectory|\ScaleSoft.db3;Version=3;
2017-07-05 18:31:37.5863 INFO Database connection string : Data Source=|DataDirectory|\ScaleSoft.db3;Version=3;
2017-07-05 18:31:37.5863 INFO Database connection string : Data Source=|DataDirectory|\ScaleSoft.db3;Version=3;
2017-07-05 18:31:43.7234 INFO Database connection string : Data Source=|DataDirectory|\ScaleSoft.db3;Version=3;
2017-07-05 18:31:43.7454 INFO Database connection string : Data Source=|DataDirectory|\ScaleSoft.db3;Version=3;
2017-07-05 18:31:43.7599 INFO Database connection string : Data Source=|DataDirectory|\ScaleSoft.db3;Version=3;
2017-07-05 18:31:43.8054 INFO Database connection string : Data Source=|DataDirectory|\ScaleSoft.db3;Version=3;
