2017-10-08 03:49:37.4609 INFO Database file location: E:\IBTS\ITWhiz.ScaleSoft\ITWhiz.ScaleSoft.Desktop\
2017-10-08 03:49:37.5568 INFO Initialising Components...
2017-10-08 03:49:40.5704 INFO Checking Database Connection...
2017-10-08 03:49:40.9567 INFO Database connection string : Data Source=|DataDirectory|\ScaleSoft.db3;Version=3;
2017-10-08 03:49:44.3139 INFO Checking License...
2017-10-08 03:49:44.3294 INFO Database connection string : Data Source=|DataDirectory|\ScaleSoft.db3;Version=3;
2017-10-08 03:49:44.9571 INFO Sucess: find rockey2 : 1
2017-10-08 03:49:44.9571 INFO Sucess: open rockey2
2017-10-08 03:49:45.0196 INFO The uid is : 2618208898 and hid 2564932284
2017-10-08 03:49:48.0591 INFO Finishing Initialisation...
2017-10-08 03:50:02.5520 INFO Database connection string : Data Source=|DataDirectory|\ScaleSoft.db3;Version=3;
2017-10-08 03:50:02.5989 INFO Database connection string : Data Source=|DataDirectory|\ScaleSoft.db3;Version=3;
2017-10-08 03:50:02.6145 INFO Database connection string : Data Source=|DataDirectory|\ScaleSoft.db3;Version=3;
2017-10-08 03:50:10.0530 INFO Database connection string : Data Source=|DataDirectory|\ScaleSoft.db3;Version=3;
2017-10-08 03:52:12.2783 INFO Database file location: E:\IBTS\ITWhiz.ScaleSoft\ITWhiz.ScaleSoft.Desktop\
2017-10-08 03:52:12.3786 INFO Initialising Components...
2017-10-08 03:52:15.3947 INFO Checking Database Connection...
2017-10-08 03:52:15.4571 INFO Database connection string : Data Source=|DataDirectory|\ScaleSoft.db3;Version=3;
2017-10-08 03:52:18.5669 INFO Checking License...
2017-10-08 03:52:18.5824 INFO Database connection string : Data Source=|DataDirectory|\ScaleSoft.db3;Version=3;
2017-10-08 03:52:18.7074 INFO Sucess: find rockey2 : 1
2017-10-08 03:52:18.7074 INFO Sucess: open rockey2
2017-10-08 03:52:18.8951 INFO The uid is : 2618208898 and hid 2564932284
2017-10-08 03:52:21.9267 INFO Finishing Initialisation...
2017-10-08 03:52:26.2970 INFO Database connection string : Data Source=|DataDirectory|\ScaleSoft.db3;Version=3;
2017-10-08 03:52:26.3126 INFO Database connection string : Data Source=|DataDirectory|\ScaleSoft.db3;Version=3;
2017-10-08 03:52:26.3126 INFO Database connection string : Data Source=|DataDirectory|\ScaleSoft.db3;Version=3;
2017-10-08 03:52:30.0786 INFO Database connection string : Data Source=|DataDirectory|\ScaleSoft.db3;Version=3;
2017-10-08 03:53:13.8334 INFO Database connection string : Data Source=|DataDirectory|\ScaleSoft.db3;Version=3;
2017-10-08 03:53:18.3494 INFO Database connection string : Data Source=|DataDirectory|\ScaleSoft.db3;Version=3;
2017-10-08 03:53:21.5374 INFO Database connection string : Data Source=|DataDirectory|\ScaleSoft.db3;Version=3;
2017-10-08 03:53:30.1633 INFO Database connection string : Data Source=|DataDirectory|\ScaleSoft.db3;Version=3;
2017-10-08 03:53:30.9288 INFO Database connection string : Data Source=|DataDirectory|\ScaleSoft.db3;Version=3;
2017-10-08 03:53:31.2570 INFO Database connection string : Data Source=|DataDirectory|\ScaleSoft.db3;Version=3;
2017-10-08 03:53:31.6008 INFO Database connection string : Data Source=|DataDirectory|\ScaleSoft.db3;Version=3;
2017-10-08 03:53:31.9446 INFO Database connection string : Data Source=|DataDirectory|\ScaleSoft.db3;Version=3;
2017-10-08 03:53:32.6166 INFO Database connection string : Data Source=|DataDirectory|\ScaleSoft.db3;Version=3;
2017-10-08 03:53:39.8361 INFO Database connection string : Data Source=|DataDirectory|\ScaleSoft.db3;Version=3;
2017-10-08 03:54:06.1388 INFO Database connection string : Data Source=|DataDirectory|\ScaleSoft.db3;Version=3;
2017-10-08 03:54:15.4343 INFO Database connection string : Data Source=|DataDirectory|\ScaleSoft.db3;Version=3;
2017-10-08 03:54:23.1381 INFO Database connection string : Data Source=|DataDirectory|\ScaleSoft.db3;Version=3;
2017-10-08 04:12:18.0825 INFO Database file location: E:\IBTS\ITWhiz.ScaleSoft\ITWhiz.ScaleSoft.Desktop\
2017-10-08 04:12:18.1838 INFO Initialising Components...
2017-10-08 04:12:21.2036 INFO Checking Database Connection...
2017-10-08 04:12:21.2816 INFO Database connection string : Data Source=|DataDirectory|\ScaleSoft.db3;Version=3;
2017-10-08 04:12:24.4170 INFO Checking License...
2017-10-08 04:12:24.4482 INFO Database connection string : Data Source=|DataDirectory|\ScaleSoft.db3;Version=3;
2017-10-08 04:12:24.6103 INFO Sucess: find rockey2 : 1
2017-10-08 04:12:24.6260 INFO Sucess: open rockey2
2017-10-08 04:12:24.6885 INFO The uid is : 2618208898 and hid 2564932284
2017-10-08 04:12:27.7045 INFO Finishing Initialisation...
2017-10-08 04:12:36.9867 INFO Database connection string : Data Source=|DataDirectory|\ScaleSoft.db3;Version=3;
2017-10-08 04:12:37.0023 INFO Database connection string : Data Source=|DataDirectory|\ScaleSoft.db3;Version=3;
2017-10-08 04:12:37.0023 INFO Database connection string : Data Source=|DataDirectory|\ScaleSoft.db3;Version=3;
2017-10-08 04:12:48.7535 INFO Database connection string : Data Source=|DataDirectory|\ScaleSoft.db3;Version=3;
2017-10-08 04:13:30.4768 INFO Database connection string : Data Source=|DataDirectory|\ScaleSoft.db3;Version=3;
2017-10-08 04:13:30.5394 INFO Database connection string : Data Source=|DataDirectory|\ScaleSoft.db3;Version=3;
2017-10-08 04:13:30.5705 INFO Database connection string : Data Source=|DataDirectory|\ScaleSoft.db3;Version=3;
2017-10-08 04:13:30.6174 INFO Database connection string : Data Source=|DataDirectory|\ScaleSoft.db3;Version=3;
2017-10-08 04:15:45.8854 INFO Database file location: E:\IBTS\ITWhiz.ScaleSoft\ITWhiz.ScaleSoft.Desktop\
2017-10-08 04:15:46.0178 INFO Initialising Components...
2017-10-08 04:15:49.0503 INFO Checking Database Connection...
2017-10-08 04:15:49.1283 INFO Database connection string : Data Source=|DataDirectory|\ScaleSoft.db3;Version=3;
2017-10-08 04:15:52.2223 INFO Checking License...
2017-10-08 04:15:52.2380 INFO Database connection string : Data Source=|DataDirectory|\ScaleSoft.db3;Version=3;
2017-10-08 04:15:52.4388 INFO Sucess: find rockey2 : 1
2017-10-08 04:15:52.4388 INFO Sucess: open rockey2
2017-10-08 04:15:52.5014 INFO The uid is : 2618208898 and hid 2564932284
2017-10-08 04:15:55.5174 INFO Finishing Initialisation...
2017-10-08 04:15:59.1427 INFO Database connection string : Data Source=|DataDirectory|\ScaleSoft.db3;Version=3;
2017-10-08 04:15:59.1582 INFO Database connection string : Data Source=|DataDirectory|\ScaleSoft.db3;Version=3;
2017-10-08 04:15:59.1582 INFO Database connection string : Data Source=|DataDirectory|\ScaleSoft.db3;Version=3;
2017-10-08 09:57:17.1939 INFO Database file location: E:\IBTS\ITWhiz.ScaleSoft\ITWhiz.ScaleSoft.Desktop\
2017-10-08 09:57:17.3189 INFO Initialising Components...
2017-10-08 09:57:20.3350 INFO Checking Database Connection...
2017-10-08 09:57:20.6161 INFO Database connection string : Data Source=|DataDirectory|\ScaleSoft.db3;Version=3;
2017-10-08 09:57:23.8197 INFO Checking License...
2017-10-08 09:57:23.8352 INFO Database connection string : Data Source=|DataDirectory|\ScaleSoft.db3;Version=3;
2017-10-08 09:57:24.0696 INFO Sucess: find rockey2 : 0
2017-10-08 09:57:24.0696 INFO Error: can not open the rockey2 : -1609564159
2017-10-08 09:57:33.8988 INFO Finishing Initialisation...
2017-10-08 09:57:49.0411 INFO Database connection string : Data Source=|DataDirectory|\ScaleSoft.db3;Version=3;
2017-10-08 09:57:49.0411 INFO Database connection string : Data Source=|DataDirectory|\ScaleSoft.db3;Version=3;
2017-10-08 09:57:49.0566 INFO Database connection string : Data Source=|DataDirectory|\ScaleSoft.db3;Version=3;
2017-10-08 09:58:27.6701 INFO Database connection string : Data Source=|DataDirectory|\ScaleSoft.db3;Version=3;
2017-10-08 09:59:30.1797 INFO Database connection string : Data Source=|DataDirectory|\ScaleSoft.db3;Version=3;
2017-10-08 09:59:31.3985 INFO Database connection string : Data Source=|DataDirectory|\ScaleSoft.db3;Version=3;
2017-10-08 09:59:58.4127 INFO Database connection string : Data Source=|DataDirectory|\ScaleSoft.db3;Version=3;
2017-10-08 10:01:47.5714 INFO Database connection string : Data Source=|DataDirectory|\ScaleSoft.db3;Version=3;
2017-10-08 10:03:42.5431 INFO Database connection string : Data Source=|DataDirectory|\ScaleSoft.db3;Version=3;
2017-10-08 10:18:03.6860 INFO Database file location: E:\IBTS\ITWhiz.ScaleSoft\ITWhiz.ScaleSoft.Desktop\
2017-10-08 10:18:03.7903 INFO Initialising Components...
2017-10-08 10:18:06.8057 INFO Checking Database Connection...
2017-10-08 10:18:06.8681 INFO Database connection string : Data Source=|DataDirectory|\ScaleSoft.db3;Version=3;
2017-10-08 10:18:09.9936 INFO Checking License...
2017-10-08 10:18:10.0090 INFO Database connection string : Data Source=|DataDirectory|\ScaleSoft.db3;Version=3;
2017-10-08 10:18:10.1341 INFO Sucess: find rockey2 : 0
2017-10-08 10:18:10.1497 INFO Error: can not open the rockey2 : -1609564159
2017-10-08 10:18:16.3067 INFO Finishing Initialisation...
2017-10-08 10:18:18.2287 INFO Database connection string : Data Source=|DataDirectory|\ScaleSoft.db3;Version=3;
2017-10-08 10:18:18.2443 INFO Database connection string : Data Source=|DataDirectory|\ScaleSoft.db3;Version=3;
2017-10-08 10:18:18.2599 INFO Database connection string : Data Source=|DataDirectory|\ScaleSoft.db3;Version=3;
2017-10-08 10:18:21.7915 INFO Database connection string : Data Source=|DataDirectory|\ScaleSoft.db3;Version=3;
2017-10-08 10:18:52.0291 INFO Database connection string : Data Source=|DataDirectory|\ScaleSoft.db3;Version=3;
2017-10-08 10:18:56.8423 INFO Database connection string : Data Source=|DataDirectory|\ScaleSoft.db3;Version=3;
2017-10-08 10:19:00.7176 INFO Database connection string : Data Source=|DataDirectory|\ScaleSoft.db3;Version=3;
2017-10-08 10:19:03.3428 INFO Database connection string : Data Source=|DataDirectory|\ScaleSoft.db3;Version=3;
2017-10-08 21:04:52.9663 INFO Database file location: E:\IBTS\ITWhiz.ScaleSoft\ITWhiz.ScaleSoft.Desktop\
2017-10-08 21:04:53.6400 INFO Initialising Components...
2017-10-08 21:04:56.7535 INFO Checking Database Connection...
2017-10-08 21:04:59.8585 INFO Database connection string : Data Source=|DataDirectory|\ScaleSoft.db3;Version=3;
2017-10-08 21:05:06.4027 INFO Checking License...
2017-10-08 21:05:06.9696 INFO Database connection string : Data Source=|DataDirectory|\ScaleSoft.db3;Version=3;
2017-10-08 21:05:08.9527 INFO Sucess: find rockey2 : 1
2017-10-08 21:05:08.9887 INFO Sucess: open rockey2
2017-10-08 21:05:09.0488 INFO The uid is : 2618208898 and hid 2564932284
2017-10-08 21:05:12.0609 INFO Finishing Initialisation...
2017-10-08 21:07:11.8563 INFO Database connection string : Data Source=|DataDirectory|\ScaleSoft.db3;Version=3;
2017-10-08 21:07:11.9499 INFO Database connection string : Data Source=|DataDirectory|\ScaleSoft.db3;Version=3;
2017-10-08 21:07:11.9655 INFO Database connection string : Data Source=|DataDirectory|\ScaleSoft.db3;Version=3;
2017-10-08 21:13:32.6803 INFO Database file location: E:\IBTS\ITWhiz.ScaleSoft\ITWhiz.ScaleSoft.Desktop\
2017-10-08 21:13:32.7543 INFO Initialising Components...
2017-10-08 21:13:35.7665 INFO Checking Database Connection...
2017-10-08 21:13:35.8288 INFO Database connection string : Data Source=|DataDirectory|\ScaleSoft.db3;Version=3;
2017-10-08 21:13:39.0637 INFO Checking License...
2017-10-08 21:13:39.0792 INFO Database connection string : Data Source=|DataDirectory|\ScaleSoft.db3;Version=3;
2017-10-08 21:13:39.2719 INFO Sucess: find rockey2 : 1
2017-10-08 21:13:39.2876 INFO Sucess: open rockey2
2017-10-08 21:13:39.3501 INFO The uid is : 2618208898 and hid 2564932284
2017-10-08 21:13:42.3818 INFO Finishing Initialisation...
2017-10-08 21:13:46.5229 INFO Database connection string : Data Source=|DataDirectory|\ScaleSoft.db3;Version=3;
2017-10-08 21:13:46.5384 INFO Database connection string : Data Source=|DataDirectory|\ScaleSoft.db3;Version=3;
2017-10-08 21:13:46.5384 INFO Database connection string : Data Source=|DataDirectory|\ScaleSoft.db3;Version=3;
2017-10-08 21:13:53.6631 INFO Database connection string : Data Source=|DataDirectory|\ScaleSoft.db3;Version=3;
2017-10-08 21:19:28.4485 INFO Database file location: E:\IBTS\ITWhiz.ScaleSoft\ITWhiz.ScaleSoft.Desktop\
2017-10-08 21:19:28.5758 INFO Initialising Components...
2017-10-08 21:19:31.6070 INFO Checking Database Connection...
2017-10-08 21:19:31.6694 INFO Database connection string : Data Source=|DataDirectory|\ScaleSoft.db3;Version=3;
2017-10-08 21:19:34.8884 INFO Checking License...
2017-10-08 21:19:34.9040 INFO Database connection string : Data Source=|DataDirectory|\ScaleSoft.db3;Version=3;
2017-10-08 21:19:35.0714 INFO Sucess: find rockey2 : 1
2017-10-08 21:19:35.0871 INFO Sucess: open rockey2
2017-10-08 21:19:35.1497 INFO The uid is : 2618208898 and hid 2564932284
2017-10-08 21:19:38.1657 INFO Finishing Initialisation...
2017-10-08 21:19:42.7755 INFO Database connection string : Data Source=|DataDirectory|\ScaleSoft.db3;Version=3;
2017-10-08 21:19:42.7755 INFO Database connection string : Data Source=|DataDirectory|\ScaleSoft.db3;Version=3;
2017-10-08 21:19:42.7910 INFO Database connection string : Data Source=|DataDirectory|\ScaleSoft.db3;Version=3;
2017-10-08 21:19:47.6821 INFO Database connection string : Data Source=|DataDirectory|\ScaleSoft.db3;Version=3;
2017-10-08 21:20:10.4664 INFO Database connection string : Data Source=|DataDirectory|\ScaleSoft.db3;Version=3;
2017-10-08 21:30:31.0493 INFO Database file location: E:\IBTS\ITWhiz.ScaleSoft\ITWhiz.ScaleSoft.Desktop\
2017-10-08 21:30:31.1666 INFO Initialising Components...
2017-10-08 21:30:34.1841 INFO Checking Database Connection...
2017-10-08 21:30:34.2621 INFO Database connection string : Data Source=|DataDirectory|\ScaleSoft.db3;Version=3;
2017-10-08 21:30:37.4501 INFO Checking License...
2017-10-08 21:30:37.4655 INFO Database connection string : Data Source=|DataDirectory|\ScaleSoft.db3;Version=3;
2017-10-08 21:30:37.5749 INFO Sucess: find rockey2 : 1
2017-10-08 21:30:37.5906 INFO Sucess: open rockey2
2017-10-08 21:30:37.6375 INFO The uid is : 2618208898 and hid 2564932284
2017-10-08 21:30:40.6633 INFO Finishing Initialisation...
2017-10-08 21:30:52.3820 INFO Database connection string : Data Source=|DataDirectory|\ScaleSoft.db3;Version=3;
2017-10-08 21:30:52.3820 INFO Database connection string : Data Source=|DataDirectory|\ScaleSoft.db3;Version=3;
2017-10-08 21:30:52.3975 INFO Database connection string : Data Source=|DataDirectory|\ScaleSoft.db3;Version=3;
2017-10-08 21:30:56.8198 INFO Database connection string : Data Source=|DataDirectory|\ScaleSoft.db3;Version=3;
2017-10-08 21:30:56.8198 INFO Database connection string : Data Source=|DataDirectory|\ScaleSoft.db3;Version=3;
2017-10-08 21:31:03.1799 INFO Database connection string : Data Source=|DataDirectory|\ScaleSoft.db3;Version=3;
2017-10-08 21:31:04.8208 INFO Database connection string : Data Source=|DataDirectory|\ScaleSoft.db3;Version=3;
2017-10-08 21:31:05.3207 INFO Database connection string : Data Source=|DataDirectory|\ScaleSoft.db3;Version=3;
2017-10-08 21:31:05.9302 INFO Database connection string : Data Source=|DataDirectory|\ScaleSoft.db3;Version=3;
2017-10-08 21:32:01.8088 INFO Database file location: E:\IBTS\ITWhiz.ScaleSoft\ITWhiz.ScaleSoft.Desktop\
2017-10-08 21:32:01.9161 INFO Initialising Components...
2017-10-08 21:32:04.9434 INFO Checking Database Connection...
2017-10-08 21:32:05.0840 INFO Database connection string : Data Source=|DataDirectory|\ScaleSoft.db3;Version=3;
2017-10-08 21:32:08.2249 INFO Checking License...
2017-10-08 21:32:08.2405 INFO Database connection string : Data Source=|DataDirectory|\ScaleSoft.db3;Version=3;
2017-10-08 21:32:08.3655 INFO Sucess: find rockey2 : 1
2017-10-08 21:32:08.3812 INFO Sucess: open rockey2
2017-10-08 21:32:08.4282 INFO The uid is : 2618208898 and hid 2564932284
2017-10-08 21:32:11.4462 INFO Finishing Initialisation...
2017-10-08 21:32:14.6185 INFO Database connection string : Data Source=|DataDirectory|\ScaleSoft.db3;Version=3;
2017-10-08 21:32:14.6340 INFO Database connection string : Data Source=|DataDirectory|\ScaleSoft.db3;Version=3;
2017-10-08 21:32:14.6340 INFO Database connection string : Data Source=|DataDirectory|\ScaleSoft.db3;Version=3;
2017-10-08 21:32:31.4414 INFO Database connection string : Data Source=|DataDirectory|\ScaleSoft.db3;Version=3;
2017-10-08 21:32:50.8633 INFO Database connection string : Data Source=|DataDirectory|\ScaleSoft.db3;Version=3;
2017-10-08 21:43:51.2759 INFO Database file location: E:\IBTS\ITWhiz.ScaleSoft\ITWhiz.ScaleSoft.Desktop\
2017-10-08 21:43:51.4163 INFO Initialising Components...
2017-10-08 21:43:54.4345 INFO Checking Database Connection...
2017-10-08 21:43:54.5281 INFO Database connection string : Data Source=|DataDirectory|\ScaleSoft.db3;Version=3;
2017-10-08 21:43:57.6378 INFO Checking License...
2017-10-08 21:43:57.6534 INFO Database connection string : Data Source=|DataDirectory|\ScaleSoft.db3;Version=3;
2017-10-08 21:43:57.7942 INFO Sucess: find rockey2 : 1
2017-10-08 21:43:57.7942 INFO Sucess: open rockey2
2017-10-08 21:43:57.8411 INFO The uid is : 2618208898 and hid 2564932284
2017-10-08 21:44:00.8570 INFO Finishing Initialisation...
2017-10-08 21:44:07.8632 INFO Database connection string : Data Source=|DataDirectory|\ScaleSoft.db3;Version=3;
2017-10-08 21:44:07.8632 INFO Database connection string : Data Source=|DataDirectory|\ScaleSoft.db3;Version=3;
2017-10-08 21:44:07.8788 INFO Database connection string : Data Source=|DataDirectory|\ScaleSoft.db3;Version=3;
2017-10-08 21:44:18.5304 INFO Database connection string : Data Source=|DataDirectory|\ScaleSoft.db3;Version=3;
2017-10-08 21:44:22.7287 INFO Database connection string : Data Source=|DataDirectory|\ScaleSoft.db3;Version=3;
2017-10-08 21:52:05.0913 INFO Database file location: E:\IBTS\ITWhiz.ScaleSoft\ITWhiz.ScaleSoft.Desktop\
2017-10-08 21:52:05.1875 INFO Initialising Components...
2017-10-08 21:52:08.2164 INFO Checking Database Connection...
2017-10-08 21:52:08.2477 INFO Database connection string : Data Source=|DataDirectory|\ScaleSoft.db3;Version=3;
2017-10-08 21:52:11.4201 INFO Checking License...
2017-10-08 21:52:11.4355 INFO Database connection string : Data Source=|DataDirectory|\ScaleSoft.db3;Version=3;
2017-10-08 21:52:11.6089 INFO Sucess: find rockey2 : 1
2017-10-08 21:52:11.6089 INFO Sucess: open rockey2
2017-10-08 21:52:11.6720 INFO The uid is : 2618208898 and hid 2564932284
2017-10-08 21:52:14.7015 INFO Finishing Initialisation...
2017-10-08 21:52:42.4890 INFO Database connection string : Data Source=|DataDirectory|\ScaleSoft.db3;Version=3;
2017-10-08 21:52:42.4890 INFO Database connection string : Data Source=|DataDirectory|\ScaleSoft.db3;Version=3;
2017-10-08 21:52:42.5044 INFO Database connection string : Data Source=|DataDirectory|\ScaleSoft.db3;Version=3;
2017-10-08 21:52:44.9811 INFO Database connection string : Data Source=|DataDirectory|\ScaleSoft.db3;Version=3;
2017-10-08 21:52:54.2661 INFO Database connection string : Data Source=|DataDirectory|\ScaleSoft.db3;Version=3;
2017-10-08 21:53:00.8919 INFO Database connection string : Data Source=|DataDirectory|\ScaleSoft.db3;Version=3;
2017-10-08 21:53:00.9627 INFO Database connection string : Data Source=|DataDirectory|\ScaleSoft.db3;Version=3;
2017-10-08 21:53:00.9788 INFO Database connection string : Data Source=|DataDirectory|\ScaleSoft.db3;Version=3;
2017-10-08 21:53:01.0569 INFO Database connection string : Data Source=|DataDirectory|\ScaleSoft.db3;Version=3;
2017-10-08 21:53:20.9168 INFO Database connection string : Data Source=|DataDirectory|\ScaleSoft.db3;Version=3;
2017-10-08 21:53:21.2137 INFO Database connection string : Data Source=|DataDirectory|\ScaleSoft.db3;Version=3;
2017-10-08 21:53:23.2296 INFO Database connection string : Data Source=|DataDirectory|\ScaleSoft.db3;Version=3;
2017-10-08 21:57:08.7167 INFO Database connection string : Data Source=|DataDirectory|\ScaleSoft.db3;Version=3;
