2017-06-28 22:09:49.5772 INFO Database file location: E:\Attique\For-Attiq\ITWhiz.ScaleSoft\ITWhiz.ScaleSoft.Desktop\
2017-06-28 22:09:49.9577 INFO Initialising Components...
2017-06-28 22:09:52.9850 INFO Checking Database Connection...
2017-06-28 22:09:53.7995 INFO Database connection string : Data Source=|DataDirectory|\ScaleSoft.db3;Version=3;
2017-06-28 22:09:58.4720 INFO Checking License...
2017-06-28 22:09:58.5059 INFO Database connection string : Data Source=|DataDirectory|\ScaleSoft.db3;Version=3;
2017-06-28 22:10:00.0505 INFO Sucess: find rockey2 : 1
2017-06-28 22:10:00.0505 INFO Sucess: open rockey2
2017-06-28 22:10:00.1091 INFO The uid is : 2618208898 and hid 2564932284
2017-06-28 22:10:38.5320 INFO Finishing Initialisation...
2017-06-28 22:10:41.0664 INFO Database connection string : Data Source=|DataDirectory|\ScaleSoft.db3;Version=3;
2017-06-28 22:10:41.1071 INFO Database connection string : Data Source=|DataDirectory|\ScaleSoft.db3;Version=3;
2017-06-28 22:10:41.1373 INFO Database connection string : Data Source=|DataDirectory|\ScaleSoft.db3;Version=3;
2017-06-28 22:10:44.2431 INFO Database connection string : Data Source=|DataDirectory|\ScaleSoft.db3;Version=3;
2017-06-28 22:10:44.3071 INFO Database connection string : Data Source=|DataDirectory|\ScaleSoft.db3;Version=3;
2017-06-28 22:10:44.3071 INFO Database connection string : Data Source=|DataDirectory|\ScaleSoft.db3;Version=3;
2017-06-28 22:10:44.4241 INFO Database connection string : Data Source=|DataDirectory|\ScaleSoft.db3;Version=3;
2017-06-28 23:09:36.5778 INFO Database file location: E:\Attique\For-Attiq\ITWhiz.ScaleSoft\ITWhiz.ScaleSoft.Desktop\
2017-06-28 23:09:36.6884 INFO Initialising Components...
2017-06-28 23:09:39.7272 INFO Checking Database Connection...
2017-06-28 23:09:39.7485 INFO Database connection string : Data Source=|DataDirectory|\ScaleSoft.db3;Version=3;
2017-06-28 23:09:42.8161 INFO Checking License...
2017-06-28 23:09:42.8537 INFO Database connection string : Data Source=|DataDirectory|\ScaleSoft.db3;Version=3;
2017-06-28 23:17:15.7380 INFO Database file location: E:\Attique\For-Attiq\ITWhiz.ScaleSoft\ITWhiz.ScaleSoft.Desktop\
2017-06-28 23:17:15.8870 INFO Initialising Components...
2017-06-28 23:17:18.9433 INFO Checking Database Connection...
2017-06-28 23:17:18.9749 INFO Database connection string : Data Source=|DataDirectory|\ScaleSoft.db3;Version=3;
2017-06-28 23:17:22.0441 INFO Checking License...
2017-06-28 23:17:22.0441 INFO Database connection string : Data Source=|DataDirectory|\ScaleSoft.db3;Version=3;
2017-06-28 23:19:29.0790 INFO Error: not find any rockey2 : -1609564149
2017-06-28 23:21:40.4438 INFO Finishing Initialisation...
2017-06-28 23:21:43.8923 INFO Database connection string : Data Source=|DataDirectory|\ScaleSoft.db3;Version=3;
2017-06-28 23:21:43.9013 INFO Database connection string : Data Source=|DataDirectory|\ScaleSoft.db3;Version=3;
2017-06-28 23:21:43.9013 INFO Database connection string : Data Source=|DataDirectory|\ScaleSoft.db3;Version=3;
