2017-10-03 00:37:53.3980 INFO Database file location: E:\IBTS\ITWhiz.ScaleSoft\ITWhiz.ScaleSoft.Desktop\
2017-10-03 00:37:53.6947 INFO Initialising Components...
2017-10-03 00:37:56.7458 INFO Checking Database Connection...
2017-10-03 00:37:56.8699 INFO Database connection string : Data Source=|DataDirectory|\ScaleSoft.db3;Version=3;
2017-10-03 00:38:00.1850 INFO Checking License...
2017-10-03 00:38:00.1920 INFO Database connection string : Data Source=|DataDirectory|\ScaleSoft.db3;Version=3;
2017-10-03 00:38:00.7955 INFO Error: not find any rockey2 : -1609564149
2017-10-03 00:38:13.2077 INFO Finishing Initialisation...
2017-10-03 00:38:20.5583 INFO Database connection string : Data Source=|DataDirectory|\ScaleSoft.db3;Version=3;
2017-10-03 00:38:20.5846 INFO Database connection string : Data Source=|DataDirectory|\ScaleSoft.db3;Version=3;
2017-10-03 00:38:20.5846 INFO Database connection string : Data Source=|DataDirectory|\ScaleSoft.db3;Version=3;
2017-10-03 00:40:34.4498 INFO Database connection string : Data Source=|DataDirectory|\ScaleSoft.db3;Version=3;
2017-10-03 00:40:34.5079 INFO Database connection string : Data Source=|DataDirectory|\ScaleSoft.db3;Version=3;
2017-10-03 00:40:34.5079 INFO Database connection string : Data Source=|DataDirectory|\ScaleSoft.db3;Version=3;
2017-10-03 00:40:34.5420 INFO Database connection string : Data Source=|DataDirectory|\ScaleSoft.db3;Version=3;
2017-10-03 00:41:47.8389 INFO Database connection string : Data Source=|DataDirectory|\ScaleSoft.db3;Version=3;
2017-10-03 00:41:48.1227 INFO Database connection string : Data Source=|DataDirectory|\ScaleSoft.db3;Version=3;
2017-10-03 00:57:21.8096 INFO Database file location: E:\IBTS\ITWhiz.ScaleSoft\ITWhiz.ScaleSoft.Desktop\
2017-10-03 00:57:22.1377 INFO Initialising Components...
2017-10-03 00:57:25.2007 INFO Checking Database Connection...
2017-10-03 00:57:25.2631 INFO Database connection string : Data Source=|DataDirectory|\ScaleSoft.db3;Version=3;
2017-10-03 00:57:28.3891 INFO Checking License...
2017-10-03 00:57:28.3891 INFO Database connection string : Data Source=|DataDirectory|\ScaleSoft.db3;Version=3;
2017-10-03 00:57:28.7798 INFO Error: not find any rockey2 : -1609564149
2017-10-03 00:57:38.9023 INFO Finishing Initialisation...
2017-10-03 00:57:52.3783 INFO Database connection string : Data Source=|DataDirectory|\ScaleSoft.db3;Version=3;
2017-10-03 00:57:52.3938 INFO Database connection string : Data Source=|DataDirectory|\ScaleSoft.db3;Version=3;
2017-10-03 00:57:52.4094 INFO Database connection string : Data Source=|DataDirectory|\ScaleSoft.db3;Version=3;
2017-10-03 00:58:07.4959 INFO Database connection string : Data Source=|DataDirectory|\ScaleSoft.db3;Version=3;
2017-10-03 00:58:07.5271 INFO Database connection string : Data Source=|DataDirectory|\ScaleSoft.db3;Version=3;
2017-10-03 00:58:07.5427 INFO Database connection string : Data Source=|DataDirectory|\ScaleSoft.db3;Version=3;
2017-10-03 00:58:07.5584 INFO Database connection string : Data Source=|DataDirectory|\ScaleSoft.db3;Version=3;
2017-10-03 01:06:43.9054 INFO Database file location: E:\IBTS\ITWhiz.ScaleSoft\ITWhiz.ScaleSoft.Desktop\
2017-10-03 01:06:44.2232 INFO Initialising Components...
2017-10-03 01:06:47.3044 INFO Checking Database Connection...
2017-10-03 01:06:47.3513 INFO Database connection string : Data Source=|DataDirectory|\ScaleSoft.db3;Version=3;
2017-10-03 01:06:50.4708 INFO Checking License...
2017-10-03 01:06:50.4863 INFO Database connection string : Data Source=|DataDirectory|\ScaleSoft.db3;Version=3;
2017-10-03 01:06:50.8926 INFO Error: not find any rockey2 : -1609564149
2017-10-03 01:06:58.0138 INFO Finishing Initialisation...
2017-10-03 01:07:04.8108 INFO Database connection string : Data Source=|DataDirectory|\ScaleSoft.db3;Version=3;
2017-10-03 01:07:04.8265 INFO Database connection string : Data Source=|DataDirectory|\ScaleSoft.db3;Version=3;
2017-10-03 01:07:04.8421 INFO Database connection string : Data Source=|DataDirectory|\ScaleSoft.db3;Version=3;
2017-10-03 01:07:09.0253 INFO Database connection string : Data Source=|DataDirectory|\ScaleSoft.db3;Version=3;
2017-10-03 01:07:09.0566 INFO Database connection string : Data Source=|DataDirectory|\ScaleSoft.db3;Version=3;
2017-10-03 01:07:09.0566 INFO Database connection string : Data Source=|DataDirectory|\ScaleSoft.db3;Version=3;
2017-10-03 01:07:09.0878 INFO Database connection string : Data Source=|DataDirectory|\ScaleSoft.db3;Version=3;
2017-10-03 01:08:15.2188 INFO Database connection string : Data Source=|DataDirectory|\ScaleSoft.db3;Version=3;
2017-10-03 01:08:15.5469 INFO Database connection string : Data Source=|DataDirectory|\ScaleSoft.db3;Version=3;
2017-10-03 01:21:45.7220 INFO Database file location: E:\IBTS\ITWhiz.ScaleSoft\ITWhiz.ScaleSoft.Desktop\
2017-10-03 01:21:46.0904 INFO Initialising Components...
2017-10-03 01:21:49.1534 INFO Checking Database Connection...
2017-10-03 01:21:49.2314 INFO Database connection string : Data Source=|DataDirectory|\ScaleSoft.db3;Version=3;
2017-10-03 01:21:52.3584 INFO Checking License...
2017-10-03 01:21:52.3738 INFO Database connection string : Data Source=|DataDirectory|\ScaleSoft.db3;Version=3;
2017-10-03 01:21:52.7488 INFO Error: not find any rockey2 : -1609564149
2017-10-03 01:22:24.2283 INFO Finishing Initialisation...
2017-10-03 01:22:30.6057 INFO Database connection string : Data Source=|DataDirectory|\ScaleSoft.db3;Version=3;
2017-10-03 01:22:30.6211 INFO Database connection string : Data Source=|DataDirectory|\ScaleSoft.db3;Version=3;
2017-10-03 01:22:30.6211 INFO Database connection string : Data Source=|DataDirectory|\ScaleSoft.db3;Version=3;
2017-10-03 01:22:35.3390 INFO Database connection string : Data Source=|DataDirectory|\ScaleSoft.db3;Version=3;
2017-10-03 01:22:35.3702 INFO Database connection string : Data Source=|DataDirectory|\ScaleSoft.db3;Version=3;
2017-10-03 01:22:35.3859 INFO Database connection string : Data Source=|DataDirectory|\ScaleSoft.db3;Version=3;
2017-10-03 01:22:35.4015 INFO Database connection string : Data Source=|DataDirectory|\ScaleSoft.db3;Version=3;
2017-10-03 01:23:49.1309 INFO Database connection string : Data Source=|DataDirectory|\ScaleSoft.db3;Version=3;
2017-10-03 01:23:49.4279 INFO Database connection string : Data Source=|DataDirectory|\ScaleSoft.db3;Version=3;
2017-10-03 01:25:16.8754 INFO Database connection string : Data Source=|DataDirectory|\ScaleSoft.db3;Version=3;
2017-10-03 01:25:27.2805 INFO Database connection string : Data Source=|DataDirectory|\ScaleSoft.db3;Version=3;
2017-10-03 01:25:49.7897 INFO Database connection string : Data Source=|DataDirectory|\ScaleSoft.db3;Version=3;
2017-10-03 04:58:25.5236 INFO Database file location: E:\IBTS\ITWhiz.ScaleSoft\ITWhiz.ScaleSoft.Desktop\
2017-10-03 04:58:25.7306 INFO Initialising Components...
2017-10-03 04:58:28.7429 INFO Checking Database Connection...
2017-10-03 04:58:28.9381 INFO Database connection string : Data Source=|DataDirectory|\ScaleSoft.db3;Version=3;
2017-10-03 04:58:32.1544 INFO Checking License...
2017-10-03 04:58:32.2136 INFO Database connection string : Data Source=|DataDirectory|\ScaleSoft.db3;Version=3;
2017-10-03 04:58:32.4773 INFO Error: not find any rockey2 : -1609564149
2017-10-03 04:58:38.4459 INFO Finishing Initialisation...
2017-10-03 04:58:56.5731 INFO Database connection string : Data Source=|DataDirectory|\ScaleSoft.db3;Version=3;
2017-10-03 04:58:56.6173 INFO Database connection string : Data Source=|DataDirectory|\ScaleSoft.db3;Version=3;
2017-10-03 04:58:56.6394 INFO Database connection string : Data Source=|DataDirectory|\ScaleSoft.db3;Version=3;
2017-10-03 04:59:20.2937 INFO Database connection string : Data Source=|DataDirectory|\ScaleSoft.db3;Version=3;
2017-10-03 04:59:51.3501 INFO Database connection string : Data Source=|DataDirectory|\ScaleSoft.db3;Version=3;
2017-10-03 21:08:56.9531 INFO Database file location: E:\IBTS\ITWhiz.ScaleSoft\ITWhiz.ScaleSoft.Desktop\
2017-10-03 21:08:57.7935 INFO Initialising Components...
2017-10-03 21:09:00.8050 INFO Checking Database Connection...
2017-10-03 21:09:01.1204 INFO Database connection string : Data Source=|DataDirectory|\ScaleSoft.db3;Version=3;
2017-10-03 21:09:04.3596 INFO Checking License...
2017-10-03 21:09:04.3596 INFO Database connection string : Data Source=|DataDirectory|\ScaleSoft.db3;Version=3;
2017-10-03 21:09:06.2936 INFO Error: not find any rockey2 : -1609564149
2017-10-03 21:09:15.3564 INFO Finishing Initialisation...
2017-10-03 21:09:46.3439 INFO Database connection string : Data Source=|DataDirectory|\ScaleSoft.db3;Version=3;
2017-10-03 21:09:46.3908 INFO Database connection string : Data Source=|DataDirectory|\ScaleSoft.db3;Version=3;
2017-10-03 21:09:46.3908 INFO Database connection string : Data Source=|DataDirectory|\ScaleSoft.db3;Version=3;
2017-10-03 21:10:23.8509 INFO Database connection string : Data Source=|DataDirectory|\ScaleSoft.db3;Version=3;
2017-10-03 21:10:45.0858 INFO Database connection string : Data Source=|DataDirectory|\ScaleSoft.db3;Version=3;
2017-10-03 21:10:56.6825 INFO Database connection string : Data Source=|DataDirectory|\ScaleSoft.db3;Version=3;
2017-10-03 21:11:42.6474 INFO Database connection string : Data Source=|DataDirectory|\ScaleSoft.db3;Version=3;
2017-10-03 21:11:44.7726 INFO Database connection string : Data Source=|DataDirectory|\ScaleSoft.db3;Version=3;
2017-10-03 21:12:09.1609 INFO Database connection string : Data Source=|DataDirectory|\ScaleSoft.db3;Version=3;
2017-10-03 22:34:41.4186 INFO Database file location: E:\IBTS\ITWhiz.ScaleSoft\ITWhiz.ScaleSoft.Desktop\
2017-10-03 22:34:42.0477 INFO Initialising Components...
2017-10-03 22:34:45.0630 INFO Checking Database Connection...
2017-10-03 22:34:46.3355 INFO Database connection string : Data Source=|DataDirectory|\ScaleSoft.db3;Version=3;
2017-10-03 22:34:51.0048 INFO Checking License...
2017-10-03 22:34:51.0635 INFO Database connection string : Data Source=|DataDirectory|\ScaleSoft.db3;Version=3;
2017-10-03 22:34:51.7457 INFO Error: not find any rockey2 : -1609564149
2017-10-03 22:34:57.5426 INFO Finishing Initialisation...
2017-10-03 22:35:02.0678 INFO Database connection string : Data Source=|DataDirectory|\ScaleSoft.db3;Version=3;
2017-10-03 22:35:02.0678 INFO Database connection string : Data Source=|DataDirectory|\ScaleSoft.db3;Version=3;
2017-10-03 22:35:02.0828 INFO Database connection string : Data Source=|DataDirectory|\ScaleSoft.db3;Version=3;
2017-10-03 22:35:05.8430 INFO Database connection string : Data Source=|DataDirectory|\ScaleSoft.db3;Version=3;
2017-10-03 22:35:05.8610 INFO Database connection string : Data Source=|DataDirectory|\ScaleSoft.db3;Version=3;
2017-10-03 22:35:05.8610 INFO Database connection string : Data Source=|DataDirectory|\ScaleSoft.db3;Version=3;
2017-10-03 22:35:05.9123 INFO Database connection string : Data Source=|DataDirectory|\ScaleSoft.db3;Version=3;
2017-10-03 22:36:24.6703 INFO Database connection string : Data Source=|DataDirectory|\ScaleSoft.db3;Version=3;
2017-10-03 22:36:24.9946 INFO Database connection string : Data Source=|DataDirectory|\ScaleSoft.db3;Version=3;
2017-10-03 22:37:41.3028 INFO Database connection string : Data Source=|DataDirectory|\ScaleSoft.db3;Version=3;
2017-10-03 22:54:29.4120 INFO Database file location: E:\IBTS\ITWhiz.ScaleSoft\ITWhiz.ScaleSoft.Desktop\
2017-10-03 22:54:29.5202 INFO Initialising Components...
2017-10-03 22:54:32.5484 INFO Checking Database Connection...
2017-10-03 22:54:32.5951 INFO Database connection string : Data Source=|DataDirectory|\ScaleSoft.db3;Version=3;
2017-10-03 22:54:35.6795 INFO Checking License...
2017-10-03 22:54:35.6950 INFO Database connection string : Data Source=|DataDirectory|\ScaleSoft.db3;Version=3;
2017-10-03 22:54:35.8043 INFO Error: not find any rockey2 : -1609564149
2017-10-03 22:54:41.1945 INFO Finishing Initialisation...
2017-10-03 22:54:45.2711 INFO Database connection string : Data Source=|DataDirectory|\ScaleSoft.db3;Version=3;
2017-10-03 22:54:45.2711 INFO Database connection string : Data Source=|DataDirectory|\ScaleSoft.db3;Version=3;
2017-10-03 22:54:45.2919 INFO Database connection string : Data Source=|DataDirectory|\ScaleSoft.db3;Version=3;
2017-10-03 22:54:49.2408 INFO Database connection string : Data Source=|DataDirectory|\ScaleSoft.db3;Version=3;
2017-10-03 22:54:49.2720 INFO Database connection string : Data Source=|DataDirectory|\ScaleSoft.db3;Version=3;
2017-10-03 22:54:49.2720 INFO Database connection string : Data Source=|DataDirectory|\ScaleSoft.db3;Version=3;
2017-10-03 22:54:49.2876 INFO Database connection string : Data Source=|DataDirectory|\ScaleSoft.db3;Version=3;
2017-10-03 22:56:41.4401 INFO Database connection string : Data Source=|DataDirectory|\ScaleSoft.db3;Version=3;
2017-10-03 22:56:41.7056 INFO Database connection string : Data Source=|DataDirectory|\ScaleSoft.db3;Version=3;
2017-10-03 23:00:19.8705 INFO Database connection string : Data Source=|DataDirectory|\ScaleSoft.db3;Version=3;
2017-10-03 23:00:19.9174 INFO Database connection string : Data Source=|DataDirectory|\ScaleSoft.db3;Version=3;
2017-10-03 23:00:19.9174 INFO Database connection string : Data Source=|DataDirectory|\ScaleSoft.db3;Version=3;
2017-10-03 23:01:27.1266 INFO Database file location: E:\IBTS\ITWhiz.ScaleSoft\ITWhiz.ScaleSoft.Desktop\
2017-10-03 23:01:27.2329 INFO Initialising Components...
2017-10-03 23:01:30.2566 INFO Checking Database Connection...
2017-10-03 23:01:30.3190 INFO Database connection string : Data Source=|DataDirectory|\ScaleSoft.db3;Version=3;
2017-10-03 23:01:33.4108 INFO Checking License...
2017-10-03 23:01:33.4265 INFO Database connection string : Data Source=|DataDirectory|\ScaleSoft.db3;Version=3;
2017-10-03 23:01:33.5046 INFO Error: not find any rockey2 : -1609564149
2017-10-03 23:01:39.1890 INFO Finishing Initialisation...
2017-10-03 23:01:42.6291 INFO Database connection string : Data Source=|DataDirectory|\ScaleSoft.db3;Version=3;
2017-10-03 23:01:42.6445 INFO Database connection string : Data Source=|DataDirectory|\ScaleSoft.db3;Version=3;
2017-10-03 23:01:42.6445 INFO Database connection string : Data Source=|DataDirectory|\ScaleSoft.db3;Version=3;
2017-10-03 23:01:51.9504 INFO Database connection string : Data Source=|DataDirectory|\ScaleSoft.db3;Version=3;
2017-10-03 23:01:51.9660 INFO Database connection string : Data Source=|DataDirectory|\ScaleSoft.db3;Version=3;
2017-10-03 23:01:51.9660 INFO Database connection string : Data Source=|DataDirectory|\ScaleSoft.db3;Version=3;
2017-10-03 23:01:51.9816 INFO Database connection string : Data Source=|DataDirectory|\ScaleSoft.db3;Version=3;
2017-10-03 23:04:13.5872 INFO Database connection string : Data Source=|DataDirectory|\ScaleSoft.db3;Version=3;
2017-10-03 23:04:14.1185 INFO Database connection string : Data Source=|DataDirectory|\ScaleSoft.db3;Version=3;
2017-10-03 23:06:11.9942 INFO Database file location: E:\IBTS\ITWhiz.ScaleSoft\ITWhiz.ScaleSoft.Desktop\
2017-10-03 23:06:12.1275 INFO Initialising Components...
2017-10-03 23:06:15.1383 INFO Checking Database Connection...
2017-10-03 23:06:15.1696 INFO Database connection string : Data Source=|DataDirectory|\ScaleSoft.db3;Version=3;
2017-10-03 23:06:18.2435 INFO Checking License...
2017-10-03 23:06:18.2589 INFO Database connection string : Data Source=|DataDirectory|\ScaleSoft.db3;Version=3;
2017-10-03 23:06:18.3371 INFO Error: not find any rockey2 : -1609564149
2017-10-03 23:06:23.0913 INFO Finishing Initialisation...
2017-10-03 23:06:27.6132 INFO Database connection string : Data Source=|DataDirectory|\ScaleSoft.db3;Version=3;
2017-10-03 23:06:27.6132 INFO Database connection string : Data Source=|DataDirectory|\ScaleSoft.db3;Version=3;
2017-10-03 23:06:27.6287 INFO Database connection string : Data Source=|DataDirectory|\ScaleSoft.db3;Version=3;
2017-10-03 23:06:30.1654 INFO Database connection string : Data Source=|DataDirectory|\ScaleSoft.db3;Version=3;
2017-10-03 23:06:30.1654 INFO Database connection string : Data Source=|DataDirectory|\ScaleSoft.db3;Version=3;
2017-10-03 23:06:30.1810 INFO Database connection string : Data Source=|DataDirectory|\ScaleSoft.db3;Version=3;
2017-10-03 23:06:30.1966 INFO Database connection string : Data Source=|DataDirectory|\ScaleSoft.db3;Version=3;
2017-10-03 23:17:25.5027 INFO Database file location: E:\IBTS\ITWhiz.ScaleSoft\ITWhiz.ScaleSoft.Desktop\
2017-10-03 23:17:25.6150 INFO Initialising Components...
2017-10-03 23:17:28.6286 INFO Checking Database Connection...
2017-10-03 23:17:28.6527 INFO Database connection string : Data Source=|DataDirectory|\ScaleSoft.db3;Version=3;
2017-10-03 23:17:31.7258 INFO Checking License...
2017-10-03 23:17:31.7458 INFO Database connection string : Data Source=|DataDirectory|\ScaleSoft.db3;Version=3;
2017-10-03 23:17:31.8566 INFO Error: not find any rockey2 : -1609564149
2017-10-03 23:17:36.4455 INFO Finishing Initialisation...
2017-10-03 23:17:40.2333 INFO Database connection string : Data Source=|DataDirectory|\ScaleSoft.db3;Version=3;
2017-10-03 23:17:40.2488 INFO Database connection string : Data Source=|DataDirectory|\ScaleSoft.db3;Version=3;
2017-10-03 23:17:40.2488 INFO Database connection string : Data Source=|DataDirectory|\ScaleSoft.db3;Version=3;
2017-10-03 23:17:44.2894 INFO Database connection string : Data Source=|DataDirectory|\ScaleSoft.db3;Version=3;
2017-10-03 23:17:44.3050 INFO Database connection string : Data Source=|DataDirectory|\ScaleSoft.db3;Version=3;
2017-10-03 23:17:44.3206 INFO Database connection string : Data Source=|DataDirectory|\ScaleSoft.db3;Version=3;
2017-10-03 23:17:44.3206 INFO Database connection string : Data Source=|DataDirectory|\ScaleSoft.db3;Version=3;
2017-10-03 23:18:38.7590 INFO Database connection string : Data Source=|DataDirectory|\ScaleSoft.db3;Version=3;
2017-10-03 23:18:39.2536 INFO Database connection string : Data Source=|DataDirectory|\ScaleSoft.db3;Version=3;
2017-10-03 23:23:04.3678 INFO Database file location: E:\IBTS\ITWhiz.ScaleSoft\ITWhiz.ScaleSoft.Desktop\
2017-10-03 23:23:04.5834 INFO Initialising Components...
2017-10-03 23:23:07.5962 INFO Checking Database Connection...
2017-10-03 23:23:07.6373 INFO Database connection string : Data Source=|DataDirectory|\ScaleSoft.db3;Version=3;
2017-10-03 23:23:10.7220 INFO Checking License...
2017-10-03 23:23:10.9054 INFO Database connection string : Data Source=|DataDirectory|\ScaleSoft.db3;Version=3;
2017-10-03 23:23:10.9881 INFO Error: not find any rockey2 : -1609564149
2017-10-03 23:23:15.7242 INFO Finishing Initialisation...
2017-10-03 23:23:20.0034 INFO Database connection string : Data Source=|DataDirectory|\ScaleSoft.db3;Version=3;
2017-10-03 23:23:20.1622 INFO Database connection string : Data Source=|DataDirectory|\ScaleSoft.db3;Version=3;
2017-10-03 23:23:20.1742 INFO Database connection string : Data Source=|DataDirectory|\ScaleSoft.db3;Version=3;
2017-10-03 23:23:24.9903 INFO Database connection string : Data Source=|DataDirectory|\ScaleSoft.db3;Version=3;
2017-10-03 23:23:25.0374 INFO Database connection string : Data Source=|DataDirectory|\ScaleSoft.db3;Version=3;
2017-10-03 23:23:25.0374 INFO Database connection string : Data Source=|DataDirectory|\ScaleSoft.db3;Version=3;
2017-10-03 23:23:25.0685 INFO Database connection string : Data Source=|DataDirectory|\ScaleSoft.db3;Version=3;
2017-10-03 23:24:32.9087 INFO Database connection string : Data Source=|DataDirectory|\ScaleSoft.db3;Version=3;
2017-10-03 23:24:33.3159 INFO Database connection string : Data Source=|DataDirectory|\ScaleSoft.db3;Version=3;
2017-10-03 23:26:12.2513 INFO Database connection string : Data Source=|DataDirectory|\ScaleSoft.db3;Version=3;
2017-10-03 23:26:12.2513 INFO Database connection string : Data Source=|DataDirectory|\ScaleSoft.db3;Version=3;
2017-10-03 23:26:12.2713 INFO Database connection string : Data Source=|DataDirectory|\ScaleSoft.db3;Version=3;
2017-10-03 23:33:26.7663 INFO Database file location: E:\IBTS\ITWhiz.ScaleSoft\ITWhiz.ScaleSoft.Desktop\
2017-10-03 23:33:26.8746 INFO Initialising Components...
2017-10-03 23:33:29.8882 INFO Checking Database Connection...
2017-10-03 23:33:29.9249 INFO Database connection string : Data Source=|DataDirectory|\ScaleSoft.db3;Version=3;
2017-10-03 23:33:33.0021 INFO Checking License...
2017-10-03 23:33:33.0231 INFO Database connection string : Data Source=|DataDirectory|\ScaleSoft.db3;Version=3;
2017-10-03 23:33:33.1381 INFO Error: not find any rockey2 : -1609564149
2017-10-03 23:33:39.0226 INFO Finishing Initialisation...
2017-10-03 23:33:44.0027 INFO Database connection string : Data Source=|DataDirectory|\ScaleSoft.db3;Version=3;
2017-10-03 23:33:44.0027 INFO Database connection string : Data Source=|DataDirectory|\ScaleSoft.db3;Version=3;
2017-10-03 23:33:44.0198 INFO Database connection string : Data Source=|DataDirectory|\ScaleSoft.db3;Version=3;
2017-10-03 23:33:59.5204 INFO Database connection string : Data Source=|DataDirectory|\ScaleSoft.db3;Version=3;
2017-10-03 23:33:59.5847 INFO Database connection string : Data Source=|DataDirectory|\ScaleSoft.db3;Version=3;
2017-10-03 23:33:59.5847 INFO Database connection string : Data Source=|DataDirectory|\ScaleSoft.db3;Version=3;
2017-10-03 23:33:59.6065 INFO Database connection string : Data Source=|DataDirectory|\ScaleSoft.db3;Version=3;
2017-10-03 23:35:11.4120 INFO Database connection string : Data Source=|DataDirectory|\ScaleSoft.db3;Version=3;
2017-10-03 23:35:11.7659 INFO Database connection string : Data Source=|DataDirectory|\ScaleSoft.db3;Version=3;
2017-10-03 23:42:02.6382 INFO Database file location: E:\IBTS\ITWhiz.ScaleSoft\ITWhiz.ScaleSoft.Desktop\
2017-10-03 23:42:02.7525 INFO Initialising Components...
2017-10-03 23:42:05.7651 INFO Checking Database Connection...
2017-10-03 23:42:05.8062 INFO Database connection string : Data Source=|DataDirectory|\ScaleSoft.db3;Version=3;
2017-10-03 23:42:08.8840 INFO Checking License...
2017-10-03 23:42:08.9061 INFO Database connection string : Data Source=|DataDirectory|\ScaleSoft.db3;Version=3;
2017-10-03 23:42:09.0026 INFO Error: not find any rockey2 : -1609564149
2017-10-03 23:42:24.4995 INFO Finishing Initialisation...
2017-10-03 23:42:29.8106 INFO Database connection string : Data Source=|DataDirectory|\ScaleSoft.db3;Version=3;
2017-10-03 23:42:29.8196 INFO Database connection string : Data Source=|DataDirectory|\ScaleSoft.db3;Version=3;
2017-10-03 23:42:29.8196 INFO Database connection string : Data Source=|DataDirectory|\ScaleSoft.db3;Version=3;
2017-10-03 23:42:32.6165 INFO Database connection string : Data Source=|DataDirectory|\ScaleSoft.db3;Version=3;
2017-10-03 23:42:32.6265 INFO Database connection string : Data Source=|DataDirectory|\ScaleSoft.db3;Version=3;
2017-10-03 23:42:32.6265 INFO Database connection string : Data Source=|DataDirectory|\ScaleSoft.db3;Version=3;
2017-10-03 23:42:32.6536 INFO Database connection string : Data Source=|DataDirectory|\ScaleSoft.db3;Version=3;
2017-10-03 23:43:24.7072 INFO Database connection string : Data Source=|DataDirectory|\ScaleSoft.db3;Version=3;
2017-10-03 23:43:25.1026 INFO Database connection string : Data Source=|DataDirectory|\ScaleSoft.db3;Version=3;
2017-10-03 23:45:38.8961 INFO Database file location: E:\IBTS\ITWhiz.ScaleSoft\ITWhiz.ScaleSoft.Desktop\
2017-10-03 23:45:39.0074 INFO Initialising Components...
2017-10-03 23:45:42.0204 INFO Checking Database Connection...
2017-10-03 23:45:42.0826 INFO Database connection string : Data Source=|DataDirectory|\ScaleSoft.db3;Version=3;
2017-10-03 23:45:45.1544 INFO Checking License...
2017-10-03 23:45:45.1735 INFO Database connection string : Data Source=|DataDirectory|\ScaleSoft.db3;Version=3;
2017-10-03 23:45:45.2715 INFO Error: not find any rockey2 : -1609564149
2017-10-03 23:45:51.8437 INFO Finishing Initialisation...
2017-10-03 23:45:55.3471 INFO Database connection string : Data Source=|DataDirectory|\ScaleSoft.db3;Version=3;
2017-10-03 23:45:55.3471 INFO Database connection string : Data Source=|DataDirectory|\ScaleSoft.db3;Version=3;
2017-10-03 23:45:55.3641 INFO Database connection string : Data Source=|DataDirectory|\ScaleSoft.db3;Version=3;
2017-10-03 23:46:01.1417 INFO Database connection string : Data Source=|DataDirectory|\ScaleSoft.db3;Version=3;
2017-10-03 23:46:01.1417 INFO Database connection string : Data Source=|DataDirectory|\ScaleSoft.db3;Version=3;
2017-10-03 23:46:01.1577 INFO Database connection string : Data Source=|DataDirectory|\ScaleSoft.db3;Version=3;
2017-10-03 23:46:01.1722 INFO Database connection string : Data Source=|DataDirectory|\ScaleSoft.db3;Version=3;
2017-10-03 23:47:02.4670 INFO Database connection string : Data Source=|DataDirectory|\ScaleSoft.db3;Version=3;
2017-10-03 23:47:02.7616 INFO Database connection string : Data Source=|DataDirectory|\ScaleSoft.db3;Version=3;
2017-10-03 23:48:47.0662 INFO Database file location: E:\IBTS\ITWhiz.ScaleSoft\ITWhiz.ScaleSoft.Desktop\
2017-10-03 23:48:47.2046 INFO Initialising Components...
2017-10-03 23:48:50.2188 INFO Checking Database Connection...
2017-10-03 23:48:50.2733 INFO Database connection string : Data Source=|DataDirectory|\ScaleSoft.db3;Version=3;
2017-10-03 23:48:53.3532 INFO Checking License...
2017-10-03 23:48:53.3722 INFO Database connection string : Data Source=|DataDirectory|\ScaleSoft.db3;Version=3;
2017-10-03 23:48:53.4459 INFO Error: not find any rockey2 : -1609564149
2017-10-03 23:49:09.4128 INFO Finishing Initialisation...
2017-10-03 23:49:13.7387 INFO Database connection string : Data Source=|DataDirectory|\ScaleSoft.db3;Version=3;
2017-10-03 23:49:13.7387 INFO Database connection string : Data Source=|DataDirectory|\ScaleSoft.db3;Version=3;
2017-10-03 23:49:13.7555 INFO Database connection string : Data Source=|DataDirectory|\ScaleSoft.db3;Version=3;
2017-10-03 23:49:20.2093 INFO Database connection string : Data Source=|DataDirectory|\ScaleSoft.db3;Version=3;
2017-10-03 23:49:20.2093 INFO Database connection string : Data Source=|DataDirectory|\ScaleSoft.db3;Version=3;
2017-10-03 23:49:20.2238 INFO Database connection string : Data Source=|DataDirectory|\ScaleSoft.db3;Version=3;
2017-10-03 23:49:20.2388 INFO Database connection string : Data Source=|DataDirectory|\ScaleSoft.db3;Version=3;
2017-10-03 23:52:30.7945 INFO Database connection string : Data Source=|DataDirectory|\ScaleSoft.db3;Version=3;
2017-10-03 23:52:31.1477 INFO Database connection string : Data Source=|DataDirectory|\ScaleSoft.db3;Version=3;
2017-10-03 23:58:39.7174 INFO Database file location: E:\IBTS\ITWhiz.ScaleSoft\ITWhiz.ScaleSoft.Desktop\
2017-10-03 23:58:39.8176 INFO Initialising Components...
2017-10-03 23:58:42.8362 INFO Checking Database Connection...
2017-10-03 23:58:42.8673 INFO Database connection string : Data Source=|DataDirectory|\ScaleSoft.db3;Version=3;
2017-10-03 23:58:45.9575 INFO Checking License...
2017-10-03 23:58:45.9575 INFO Database connection string : Data Source=|DataDirectory|\ScaleSoft.db3;Version=3;
2017-10-03 23:58:46.0200 INFO Error: not find any rockey2 : -1609564149
2017-10-03 23:58:55.9462 INFO Finishing Initialisation...
2017-10-03 23:59:08.7600 INFO Database connection string : Data Source=|DataDirectory|\ScaleSoft.db3;Version=3;
2017-10-03 23:59:08.7600 INFO Database connection string : Data Source=|DataDirectory|\ScaleSoft.db3;Version=3;
2017-10-03 23:59:08.7757 INFO Database connection string : Data Source=|DataDirectory|\ScaleSoft.db3;Version=3;
2017-10-03 23:59:12.0975 INFO Database connection string : Data Source=|DataDirectory|\ScaleSoft.db3;Version=3;
2017-10-03 23:59:12.1131 INFO Database connection string : Data Source=|DataDirectory|\ScaleSoft.db3;Version=3;
2017-10-03 23:59:12.1131 INFO Database connection string : Data Source=|DataDirectory|\ScaleSoft.db3;Version=3;
2017-10-03 23:59:12.1287 INFO Database connection string : Data Source=|DataDirectory|\ScaleSoft.db3;Version=3;
