2017-10-04 00:01:10.7954 INFO Database file location: E:\IBTS\ITWhiz.ScaleSoft\ITWhiz.ScaleSoft.Desktop\
2017-10-04 00:01:10.9037 INFO Initialising Components...
2017-10-04 00:01:13.9201 INFO Checking Database Connection...
2017-10-04 00:01:13.9668 INFO Database connection string : Data Source=|DataDirectory|\ScaleSoft.db3;Version=3;
2017-10-04 00:01:17.0635 INFO Checking License...
2017-10-04 00:01:17.0790 INFO Database connection string : Data Source=|DataDirectory|\ScaleSoft.db3;Version=3;
2017-10-04 00:01:17.1884 INFO Error: not find any rockey2 : -1609564149
2017-10-04 00:02:53.4620 INFO Finishing Initialisation...
2017-10-04 00:02:59.9156 INFO Database connection string : Data Source=|DataDirectory|\ScaleSoft.db3;Version=3;
2017-10-04 00:02:59.9156 INFO Database connection string : Data Source=|DataDirectory|\ScaleSoft.db3;Version=3;
2017-10-04 00:02:59.9311 INFO Database connection string : Data Source=|DataDirectory|\ScaleSoft.db3;Version=3;
2017-10-04 00:03:02.5877 INFO Database connection string : Data Source=|DataDirectory|\ScaleSoft.db3;Version=3;
2017-10-04 00:03:02.6658 INFO Database connection string : Data Source=|DataDirectory|\ScaleSoft.db3;Version=3;
2017-10-04 00:03:02.6658 INFO Database connection string : Data Source=|DataDirectory|\ScaleSoft.db3;Version=3;
2017-10-04 00:03:02.6970 INFO Database connection string : Data Source=|DataDirectory|\ScaleSoft.db3;Version=3;
2017-10-04 00:04:00.6634 INFO Database connection string : Data Source=|DataDirectory|\ScaleSoft.db3;Version=3;
2017-10-04 00:04:01.1477 INFO Database connection string : Data Source=|DataDirectory|\ScaleSoft.db3;Version=3;
2017-10-04 01:47:57.6869 INFO Database file location: E:\IBTS\ITWhiz.ScaleSoft\ITWhiz.ScaleSoft.Desktop\
2017-10-04 01:47:57.8120 INFO Initialising Components...
2017-10-04 01:48:00.8279 INFO Checking Database Connection...
2017-10-04 01:48:01.1562 INFO Database connection string : Data Source=|DataDirectory|\ScaleSoft.db3;Version=3;
2017-10-04 01:48:04.4768 INFO Checking License...
2017-10-04 01:48:04.4923 INFO Database connection string : Data Source=|DataDirectory|\ScaleSoft.db3;Version=3;
2017-10-04 01:48:05.1486 INFO Error: not find any rockey2 : -1609564149
2017-10-04 01:48:10.3652 INFO Finishing Initialisation...
2017-10-04 02:12:18.4719 INFO Database file location: E:\IBTS\ITWhiz.ScaleSoft\ITWhiz.ScaleSoft.Desktop\
2017-10-04 02:12:18.6133 INFO Initialising Components...
2017-10-04 02:12:21.6916 INFO Checking Database Connection...
2017-10-04 02:12:21.7259 INFO Database connection string : Data Source=|DataDirectory|\ScaleSoft.db3;Version=3;
2017-10-04 02:12:24.8794 INFO Checking License...
2017-10-04 02:12:24.8949 INFO Database connection string : Data Source=|DataDirectory|\ScaleSoft.db3;Version=3;
2017-10-04 02:12:25.0824 INFO Error: not find any rockey2 : -1609564149
2017-10-04 02:12:30.0452 INFO Finishing Initialisation...
2017-10-04 02:12:33.9668 INFO Database connection string : Data Source=|DataDirectory|\ScaleSoft.db3;Version=3;
2017-10-04 02:12:33.9979 INFO Database connection string : Data Source=|DataDirectory|\ScaleSoft.db3;Version=3;
2017-10-04 02:12:34.0291 INFO Database connection string : Data Source=|DataDirectory|\ScaleSoft.db3;Version=3;
2017-10-04 02:12:37.3136 INFO Database connection string : Data Source=|DataDirectory|\ScaleSoft.db3;Version=3;
2017-10-04 02:12:37.3449 INFO Database connection string : Data Source=|DataDirectory|\ScaleSoft.db3;Version=3;
2017-10-04 02:12:37.3449 INFO Database connection string : Data Source=|DataDirectory|\ScaleSoft.db3;Version=3;
2017-10-04 02:12:37.3761 INFO Database connection string : Data Source=|DataDirectory|\ScaleSoft.db3;Version=3;
2017-10-04 02:13:29.4649 INFO Database connection string : Data Source=|DataDirectory|\ScaleSoft.db3;Version=3;
2017-10-04 02:13:29.9492 INFO Database connection string : Data Source=|DataDirectory|\ScaleSoft.db3;Version=3;
2017-10-04 02:20:04.4832 INFO Database file location: E:\IBTS\ITWhiz.ScaleSoft\ITWhiz.ScaleSoft.Desktop\
2017-10-04 02:20:04.5925 INFO Initialising Components...
2017-10-04 02:20:07.6190 INFO Checking Database Connection...
2017-10-04 02:20:07.6814 INFO Database connection string : Data Source=|DataDirectory|\ScaleSoft.db3;Version=3;
2017-10-04 02:20:10.8013 INFO Checking License...
2017-10-04 02:20:10.8168 INFO Database connection string : Data Source=|DataDirectory|\ScaleSoft.db3;Version=3;
2017-10-04 02:20:10.9574 INFO Error: not find any rockey2 : -1609564149
2017-10-04 02:20:15.7127 INFO Finishing Initialisation...
2017-10-04 02:20:20.5446 INFO Database connection string : Data Source=|DataDirectory|\ScaleSoft.db3;Version=3;
2017-10-04 02:20:20.5446 INFO Database connection string : Data Source=|DataDirectory|\ScaleSoft.db3;Version=3;
2017-10-04 02:20:20.5603 INFO Database connection string : Data Source=|DataDirectory|\ScaleSoft.db3;Version=3;
2017-10-04 02:20:24.7090 INFO Database connection string : Data Source=|DataDirectory|\ScaleSoft.db3;Version=3;
2017-10-04 02:20:24.7246 INFO Database connection string : Data Source=|DataDirectory|\ScaleSoft.db3;Version=3;
2017-10-04 02:20:24.7403 INFO Database connection string : Data Source=|DataDirectory|\ScaleSoft.db3;Version=3;
2017-10-04 02:20:24.7559 INFO Database connection string : Data Source=|DataDirectory|\ScaleSoft.db3;Version=3;
2017-10-04 02:21:11.9906 INFO Database connection string : Data Source=|DataDirectory|\ScaleSoft.db3;Version=3;
2017-10-04 02:21:12.3029 INFO Database connection string : Data Source=|DataDirectory|\ScaleSoft.db3;Version=3;
2017-10-04 02:25:52.9669 INFO Database file location: E:\IBTS\ITWhiz.ScaleSoft\ITWhiz.ScaleSoft.Desktop\
2017-10-04 02:25:53.0772 INFO Initialising Components...
2017-10-04 02:25:56.0921 INFO Checking Database Connection...
2017-10-04 02:25:56.1601 INFO Database connection string : Data Source=|DataDirectory|\ScaleSoft.db3;Version=3;
2017-10-04 02:25:59.3365 INFO Checking License...
2017-10-04 02:25:59.3605 INFO Database connection string : Data Source=|DataDirectory|\ScaleSoft.db3;Version=3;
2017-10-04 02:25:59.5045 INFO Error: not find any rockey2 : -1609564149
2017-10-04 02:26:58.5324 INFO Finishing Initialisation...
2017-10-04 02:27:00.8344 INFO Database connection string : Data Source=|DataDirectory|\ScaleSoft.db3;Version=3;
2017-10-04 02:27:00.8425 INFO Database connection string : Data Source=|DataDirectory|\ScaleSoft.db3;Version=3;
2017-10-04 02:27:00.8425 INFO Database connection string : Data Source=|DataDirectory|\ScaleSoft.db3;Version=3;
2017-10-04 02:27:02.8189 INFO Database connection string : Data Source=|DataDirectory|\ScaleSoft.db3;Version=3;
2017-10-04 02:27:02.8309 INFO Database connection string : Data Source=|DataDirectory|\ScaleSoft.db3;Version=3;
2017-10-04 02:27:02.8309 INFO Database connection string : Data Source=|DataDirectory|\ScaleSoft.db3;Version=3;
2017-10-04 02:27:02.8549 INFO Database connection string : Data Source=|DataDirectory|\ScaleSoft.db3;Version=3;
2017-10-04 02:27:19.2577 INFO Database connection string : Data Source=|DataDirectory|\ScaleSoft.db3;Version=3;
2017-10-04 02:27:19.5353 INFO Database connection string : Data Source=|DataDirectory|\ScaleSoft.db3;Version=3;
2017-10-04 02:29:59.5876 INFO Database file location: E:\IBTS\ITWhiz.ScaleSoft\ITWhiz.ScaleSoft.Desktop\
2017-10-04 02:29:59.7400 INFO Initialising Components...
2017-10-04 02:30:02.7545 INFO Checking Database Connection...
2017-10-04 02:30:02.8144 INFO Database connection string : Data Source=|DataDirectory|\ScaleSoft.db3;Version=3;
2017-10-04 02:30:05.8942 INFO Checking License...
2017-10-04 02:30:05.9141 INFO Database connection string : Data Source=|DataDirectory|\ScaleSoft.db3;Version=3;
2017-10-04 02:30:06.0941 INFO Error: not find any rockey2 : -1609564149
2017-10-04 02:30:11.4228 INFO Finishing Initialisation...
2017-10-04 02:30:16.1704 INFO Database connection string : Data Source=|DataDirectory|\ScaleSoft.db3;Version=3;
2017-10-04 02:30:16.1704 INFO Database connection string : Data Source=|DataDirectory|\ScaleSoft.db3;Version=3;
2017-10-04 02:30:16.1863 INFO Database connection string : Data Source=|DataDirectory|\ScaleSoft.db3;Version=3;
2017-10-04 02:30:18.8236 INFO Database connection string : Data Source=|DataDirectory|\ScaleSoft.db3;Version=3;
2017-10-04 02:30:18.8236 INFO Database connection string : Data Source=|DataDirectory|\ScaleSoft.db3;Version=3;
2017-10-04 02:30:18.8436 INFO Database connection string : Data Source=|DataDirectory|\ScaleSoft.db3;Version=3;
2017-10-04 02:30:18.8596 INFO Database connection string : Data Source=|DataDirectory|\ScaleSoft.db3;Version=3;
2017-10-04 02:30:38.1616 INFO Database connection string : Data Source=|DataDirectory|\ScaleSoft.db3;Version=3;
2017-10-04 02:30:38.4697 INFO Database connection string : Data Source=|DataDirectory|\ScaleSoft.db3;Version=3;
2017-10-04 03:03:53.7916 INFO Database file location: E:\IBTS\ITWhiz.ScaleSoft\ITWhiz.ScaleSoft.Desktop\
2017-10-04 03:03:53.9029 INFO Initialising Components...
2017-10-04 03:03:56.9163 INFO Checking Database Connection...
2017-10-04 03:03:56.9922 INFO Database connection string : Data Source=|DataDirectory|\ScaleSoft.db3;Version=3;
2017-10-04 03:04:00.0922 INFO Checking License...
2017-10-04 03:04:00.1041 INFO Database connection string : Data Source=|DataDirectory|\ScaleSoft.db3;Version=3;
2017-10-04 03:04:00.2441 INFO Error: not find any rockey2 : -1609564149
2017-10-04 03:04:07.8264 INFO Finishing Initialisation...
2017-10-04 03:04:10.2625 INFO Database connection string : Data Source=|DataDirectory|\ScaleSoft.db3;Version=3;
2017-10-04 03:04:10.2625 INFO Database connection string : Data Source=|DataDirectory|\ScaleSoft.db3;Version=3;
2017-10-04 03:04:10.2825 INFO Database connection string : Data Source=|DataDirectory|\ScaleSoft.db3;Version=3;
2017-10-04 03:04:14.3172 INFO Database connection string : Data Source=|DataDirectory|\ScaleSoft.db3;Version=3;
2017-10-04 03:04:14.3292 INFO Database connection string : Data Source=|DataDirectory|\ScaleSoft.db3;Version=3;
2017-10-04 03:04:14.3372 INFO Database connection string : Data Source=|DataDirectory|\ScaleSoft.db3;Version=3;
2017-10-04 03:04:14.3572 INFO Database connection string : Data Source=|DataDirectory|\ScaleSoft.db3;Version=3;
2017-10-04 03:04:35.7039 INFO Database connection string : Data Source=|DataDirectory|\ScaleSoft.db3;Version=3;
2017-10-04 03:04:36.0199 INFO Database connection string : Data Source=|DataDirectory|\ScaleSoft.db3;Version=3;
2017-10-04 03:07:21.4589 INFO Database file location: E:\IBTS\ITWhiz.ScaleSoft\ITWhiz.ScaleSoft.Desktop\
2017-10-04 03:07:21.5681 INFO Initialising Components...
2017-10-04 03:07:24.5886 INFO Checking Database Connection...
2017-10-04 03:07:24.6510 INFO Database connection string : Data Source=|DataDirectory|\ScaleSoft.db3;Version=3;
2017-10-04 03:07:27.7608 INFO Checking License...
2017-10-04 03:07:27.7608 INFO Database connection string : Data Source=|DataDirectory|\ScaleSoft.db3;Version=3;
2017-10-04 03:07:27.9013 INFO Error: not find any rockey2 : -1609564149
2017-10-04 03:07:33.0936 INFO Finishing Initialisation...
2017-10-04 03:07:36.4406 INFO Database connection string : Data Source=|DataDirectory|\ScaleSoft.db3;Version=3;
2017-10-04 03:07:36.4406 INFO Database connection string : Data Source=|DataDirectory|\ScaleSoft.db3;Version=3;
2017-10-04 03:07:36.4563 INFO Database connection string : Data Source=|DataDirectory|\ScaleSoft.db3;Version=3;
2017-10-04 03:07:39.8475 INFO Database connection string : Data Source=|DataDirectory|\ScaleSoft.db3;Version=3;
2017-10-04 03:07:39.8475 INFO Database connection string : Data Source=|DataDirectory|\ScaleSoft.db3;Version=3;
2017-10-04 03:07:39.8475 INFO Database connection string : Data Source=|DataDirectory|\ScaleSoft.db3;Version=3;
2017-10-04 03:07:39.8631 INFO Database connection string : Data Source=|DataDirectory|\ScaleSoft.db3;Version=3;
2017-10-04 03:07:56.2628 INFO Database connection string : Data Source=|DataDirectory|\ScaleSoft.db3;Version=3;
2017-10-04 03:07:56.4816 INFO Database connection string : Data Source=|DataDirectory|\ScaleSoft.db3;Version=3;
2017-10-04 03:13:12.7231 INFO Database file location: E:\IBTS\ITWhiz.ScaleSoft\ITWhiz.ScaleSoft.Desktop\
2017-10-04 03:13:12.8405 INFO Initialising Components...
2017-10-04 03:13:15.8544 INFO Checking Database Connection...
2017-10-04 03:13:15.9302 INFO Database connection string : Data Source=|DataDirectory|\ScaleSoft.db3;Version=3;
2017-10-04 03:13:19.0380 INFO Checking License...
2017-10-04 03:13:19.0660 INFO Database connection string : Data Source=|DataDirectory|\ScaleSoft.db3;Version=3;
2017-10-04 03:13:19.2180 INFO Error: not find any rockey2 : -1609564149
2017-10-04 03:13:26.0964 INFO Finishing Initialisation...
2017-10-04 03:13:28.2690 INFO Database connection string : Data Source=|DataDirectory|\ScaleSoft.db3;Version=3;
2017-10-04 03:13:28.2770 INFO Database connection string : Data Source=|DataDirectory|\ScaleSoft.db3;Version=3;
2017-10-04 03:13:28.2770 INFO Database connection string : Data Source=|DataDirectory|\ScaleSoft.db3;Version=3;
2017-10-04 03:13:30.7142 INFO Database connection string : Data Source=|DataDirectory|\ScaleSoft.db3;Version=3;
2017-10-04 03:13:30.7142 INFO Database connection string : Data Source=|DataDirectory|\ScaleSoft.db3;Version=3;
2017-10-04 03:13:30.7342 INFO Database connection string : Data Source=|DataDirectory|\ScaleSoft.db3;Version=3;
2017-10-04 03:13:30.7502 INFO Database connection string : Data Source=|DataDirectory|\ScaleSoft.db3;Version=3;
2017-10-04 03:13:49.1271 INFO Database connection string : Data Source=|DataDirectory|\ScaleSoft.db3;Version=3;
2017-10-04 03:13:49.3951 INFO Database connection string : Data Source=|DataDirectory|\ScaleSoft.db3;Version=3;
2017-10-04 03:22:33.2252 INFO Database file location: E:\IBTS\ITWhiz.ScaleSoft\ITWhiz.ScaleSoft.Desktop\
2017-10-04 03:22:33.3244 INFO Initialising Components...
2017-10-04 03:22:36.3430 INFO Checking Database Connection...
2017-10-04 03:22:36.4055 INFO Database connection string : Data Source=|DataDirectory|\ScaleSoft.db3;Version=3;
2017-10-04 03:22:39.5800 INFO Checking License...
2017-10-04 03:22:39.5955 INFO Database connection string : Data Source=|DataDirectory|\ScaleSoft.db3;Version=3;
2017-10-04 03:22:39.7361 INFO Error: not find any rockey2 : -1609564149
2017-10-04 03:22:43.9504 INFO Finishing Initialisation...
2017-10-04 03:22:47.8120 INFO Database connection string : Data Source=|DataDirectory|\ScaleSoft.db3;Version=3;
2017-10-04 03:22:47.8120 INFO Database connection string : Data Source=|DataDirectory|\ScaleSoft.db3;Version=3;
2017-10-04 03:22:47.8274 INFO Database connection string : Data Source=|DataDirectory|\ScaleSoft.db3;Version=3;
2017-10-04 03:22:50.3145 INFO Database connection string : Data Source=|DataDirectory|\ScaleSoft.db3;Version=3;
2017-10-04 03:22:50.3301 INFO Database connection string : Data Source=|DataDirectory|\ScaleSoft.db3;Version=3;
2017-10-04 03:22:50.3301 INFO Database connection string : Data Source=|DataDirectory|\ScaleSoft.db3;Version=3;
2017-10-04 03:22:50.3457 INFO Database connection string : Data Source=|DataDirectory|\ScaleSoft.db3;Version=3;
2017-10-04 03:23:06.1594 INFO Database connection string : Data Source=|DataDirectory|\ScaleSoft.db3;Version=3;
2017-10-04 03:23:06.4407 INFO Database connection string : Data Source=|DataDirectory|\ScaleSoft.db3;Version=3;
2017-10-04 03:42:06.2838 INFO Database file location: E:\IBTS\ITWhiz.ScaleSoft\ITWhiz.ScaleSoft.Desktop\
2017-10-04 03:42:06.3861 INFO Initialising Components...
2017-10-04 03:42:09.4010 INFO Checking Database Connection...
2017-10-04 03:42:09.4521 INFO Database connection string : Data Source=|DataDirectory|\ScaleSoft.db3;Version=3;
2017-10-04 03:42:12.5316 INFO Checking License...
2017-10-04 03:42:12.5456 INFO Database connection string : Data Source=|DataDirectory|\ScaleSoft.db3;Version=3;
2017-10-04 03:42:12.6410 INFO Error: not find any rockey2 : -1609564149
2017-10-04 03:42:17.1011 INFO Finishing Initialisation...
2017-10-04 03:42:21.4372 INFO Database connection string : Data Source=|DataDirectory|\ScaleSoft.db3;Version=3;
2017-10-04 03:42:21.4482 INFO Database connection string : Data Source=|DataDirectory|\ScaleSoft.db3;Version=3;
2017-10-04 03:42:21.4482 INFO Database connection string : Data Source=|DataDirectory|\ScaleSoft.db3;Version=3;
2017-10-04 03:42:25.3946 INFO Database connection string : Data Source=|DataDirectory|\ScaleSoft.db3;Version=3;
2017-10-04 03:42:25.4056 INFO Database connection string : Data Source=|DataDirectory|\ScaleSoft.db3;Version=3;
2017-10-04 03:42:25.4056 INFO Database connection string : Data Source=|DataDirectory|\ScaleSoft.db3;Version=3;
2017-10-04 03:42:25.4327 INFO Database connection string : Data Source=|DataDirectory|\ScaleSoft.db3;Version=3;
2017-10-04 03:42:49.4140 INFO Database connection string : Data Source=|DataDirectory|\ScaleSoft.db3;Version=3;
2017-10-04 03:42:49.6877 INFO Database connection string : Data Source=|DataDirectory|\ScaleSoft.db3;Version=3;
2017-10-04 03:45:24.0420 INFO Database file location: E:\IBTS\ITWhiz.ScaleSoft\ITWhiz.ScaleSoft.Desktop\
2017-10-04 03:45:24.1914 INFO Initialising Components...
2017-10-04 03:45:27.2177 INFO Checking Database Connection...
2017-10-04 03:45:27.6084 INFO Database connection string : Data Source=|DataDirectory|\ScaleSoft.db3;Version=3;
2017-10-04 03:45:30.7689 INFO Checking License...
2017-10-04 03:45:31.3158 INFO Database connection string : Data Source=|DataDirectory|\ScaleSoft.db3;Version=3;
2017-10-04 03:45:31.6594 INFO Error: not find any rockey2 : -1609564149
2017-10-04 03:46:03.4441 INFO Finishing Initialisation...
2017-10-04 03:46:06.3872 INFO Database connection string : Data Source=|DataDirectory|\ScaleSoft.db3;Version=3;
2017-10-04 03:46:06.3872 INFO Database connection string : Data Source=|DataDirectory|\ScaleSoft.db3;Version=3;
2017-10-04 03:46:06.4028 INFO Database connection string : Data Source=|DataDirectory|\ScaleSoft.db3;Version=3;
2017-10-04 03:46:09.5594 INFO Database connection string : Data Source=|DataDirectory|\ScaleSoft.db3;Version=3;
2017-10-04 03:46:09.5594 INFO Database connection string : Data Source=|DataDirectory|\ScaleSoft.db3;Version=3;
2017-10-04 03:46:09.5751 INFO Database connection string : Data Source=|DataDirectory|\ScaleSoft.db3;Version=3;
2017-10-04 03:46:09.5907 INFO Database connection string : Data Source=|DataDirectory|\ScaleSoft.db3;Version=3;
2017-10-04 03:46:30.9246 INFO Database connection string : Data Source=|DataDirectory|\ScaleSoft.db3;Version=3;
2017-10-04 03:46:31.1434 INFO Database connection string : Data Source=|DataDirectory|\ScaleSoft.db3;Version=3;
2017-10-04 03:50:15.9740 INFO Database file location: E:\IBTS\ITWhiz.ScaleSoft\ITWhiz.ScaleSoft.Desktop\
2017-10-04 03:50:16.0742 INFO Initialising Components...
2017-10-04 03:50:19.0950 INFO Checking Database Connection...
2017-10-04 03:50:19.1418 INFO Database connection string : Data Source=|DataDirectory|\ScaleSoft.db3;Version=3;
2017-10-04 03:50:22.2526 INFO Checking License...
2017-10-04 03:50:22.2526 INFO Database connection string : Data Source=|DataDirectory|\ScaleSoft.db3;Version=3;
2017-10-04 03:50:22.4243 INFO Error: not find any rockey2 : -1609564149
2017-10-04 03:50:27.8260 INFO Finishing Initialisation...
2017-10-04 03:50:30.9051 INFO Database connection string : Data Source=|DataDirectory|\ScaleSoft.db3;Version=3;
2017-10-04 03:50:30.9205 INFO Database connection string : Data Source=|DataDirectory|\ScaleSoft.db3;Version=3;
2017-10-04 03:50:30.9205 INFO Database connection string : Data Source=|DataDirectory|\ScaleSoft.db3;Version=3;
2017-10-04 03:50:33.7509 INFO Database connection string : Data Source=|DataDirectory|\ScaleSoft.db3;Version=3;
2017-10-04 03:50:33.7665 INFO Database connection string : Data Source=|DataDirectory|\ScaleSoft.db3;Version=3;
2017-10-04 03:50:33.7665 INFO Database connection string : Data Source=|DataDirectory|\ScaleSoft.db3;Version=3;
2017-10-04 03:50:33.7822 INFO Database connection string : Data Source=|DataDirectory|\ScaleSoft.db3;Version=3;
2017-10-04 03:52:07.5496 INFO Database file location: E:\IBTS\ITWhiz.ScaleSoft\ITWhiz.ScaleSoft.Desktop\
2017-10-04 03:52:07.6699 INFO Initialising Components...
2017-10-04 03:52:10.6953 INFO Checking Database Connection...
2017-10-04 03:52:10.7733 INFO Database connection string : Data Source=|DataDirectory|\ScaleSoft.db3;Version=3;
2017-10-04 03:52:13.8810 INFO Checking License...
2017-10-04 03:52:13.8965 INFO Database connection string : Data Source=|DataDirectory|\ScaleSoft.db3;Version=3;
2017-10-04 03:52:14.0215 INFO Error: not find any rockey2 : -1609564149
2017-10-04 03:52:25.0680 INFO Finishing Initialisation...
2017-10-04 03:52:28.7475 INFO Database connection string : Data Source=|DataDirectory|\ScaleSoft.db3;Version=3;
2017-10-04 03:52:28.7630 INFO Database connection string : Data Source=|DataDirectory|\ScaleSoft.db3;Version=3;
2017-10-04 03:52:28.7630 INFO Database connection string : Data Source=|DataDirectory|\ScaleSoft.db3;Version=3;
2017-10-04 03:52:35.2659 INFO Database connection string : Data Source=|DataDirectory|\ScaleSoft.db3;Version=3;
2017-10-04 03:52:35.2815 INFO Database connection string : Data Source=|DataDirectory|\ScaleSoft.db3;Version=3;
2017-10-04 03:52:35.2815 INFO Database connection string : Data Source=|DataDirectory|\ScaleSoft.db3;Version=3;
2017-10-04 03:52:35.2971 INFO Database connection string : Data Source=|DataDirectory|\ScaleSoft.db3;Version=3;
2017-10-04 03:53:05.2815 INFO Database connection string : Data Source=|DataDirectory|\ScaleSoft.db3;Version=3;
2017-10-04 03:53:05.5158 INFO Database connection string : Data Source=|DataDirectory|\ScaleSoft.db3;Version=3;
2017-10-04 03:57:29.0624 INFO Database file location: E:\IBTS\ITWhiz.ScaleSoft\ITWhiz.ScaleSoft.Desktop\
2017-10-04 03:57:29.1637 INFO Initialising Components...
2017-10-04 03:57:32.1822 INFO Checking Database Connection...
2017-10-04 03:57:32.2135 INFO Database connection string : Data Source=|DataDirectory|\ScaleSoft.db3;Version=3;
2017-10-04 03:57:35.2989 INFO Checking License...
2017-10-04 03:57:35.3143 INFO Database connection string : Data Source=|DataDirectory|\ScaleSoft.db3;Version=3;
2017-10-04 03:57:35.4550 INFO Error: not find any rockey2 : -1609564149
2017-10-04 03:58:40.6605 INFO Finishing Initialisation...
2017-10-04 03:58:47.5437 INFO Database connection string : Data Source=|DataDirectory|\ScaleSoft.db3;Version=3;
2017-10-04 03:58:47.5437 INFO Database connection string : Data Source=|DataDirectory|\ScaleSoft.db3;Version=3;
2017-10-04 03:58:47.5593 INFO Database connection string : Data Source=|DataDirectory|\ScaleSoft.db3;Version=3;
2017-10-04 03:58:50.8676 INFO Database connection string : Data Source=|DataDirectory|\ScaleSoft.db3;Version=3;
2017-10-04 03:58:50.8832 INFO Database connection string : Data Source=|DataDirectory|\ScaleSoft.db3;Version=3;
2017-10-04 03:58:50.8832 INFO Database connection string : Data Source=|DataDirectory|\ScaleSoft.db3;Version=3;
2017-10-04 03:58:50.8988 INFO Database connection string : Data Source=|DataDirectory|\ScaleSoft.db3;Version=3;
2017-10-04 03:59:23.3846 INFO Database connection string : Data Source=|DataDirectory|\ScaleSoft.db3;Version=3;
2017-10-04 03:59:23.6032 INFO Database connection string : Data Source=|DataDirectory|\ScaleSoft.db3;Version=3;
2017-10-04 04:37:56.3776 INFO Database file location: E:\IBTS\ITWhiz.ScaleSoft\ITWhiz.ScaleSoft.Desktop\
2017-10-04 04:37:56.5280 INFO Initialising Components...
2017-10-04 04:37:59.5511 INFO Checking Database Connection...
2017-10-04 04:37:59.6761 INFO Database connection string : Data Source=|DataDirectory|\ScaleSoft.db3;Version=3;
2017-10-04 04:38:02.9709 INFO Checking License...
2017-10-04 04:38:02.9869 INFO Database connection string : Data Source=|DataDirectory|\ScaleSoft.db3;Version=3;
2017-10-04 04:38:05.4310 INFO Error: not find any rockey2 : -1609564149
2017-10-04 04:38:14.3243 INFO Finishing Initialisation...
2017-10-04 04:38:21.9570 INFO Database connection string : Data Source=|DataDirectory|\ScaleSoft.db3;Version=3;
2017-10-04 04:38:21.9730 INFO Database connection string : Data Source=|DataDirectory|\ScaleSoft.db3;Version=3;
2017-10-04 04:38:21.9810 INFO Database connection string : Data Source=|DataDirectory|\ScaleSoft.db3;Version=3;
2017-10-04 04:38:41.0859 INFO Database connection string : Data Source=|DataDirectory|\ScaleSoft.db3;Version=3;
2017-10-04 04:38:41.1016 INFO Database connection string : Data Source=|DataDirectory|\ScaleSoft.db3;Version=3;
2017-10-04 04:38:41.1016 INFO Database connection string : Data Source=|DataDirectory|\ScaleSoft.db3;Version=3;
2017-10-04 04:38:41.1172 INFO Database connection string : Data Source=|DataDirectory|\ScaleSoft.db3;Version=3;
2017-10-04 05:03:43.2880 INFO Database connection string : Data Source=|DataDirectory|\ScaleSoft.db3;Version=3;
2017-10-04 05:03:43.3349 INFO Database connection string : Data Source=|DataDirectory|\ScaleSoft.db3;Version=3;
2017-10-04 05:03:43.3349 INFO Database connection string : Data Source=|DataDirectory|\ScaleSoft.db3;Version=3;
2017-10-04 05:08:35.0152 INFO Database connection string : Data Source=|DataDirectory|\ScaleSoft.db3;Version=3;
2017-10-04 05:08:35.0992 INFO Database connection string : Data Source=|DataDirectory|\ScaleSoft.db3;Version=3;
2017-10-04 05:08:35.1192 INFO Database connection string : Data Source=|DataDirectory|\ScaleSoft.db3;Version=3;
2017-10-04 05:10:07.1238 INFO Database file location: E:\IBTS\ITWhiz.ScaleSoft\ITWhiz.ScaleSoft.Desktop\
2017-10-04 05:10:07.2912 INFO Initialising Components...
2017-10-04 05:10:10.3022 INFO Checking Database Connection...
2017-10-04 05:10:10.4271 INFO Database connection string : Data Source=|DataDirectory|\ScaleSoft.db3;Version=3;
2017-10-04 05:10:13.9611 INFO Checking License...
2017-10-04 05:10:13.9611 INFO Database connection string : Data Source=|DataDirectory|\ScaleSoft.db3;Version=3;
2017-10-04 05:10:14.4520 INFO Error: not find any rockey2 : -1609564149
2017-10-04 05:10:21.2524 INFO Finishing Initialisation...
2017-10-04 05:10:24.4134 INFO Database connection string : Data Source=|DataDirectory|\ScaleSoft.db3;Version=3;
2017-10-04 05:10:24.4174 INFO Database connection string : Data Source=|DataDirectory|\ScaleSoft.db3;Version=3;
2017-10-04 05:10:24.4174 INFO Database connection string : Data Source=|DataDirectory|\ScaleSoft.db3;Version=3;
2017-10-04 05:11:11.7899 INFO Database connection string : Data Source=|DataDirectory|\ScaleSoft.db3;Version=3;
2017-10-04 05:11:11.8063 INFO Database connection string : Data Source=|DataDirectory|\ScaleSoft.db3;Version=3;
2017-10-04 05:11:11.8063 INFO Database connection string : Data Source=|DataDirectory|\ScaleSoft.db3;Version=3;
2017-10-04 05:11:11.8343 INFO Database connection string : Data Source=|DataDirectory|\ScaleSoft.db3;Version=3;
2017-10-04 09:08:02.1409 INFO Database file location: E:\IBTS\ITWhiz.ScaleSoft\ITWhiz.ScaleSoft.Desktop\
2017-10-04 09:08:03.6599 INFO Initialising Components...
2017-10-04 09:08:06.7871 INFO Checking Database Connection...
2017-10-04 09:08:07.3417 INFO Database connection string : Data Source=|DataDirectory|\ScaleSoft.db3;Version=3;
2017-10-04 09:08:11.2896 INFO Checking License...
2017-10-04 09:08:11.3387 INFO Database connection string : Data Source=|DataDirectory|\ScaleSoft.db3;Version=3;
2017-10-04 09:08:12.2288 INFO Sucess: find rockey2 : 0
2017-10-04 09:08:12.2288 INFO Error: can not open the rockey2 : -1609564159
2017-10-04 09:08:17.8338 INFO Finishing Initialisation...
2017-10-04 09:08:25.2062 INFO Database connection string : Data Source=|DataDirectory|\ScaleSoft.db3;Version=3;
2017-10-04 09:08:25.2999 INFO Database connection string : Data Source=|DataDirectory|\ScaleSoft.db3;Version=3;
2017-10-04 09:08:25.2999 INFO Database connection string : Data Source=|DataDirectory|\ScaleSoft.db3;Version=3;
2017-10-04 09:08:29.9463 INFO Database connection string : Data Source=|DataDirectory|\ScaleSoft.db3;Version=3;
2017-10-04 09:08:30.0244 INFO Database connection string : Data Source=|DataDirectory|\ScaleSoft.db3;Version=3;
2017-10-04 09:08:30.0401 INFO Database connection string : Data Source=|DataDirectory|\ScaleSoft.db3;Version=3;
2017-10-04 09:08:30.0714 INFO Database connection string : Data Source=|DataDirectory|\ScaleSoft.db3;Version=3;
2017-10-04 09:09:25.1937 INFO Database connection string : Data Source=|DataDirectory|\ScaleSoft.db3;Version=3;
2017-10-04 09:09:25.7562 INFO Database connection string : Data Source=|DataDirectory|\ScaleSoft.db3;Version=3;
2017-10-04 10:17:14.2133 INFO Database file location: E:\IBTS\ITWhiz.ScaleSoft\ITWhiz.ScaleSoft.Desktop\
2017-10-04 10:17:14.5282 INFO Initialising Components...
2017-10-04 10:17:17.5536 INFO Checking Database Connection...
2017-10-04 10:17:17.7423 INFO Database connection string : Data Source=|DataDirectory|\ScaleSoft.db3;Version=3;
2017-10-04 10:17:20.8976 INFO Checking License...
2017-10-04 10:17:20.9912 INFO Database connection string : Data Source=|DataDirectory|\ScaleSoft.db3;Version=3;
2017-10-04 10:17:21.2975 INFO Sucess: find rockey2 : 0
2017-10-04 10:17:21.3598 INFO Error: can not open the rockey2 : -1609564159
2017-10-04 10:17:27.2375 INFO Finishing Initialisation...
2017-10-04 10:17:31.5197 INFO Database connection string : Data Source=|DataDirectory|\ScaleSoft.db3;Version=3;
2017-10-04 10:17:31.5509 INFO Database connection string : Data Source=|DataDirectory|\ScaleSoft.db3;Version=3;
2017-10-04 10:17:31.5709 INFO Database connection string : Data Source=|DataDirectory|\ScaleSoft.db3;Version=3;
2017-10-04 10:17:35.8585 INFO Database connection string : Data Source=|DataDirectory|\ScaleSoft.db3;Version=3;
2017-10-04 10:17:35.9678 INFO Database connection string : Data Source=|DataDirectory|\ScaleSoft.db3;Version=3;
2017-10-04 10:17:35.9835 INFO Database connection string : Data Source=|DataDirectory|\ScaleSoft.db3;Version=3;
2017-10-04 10:17:36.0235 INFO Database connection string : Data Source=|DataDirectory|\ScaleSoft.db3;Version=3;
2017-10-04 10:17:53.7250 INFO Database connection string : Data Source=|DataDirectory|\ScaleSoft.db3;Version=3;
2017-10-04 10:18:05.6182 INFO Database connection string : Data Source=|DataDirectory|\ScaleSoft.db3;Version=3;
2017-10-04 10:18:13.7736 INFO Database connection string : Data Source=|DataDirectory|\ScaleSoft.db3;Version=3;
2017-10-04 10:18:25.3837 INFO Database connection string : Data Source=|DataDirectory|\ScaleSoft.db3;Version=3;
2017-10-04 10:18:25.3993 INFO Database connection string : Data Source=|DataDirectory|\ScaleSoft.db3;Version=3;
2017-10-04 10:18:33.6649 INFO Database connection string : Data Source=|DataDirectory|\ScaleSoft.db3;Version=3;
2017-10-04 10:18:51.4798 INFO Database connection string : Data Source=|DataDirectory|\ScaleSoft.db3;Version=3;
2017-10-04 10:37:19.4828 INFO Database file location: E:\IBTS\ITWhiz.ScaleSoft\ITWhiz.ScaleSoft.Desktop\
2017-10-04 10:37:19.6933 INFO Initialising Components...
2017-10-04 10:37:22.7141 INFO Checking Database Connection...
2017-10-04 10:37:22.7993 INFO Database connection string : Data Source=|DataDirectory|\ScaleSoft.db3;Version=3;
2017-10-04 10:37:25.9784 INFO Checking License...
2017-10-04 10:37:25.9967 INFO Database connection string : Data Source=|DataDirectory|\ScaleSoft.db3;Version=3;
2017-10-04 10:37:26.1521 INFO Sucess: find rockey2 : 0
2017-10-04 10:37:26.1521 INFO Error: can not open the rockey2 : -1609564159
2017-10-04 10:37:33.5347 INFO Finishing Initialisation...
2017-10-04 10:37:44.4897 INFO Database connection string : Data Source=|DataDirectory|\ScaleSoft.db3;Version=3;
2017-10-04 10:37:44.5017 INFO Database connection string : Data Source=|DataDirectory|\ScaleSoft.db3;Version=3;
2017-10-04 10:37:44.5017 INFO Database connection string : Data Source=|DataDirectory|\ScaleSoft.db3;Version=3;
2017-10-04 10:37:50.1076 INFO Database connection string : Data Source=|DataDirectory|\ScaleSoft.db3;Version=3;
2017-10-04 10:37:50.1076 INFO Database connection string : Data Source=|DataDirectory|\ScaleSoft.db3;Version=3;
2017-10-04 10:37:50.1276 INFO Database connection string : Data Source=|DataDirectory|\ScaleSoft.db3;Version=3;
2017-10-04 10:37:50.1477 INFO Database connection string : Data Source=|DataDirectory|\ScaleSoft.db3;Version=3;
2017-10-04 21:06:32.0004 INFO Database file location: E:\IBTS\ITWhiz.ScaleSoft\ITWhiz.ScaleSoft.Desktop\
2017-10-04 21:06:32.1935 INFO Initialising Components...
2017-10-04 21:06:35.2107 INFO Checking Database Connection...
2017-10-04 21:06:35.5545 INFO Database connection string : Data Source=|DataDirectory|\ScaleSoft.db3;Version=3;
2017-10-04 21:06:38.8518 INFO Checking License...
2017-10-04 21:06:38.8674 INFO Database connection string : Data Source=|DataDirectory|\ScaleSoft.db3;Version=3;
2017-10-04 21:06:39.4063 INFO Error: not find any rockey2 : -1609564149
2017-10-04 21:06:44.8479 INFO Finishing Initialisation...
2017-10-04 21:06:56.5498 INFO Database connection string : Data Source=|DataDirectory|\ScaleSoft.db3;Version=3;
2017-10-04 21:06:56.5811 INFO Database connection string : Data Source=|DataDirectory|\ScaleSoft.db3;Version=3;
2017-10-04 21:06:56.5968 INFO Database connection string : Data Source=|DataDirectory|\ScaleSoft.db3;Version=3;
2017-10-04 21:06:59.9645 INFO Database connection string : Data Source=|DataDirectory|\ScaleSoft.db3;Version=3;
2017-10-04 21:07:00.0114 INFO Database connection string : Data Source=|DataDirectory|\ScaleSoft.db3;Version=3;
2017-10-04 21:07:00.0270 INFO Database connection string : Data Source=|DataDirectory|\ScaleSoft.db3;Version=3;
2017-10-04 21:07:00.0739 INFO Database connection string : Data Source=|DataDirectory|\ScaleSoft.db3;Version=3;
2017-10-04 21:07:30.9675 INFO Database connection string : Data Source=|DataDirectory|\ScaleSoft.db3;Version=3;
2017-10-04 21:07:31.2176 INFO Database connection string : Data Source=|DataDirectory|\ScaleSoft.db3;Version=3;
2017-10-04 21:09:32.9677 INFO Database connection string : Data Source=|DataDirectory|\ScaleSoft.db3;Version=3;
2017-10-04 21:09:33.0459 INFO Database connection string : Data Source=|DataDirectory|\ScaleSoft.db3;Version=3;
2017-10-04 21:09:33.0459 INFO Database connection string : Data Source=|DataDirectory|\ScaleSoft.db3;Version=3;
2017-10-04 21:10:13.8005 INFO Database connection string : Data Source=|DataDirectory|\ScaleSoft.db3;Version=3;
2017-10-04 21:10:13.8161 INFO Database connection string : Data Source=|DataDirectory|\ScaleSoft.db3;Version=3;
2017-10-04 21:10:13.8317 INFO Database connection string : Data Source=|DataDirectory|\ScaleSoft.db3;Version=3;
2017-10-04 21:10:33.3582 INFO Database file location: E:\IBTS\ITWhiz.ScaleSoft\ITWhiz.ScaleSoft.Desktop\
2017-10-04 21:10:33.4536 INFO Initialising Components...
2017-10-04 21:10:36.4701 INFO Checking Database Connection...
2017-10-04 21:10:36.5480 INFO Database connection string : Data Source=|DataDirectory|\ScaleSoft.db3;Version=3;
2017-10-04 21:10:39.7204 INFO Checking License...
2017-10-04 21:10:39.7359 INFO Database connection string : Data Source=|DataDirectory|\ScaleSoft.db3;Version=3;
2017-10-04 21:10:39.8453 INFO Error: not find any rockey2 : -1609564149
2017-10-04 21:10:47.6064 INFO Finishing Initialisation...
2017-10-04 21:11:13.0352 INFO Database connection string : Data Source=|DataDirectory|\ScaleSoft.db3;Version=3;
2017-10-04 21:11:13.0352 INFO Database connection string : Data Source=|DataDirectory|\ScaleSoft.db3;Version=3;
2017-10-04 21:11:13.0508 INFO Database connection string : Data Source=|DataDirectory|\ScaleSoft.db3;Version=3;
2017-10-04 21:11:15.6761 INFO Database connection string : Data Source=|DataDirectory|\ScaleSoft.db3;Version=3;
2017-10-04 21:11:15.6761 INFO Database connection string : Data Source=|DataDirectory|\ScaleSoft.db3;Version=3;
2017-10-04 21:11:15.6917 INFO Database connection string : Data Source=|DataDirectory|\ScaleSoft.db3;Version=3;
2017-10-04 21:11:15.7074 INFO Database connection string : Data Source=|DataDirectory|\ScaleSoft.db3;Version=3;
2017-10-04 21:12:06.7755 INFO Database connection string : Data Source=|DataDirectory|\ScaleSoft.db3;Version=3;
2017-10-04 21:12:07.1193 INFO Database connection string : Data Source=|DataDirectory|\ScaleSoft.db3;Version=3;
2017-10-04 21:12:32.9693 INFO Database connection string : Data Source=|DataDirectory|\ScaleSoft.db3;Version=3;
2017-10-04 21:12:32.9693 INFO Database connection string : Data Source=|DataDirectory|\ScaleSoft.db3;Version=3;
2017-10-04 21:12:32.9849 INFO Database connection string : Data Source=|DataDirectory|\ScaleSoft.db3;Version=3;
2017-10-04 23:27:58.0121 INFO Database file location: E:\IBTS\ITWhiz.ScaleSoft\ITWhiz.ScaleSoft.Desktop\
2017-10-04 23:27:58.4129 INFO Initialising Components...
2017-10-04 23:28:01.5527 INFO Checking Database Connection...
2017-10-04 23:28:02.1580 INFO Database connection string : Data Source=|DataDirectory|\ScaleSoft.db3;Version=3;
2017-10-04 23:28:06.3137 INFO Checking License...
2017-10-04 23:28:06.4389 INFO Database connection string : Data Source=|DataDirectory|\ScaleSoft.db3;Version=3;
2017-10-04 23:28:07.6144 INFO Error: not find any rockey2 : -1609564149
2017-10-04 23:28:13.2167 INFO Finishing Initialisation...
2017-10-04 23:28:17.4825 INFO Database connection string : Data Source=|DataDirectory|\ScaleSoft.db3;Version=3;
2017-10-04 23:28:17.5889 INFO Database connection string : Data Source=|DataDirectory|\ScaleSoft.db3;Version=3;
2017-10-04 23:28:17.6039 INFO Database connection string : Data Source=|DataDirectory|\ScaleSoft.db3;Version=3;
2017-10-04 23:28:20.6942 INFO Database connection string : Data Source=|DataDirectory|\ScaleSoft.db3;Version=3;
2017-10-04 23:28:20.8509 INFO Database connection string : Data Source=|DataDirectory|\ScaleSoft.db3;Version=3;
2017-10-04 23:28:20.8654 INFO Database connection string : Data Source=|DataDirectory|\ScaleSoft.db3;Version=3;
2017-10-04 23:28:20.9538 INFO Database connection string : Data Source=|DataDirectory|\ScaleSoft.db3;Version=3;
2017-10-04 23:28:54.8939 INFO Database connection string : Data Source=|DataDirectory|\ScaleSoft.db3;Version=3;
2017-10-04 23:28:55.2992 INFO Database connection string : Data Source=|DataDirectory|\ScaleSoft.db3;Version=3;
2017-10-04 23:39:17.0680 INFO Database file location: E:\IBTS\ITWhiz.ScaleSoft\ITWhiz.ScaleSoft.Desktop\
2017-10-04 23:39:17.2514 INFO Initialising Components...
2017-10-04 23:39:20.2744 INFO Checking Database Connection...
2017-10-04 23:39:20.3541 INFO Database connection string : Data Source=|DataDirectory|\ScaleSoft.db3;Version=3;
2017-10-04 23:39:23.4217 INFO Checking License...
2017-10-04 23:39:23.4217 INFO Database connection string : Data Source=|DataDirectory|\ScaleSoft.db3;Version=3;
2017-10-04 23:39:23.5149 INFO Error: not find any rockey2 : -1609564149
2017-10-04 23:39:40.7425 INFO Finishing Initialisation...
2017-10-04 23:40:04.8194 INFO Database connection string : Data Source=|DataDirectory|\ScaleSoft.db3;Version=3;
2017-10-04 23:40:04.8305 INFO Database connection string : Data Source=|DataDirectory|\ScaleSoft.db3;Version=3;
2017-10-04 23:40:04.8305 INFO Database connection string : Data Source=|DataDirectory|\ScaleSoft.db3;Version=3;
2017-10-04 23:40:06.8811 INFO Database connection string : Data Source=|DataDirectory|\ScaleSoft.db3;Version=3;
2017-10-04 23:40:06.8902 INFO Database connection string : Data Source=|DataDirectory|\ScaleSoft.db3;Version=3;
2017-10-04 23:40:06.8902 INFO Database connection string : Data Source=|DataDirectory|\ScaleSoft.db3;Version=3;
2017-10-04 23:40:06.9132 INFO Database connection string : Data Source=|DataDirectory|\ScaleSoft.db3;Version=3;
2017-10-04 23:41:07.1496 INFO Database connection string : Data Source=|DataDirectory|\ScaleSoft.db3;Version=3;
2017-10-04 23:41:07.4681 INFO Database connection string : Data Source=|DataDirectory|\ScaleSoft.db3;Version=3;
2017-10-04 23:43:46.2114 INFO Database file location: E:\IBTS\ITWhiz.ScaleSoft\ITWhiz.ScaleSoft.Desktop\
2017-10-04 23:43:46.3177 INFO Initialising Components...
2017-10-04 23:43:49.3363 INFO Checking Database Connection...
2017-10-04 23:43:49.4028 INFO Database connection string : Data Source=|DataDirectory|\ScaleSoft.db3;Version=3;
2017-10-04 23:43:52.4771 INFO Checking License...
2017-10-04 23:43:52.4962 INFO Database connection string : Data Source=|DataDirectory|\ScaleSoft.db3;Version=3;
2017-10-04 23:43:52.5840 INFO Error: not find any rockey2 : -1609564149
2017-10-04 23:43:57.7739 INFO Finishing Initialisation...
2017-10-04 23:44:00.4913 INFO Database connection string : Data Source=|DataDirectory|\ScaleSoft.db3;Version=3;
2017-10-04 23:44:00.5003 INFO Database connection string : Data Source=|DataDirectory|\ScaleSoft.db3;Version=3;
2017-10-04 23:44:00.5003 INFO Database connection string : Data Source=|DataDirectory|\ScaleSoft.db3;Version=3;
2017-10-04 23:44:02.9995 INFO Database connection string : Data Source=|DataDirectory|\ScaleSoft.db3;Version=3;
2017-10-04 23:44:02.9995 INFO Database connection string : Data Source=|DataDirectory|\ScaleSoft.db3;Version=3;
2017-10-04 23:44:03.0156 INFO Database connection string : Data Source=|DataDirectory|\ScaleSoft.db3;Version=3;
2017-10-04 23:44:03.0313 INFO Database connection string : Data Source=|DataDirectory|\ScaleSoft.db3;Version=3;
2017-10-04 23:44:22.1400 INFO Database connection string : Data Source=|DataDirectory|\ScaleSoft.db3;Version=3;
2017-10-04 23:44:22.3902 INFO Database connection string : Data Source=|DataDirectory|\ScaleSoft.db3;Version=3;
