2018-03-08 10:09:07.7356 INFO Database file location: D:\IBTS\InProgress\Product\Rice Factory Software - 20171026\Source Code\ITWhiz.ScaleSoft\ITWhiz.ScaleSoft.Desktop\
2018-03-08 10:09:08.1072 INFO Initialising Components...
2018-03-08 10:09:11.1329 INFO Checking Database Connection...
2018-03-08 10:09:11.2617 INFO Database connection string : Data Source=|DataDirectory|\ScaleSoft.db3;Version=3;
2018-03-08 10:09:15.2286 INFO Checking License...
2018-03-08 10:09:15.3747 INFO Database connection string : Data Source=|DataDirectory|\ScaleSoft.db3;Version=3;
2018-03-08 10:09:15.4367 INFO Query: SELECT * FROM SystemSetting
2018-03-08 10:09:17.1125 INFO Error: not find any rockey2 : -1609564149
2018-03-08 10:09:19.7624 INFO Database connection string : Data Source=|DataDirectory|\ScaleSoft.db3;Version=3;
2018-03-08 10:09:19.7624 INFO Query: SELECT Count(*)  AS RecordCount FROM Weighment 
2018-03-08 10:09:21.0243 INFO Database connection string : Data Source=|DataDirectory|\ScaleSoft.db3;Version=3;
2018-03-08 10:09:21.0273 INFO Query: SELECT * FROM User WHERE LoginId = 'Administrator' AND Password = '5LwAl4ldMRsMe1vj9DoH42NoGZDqCpKEfb44vWuDoC0='
2018-03-08 10:09:21.0574 INFO Database connection string : Data Source=|DataDirectory|\ScaleSoft.db3;Version=3;
2018-03-08 10:09:21.0574 INFO Query: SELECT * FROM SecurityRoleDetail WHERE RoleId = 1
2018-03-08 10:09:21.0574 INFO Database connection string : Data Source=|DataDirectory|\ScaleSoft.db3;Version=3;
2018-03-08 10:09:21.0574 INFO Query: SELECT * FROM SystemSetting
2018-03-08 10:09:27.8545 INFO Database connection string : Data Source=|DataDirectory|\ScaleSoft.db3;Version=3;
2018-03-08 10:09:27.8545 INFO Query: SELECT * FROM SystemSetting
2018-03-08 10:09:27.8545 INFO Error: not find any rockey2 : -1609564149
2018-03-08 10:09:30.0107 INFO Database connection string : Data Source=|DataDirectory|\ScaleSoft.db3;Version=3;
2018-03-08 10:09:30.0107 INFO Query: SELECT Count(*)  AS RecordCount FROM Weighment 
2018-03-08 10:09:30.7258 INFO Database connection string : Data Source=|DataDirectory|\ScaleSoft.db3;Version=3;
2018-03-08 10:09:30.7293 INFO Query: SELECT * FROM Product ORDER BY Name
2018-03-08 10:09:30.8567 INFO Database connection string : Data Source=|DataDirectory|\ScaleSoft.db3;Version=3;
2018-03-08 10:09:30.8567 INFO Query: SELECT * FROM SystemSetting
2018-03-08 10:09:35.6868 INFO Database connection string : Data Source=|DataDirectory|\ScaleSoft.db3;Version=3;
2018-03-08 10:09:35.6868 INFO Query: SELECT Max(TicketNumber) AS TicketNumber,Id FROM Weighment 
2018-03-08 10:10:46.0840 INFO Finishing Initialisation...
2018-03-08 11:04:47.9015 INFO Database file location: D:\IBTS\InProgress\Product\Rice Factory Software - 20171026\Source Code\ITWhiz.ScaleSoft\ITWhiz.ScaleSoft.Desktop\
2018-03-08 11:04:48.2447 INFO Initialising Components...
2018-03-08 11:04:51.2804 INFO Checking Database Connection...
2018-03-08 11:04:51.5046 INFO Database connection string : Data Source=|DataDirectory|\ScaleSoft.db3;Version=3;
2018-03-08 11:04:55.0338 INFO Checking License...
2018-03-08 11:04:55.0438 INFO Database connection string : Data Source=|DataDirectory|\ScaleSoft.db3;Version=3;
2018-03-08 11:04:55.0643 INFO Query: SELECT * FROM SystemSetting
2018-03-08 11:04:55.7122 INFO Error: not find any rockey2 : -1609564149
2018-03-08 11:04:58.0043 INFO Database connection string : Data Source=|DataDirectory|\ScaleSoft.db3;Version=3;
2018-03-08 11:04:58.0043 INFO Query: SELECT Count(*)  AS RecordCount FROM Weighment 
2018-03-08 11:04:59.1212 INFO Database connection string : Data Source=|DataDirectory|\ScaleSoft.db3;Version=3;
2018-03-08 11:04:59.1212 INFO Query: SELECT * FROM User WHERE LoginId = 'Administrator' AND Password = '5LwAl4ldMRsMe1vj9DoH42NoGZDqCpKEfb44vWuDoC0='
2018-03-08 11:04:59.1460 INFO Database connection string : Data Source=|DataDirectory|\ScaleSoft.db3;Version=3;
2018-03-08 11:04:59.1460 INFO Query: SELECT * FROM SecurityRoleDetail WHERE RoleId = 1
2018-03-08 11:04:59.1510 INFO Database connection string : Data Source=|DataDirectory|\ScaleSoft.db3;Version=3;
2018-03-08 11:04:59.1510 INFO Query: SELECT * FROM SystemSetting
2018-03-08 11:05:08.8159 INFO Database connection string : Data Source=|DataDirectory|\ScaleSoft.db3;Version=3;
2018-03-08 11:05:08.8159 INFO Query: SELECT * FROM SystemSetting
2018-03-08 11:05:08.8159 INFO Error: not find any rockey2 : -1609564149
2018-03-08 11:05:10.5859 INFO Database connection string : Data Source=|DataDirectory|\ScaleSoft.db3;Version=3;
2018-03-08 11:05:10.5859 INFO Query: SELECT Count(*)  AS RecordCount FROM Weighment 
2018-03-08 11:05:11.2260 INFO Database connection string : Data Source=|DataDirectory|\ScaleSoft.db3;Version=3;
2018-03-08 11:05:11.2260 INFO Query: SELECT * FROM Product ORDER BY Name
2018-03-08 11:05:11.3726 INFO Database connection string : Data Source=|DataDirectory|\ScaleSoft.db3;Version=3;
2018-03-08 11:05:11.3726 INFO Query: SELECT * FROM SystemSetting
2018-03-08 11:05:12.1040 INFO Database connection string : Data Source=|DataDirectory|\ScaleSoft.db3;Version=3;
2018-03-08 11:05:12.1040 INFO Query: SELECT Max(TicketNumber) AS TicketNumber,Id FROM Weighment 
2018-03-08 11:06:11.8199 INFO Database file location: D:\IBTS\InProgress\Product\Rice Factory Software - 20171026\Source Code\ITWhiz.ScaleSoft\ITWhiz.ScaleSoft.Desktop\
2018-03-08 11:06:11.9619 INFO Initialising Components...
2018-03-08 11:06:14.9797 INFO Checking Database Connection...
2018-03-08 11:06:15.0124 INFO Database connection string : Data Source=|DataDirectory|\ScaleSoft.db3;Version=3;
2018-03-08 11:06:18.1331 INFO Checking License...
2018-03-08 11:06:18.1355 INFO Database connection string : Data Source=|DataDirectory|\ScaleSoft.db3;Version=3;
2018-03-08 11:06:18.1355 INFO Query: SELECT * FROM SystemSetting
2018-03-08 11:06:18.2788 INFO Error: not find any rockey2 : -1609564149
2018-03-08 11:06:19.6743 INFO Database connection string : Data Source=|DataDirectory|\ScaleSoft.db3;Version=3;
2018-03-08 11:06:19.6743 INFO Query: SELECT Count(*)  AS RecordCount FROM Weighment 
2018-03-08 11:06:20.5997 INFO Database connection string : Data Source=|DataDirectory|\ScaleSoft.db3;Version=3;
2018-03-08 11:06:20.5997 INFO Query: SELECT * FROM User WHERE LoginId = 'Administrator' AND Password = '5LwAl4ldMRsMe1vj9DoH42NoGZDqCpKEfb44vWuDoC0='
2018-03-08 11:06:20.6058 INFO Database connection string : Data Source=|DataDirectory|\ScaleSoft.db3;Version=3;
2018-03-08 11:06:20.6058 INFO Query: SELECT * FROM SecurityRoleDetail WHERE RoleId = 1
2018-03-08 11:06:20.6058 INFO Database connection string : Data Source=|DataDirectory|\ScaleSoft.db3;Version=3;
2018-03-08 11:06:20.6058 INFO Query: SELECT * FROM SystemSetting
2018-03-08 11:06:24.0312 INFO Database connection string : Data Source=|DataDirectory|\ScaleSoft.db3;Version=3;
2018-03-08 11:06:24.0312 INFO Query: SELECT * FROM SystemSetting
2018-03-08 11:06:24.0312 INFO Error: not find any rockey2 : -1609564149
2018-03-08 11:06:25.2735 INFO Database connection string : Data Source=|DataDirectory|\ScaleSoft.db3;Version=3;
2018-03-08 11:06:25.2735 INFO Query: SELECT Count(*)  AS RecordCount FROM Weighment 
2018-03-08 11:06:25.6115 INFO Database connection string : Data Source=|DataDirectory|\ScaleSoft.db3;Version=3;
2018-03-08 11:06:25.6115 INFO Query: SELECT * FROM Product ORDER BY Name
2018-03-08 11:06:25.6194 INFO Database connection string : Data Source=|DataDirectory|\ScaleSoft.db3;Version=3;
2018-03-08 11:06:25.6194 INFO Query: SELECT * FROM SystemSetting
2018-03-08 11:06:26.1789 INFO Database connection string : Data Source=|DataDirectory|\ScaleSoft.db3;Version=3;
2018-03-08 11:06:26.1789 INFO Query: SELECT Max(TicketNumber) AS TicketNumber,Id FROM Weighment 
2018-03-08 11:07:00.0938 INFO Database connection string : Data Source=|DataDirectory|\ScaleSoft.db3;Version=3;
2018-03-08 11:07:00.0938 INFO Query: SELECT * FROM Weighment Where ReferenceNumber ='1'
2018-03-08 11:07:00.0938 INFO Database connection string : Data Source=|DataDirectory|\ScaleSoft.db3;Version=3;
2018-03-08 11:07:00.0938 INFO Query: SELECT *, pro.Name AS ProductName FROM Weighment as w INNER JOIN Product AS pro on pro.Id = w.ProductId Where w.TicketNumber =1
2018-03-08 11:07:08.2318 INFO Database connection string : Data Source=|DataDirectory|\ScaleSoft.db3;Version=3;
2018-03-08 11:07:08.5055 INFO Database connection string : Data Source=|DataDirectory|\ScaleSoft.db3;Version=3;
2018-03-08 11:07:08.5055 INFO Query: SELECT Max(TicketNumber) AS TicketNumber,Id FROM Weighment 
2018-03-08 11:07:08.5123 INFO Database connection string : Data Source=|DataDirectory|\ScaleSoft.db3;Version=3;
2018-03-08 11:07:09.5139 INFO Database connection string : Data Source=|DataDirectory|\ScaleSoft.db3;Version=3;
2018-03-08 11:07:09.5139 INFO Query: SELECT * FROM SystemSetting
2018-03-08 11:07:17.7412 INFO Database connection string : Data Source=|DataDirectory|\ScaleSoft.db3;Version=3;
2018-03-08 11:07:17.7446 INFO Query: SELECT * FROM SystemSetting
2018-03-08 11:07:17.7446 INFO Database connection string : Data Source=|DataDirectory|\ScaleSoft.db3;Version=3;
2018-03-08 11:07:17.7619 INFO Query: SELECT * FROM SystemSetting
2018-03-08 11:07:37.6815 INFO Database connection string : Data Source=|DataDirectory|\ScaleSoft.db3;Version=3;
2018-03-08 11:07:37.6825 INFO Query: SELECT * FROM Product ORDER BY Name
2018-03-08 11:07:37.6984 INFO Database connection string : Data Source=|DataDirectory|\ScaleSoft.db3;Version=3;
2018-03-08 11:07:37.6984 INFO Query: SELECT * FROM SystemSetting
2018-03-08 11:08:00.0204 INFO Database connection string : Data Source=|DataDirectory|\ScaleSoft.db3;Version=3;
2018-03-08 11:08:00.0204 INFO Query: SELECT *, pro.Name AS ProductName FROM Weighment as w INNER JOIN Product AS pro on pro.Id = w.ProductId Where w.TicketNumber =2
2018-03-08 11:08:10.3509 INFO Database connection string : Data Source=|DataDirectory|\ScaleSoft.db3;Version=3;
2018-03-08 11:08:10.3542 INFO Query: SELECT *, pro.Name AS ProductName FROM Weighment as w INNER JOIN Product AS pro on pro.Id = w.ProductId Where w.TicketNumber =2
2018-03-08 11:08:54.1067 INFO Database connection string : Data Source=|DataDirectory|\ScaleSoft.db3;Version=3;
2018-03-08 11:08:54.1067 INFO Query: SELECT *, pro.Name AS ProductName FROM Weighment as w INNER JOIN Product AS pro on pro.Id = w.ProductId Where w.TicketNumber =1
2018-03-08 11:08:56.7407 INFO Database connection string : Data Source=|DataDirectory|\ScaleSoft.db3;Version=3;
2018-03-08 11:08:56.7448 INFO Query: SELECT *, pro.Name AS ProductName FROM Weighment as w INNER JOIN Product AS pro on pro.Id = w.ProductId Where w.TicketNumber =1
2018-03-08 11:09:38.8850 INFO Finishing Initialisation...
2018-03-08 11:16:25.5889 INFO Database file location: D:\IBTS\InProgress\Product\Rice Factory Software - 20171026\Source Code\ITWhiz.ScaleSoft\ITWhiz.ScaleSoft.Desktop\
2018-03-08 11:16:25.7779 INFO Initialising Components...
2018-03-08 11:16:28.8161 INFO Checking Database Connection...
2018-03-08 11:16:28.9132 INFO Database connection string : Data Source=|DataDirectory|\ScaleSoft.db3;Version=3;
2018-03-08 11:16:32.1603 INFO Checking License...
2018-03-08 11:16:32.1743 INFO Database connection string : Data Source=|DataDirectory|\ScaleSoft.db3;Version=3;
2018-03-08 11:16:32.1846 INFO Query: SELECT * FROM SystemSetting
2018-03-08 11:16:32.3492 INFO Error: not find any rockey2 : -1609564149
2018-03-08 11:16:37.8345 INFO Database connection string : Data Source=|DataDirectory|\ScaleSoft.db3;Version=3;
2018-03-08 11:16:37.8345 INFO Query: SELECT Count(*)  AS RecordCount FROM Weighment 
2018-03-08 11:16:39.0493 INFO Database connection string : Data Source=|DataDirectory|\ScaleSoft.db3;Version=3;
2018-03-08 11:16:39.0493 INFO Query: SELECT * FROM User WHERE LoginId = 'Administrator' AND Password = '5LwAl4ldMRsMe1vj9DoH42NoGZDqCpKEfb44vWuDoC0='
2018-03-08 11:16:39.0576 INFO Database connection string : Data Source=|DataDirectory|\ScaleSoft.db3;Version=3;
2018-03-08 11:16:39.0576 INFO Query: SELECT * FROM SecurityRoleDetail WHERE RoleId = 1
2018-03-08 11:16:39.0576 INFO Database connection string : Data Source=|DataDirectory|\ScaleSoft.db3;Version=3;
2018-03-08 11:16:39.0576 INFO Query: SELECT * FROM SystemSetting
2018-03-08 11:16:42.6626 INFO Database connection string : Data Source=|DataDirectory|\ScaleSoft.db3;Version=3;
2018-03-08 11:16:42.6626 INFO Query: SELECT * FROM Product ORDER BY Name
2018-03-08 11:16:42.6772 INFO Database connection string : Data Source=|DataDirectory|\ScaleSoft.db3;Version=3;
2018-03-08 11:16:42.6772 INFO Query: SELECT * FROM SystemSetting
2018-03-08 11:16:52.2200 INFO Database connection string : Data Source=|DataDirectory|\ScaleSoft.db3;Version=3;
2018-03-08 11:16:52.2200 INFO Query: SELECT *, pro.Name AS ProductName FROM Weighment as w INNER JOIN Product AS pro on pro.Id = w.ProductId Where w.TicketNumber =1
2018-03-08 11:16:52.2561 INFO Database connection string : Data Source=|DataDirectory|\ScaleSoft.db3;Version=3;
2018-03-08 11:16:52.2561 INFO Query: SELECT *, pro.Name AS ProductName FROM Weighment as w INNER JOIN Product AS pro on pro.Id = w.ProductId Where w.TicketNumber =1
2018-03-08 11:17:01.9859 INFO Database connection string : Data Source=|DataDirectory|\ScaleSoft.db3;Version=3;
2018-03-08 11:17:01.9859 INFO Query: SELECT *, pro.Name AS ProductName FROM Weighment as w INNER JOIN Product AS pro on pro.Id = w.ProductId Where w.TicketNumber =1
2018-03-08 11:17:01.9996 INFO Database connection string : Data Source=|DataDirectory|\ScaleSoft.db3;Version=3;
2018-03-08 11:17:01.9996 INFO Query: SELECT *, pro.Name AS ProductName FROM Weighment as w INNER JOIN Product AS pro on pro.Id = w.ProductId Where w.TicketNumber =1
2018-03-08 11:17:02.1832 INFO Database connection string : Data Source=|DataDirectory|\ScaleSoft.db3;Version=3;
2018-03-08 11:17:02.1832 INFO Query: SELECT *, pro.Name AS ProductName FROM Weighment as w INNER JOIN Product AS pro on pro.Id = w.ProductId Where w.TicketNumber =1
2018-03-08 11:17:07.4232 INFO Database connection string : Data Source=|DataDirectory|\ScaleSoft.db3;Version=3;
2018-03-08 11:17:07.4232 INFO Query: SELECT *, pro.Name AS ProductName FROM Weighment as w INNER JOIN Product AS pro on pro.Id = w.ProductId Where w.TicketNumber =1
2018-03-08 11:17:07.4232 INFO Database connection string : Data Source=|DataDirectory|\ScaleSoft.db3;Version=3;
2018-03-08 11:17:07.6407 INFO Database connection string : Data Source=|DataDirectory|\ScaleSoft.db3;Version=3;
2018-03-08 11:17:07.8012 INFO Database connection string : Data Source=|DataDirectory|\ScaleSoft.db3;Version=3;
2018-03-08 11:17:07.8012 INFO Query: SELECT * FROM SystemSetting
2018-03-08 11:17:14.4239 INFO Database connection string : Data Source=|DataDirectory|\ScaleSoft.db3;Version=3;
2018-03-08 11:17:14.4239 INFO Query: SELECT * FROM SystemSetting
2018-03-08 11:17:14.4499 INFO Database connection string : Data Source=|DataDirectory|\ScaleSoft.db3;Version=3;
2018-03-08 11:17:14.4499 INFO Query: SELECT * FROM SystemSetting
2018-03-08 11:17:36.4780 INFO Finishing Initialisation...
2018-03-08 11:43:33.1462 INFO Database file location: D:\IBTS\InProgress\Product\Rice Factory Software - 20171026\Source Code\ITWhiz.ScaleSoft\ITWhiz.ScaleSoft.Desktop\
2018-03-08 11:43:33.3750 INFO Initialising Components...
2018-03-08 11:43:36.3963 INFO Checking Database Connection...
2018-03-08 11:43:36.6298 INFO Database connection string : Data Source=|DataDirectory|\ScaleSoft.db3;Version=3;
2018-03-08 11:43:39.9443 INFO Checking License...
2018-03-08 11:43:39.9541 INFO Database connection string : Data Source=|DataDirectory|\ScaleSoft.db3;Version=3;
2018-03-08 11:43:40.0272 INFO Query: SELECT * FROM SystemSetting
2018-03-08 11:43:40.5402 INFO Error: not find any rockey2 : -1609564149
2018-03-08 11:43:42.9455 INFO Database connection string : Data Source=|DataDirectory|\ScaleSoft.db3;Version=3;
2018-03-08 11:43:42.9455 INFO Query: SELECT Count(*)  AS RecordCount FROM Weighment 
2018-03-08 11:43:43.9441 INFO Database connection string : Data Source=|DataDirectory|\ScaleSoft.db3;Version=3;
2018-03-08 11:43:43.9441 INFO Query: SELECT * FROM User WHERE LoginId = 'Administrator' AND Password = '5LwAl4ldMRsMe1vj9DoH42NoGZDqCpKEfb44vWuDoC0='
2018-03-08 11:43:43.9851 INFO Database connection string : Data Source=|DataDirectory|\ScaleSoft.db3;Version=3;
2018-03-08 11:43:43.9851 INFO Query: SELECT * FROM SecurityRoleDetail WHERE RoleId = 1
2018-03-08 11:43:43.9851 INFO Database connection string : Data Source=|DataDirectory|\ScaleSoft.db3;Version=3;
2018-03-08 11:43:43.9851 INFO Query: SELECT * FROM SystemSetting
2018-03-08 11:43:47.3671 INFO Database connection string : Data Source=|DataDirectory|\ScaleSoft.db3;Version=3;
2018-03-08 11:43:47.3671 INFO Query: SELECT * FROM SystemSetting
2018-03-08 11:44:41.3866 INFO Database connection string : Data Source=|DataDirectory|\ScaleSoft.db3;Version=3;
2018-03-08 11:45:14.8790 INFO Database connection string : Data Source=|DataDirectory|\ScaleSoft.db3;Version=3;
2018-03-08 11:45:14.8790 INFO Query: SELECT * FROM SystemSetting
2018-03-08 11:50:16.3828 INFO Database connection string : Data Source=|DataDirectory|\ScaleSoft.db3;Version=3;
2018-03-08 11:58:13.4060 INFO Database file location: D:\IBTS\InProgress\Product\Rice Factory Software - 20171026\Source Code\ITWhiz.ScaleSoft\ITWhiz.ScaleSoft.Desktop\
2018-03-08 11:58:13.5593 INFO Initialising Components...
2018-03-08 11:58:16.5831 INFO Checking Database Connection...
2018-03-08 11:58:16.6365 INFO Database connection string : Data Source=|DataDirectory|\ScaleSoft.db3;Version=3;
2018-03-08 11:58:19.7556 INFO Checking License...
2018-03-08 11:58:19.7618 INFO Database connection string : Data Source=|DataDirectory|\ScaleSoft.db3;Version=3;
2018-03-08 11:58:19.7618 INFO Query: SELECT * FROM SystemSetting
2018-03-08 11:58:19.9013 INFO Error: not find any rockey2 : -1609564149
2018-03-08 11:58:25.0834 INFO Database connection string : Data Source=|DataDirectory|\ScaleSoft.db3;Version=3;
2018-03-08 11:58:25.0834 INFO Query: SELECT Count(*)  AS RecordCount FROM Weighment 
2018-03-08 11:58:27.0484 INFO Database connection string : Data Source=|DataDirectory|\ScaleSoft.db3;Version=3;
2018-03-08 11:58:27.0484 INFO Query: SELECT * FROM User WHERE LoginId = 'Administrator' AND Password = '5LwAl4ldMRsMe1vj9DoH42NoGZDqCpKEfb44vWuDoC0='
2018-03-08 11:58:27.0484 INFO Database connection string : Data Source=|DataDirectory|\ScaleSoft.db3;Version=3;
2018-03-08 11:58:27.0484 INFO Query: SELECT * FROM SecurityRoleDetail WHERE RoleId = 1
2018-03-08 11:58:27.0582 INFO Database connection string : Data Source=|DataDirectory|\ScaleSoft.db3;Version=3;
2018-03-08 11:58:27.0582 INFO Query: SELECT * FROM SystemSetting
2018-03-08 11:58:56.9238 INFO Finishing Initialisation...
2018-03-08 12:00:37.4639 INFO Database file location: D:\IBTS\InProgress\Product\Rice Factory Software - 20171026\Source Code\ITWhiz.ScaleSoft\ITWhiz.ScaleSoft.Desktop\
2018-03-08 12:01:21.1214 INFO Database file location: D:\IBTS\InProgress\Product\Rice Factory Software - 20171026\Source Code\ITWhiz.ScaleSoft\ITWhiz.ScaleSoft.Desktop\
2018-03-08 12:01:38.3281 INFO Database connection string : Data Source=|DataDirectory|\ScaleSoft.db3;Version=3;
2018-03-08 12:01:38.4231 INFO Query: SELECT * FROM SystemSetting
2018-03-08 12:03:19.9830 INFO Database file location: D:\IBTS\InProgress\Product\Rice Factory Software - 20171026\Source Code\ITWhiz.ScaleSoft\ITWhiz.ScaleSoft.Desktop\
2018-03-08 12:03:30.6196 INFO Database connection string : Data Source=|DataDirectory|\ScaleSoft.db3;Version=3;
2018-03-08 12:03:30.7857 INFO Query: SELECT * FROM SystemSetting
2018-03-08 12:12:31.5269 INFO Database file location: D:\IBTS\InProgress\Product\Rice Factory Software - 20171026\Source Code\ITWhiz.ScaleSoft\ITWhiz.ScaleSoft.Desktop\
2018-03-08 12:12:36.3118 INFO Database connection string : Data Source=|DataDirectory|\ScaleSoft.db3;Version=3;
2018-03-08 12:12:36.4808 INFO Query: SELECT * FROM SystemSetting
2018-03-08 12:12:47.1209 INFO Database connection string : Data Source=|DataDirectory|\ScaleSoft.db3;Version=3;
2018-03-08 12:14:51.1727 INFO Database file location: D:\IBTS\InProgress\Product\Rice Factory Software - 20171026\Source Code\ITWhiz.ScaleSoft\ITWhiz.ScaleSoft.Desktop\
2018-03-08 12:16:12.5253 INFO Database file location: D:\IBTS\InProgress\Product\Rice Factory Software - 20171026\Source Code\ITWhiz.ScaleSoft\ITWhiz.ScaleSoft.Desktop\
2018-03-08 12:16:12.6702 INFO Database connection string : Data Source=|DataDirectory|\ScaleSoft.db3;Version=3;
2018-03-08 12:16:12.8174 INFO Query: SELECT * FROM SystemSetting
2018-03-08 12:19:38.7167 INFO Database file location: D:\IBTS\InProgress\Product\Rice Factory Software - 20171026\Source Code\ITWhiz.ScaleSoft\ITWhiz.ScaleSoft.Desktop\
2018-03-08 12:19:38.7776 INFO Database connection string : Data Source=|DataDirectory|\ScaleSoft.db3;Version=3;
2018-03-08 12:19:38.8557 INFO Query: SELECT * FROM SystemSetting
2018-03-08 12:20:38.6384 INFO Database file location: D:\IBTS\InProgress\Product\Rice Factory Software - 20171026\Source Code\ITWhiz.ScaleSoft\ITWhiz.ScaleSoft.Desktop\
2018-03-08 12:20:43.9138 INFO Database connection string : Data Source=|DataDirectory|\ScaleSoft.db3;Version=3;
2018-03-08 12:20:43.9975 INFO Query: SELECT * FROM SystemSetting
2018-03-08 12:22:00.3286 INFO Database file location: D:\IBTS\InProgress\Product\Rice Factory Software - 20171026\Source Code\ITWhiz.ScaleSoft\ITWhiz.ScaleSoft.Desktop\
2018-03-08 12:22:04.2711 INFO Database connection string : Data Source=|DataDirectory|\ScaleSoft.db3;Version=3;
2018-03-08 12:22:04.4125 INFO Query: SELECT * FROM SystemSetting
2018-03-08 12:24:35.0817 INFO Database file location: D:\IBTS\InProgress\Product\Rice Factory Software - 20171026\Source Code\ITWhiz.ScaleSoft\ITWhiz.ScaleSoft.Desktop\
2018-03-08 12:24:40.0359 INFO Database connection string : Data Source=|DataDirectory|\ScaleSoft.db3;Version=3;
2018-03-08 12:24:40.1342 INFO Query: SELECT * FROM SystemSetting
2018-03-08 12:26:13.8553 INFO Database connection string : Data Source=|DataDirectory|\ScaleSoft.db3;Version=3;
2018-03-08 12:32:32.9676 INFO Database file location: D:\IBTS\InProgress\Product\Rice Factory Software - 20171026\Source Code\ITWhiz.ScaleSoft\ITWhiz.ScaleSoft.Desktop\
2018-03-08 12:33:09.1542 INFO Database connection string : Data Source=|DataDirectory|\ScaleSoft.db3;Version=3;
2018-03-08 12:33:09.2480 INFO Query: SELECT * FROM SystemSetting
2018-03-08 12:36:41.6227 INFO Database file location: D:\IBTS\InProgress\Product\Rice Factory Software - 20171026\Source Code\ITWhiz.ScaleSoft\ITWhiz.ScaleSoft.Desktop\
2018-03-08 12:36:46.7319 INFO Database connection string : Data Source=|DataDirectory|\ScaleSoft.db3;Version=3;
2018-03-08 12:36:46.9232 INFO Query: SELECT * FROM SystemSetting
2018-03-08 12:54:13.8071 INFO Database file location: D:\IBTS\InProgress\Product\Rice Factory Software - 20171026\Source Code\ITWhiz.ScaleSoft\ITWhiz.ScaleSoft.Desktop\
2018-03-08 12:54:26.9384 INFO Database connection string : Data Source=|DataDirectory|\ScaleSoft.db3;Version=3;
2018-03-08 12:54:27.0326 INFO Query: SELECT * FROM SystemSetting
2018-03-08 12:55:39.0023 INFO Database connection string : Data Source=|DataDirectory|\ScaleSoft.db3;Version=3;
2018-03-08 13:10:38.5124 INFO Database file location: D:\IBTS\InProgress\Product\Rice Factory Software - 20171026\Source Code\ITWhiz.ScaleSoft\ITWhiz.ScaleSoft.Desktop\
2018-03-08 13:10:54.9510 INFO Database connection string : Data Source=|DataDirectory|\ScaleSoft.db3;Version=3;
2018-03-08 13:10:55.0310 INFO Query: SELECT * FROM SystemSetting
2018-03-08 13:12:43.0008 INFO Database connection string : Data Source=|DataDirectory|\ScaleSoft.db3;Version=3;
2018-03-08 13:15:04.3377 INFO Database file location: D:\IBTS\InProgress\Product\Rice Factory Software - 20171026\Source Code\ITWhiz.ScaleSoft\ITWhiz.ScaleSoft.Desktop\
2018-03-08 13:15:04.4655 INFO Initialising Components...
2018-03-08 13:15:07.4857 INFO Checking Database Connection...
2018-03-08 13:15:07.5363 INFO Database connection string : Data Source=|DataDirectory|\ScaleSoft.db3;Version=3;
2018-03-08 13:15:10.6919 INFO Checking License...
2018-03-08 13:15:10.7021 INFO Database connection string : Data Source=|DataDirectory|\ScaleSoft.db3;Version=3;
2018-03-08 13:15:10.7021 INFO Query: SELECT * FROM SystemSetting
2018-03-08 13:15:10.9850 INFO Error: not find any rockey2 : -1609564149
2018-03-08 13:15:14.6271 INFO Database connection string : Data Source=|DataDirectory|\ScaleSoft.db3;Version=3;
2018-03-08 13:15:14.6271 INFO Query: SELECT Count(*)  AS RecordCount FROM Weighment 
2018-03-08 13:15:17.0179 INFO Database connection string : Data Source=|DataDirectory|\ScaleSoft.db3;Version=3;
2018-03-08 13:15:17.0179 INFO Query: SELECT * FROM User WHERE LoginId = 'Administrator' AND Password = '5LwAl4ldMRsMe1vj9DoH42NoGZDqCpKEfb44vWuDoC0='
2018-03-08 13:15:17.0265 INFO Database connection string : Data Source=|DataDirectory|\ScaleSoft.db3;Version=3;
2018-03-08 13:15:17.0265 INFO Query: SELECT * FROM SecurityRoleDetail WHERE RoleId = 1
2018-03-08 13:15:17.0265 INFO Database connection string : Data Source=|DataDirectory|\ScaleSoft.db3;Version=3;
2018-03-08 13:15:17.0265 INFO Query: SELECT * FROM SystemSetting
2018-03-08 13:15:33.2533 INFO Database connection string : Data Source=|DataDirectory|\ScaleSoft.db3;Version=3;
2018-03-08 13:15:33.2533 INFO Query: SELECT *, pro.Name AS ProductName FROM Weighment as w INNER JOIN Product AS pro on pro.Id = w.ProductId Where w.TicketNumber =1
2018-03-08 13:15:33.3290 INFO Database connection string : Data Source=|DataDirectory|\ScaleSoft.db3;Version=3;
2018-03-08 13:16:25.1120 INFO Finishing Initialisation...
2018-03-08 13:18:11.8314 INFO Database file location: D:\IBTS\InProgress\Product\Rice Factory Software - 20171026\Source Code\ITWhiz.ScaleSoft\ITWhiz.ScaleSoft.Desktop\
2018-03-08 13:18:11.9587 INFO Initialising Components...
2018-03-08 13:18:14.9833 INFO Checking Database Connection...
2018-03-08 13:18:15.0382 INFO Database connection string : Data Source=|DataDirectory|\ScaleSoft.db3;Version=3;
2018-03-08 13:18:18.1672 INFO Checking License...
2018-03-08 13:18:18.1672 INFO Database connection string : Data Source=|DataDirectory|\ScaleSoft.db3;Version=3;
2018-03-08 13:18:18.1822 INFO Query: SELECT * FROM SystemSetting
2018-03-08 13:18:18.3180 INFO Error: not find any rockey2 : -1609564149
2018-03-08 13:18:20.2275 INFO Database connection string : Data Source=|DataDirectory|\ScaleSoft.db3;Version=3;
2018-03-08 13:18:20.2275 INFO Query: SELECT Count(*)  AS RecordCount FROM Weighment 
2018-03-08 13:18:21.3331 INFO Database connection string : Data Source=|DataDirectory|\ScaleSoft.db3;Version=3;
2018-03-08 13:18:21.3394 INFO Query: SELECT * FROM User WHERE LoginId = 'Administrator' AND Password = '5LwAl4ldMRsMe1vj9DoH42NoGZDqCpKEfb44vWuDoC0='
2018-03-08 13:18:21.3394 INFO Database connection string : Data Source=|DataDirectory|\ScaleSoft.db3;Version=3;
2018-03-08 13:18:21.3394 INFO Query: SELECT * FROM SecurityRoleDetail WHERE RoleId = 1
2018-03-08 13:18:21.3394 INFO Database connection string : Data Source=|DataDirectory|\ScaleSoft.db3;Version=3;
2018-03-08 13:18:21.3394 INFO Query: SELECT * FROM SystemSetting
2018-03-08 13:25:22.4566 INFO Database file location: D:\IBTS\InProgress\Product\Rice Factory Software - 20171026\Source Code\ITWhiz.ScaleSoft\ITWhiz.ScaleSoft.Desktop\
2018-03-08 13:25:22.5799 INFO Initialising Components...
2018-03-08 13:25:25.6166 INFO Checking Database Connection...
2018-03-08 13:25:25.6429 INFO Database connection string : Data Source=|DataDirectory|\ScaleSoft.db3;Version=3;
2018-03-08 13:25:28.7355 INFO Checking License...
2018-03-08 13:25:28.7355 INFO Database connection string : Data Source=|DataDirectory|\ScaleSoft.db3;Version=3;
2018-03-08 13:25:28.7480 INFO Query: SELECT * FROM SystemSetting
2018-03-08 13:25:28.8482 INFO Error: not find any rockey2 : -1609564149
2018-03-08 13:25:30.2368 INFO Database connection string : Data Source=|DataDirectory|\ScaleSoft.db3;Version=3;
2018-03-08 13:25:30.2368 INFO Query: SELECT Count(*)  AS RecordCount FROM Weighment 
2018-03-08 13:25:31.2576 INFO Database connection string : Data Source=|DataDirectory|\ScaleSoft.db3;Version=3;
2018-03-08 13:25:31.2576 INFO Query: SELECT * FROM User WHERE LoginId = 'Administrator' AND Password = '5LwAl4ldMRsMe1vj9DoH42NoGZDqCpKEfb44vWuDoC0='
2018-03-08 13:25:31.2631 INFO Database connection string : Data Source=|DataDirectory|\ScaleSoft.db3;Version=3;
2018-03-08 13:25:31.2631 INFO Query: SELECT * FROM SecurityRoleDetail WHERE RoleId = 1
2018-03-08 13:25:31.2631 INFO Database connection string : Data Source=|DataDirectory|\ScaleSoft.db3;Version=3;
2018-03-08 13:25:31.2631 INFO Query: SELECT * FROM SystemSetting
2018-03-08 13:25:31.3117 INFO Database connection string : Data Source=|DataDirectory|\ScaleSoft.db3;Version=3;
2018-03-08 13:25:31.3117 INFO Query: SELECT * FROM SystemSetting
2018-03-08 13:25:53.9726 INFO Finishing Initialisation...
2018-03-08 14:39:36.8668 INFO Database file location: D:\IBTS\InProgress\Product\Rice Factory Software - 20171026\Source Code\ITWhiz.ScaleSoft\ITWhiz.ScaleSoft.Desktop\
2018-03-08 14:39:37.2340 INFO Initialising Components...
2018-03-08 14:39:40.2481 INFO Checking Database Connection...
2018-03-08 14:39:40.6322 INFO Database connection string : Data Source=|DataDirectory|\ScaleSoft.db3;Version=3;
2018-03-08 14:39:44.4249 INFO Checking License...
2018-03-08 14:39:44.4716 INFO Database connection string : Data Source=|DataDirectory|\ScaleSoft.db3;Version=3;
2018-03-08 14:39:44.5081 INFO Query: SELECT * FROM SystemSetting
2018-03-08 14:39:45.2824 INFO Error: not find any rockey2 : -1609564149
2018-03-08 14:39:47.0617 INFO Database connection string : Data Source=|DataDirectory|\ScaleSoft.db3;Version=3;
2018-03-08 14:39:47.0617 INFO Query: SELECT Count(*)  AS RecordCount FROM Weighment 
2018-03-08 14:39:49.5975 INFO Database connection string : Data Source=|DataDirectory|\ScaleSoft.db3;Version=3;
2018-03-08 14:39:49.5975 INFO Query: SELECT * FROM User WHERE LoginId = 'Administrator' AND Password = '5LwAl4ldMRsMe1vj9DoH42NoGZDqCpKEfb44vWuDoC0='
2018-03-08 14:39:49.6348 INFO Database connection string : Data Source=|DataDirectory|\ScaleSoft.db3;Version=3;
2018-03-08 14:39:49.6348 INFO Query: SELECT * FROM SecurityRoleDetail WHERE RoleId = 1
2018-03-08 14:39:49.6506 INFO Database connection string : Data Source=|DataDirectory|\ScaleSoft.db3;Version=3;
2018-03-08 14:39:49.6506 INFO Query: SELECT * FROM SystemSetting
2018-03-08 14:39:49.6506 INFO Database connection string : Data Source=|DataDirectory|\ScaleSoft.db3;Version=3;
2018-03-08 14:39:49.6506 INFO Query: SELECT * FROM SystemSetting
2018-03-08 14:39:49.6661 INFO Database connection string : Data Source=|DataDirectory|\ScaleSoft.db3;Version=3;
2018-03-08 14:39:49.6661 INFO Query: SELECT * FROM SystemSetting
2018-03-08 14:39:49.6661 INFO Database connection string : Data Source=|DataDirectory|\ScaleSoft.db3;Version=3;
2018-03-08 14:39:49.6661 INFO Query: SELECT * FROM SystemSetting
2018-03-08 14:39:49.7511 INFO Database connection string : Data Source=|DataDirectory|\ScaleSoft.db3;Version=3;
2018-03-08 14:39:49.7511 INFO Query: SELECT * FROM SystemSetting
2018-03-08 14:40:01.5641 INFO Finishing Initialisation...
2018-03-08 14:40:31.5891 INFO Database file location: D:\IBTS\InProgress\Product\Rice Factory Software - 20171026\Source Code\ITWhiz.ScaleSoft\ITWhiz.ScaleSoft.Desktop\
2018-03-08 14:40:31.7131 INFO Initialising Components...
2018-03-08 14:40:34.7408 INFO Checking Database Connection...
2018-03-08 14:40:34.7938 INFO Database connection string : Data Source=|DataDirectory|\ScaleSoft.db3;Version=3;
2018-03-08 14:40:37.9072 INFO Checking License...
2018-03-08 14:40:37.9072 INFO Database connection string : Data Source=|DataDirectory|\ScaleSoft.db3;Version=3;
2018-03-08 14:40:37.9072 INFO Query: SELECT * FROM SystemSetting
2018-03-08 14:40:38.0073 INFO Error: not find any rockey2 : -1609564149
2018-03-08 14:40:39.4139 INFO Database connection string : Data Source=|DataDirectory|\ScaleSoft.db3;Version=3;
2018-03-08 14:40:39.4139 INFO Query: SELECT Count(*)  AS RecordCount FROM Weighment 
2018-03-08 14:40:41.4130 INFO Database connection string : Data Source=|DataDirectory|\ScaleSoft.db3;Version=3;
2018-03-08 14:40:41.4130 INFO Query: SELECT * FROM User WHERE LoginId = 'Administrator' AND Password = '5LwAl4ldMRsMe1vj9DoH42NoGZDqCpKEfb44vWuDoC0='
2018-03-08 14:40:41.4130 INFO Database connection string : Data Source=|DataDirectory|\ScaleSoft.db3;Version=3;
2018-03-08 14:40:41.4130 INFO Query: SELECT * FROM SecurityRoleDetail WHERE RoleId = 1
2018-03-08 14:40:41.4130 INFO Database connection string : Data Source=|DataDirectory|\ScaleSoft.db3;Version=3;
2018-03-08 14:40:41.4130 INFO Query: SELECT * FROM SystemSetting
2018-03-08 14:40:41.4286 INFO Database connection string : Data Source=|DataDirectory|\ScaleSoft.db3;Version=3;
2018-03-08 14:40:41.4286 INFO Query: SELECT * FROM SystemSetting
2018-03-08 14:40:41.4286 INFO Database connection string : Data Source=|DataDirectory|\ScaleSoft.db3;Version=3;
2018-03-08 14:40:41.4286 INFO Query: SELECT * FROM SystemSetting
2018-03-08 14:40:41.4286 INFO Database connection string : Data Source=|DataDirectory|\ScaleSoft.db3;Version=3;
2018-03-08 14:40:41.4442 INFO Query: SELECT * FROM SystemSetting
2018-03-08 14:40:41.4598 INFO Database connection string : Data Source=|DataDirectory|\ScaleSoft.db3;Version=3;
2018-03-08 14:40:41.4598 INFO Query: SELECT * FROM SystemSetting
2018-03-08 14:41:22.5316 INFO Database file location: D:\IBTS\InProgress\Product\Rice Factory Software - 20171026\Source Code\ITWhiz.ScaleSoft\ITWhiz.ScaleSoft.Desktop\
2018-03-08 14:41:22.6525 INFO Initialising Components...
2018-03-08 14:41:25.6675 INFO Checking Database Connection...
2018-03-08 14:41:25.6897 INFO Database connection string : Data Source=|DataDirectory|\ScaleSoft.db3;Version=3;
2018-03-08 14:41:28.7701 INFO Checking License...
2018-03-08 14:41:28.7701 INFO Database connection string : Data Source=|DataDirectory|\ScaleSoft.db3;Version=3;
2018-03-08 14:41:28.7701 INFO Query: SELECT * FROM SystemSetting
2018-03-08 14:41:28.8543 INFO Error: not find any rockey2 : -1609564149
2018-03-08 14:41:33.9789 INFO Database connection string : Data Source=|DataDirectory|\ScaleSoft.db3;Version=3;
2018-03-08 14:41:33.9789 INFO Query: SELECT Count(*)  AS RecordCount FROM Weighment 
2018-03-08 14:41:38.1517 INFO Finishing Initialisation...
2018-03-08 14:42:27.8017 INFO Database file location: D:\IBTS\InProgress\Product\Rice Factory Software - 20171026\Source Code\ITWhiz.ScaleSoft\ITWhiz.ScaleSoft.Desktop\
2018-03-08 14:42:27.9270 INFO Initialising Components...
2018-03-08 14:42:30.9503 INFO Checking Database Connection...
2018-03-08 14:42:30.9660 INFO Database connection string : Data Source=|DataDirectory|\ScaleSoft.db3;Version=3;
2018-03-08 14:42:34.0687 INFO Checking License...
2018-03-08 14:42:34.0687 INFO Database connection string : Data Source=|DataDirectory|\ScaleSoft.db3;Version=3;
2018-03-08 14:42:34.0687 INFO Query: SELECT * FROM SystemSetting
2018-03-08 14:42:34.1532 INFO Error: not find any rockey2 : -1609564149
2018-03-08 14:42:35.5098 INFO Database connection string : Data Source=|DataDirectory|\ScaleSoft.db3;Version=3;
2018-03-08 14:42:35.5098 INFO Query: SELECT Count(*)  AS RecordCount FROM Weighment 
2018-03-08 14:42:44.7815 INFO Database connection string : Data Source=|DataDirectory|\ScaleSoft.db3;Version=3;
2018-03-08 14:42:44.7815 INFO Query: SELECT * FROM User WHERE LoginId = 'Administrator' AND Password = '5LwAl4ldMRsMe1vj9DoH42NoGZDqCpKEfb44vWuDoC0='
2018-03-08 14:42:44.7972 INFO Database connection string : Data Source=|DataDirectory|\ScaleSoft.db3;Version=3;
2018-03-08 14:42:44.7972 INFO Query: SELECT * FROM SecurityRoleDetail WHERE RoleId = 1
2018-03-08 14:42:44.7972 INFO Database connection string : Data Source=|DataDirectory|\ScaleSoft.db3;Version=3;
2018-03-08 14:42:44.7972 INFO Query: SELECT * FROM SystemSetting
2018-03-08 14:42:47.0371 INFO Database connection string : Data Source=|DataDirectory|\ScaleSoft.db3;Version=3;
2018-03-08 14:42:47.0371 INFO Query: SELECT * FROM SystemSetting
2018-03-08 14:42:47.8058 INFO Database connection string : Data Source=|DataDirectory|\ScaleSoft.db3;Version=3;
2018-03-08 14:42:47.8058 INFO Query: SELECT * FROM SystemSetting
2018-03-08 14:42:51.6680 INFO Database connection string : Data Source=|DataDirectory|\ScaleSoft.db3;Version=3;
2018-03-08 14:42:51.6680 INFO Query: SELECT * FROM SystemSetting
2018-03-08 14:45:49.3259 INFO Database connection string : Data Source=|DataDirectory|\ScaleSoft.db3;Version=3;
2018-03-08 14:45:49.3259 INFO Query: SELECT * FROM SystemSetting
2018-03-08 14:47:01.2005 INFO Database file location: D:\IBTS\InProgress\Product\Rice Factory Software - 20171026\Source Code\ITWhiz.ScaleSoft\ITWhiz.ScaleSoft.Desktop\
2018-03-08 14:47:01.3594 INFO Initialising Components...
2018-03-08 14:47:04.3884 INFO Checking Database Connection...
2018-03-08 14:47:04.4040 INFO Database connection string : Data Source=|DataDirectory|\ScaleSoft.db3;Version=3;
2018-03-08 14:47:07.4824 INFO Checking License...
2018-03-08 14:47:07.4824 INFO Database connection string : Data Source=|DataDirectory|\ScaleSoft.db3;Version=3;
2018-03-08 14:47:07.4824 INFO Query: SELECT * FROM SystemSetting
2018-03-08 14:47:07.5737 INFO Error: not find any rockey2 : -1609564149
2018-03-08 14:47:08.9032 INFO Database connection string : Data Source=|DataDirectory|\ScaleSoft.db3;Version=3;
2018-03-08 14:47:08.9032 INFO Query: SELECT Count(*)  AS RecordCount FROM Weighment 
2018-03-08 14:47:13.3825 INFO Database connection string : Data Source=|DataDirectory|\ScaleSoft.db3;Version=3;
2018-03-08 14:47:13.3825 INFO Query: SELECT * FROM User WHERE LoginId = 'Administrator' AND Password = '5LwAl4ldMRsMe1vj9DoH42NoGZDqCpKEfb44vWuDoC0='
2018-03-08 14:47:13.3875 INFO Database connection string : Data Source=|DataDirectory|\ScaleSoft.db3;Version=3;
2018-03-08 14:47:13.3875 INFO Query: SELECT * FROM SecurityRoleDetail WHERE RoleId = 1
2018-03-08 14:47:13.3875 INFO Database connection string : Data Source=|DataDirectory|\ScaleSoft.db3;Version=3;
2018-03-08 14:47:13.3875 INFO Query: SELECT * FROM SystemSetting
2018-03-08 14:47:14.2419 INFO Database connection string : Data Source=|DataDirectory|\ScaleSoft.db3;Version=3;
2018-03-08 14:47:14.2419 INFO Query: SELECT * FROM SystemSetting
2018-03-08 14:47:14.7112 INFO Database connection string : Data Source=|DataDirectory|\ScaleSoft.db3;Version=3;
2018-03-08 14:47:14.7112 INFO Query: SELECT * FROM SystemSetting
2018-03-08 14:47:15.2744 INFO Database connection string : Data Source=|DataDirectory|\ScaleSoft.db3;Version=3;
2018-03-08 14:47:15.2744 INFO Query: SELECT * FROM SystemSetting
2018-03-08 14:47:18.1053 INFO Database connection string : Data Source=|DataDirectory|\ScaleSoft.db3;Version=3;
2018-03-08 14:47:18.1053 INFO Query: SELECT * FROM SystemSetting
2018-03-08 14:50:50.5294 INFO Database connection string : Data Source=|DataDirectory|\ScaleSoft.db3;Version=3;
2018-03-08 14:51:26.0325 INFO Database connection string : Data Source=|DataDirectory|\ScaleSoft.db3;Version=3;
2018-03-08 14:51:26.0325 INFO Query: SELECT * FROM SystemSetting
2018-03-08 14:59:13.1304 INFO Database file location: D:\IBTS\InProgress\Product\Rice Factory Software - 20171026\Source Code\ITWhiz.ScaleSoft\ITWhiz.ScaleSoft.Desktop\
2018-03-08 14:59:13.2834 INFO Initialising Components...
2018-03-08 14:59:16.3062 INFO Checking Database Connection...
2018-03-08 14:59:16.3372 INFO Database connection string : Data Source=|DataDirectory|\ScaleSoft.db3;Version=3;
2018-03-08 14:59:19.4426 INFO Checking License...
2018-03-08 14:59:19.4426 INFO Database connection string : Data Source=|DataDirectory|\ScaleSoft.db3;Version=3;
2018-03-08 14:59:19.4581 INFO Query: SELECT * FROM SystemSetting
2018-03-08 14:59:19.5603 INFO Error: not find any rockey2 : -1609564149
2018-03-08 16:17:28.6142 INFO Database file location: D:\IBTS\InProgress\Product\Rice Factory Software - 20171026\Source Code\ITWhiz.ScaleSoft\ITWhiz.ScaleSoft.Desktop\
2018-03-08 16:17:28.9255 INFO Initialising Components...
2018-03-08 16:17:31.9445 INFO Checking Database Connection...
2018-03-08 16:17:32.2037 INFO Database connection string : Data Source=|DataDirectory|\ScaleSoft.db3;Version=3;
2018-03-08 16:17:36.4789 INFO Checking License...
2018-03-08 16:17:36.5099 INFO Database connection string : Data Source=|DataDirectory|\ScaleSoft.db3;Version=3;
2018-03-08 16:17:36.5771 INFO Query: SELECT * FROM SystemSetting
2018-03-08 16:17:39.5740 INFO Error: not find any rockey2 : -1609564149
2018-03-08 16:17:41.6400 INFO Database connection string : Data Source=|DataDirectory|\ScaleSoft.db3;Version=3;
2018-03-08 16:17:41.6400 INFO Query: SELECT Count(*)  AS RecordCount FROM Weighment 
2018-03-08 16:17:54.9812 INFO Database connection string : Data Source=|DataDirectory|\ScaleSoft.db3;Version=3;
2018-03-08 16:17:54.9812 INFO Query: SELECT * FROM User WHERE LoginId = 'Administrator' AND Password = '5LwAl4ldMRsMe1vj9DoH42NoGZDqCpKEfb44vWuDoC0='
2018-03-08 16:17:55.0603 INFO Database connection string : Data Source=|DataDirectory|\ScaleSoft.db3;Version=3;
2018-03-08 16:17:55.0603 INFO Query: SELECT * FROM SecurityRoleDetail WHERE RoleId = 1
2018-03-08 16:17:55.0603 INFO Database connection string : Data Source=|DataDirectory|\ScaleSoft.db3;Version=3;
2018-03-08 16:17:55.0772 INFO Query: SELECT * FROM SystemSetting
2018-03-08 16:17:55.0772 INFO Database connection string : Data Source=|DataDirectory|\ScaleSoft.db3;Version=3;
2018-03-08 16:17:55.0903 INFO Query: SELECT * FROM SystemSetting
2018-03-08 16:17:55.0903 INFO Database connection string : Data Source=|DataDirectory|\ScaleSoft.db3;Version=3;
2018-03-08 16:17:55.1055 INFO Query: SELECT * FROM SystemSetting
2018-03-08 16:17:55.1055 INFO Database connection string : Data Source=|DataDirectory|\ScaleSoft.db3;Version=3;
2018-03-08 16:17:55.1055 INFO Query: SELECT * FROM SystemSetting
2018-03-08 16:17:55.2142 INFO Database connection string : Data Source=|DataDirectory|\ScaleSoft.db3;Version=3;
2018-03-08 16:17:55.2172 INFO Query: SELECT * FROM SystemSetting
2018-03-08 16:18:09.7253 INFO Database connection string : Data Source=|DataDirectory|\ScaleSoft.db3;Version=3;
2018-03-08 16:18:09.7253 INFO Query: SELECT * FROM SystemSetting
2018-03-08 16:18:09.7307 INFO Error: not find any rockey2 : -1609564149
2018-03-08 16:18:11.2401 INFO Database connection string : Data Source=|DataDirectory|\ScaleSoft.db3;Version=3;
2018-03-08 16:18:11.2401 INFO Query: SELECT Count(*)  AS RecordCount FROM Weighment 
2018-03-08 16:18:11.9526 INFO Database connection string : Data Source=|DataDirectory|\ScaleSoft.db3;Version=3;
2018-03-08 16:18:11.9526 INFO Query: SELECT * FROM Product ORDER BY Name
2018-03-08 16:18:12.0538 INFO Database connection string : Data Source=|DataDirectory|\ScaleSoft.db3;Version=3;
2018-03-08 16:18:12.0538 INFO Query: SELECT * FROM SystemSetting
2018-03-08 16:18:23.1012 INFO Database connection string : Data Source=|DataDirectory|\ScaleSoft.db3;Version=3;
2018-03-08 16:18:23.1012 INFO Query: SELECT Max(TicketNumber) AS TicketNumber,Id FROM Weighment 
2018-03-08 16:18:30.3039 INFO Database connection string : Data Source=|DataDirectory|\ScaleSoft.db3;Version=3;
2018-03-08 16:18:30.3094 INFO Query: SELECT * FROM SystemSetting
2018-03-08 16:18:30.3094 INFO Error: not find any rockey2 : -1609564149
2018-03-08 16:18:31.9285 INFO Database connection string : Data Source=|DataDirectory|\ScaleSoft.db3;Version=3;
2018-03-08 16:18:31.9285 INFO Query: SELECT Count(*)  AS RecordCount FROM Weighment 
2018-03-08 16:18:32.2298 INFO Database connection string : Data Source=|DataDirectory|\ScaleSoft.db3;Version=3;
2018-03-08 16:18:32.2303 INFO Query: SELECT * FROM Product ORDER BY Name
2018-03-08 16:18:32.2303 INFO Database connection string : Data Source=|DataDirectory|\ScaleSoft.db3;Version=3;
2018-03-08 16:18:32.2303 INFO Query: SELECT * FROM SystemSetting
2018-03-08 16:18:32.6028 INFO Database connection string : Data Source=|DataDirectory|\ScaleSoft.db3;Version=3;
2018-03-08 16:18:32.6028 INFO Query: SELECT Max(TicketNumber) AS TicketNumber,Id FROM Weighment 
2018-03-08 16:18:50.1247 INFO Database connection string : Data Source=|DataDirectory|\ScaleSoft.db3;Version=3;
2018-03-08 16:18:50.1247 INFO Query: SELECT * FROM Weighment Where ReferenceNumber ='1'
2018-03-08 16:18:50.1415 INFO Database connection string : Data Source=|DataDirectory|\ScaleSoft.db3;Version=3;
2018-03-08 16:18:50.1415 INFO Query: SELECT *, pro.Name AS ProductName FROM Weighment as w INNER JOIN Product AS pro on pro.Id = w.ProductId Where w.TicketNumber =2
2018-03-08 16:18:52.7184 INFO Database connection string : Data Source=|DataDirectory|\ScaleSoft.db3;Version=3;
2018-03-08 16:18:52.9084 INFO Database connection string : Data Source=|DataDirectory|\ScaleSoft.db3;Version=3;
2018-03-08 16:18:52.9084 INFO Query: SELECT Max(TicketNumber) AS TicketNumber,Id FROM Weighment 
2018-03-08 16:18:52.9177 INFO Database connection string : Data Source=|DataDirectory|\ScaleSoft.db3;Version=3;
2018-03-08 16:18:53.8628 INFO Database connection string : Data Source=|DataDirectory|\ScaleSoft.db3;Version=3;
2018-03-08 16:18:53.8628 INFO Query: SELECT * FROM SystemSetting
2018-03-08 16:19:01.3669 INFO Database connection string : Data Source=|DataDirectory|\ScaleSoft.db3;Version=3;
2018-03-08 16:19:01.3669 INFO Query: SELECT * FROM SystemSetting
2018-03-08 16:19:01.3795 INFO Database connection string : Data Source=|DataDirectory|\ScaleSoft.db3;Version=3;
2018-03-08 16:19:01.3795 INFO Query: SELECT * FROM SystemSetting
2018-03-08 16:19:28.2003 INFO Finishing Initialisation...
2018-03-08 16:20:42.9652 INFO Database file location: D:\IBTS\InProgress\Product\Rice Factory Software - 20171026\Source Code\ITWhiz.ScaleSoft\ITWhiz.ScaleSoft.Desktop\
2018-03-08 16:20:43.0785 INFO Initialising Components...
2018-03-08 16:20:46.1008 INFO Checking Database Connection...
2018-03-08 16:20:46.1694 INFO Database connection string : Data Source=|DataDirectory|\ScaleSoft.db3;Version=3;
2018-03-08 16:20:49.2655 INFO Checking License...
2018-03-08 16:20:49.2655 INFO Database connection string : Data Source=|DataDirectory|\ScaleSoft.db3;Version=3;
2018-03-08 16:20:49.2856 INFO Query: SELECT * FROM SystemSetting
2018-03-08 16:20:49.5029 INFO Error: not find any rockey2 : -1609564149
2018-03-08 16:20:51.3298 INFO Database connection string : Data Source=|DataDirectory|\ScaleSoft.db3;Version=3;
2018-03-08 16:20:51.3298 INFO Query: SELECT Count(*)  AS RecordCount FROM Weighment 
2018-03-08 16:20:52.3608 INFO Database connection string : Data Source=|DataDirectory|\ScaleSoft.db3;Version=3;
2018-03-08 16:20:52.3608 INFO Query: SELECT * FROM User WHERE LoginId = 'Administrator' AND Password = '5LwAl4ldMRsMe1vj9DoH42NoGZDqCpKEfb44vWuDoC0='
2018-03-08 16:20:52.3608 INFO Database connection string : Data Source=|DataDirectory|\ScaleSoft.db3;Version=3;
2018-03-08 16:20:52.3708 INFO Query: SELECT * FROM SecurityRoleDetail WHERE RoleId = 1
2018-03-08 16:20:52.3708 INFO Database connection string : Data Source=|DataDirectory|\ScaleSoft.db3;Version=3;
2018-03-08 16:20:52.3708 INFO Query: SELECT * FROM SystemSetting
2018-03-08 16:20:52.3708 INFO Database connection string : Data Source=|DataDirectory|\ScaleSoft.db3;Version=3;
2018-03-08 16:20:52.3708 INFO Query: SELECT * FROM SystemSetting
2018-03-08 16:20:52.3888 INFO Database connection string : Data Source=|DataDirectory|\ScaleSoft.db3;Version=3;
2018-03-08 16:20:52.3888 INFO Query: SELECT * FROM SystemSetting
2018-03-08 16:20:52.3888 INFO Database connection string : Data Source=|DataDirectory|\ScaleSoft.db3;Version=3;
2018-03-08 16:20:52.3888 INFO Query: SELECT * FROM SystemSetting
2018-03-08 16:20:52.4300 INFO Database connection string : Data Source=|DataDirectory|\ScaleSoft.db3;Version=3;
2018-03-08 16:20:52.4300 INFO Query: SELECT * FROM SystemSetting
2018-03-08 16:20:55.4547 INFO Database connection string : Data Source=|DataDirectory|\ScaleSoft.db3;Version=3;
2018-03-08 16:20:55.4547 INFO Query: SELECT * FROM SystemSetting
2018-03-08 16:20:55.4547 INFO Error: not find any rockey2 : -1609564149
2018-03-08 16:20:56.7212 INFO Database connection string : Data Source=|DataDirectory|\ScaleSoft.db3;Version=3;
2018-03-08 16:20:56.7212 INFO Query: SELECT Count(*)  AS RecordCount FROM Weighment 
2018-03-08 16:20:57.0381 INFO Database connection string : Data Source=|DataDirectory|\ScaleSoft.db3;Version=3;
2018-03-08 16:20:57.0381 INFO Query: SELECT * FROM Product ORDER BY Name
2018-03-08 16:20:57.0466 INFO Database connection string : Data Source=|DataDirectory|\ScaleSoft.db3;Version=3;
2018-03-08 16:20:57.0466 INFO Query: SELECT * FROM SystemSetting
2018-03-08 16:20:57.4281 INFO Database connection string : Data Source=|DataDirectory|\ScaleSoft.db3;Version=3;
2018-03-08 16:20:57.4281 INFO Query: SELECT Max(TicketNumber) AS TicketNumber,Id FROM Weighment 
2018-03-08 16:21:10.6453 INFO Database connection string : Data Source=|DataDirectory|\ScaleSoft.db3;Version=3;
2018-03-08 16:21:10.6453 INFO Query: SELECT * FROM Weighment Where ReferenceNumber ='1'
2018-03-08 16:21:10.6574 INFO Database connection string : Data Source=|DataDirectory|\ScaleSoft.db3;Version=3;
2018-03-08 16:21:10.6574 INFO Query: SELECT *, pro.Name AS ProductName FROM Weighment as w INNER JOIN Product AS pro on pro.Id = w.ProductId Where w.TicketNumber =3
2018-03-08 16:21:12.1194 INFO Database connection string : Data Source=|DataDirectory|\ScaleSoft.db3;Version=3;
2018-03-08 16:21:12.4142 INFO Database connection string : Data Source=|DataDirectory|\ScaleSoft.db3;Version=3;
2018-03-08 16:21:12.4142 INFO Query: SELECT Max(TicketNumber) AS TicketNumber,Id FROM Weighment 
2018-03-08 16:21:12.4271 INFO Database connection string : Data Source=|DataDirectory|\ScaleSoft.db3;Version=3;
2018-03-08 16:21:12.6146 INFO Database connection string : Data Source=|DataDirectory|\ScaleSoft.db3;Version=3;
2018-03-08 16:21:12.6146 INFO Query: SELECT * FROM SystemSetting
2018-03-08 16:21:18.1738 INFO Database connection string : Data Source=|DataDirectory|\ScaleSoft.db3;Version=3;
2018-03-08 16:21:18.1738 INFO Query: SELECT * FROM SystemSetting
2018-03-08 16:21:18.1841 INFO Database connection string : Data Source=|DataDirectory|\ScaleSoft.db3;Version=3;
2018-03-08 16:21:18.1841 INFO Query: SELECT * FROM SystemSetting
2018-03-08 16:38:48.8649 INFO Database file location: D:\IBTS\InProgress\Product\Rice Factory Software - 20171026\Source Code\ITWhiz.ScaleSoft\ITWhiz.ScaleSoft.Desktop\
2018-03-08 16:38:49.2575 INFO Initialising Components...
2018-03-08 16:38:52.2782 INFO Checking Database Connection...
2018-03-08 16:38:52.5476 INFO Database connection string : Data Source=|DataDirectory|\ScaleSoft.db3;Version=3;
2018-03-08 16:38:56.1485 INFO Checking License...
2018-03-08 16:38:56.2133 INFO Database connection string : Data Source=|DataDirectory|\ScaleSoft.db3;Version=3;
2018-03-08 16:38:56.2419 INFO Query: SELECT * FROM SystemSetting
2018-03-08 16:38:56.8633 INFO Error: not find any rockey2 : -1609564149
2018-03-08 16:38:58.6971 INFO Database connection string : Data Source=|DataDirectory|\ScaleSoft.db3;Version=3;
2018-03-08 16:38:58.6971 INFO Query: SELECT Count(*)  AS RecordCount FROM Weighment 
2018-03-08 16:38:59.5601 INFO Database connection string : Data Source=|DataDirectory|\ScaleSoft.db3;Version=3;
2018-03-08 16:38:59.5601 INFO Query: SELECT * FROM User WHERE LoginId = 'Administrator' AND Password = '5LwAl4ldMRsMe1vj9DoH42NoGZDqCpKEfb44vWuDoC0='
2018-03-08 16:38:59.5906 INFO Database connection string : Data Source=|DataDirectory|\ScaleSoft.db3;Version=3;
2018-03-08 16:38:59.5906 INFO Query: SELECT * FROM SecurityRoleDetail WHERE RoleId = 1
2018-03-08 16:38:59.5906 INFO Database connection string : Data Source=|DataDirectory|\ScaleSoft.db3;Version=3;
2018-03-08 16:38:59.5906 INFO Query: SELECT * FROM SystemSetting
2018-03-08 16:38:59.6252 INFO Database connection string : Data Source=|DataDirectory|\ScaleSoft.db3;Version=3;
2018-03-08 16:38:59.6252 INFO Query: SELECT * FROM SystemSetting
2018-03-08 16:38:59.6458 INFO Database connection string : Data Source=|DataDirectory|\ScaleSoft.db3;Version=3;
2018-03-08 16:38:59.6458 INFO Query: SELECT * FROM SystemSetting
2018-03-08 16:38:59.6629 INFO Database connection string : Data Source=|DataDirectory|\ScaleSoft.db3;Version=3;
2018-03-08 16:38:59.6629 INFO Query: SELECT * FROM SystemSetting
2018-03-08 16:38:59.7586 INFO Database connection string : Data Source=|DataDirectory|\ScaleSoft.db3;Version=3;
2018-03-08 16:38:59.7586 INFO Query: SELECT * FROM SystemSetting
2018-03-08 16:39:03.3333 INFO Database connection string : Data Source=|DataDirectory|\ScaleSoft.db3;Version=3;
2018-03-08 16:39:03.3333 INFO Query: SELECT * FROM SystemSetting
2018-03-08 16:39:03.3333 INFO Error: not find any rockey2 : -1609564149
2018-03-08 16:39:04.6634 INFO Database connection string : Data Source=|DataDirectory|\ScaleSoft.db3;Version=3;
2018-03-08 16:39:04.6634 INFO Query: SELECT Count(*)  AS RecordCount FROM Weighment 
2018-03-08 16:39:05.5921 INFO Database connection string : Data Source=|DataDirectory|\ScaleSoft.db3;Version=3;
2018-03-08 16:39:05.5921 INFO Query: SELECT * FROM Product ORDER BY Name
2018-03-08 16:39:05.6698 INFO Database connection string : Data Source=|DataDirectory|\ScaleSoft.db3;Version=3;
2018-03-08 16:39:05.6698 INFO Query: SELECT * FROM SystemSetting
2018-03-08 16:39:06.1090 INFO Database connection string : Data Source=|DataDirectory|\ScaleSoft.db3;Version=3;
2018-03-08 16:39:06.1090 INFO Query: SELECT Max(TicketNumber) AS TicketNumber,Id FROM Weighment 
2018-03-08 16:39:16.3953 INFO Database connection string : Data Source=|DataDirectory|\ScaleSoft.db3;Version=3;
2018-03-08 16:39:16.3953 INFO Query: SELECT * FROM Weighment Where ReferenceNumber ='1'
2018-03-08 16:39:16.3953 INFO Database connection string : Data Source=|DataDirectory|\ScaleSoft.db3;Version=3;
2018-03-08 16:39:16.3953 INFO Query: SELECT *, pro.Name AS ProductName FROM Weighment as w INNER JOIN Product AS pro on pro.Id = w.ProductId Where w.TicketNumber =4
2018-03-08 16:39:17.8343 INFO Database connection string : Data Source=|DataDirectory|\ScaleSoft.db3;Version=3;
2018-03-08 16:39:18.0458 INFO Database connection string : Data Source=|DataDirectory|\ScaleSoft.db3;Version=3;
2018-03-08 16:39:18.0458 INFO Query: SELECT Max(TicketNumber) AS TicketNumber,Id FROM Weighment 
2018-03-08 16:39:18.0599 INFO Database connection string : Data Source=|DataDirectory|\ScaleSoft.db3;Version=3;
2018-03-08 16:39:18.5899 INFO Database connection string : Data Source=|DataDirectory|\ScaleSoft.db3;Version=3;
2018-03-08 16:39:18.5899 INFO Query: SELECT * FROM SystemSetting
2018-03-08 16:39:26.6775 INFO Database connection string : Data Source=|DataDirectory|\ScaleSoft.db3;Version=3;
2018-03-08 16:39:26.6775 INFO Query: SELECT * FROM SystemSetting
2018-03-08 16:39:26.6966 INFO Database connection string : Data Source=|DataDirectory|\ScaleSoft.db3;Version=3;
2018-03-08 16:39:26.6997 INFO Query: SELECT * FROM SystemSetting
2018-03-08 16:39:47.0814 INFO Finishing Initialisation...
2018-03-08 16:46:40.3362 INFO Database file location: D:\IBTS\InProgress\Product\Rice Factory Software - 20171026\Source Code\ITWhiz.ScaleSoft\ITWhiz.ScaleSoft.Desktop\
2018-03-08 16:46:40.4851 INFO Initialising Components...
2018-03-08 16:46:43.5088 INFO Checking Database Connection...
2018-03-08 16:46:43.5653 INFO Database connection string : Data Source=|DataDirectory|\ScaleSoft.db3;Version=3;
2018-03-08 16:46:47.0053 INFO Checking License...
2018-03-08 16:46:47.0053 INFO Database connection string : Data Source=|DataDirectory|\ScaleSoft.db3;Version=3;
2018-03-08 16:46:47.0134 INFO Query: SELECT * FROM SystemSetting
2018-03-08 16:46:47.3459 INFO Error: not find any rockey2 : -1609564149
2018-03-08 16:46:55.9860 INFO Database connection string : Data Source=|DataDirectory|\ScaleSoft.db3;Version=3;
2018-03-08 16:46:55.9860 INFO Query: SELECT Count(*)  AS RecordCount FROM Weighment 
2018-03-08 16:46:58.2788 INFO Database connection string : Data Source=|DataDirectory|\ScaleSoft.db3;Version=3;
2018-03-08 16:46:58.2788 INFO Query: SELECT * FROM User WHERE LoginId = 'Administrator' AND Password = '5LwAl4ldMRsMe1vj9DoH42NoGZDqCpKEfb44vWuDoC0='
2018-03-08 16:46:58.2788 INFO Database connection string : Data Source=|DataDirectory|\ScaleSoft.db3;Version=3;
2018-03-08 16:46:58.2788 INFO Query: SELECT * FROM SecurityRoleDetail WHERE RoleId = 1
2018-03-08 16:46:58.2788 INFO Database connection string : Data Source=|DataDirectory|\ScaleSoft.db3;Version=3;
2018-03-08 16:46:58.2788 INFO Query: SELECT * FROM SystemSetting
2018-03-08 16:46:58.2979 INFO Database connection string : Data Source=|DataDirectory|\ScaleSoft.db3;Version=3;
2018-03-08 16:46:58.2979 INFO Query: SELECT * FROM SystemSetting
2018-03-08 16:46:58.2979 INFO Database connection string : Data Source=|DataDirectory|\ScaleSoft.db3;Version=3;
2018-03-08 16:46:58.2979 INFO Query: SELECT * FROM SystemSetting
2018-03-08 16:46:58.3089 INFO Database connection string : Data Source=|DataDirectory|\ScaleSoft.db3;Version=3;
2018-03-08 16:46:58.3089 INFO Query: SELECT * FROM SystemSetting
2018-03-08 16:46:58.3621 INFO Database connection string : Data Source=|DataDirectory|\ScaleSoft.db3;Version=3;
2018-03-08 16:46:58.3621 INFO Query: SELECT * FROM SystemSetting
2018-03-08 16:47:04.3975 INFO Database connection string : Data Source=|DataDirectory|\ScaleSoft.db3;Version=3;
2018-03-08 16:47:04.3975 INFO Query: SELECT * FROM SystemSetting
2018-03-08 16:47:04.4025 INFO Error: not find any rockey2 : -1609564149
2018-03-08 16:47:05.8015 INFO Database connection string : Data Source=|DataDirectory|\ScaleSoft.db3;Version=3;
2018-03-08 16:47:05.8015 INFO Query: SELECT Count(*)  AS RecordCount FROM Weighment 
2018-03-08 16:47:06.1801 INFO Database connection string : Data Source=|DataDirectory|\ScaleSoft.db3;Version=3;
2018-03-08 16:47:06.1801 INFO Query: SELECT * FROM Product ORDER BY Name
2018-03-08 16:47:06.1876 INFO Database connection string : Data Source=|DataDirectory|\ScaleSoft.db3;Version=3;
2018-03-08 16:47:06.1876 INFO Query: SELECT * FROM SystemSetting
2018-03-08 16:47:06.5595 INFO Database connection string : Data Source=|DataDirectory|\ScaleSoft.db3;Version=3;
2018-03-08 16:47:06.5595 INFO Query: SELECT Max(TicketNumber) AS TicketNumber,Id FROM Weighment 
2018-03-08 16:47:19.8043 INFO Database connection string : Data Source=|DataDirectory|\ScaleSoft.db3;Version=3;
2018-03-08 16:47:19.8043 INFO Query: SELECT * FROM Weighment Where ReferenceNumber ='1'
2018-03-08 16:47:19.8114 INFO Database connection string : Data Source=|DataDirectory|\ScaleSoft.db3;Version=3;
2018-03-08 16:47:19.8114 INFO Query: SELECT *, pro.Name AS ProductName FROM Weighment as w INNER JOIN Product AS pro on pro.Id = w.ProductId Where w.TicketNumber =5
2018-03-08 16:47:21.1459 INFO Database connection string : Data Source=|DataDirectory|\ScaleSoft.db3;Version=3;
2018-03-08 16:47:21.3817 INFO Database connection string : Data Source=|DataDirectory|\ScaleSoft.db3;Version=3;
2018-03-08 16:47:21.3817 INFO Query: SELECT Max(TicketNumber) AS TicketNumber,Id FROM Weighment 
2018-03-08 16:47:21.3897 INFO Database connection string : Data Source=|DataDirectory|\ScaleSoft.db3;Version=3;
2018-03-08 16:47:21.6339 INFO Database connection string : Data Source=|DataDirectory|\ScaleSoft.db3;Version=3;
2018-03-08 16:47:21.6339 INFO Query: SELECT * FROM SystemSetting
2018-03-08 16:47:27.9545 INFO Database connection string : Data Source=|DataDirectory|\ScaleSoft.db3;Version=3;
2018-03-08 16:47:27.9545 INFO Query: SELECT * FROM SystemSetting
2018-03-08 16:47:27.9666 INFO Database connection string : Data Source=|DataDirectory|\ScaleSoft.db3;Version=3;
2018-03-08 16:47:27.9666 INFO Query: SELECT * FROM SystemSetting
2018-03-08 17:01:06.1101 INFO Finishing Initialisation...
2018-03-08 22:19:13.1733 INFO Database file location: D:\IBTS\InProgress\Product\Rice Factory Software - 20171026\Source Code\ITWhiz.ScaleSoft\ITWhiz.ScaleSoft.Desktop\
2018-03-08 22:19:13.5692 INFO Initialising Components...
2018-03-08 22:19:16.5868 INFO Checking Database Connection...
2018-03-08 22:19:17.1982 INFO Database connection string : Data Source=|DataDirectory|\ScaleSoft.db3;Version=3;
2018-03-08 22:19:23.9137 INFO Checking License...
2018-03-08 22:19:24.0467 INFO Database connection string : Data Source=|DataDirectory|\ScaleSoft.db3;Version=3;
2018-03-08 22:19:24.4356 INFO Query: SELECT * FROM SystemSetting
2018-03-08 22:19:25.4521 INFO Sucess: find rockey2 : 0
2018-03-08 22:19:25.4521 INFO Error: can not open the rockey2 : -1609564159
2018-03-08 22:19:33.5776 INFO Database connection string : Data Source=|DataDirectory|\ScaleSoft.db3;Version=3;
2018-03-08 22:19:33.5776 INFO Query: SELECT Count(*)  AS RecordCount FROM Weighment 
2018-03-08 22:19:37.1074 INFO Database connection string : Data Source=|DataDirectory|\ScaleSoft.db3;Version=3;
2018-03-08 22:19:37.1074 INFO Query: SELECT * FROM User WHERE LoginId = 'Administrator' AND Password = '5LwAl4ldMRsMe1vj9DoH42NoGZDqCpKEfb44vWuDoC0='
2018-03-08 22:19:37.1383 INFO Database connection string : Data Source=|DataDirectory|\ScaleSoft.db3;Version=3;
2018-03-08 22:19:37.1383 INFO Query: SELECT * FROM SecurityRoleDetail WHERE RoleId = 1
2018-03-08 22:19:37.1383 INFO Database connection string : Data Source=|DataDirectory|\ScaleSoft.db3;Version=3;
2018-03-08 22:19:37.1383 INFO Query: SELECT * FROM SystemSetting
2018-03-08 22:19:37.1544 INFO Database connection string : Data Source=|DataDirectory|\ScaleSoft.db3;Version=3;
2018-03-08 22:19:37.1544 INFO Query: SELECT * FROM SystemSetting
2018-03-08 22:19:37.1544 INFO Database connection string : Data Source=|DataDirectory|\ScaleSoft.db3;Version=3;
2018-03-08 22:19:37.1544 INFO Query: SELECT * FROM SystemSetting
2018-03-08 22:19:37.1544 INFO Database connection string : Data Source=|DataDirectory|\ScaleSoft.db3;Version=3;
2018-03-08 22:19:37.1544 INFO Query: SELECT * FROM SystemSetting
2018-03-08 22:19:37.1789 INFO Database connection string : Data Source=|DataDirectory|\ScaleSoft.db3;Version=3;
2018-03-08 22:19:37.1789 INFO Query: SELECT * FROM SystemSetting
2018-03-08 22:27:19.9331 INFO Database file location: D:\IBTS\InProgress\Product\Rice Factory Software - 20171026\Source Code\ITWhiz.ScaleSoft\ITWhiz.ScaleSoft.Desktop\
2018-03-08 22:27:20.1658 INFO Initialising Components...
2018-03-08 22:27:23.1804 INFO Checking Database Connection...
2018-03-08 22:27:23.3078 INFO Database connection string : Data Source=|DataDirectory|\ScaleSoft.db3;Version=3;
2018-03-08 22:27:26.5208 INFO Checking License...
2018-03-08 22:27:26.5208 INFO Database connection string : Data Source=|DataDirectory|\ScaleSoft.db3;Version=3;
2018-03-08 22:27:26.5208 INFO Query: SELECT * FROM SystemSetting
2018-03-08 22:27:26.6828 INFO Sucess: find rockey2 : 0
2018-03-08 22:27:26.6828 INFO Error: can not open the rockey2 : -1609564159
2018-03-08 22:27:28.9825 INFO Database connection string : Data Source=|DataDirectory|\ScaleSoft.db3;Version=3;
2018-03-08 22:27:28.9825 INFO Query: SELECT Count(*)  AS RecordCount FROM Weighment 
2018-03-08 22:27:30.6701 INFO Database connection string : Data Source=|DataDirectory|\ScaleSoft.db3;Version=3;
2018-03-08 22:27:30.6701 INFO Query: SELECT * FROM User WHERE LoginId = 'Administrator' AND Password = '5LwAl4ldMRsMe1vj9DoH42NoGZDqCpKEfb44vWuDoC0='
2018-03-08 22:27:30.6701 INFO Database connection string : Data Source=|DataDirectory|\ScaleSoft.db3;Version=3;
2018-03-08 22:27:30.6701 INFO Query: SELECT * FROM SecurityRoleDetail WHERE RoleId = 1
2018-03-08 22:27:30.6701 INFO Database connection string : Data Source=|DataDirectory|\ScaleSoft.db3;Version=3;
2018-03-08 22:27:30.6701 INFO Query: SELECT * FROM SystemSetting
2018-03-08 22:27:30.6866 INFO Database connection string : Data Source=|DataDirectory|\ScaleSoft.db3;Version=3;
2018-03-08 22:27:30.6866 INFO Query: SELECT * FROM SystemSetting
2018-03-08 22:27:30.6866 INFO Database connection string : Data Source=|DataDirectory|\ScaleSoft.db3;Version=3;
2018-03-08 22:27:30.6866 INFO Query: SELECT * FROM SystemSetting
2018-03-08 22:27:30.6866 INFO Database connection string : Data Source=|DataDirectory|\ScaleSoft.db3;Version=3;
2018-03-08 22:27:30.6866 INFO Query: SELECT * FROM SystemSetting
2018-03-08 22:27:30.7102 INFO Database connection string : Data Source=|DataDirectory|\ScaleSoft.db3;Version=3;
2018-03-08 22:27:30.7102 INFO Query: SELECT * FROM SystemSetting
2018-03-08 22:32:05.1489 INFO Database file location: D:\IBTS\InProgress\Product\Rice Factory Software - 20171026\Source Code\ITWhiz.ScaleSoft\ITWhiz.ScaleSoft.Desktop\
2018-03-08 22:32:05.2842 INFO Initialising Components...
2018-03-08 22:32:08.2978 INFO Checking Database Connection...
2018-03-08 22:32:08.3214 INFO Database connection string : Data Source=|DataDirectory|\ScaleSoft.db3;Version=3;
2018-03-08 22:32:11.4403 INFO Checking License...
2018-03-08 22:32:11.4403 INFO Database connection string : Data Source=|DataDirectory|\ScaleSoft.db3;Version=3;
2018-03-08 22:32:11.4523 INFO Query: SELECT * FROM SystemSetting
2018-03-08 22:32:11.5343 INFO Sucess: find rockey2 : 0
2018-03-08 22:32:11.5343 INFO Error: can not open the rockey2 : -1609564159
2018-03-08 22:32:16.0906 INFO Database connection string : Data Source=|DataDirectory|\ScaleSoft.db3;Version=3;
2018-03-08 22:32:16.0921 INFO Query: SELECT Count(*)  AS RecordCount FROM Weighment 
2018-03-08 22:32:17.9550 INFO Database connection string : Data Source=|DataDirectory|\ScaleSoft.db3;Version=3;
2018-03-08 22:32:17.9550 INFO Query: SELECT * FROM User WHERE LoginId = 'Administrator' AND Password = '5LwAl4ldMRsMe1vj9DoH42NoGZDqCpKEfb44vWuDoC0='
2018-03-08 22:32:17.9550 INFO Database connection string : Data Source=|DataDirectory|\ScaleSoft.db3;Version=3;
2018-03-08 22:32:17.9550 INFO Query: SELECT * FROM SecurityRoleDetail WHERE RoleId = 1
2018-03-08 22:32:17.9665 INFO Database connection string : Data Source=|DataDirectory|\ScaleSoft.db3;Version=3;
2018-03-08 22:32:17.9665 INFO Query: SELECT * FROM SystemSetting
2018-03-08 22:32:17.9665 INFO Database connection string : Data Source=|DataDirectory|\ScaleSoft.db3;Version=3;
2018-03-08 22:32:17.9665 INFO Query: SELECT * FROM SystemSetting
2018-03-08 22:32:17.9665 INFO Database connection string : Data Source=|DataDirectory|\ScaleSoft.db3;Version=3;
2018-03-08 22:32:17.9826 INFO Query: SELECT * FROM SystemSetting
2018-03-08 22:32:17.9826 INFO Database connection string : Data Source=|DataDirectory|\ScaleSoft.db3;Version=3;
2018-03-08 22:32:17.9826 INFO Query: SELECT * FROM SystemSetting
2018-03-08 22:32:18.0011 INFO Database connection string : Data Source=|DataDirectory|\ScaleSoft.db3;Version=3;
2018-03-08 22:32:18.0011 INFO Query: SELECT * FROM SystemSetting
2018-03-08 22:49:39.7895 INFO Database file location: D:\IBTS\InProgress\Product\Rice Factory Software - 20171026\Source Code\ITWhiz.ScaleSoft\ITWhiz.ScaleSoft.Desktop\
2018-03-08 22:49:39.9154 INFO Initialising Components...
2018-03-08 22:49:42.9279 INFO Checking Database Connection...
2018-03-08 22:49:43.0371 INFO Database connection string : Data Source=|DataDirectory|\ScaleSoft.db3;Version=3;
2018-03-08 22:49:46.1859 INFO Checking License...
2018-03-08 22:49:46.1859 INFO Database connection string : Data Source=|DataDirectory|\ScaleSoft.db3;Version=3;
2018-03-08 22:49:46.1859 INFO Query: SELECT * FROM SystemSetting
2018-03-08 22:49:46.2937 INFO Sucess: find rockey2 : 0
2018-03-08 22:49:46.2947 INFO Error: can not open the rockey2 : -1609564159
2018-03-08 22:51:24.6925 INFO Database connection string : Data Source=|DataDirectory|\ScaleSoft.db3;Version=3;
2018-03-08 22:51:24.6925 INFO Query: SELECT Count(*)  AS RecordCount FROM Weighment 
2018-03-08 22:51:25.8874 INFO Database connection string : Data Source=|DataDirectory|\ScaleSoft.db3;Version=3;
2018-03-08 22:51:25.8889 INFO Query: SELECT * FROM User WHERE LoginId = 'Administrator' AND Password = '5LwAl4ldMRsMe1vj9DoH42NoGZDqCpKEfb44vWuDoC0='
2018-03-08 22:51:25.8889 INFO Database connection string : Data Source=|DataDirectory|\ScaleSoft.db3;Version=3;
2018-03-08 22:51:25.8889 INFO Query: SELECT * FROM SecurityRoleDetail WHERE RoleId = 1
2018-03-08 22:51:25.8889 INFO Database connection string : Data Source=|DataDirectory|\ScaleSoft.db3;Version=3;
2018-03-08 22:51:25.8889 INFO Query: SELECT * FROM SystemSetting
2018-03-08 22:51:25.8889 INFO Database connection string : Data Source=|DataDirectory|\ScaleSoft.db3;Version=3;
2018-03-08 22:51:25.9049 INFO Query: SELECT * FROM SystemSetting
2018-03-08 22:51:25.9049 INFO Database connection string : Data Source=|DataDirectory|\ScaleSoft.db3;Version=3;
2018-03-08 22:51:25.9049 INFO Query: SELECT * FROM SystemSetting
2018-03-08 22:51:25.9049 INFO Database connection string : Data Source=|DataDirectory|\ScaleSoft.db3;Version=3;
2018-03-08 22:51:25.9049 INFO Query: SELECT * FROM SystemSetting
2018-03-08 22:51:25.9300 INFO Database connection string : Data Source=|DataDirectory|\ScaleSoft.db3;Version=3;
2018-03-08 22:51:25.9300 INFO Query: SELECT * FROM SystemSetting
2018-03-08 23:30:33.6784 INFO Database file location: D:\IBTS\InProgress\Product\Rice Factory Software - 20171026\Source Code\ITWhiz.ScaleSoft\ITWhiz.ScaleSoft.Desktop\
2018-03-08 23:30:33.9351 INFO Initialising Components...
2018-03-08 23:30:36.9506 INFO Checking Database Connection...
2018-03-08 23:30:37.2308 INFO Database connection string : Data Source=|DataDirectory|\ScaleSoft.db3;Version=3;
2018-03-08 23:30:40.8287 INFO Checking License...
2018-03-08 23:30:40.8287 INFO Database connection string : Data Source=|DataDirectory|\ScaleSoft.db3;Version=3;
2018-03-08 23:30:40.8653 INFO Query: SELECT * FROM SystemSetting
2018-03-08 23:30:41.6435 INFO Sucess: find rockey2 : 0
2018-03-08 23:30:41.6435 INFO Error: can not open the rockey2 : -1609564159
2018-03-08 23:31:39.3676 INFO Database connection string : Data Source=|DataDirectory|\ScaleSoft.db3;Version=3;
2018-03-08 23:31:39.3676 INFO Query: SELECT Count(*)  AS RecordCount FROM Weighment 
2018-03-08 23:31:40.9648 INFO Database connection string : Data Source=|DataDirectory|\ScaleSoft.db3;Version=3;
2018-03-08 23:31:40.9668 INFO Query: SELECT * FROM User WHERE LoginId = 'Administrator' AND Password = '5LwAl4ldMRsMe1vj9DoH42NoGZDqCpKEfb44vWuDoC0='
2018-03-08 23:31:40.9668 INFO Database connection string : Data Source=|DataDirectory|\ScaleSoft.db3;Version=3;
2018-03-08 23:31:40.9668 INFO Query: SELECT * FROM SecurityRoleDetail WHERE RoleId = 1
2018-03-08 23:31:40.9843 INFO Database connection string : Data Source=|DataDirectory|\ScaleSoft.db3;Version=3;
2018-03-08 23:31:40.9843 INFO Query: SELECT * FROM SystemSetting
2018-03-08 23:31:40.9843 INFO Database connection string : Data Source=|DataDirectory|\ScaleSoft.db3;Version=3;
2018-03-08 23:31:40.9843 INFO Query: SELECT * FROM SystemSetting
2018-03-08 23:31:40.9983 INFO Database connection string : Data Source=|DataDirectory|\ScaleSoft.db3;Version=3;
2018-03-08 23:31:40.9983 INFO Query: SELECT * FROM SystemSetting
2018-03-08 23:31:40.9983 INFO Database connection string : Data Source=|DataDirectory|\ScaleSoft.db3;Version=3;
2018-03-08 23:31:40.9983 INFO Query: SELECT * FROM SystemSetting
2018-03-08 23:31:41.0204 INFO Database connection string : Data Source=|DataDirectory|\ScaleSoft.db3;Version=3;
2018-03-08 23:31:41.0204 INFO Query: SELECT * FROM SystemSetting
2018-03-08 23:49:19.4841 INFO Database file location: D:\IBTS\InProgress\Product\Rice Factory Software - 20171026\Source Code\ITWhiz.ScaleSoft\ITWhiz.ScaleSoft.Desktop\
2018-03-08 23:49:19.6651 INFO Initialising Components...
2018-03-08 23:49:22.6842 INFO Checking Database Connection...
2018-03-08 23:49:22.9516 INFO Database connection string : Data Source=|DataDirectory|\ScaleSoft.db3;Version=3;
2018-03-08 23:49:26.4206 INFO Checking License...
2018-03-08 23:49:26.4206 INFO Database connection string : Data Source=|DataDirectory|\ScaleSoft.db3;Version=3;
2018-03-08 23:49:26.5042 INFO Query: SELECT * FROM SystemSetting
2018-03-08 23:49:27.2634 INFO Sucess: find rockey2 : 0
2018-03-08 23:49:27.2634 INFO Error: can not open the rockey2 : -1609564159
2018-03-08 23:49:31.5959 INFO Database connection string : Data Source=|DataDirectory|\ScaleSoft.db3;Version=3;
2018-03-08 23:49:31.5959 INFO Query: SELECT Count(*)  AS RecordCount FROM Weighment 
2018-03-08 23:49:33.5924 INFO Database connection string : Data Source=|DataDirectory|\ScaleSoft.db3;Version=3;
2018-03-08 23:49:33.5924 INFO Query: SELECT * FROM User WHERE LoginId = 'Administrator' AND Password = '5LwAl4ldMRsMe1vj9DoH42NoGZDqCpKEfb44vWuDoC0='
2018-03-08 23:49:33.6505 INFO Database connection string : Data Source=|DataDirectory|\ScaleSoft.db3;Version=3;
2018-03-08 23:49:33.6505 INFO Query: SELECT * FROM SecurityRoleDetail WHERE RoleId = 1
2018-03-08 23:49:33.6810 INFO Database connection string : Data Source=|DataDirectory|\ScaleSoft.db3;Version=3;
2018-03-08 23:49:33.6810 INFO Query: SELECT * FROM SystemSetting
2018-03-08 23:49:33.7165 INFO Database connection string : Data Source=|DataDirectory|\ScaleSoft.db3;Version=3;
2018-03-08 23:49:33.7165 INFO Query: SELECT * FROM SystemSetting
2018-03-08 23:49:33.7165 INFO Database connection string : Data Source=|DataDirectory|\ScaleSoft.db3;Version=3;
2018-03-08 23:49:33.7165 INFO Query: SELECT * FROM SystemSetting
2018-03-08 23:49:33.7391 INFO Database connection string : Data Source=|DataDirectory|\ScaleSoft.db3;Version=3;
2018-03-08 23:49:33.7391 INFO Query: SELECT * FROM SystemSetting
2018-03-08 23:49:33.7611 INFO Database connection string : Data Source=|DataDirectory|\ScaleSoft.db3;Version=3;
2018-03-08 23:49:33.7652 INFO Query: SELECT * FROM SystemSetting
2018-03-08 23:51:00.9141 INFO Database connection string : Data Source=|DataDirectory|\ScaleSoft.db3;Version=3;
2018-03-08 23:51:05.4264 INFO Database connection string : Data Source=|DataDirectory|\ScaleSoft.db3;Version=3;
2018-03-08 23:51:05.4264 INFO Query: SELECT * FROM SystemSetting
2018-03-08 23:51:19.4224 INFO Finishing Initialisation...
2018-03-08 23:51:50.1840 INFO Database file location: D:\IBTS\InProgress\Product\Rice Factory Software - 20171026\Source Code\ITWhiz.ScaleSoft\ITWhiz.ScaleSoft.Desktop\
2018-03-08 23:51:50.3293 INFO Initialising Components...
2018-03-08 23:51:53.3508 INFO Checking Database Connection...
2018-03-08 23:51:53.4129 INFO Database connection string : Data Source=|DataDirectory|\ScaleSoft.db3;Version=3;
2018-03-08 23:51:56.5570 INFO Checking License...
2018-03-08 23:51:56.5853 INFO Database connection string : Data Source=|DataDirectory|\ScaleSoft.db3;Version=3;
2018-03-08 23:51:56.5923 INFO Query: SELECT * FROM SystemSetting
2018-03-08 23:51:56.7587 INFO Sucess: find rockey2 : 0
2018-03-08 23:51:56.7587 INFO Error: can not open the rockey2 : -1609564159
2018-03-08 23:52:00.1659 INFO Database connection string : Data Source=|DataDirectory|\ScaleSoft.db3;Version=3;
2018-03-08 23:52:00.1659 INFO Query: SELECT Count(*)  AS RecordCount FROM Weighment 
2018-03-08 23:52:01.6240 INFO Database connection string : Data Source=|DataDirectory|\ScaleSoft.db3;Version=3;
2018-03-08 23:52:01.6240 INFO Query: SELECT * FROM User WHERE LoginId = 'Administrator' AND Password = '5LwAl4ldMRsMe1vj9DoH42NoGZDqCpKEfb44vWuDoC0='
2018-03-08 23:52:01.6240 INFO Database connection string : Data Source=|DataDirectory|\ScaleSoft.db3;Version=3;
2018-03-08 23:52:01.6240 INFO Query: SELECT * FROM SecurityRoleDetail WHERE RoleId = 1
2018-03-08 23:52:01.6240 INFO Database connection string : Data Source=|DataDirectory|\ScaleSoft.db3;Version=3;
2018-03-08 23:52:01.6240 INFO Query: SELECT * FROM SystemSetting
2018-03-08 23:52:01.6416 INFO Database connection string : Data Source=|DataDirectory|\ScaleSoft.db3;Version=3;
2018-03-08 23:52:01.6416 INFO Query: SELECT * FROM SystemSetting
2018-03-08 23:52:01.6416 INFO Database connection string : Data Source=|DataDirectory|\ScaleSoft.db3;Version=3;
2018-03-08 23:52:01.6416 INFO Query: SELECT * FROM SystemSetting
2018-03-08 23:52:01.6546 INFO Database connection string : Data Source=|DataDirectory|\ScaleSoft.db3;Version=3;
2018-03-08 23:52:01.6546 INFO Query: SELECT * FROM SystemSetting
2018-03-08 23:52:01.7068 INFO Database connection string : Data Source=|DataDirectory|\ScaleSoft.db3;Version=3;
2018-03-08 23:52:01.7068 INFO Query: SELECT * FROM SystemSetting
2018-03-08 23:52:12.9349 INFO Database connection string : Data Source=|DataDirectory|\ScaleSoft.db3;Version=3;
2018-03-08 23:52:12.9349 INFO Query: SELECT *, pro.Name AS ProductName FROM Weighment as w INNER JOIN Product AS pro on pro.Id = w.ProductId Where w.TicketNumber =1
2018-03-08 23:52:12.9921 INFO Database connection string : Data Source=|DataDirectory|\ScaleSoft.db3;Version=3;
2018-03-08 23:53:07.8412 INFO Database connection string : Data Source=|DataDirectory|\ScaleSoft.db3;Version=3;
2018-03-08 23:53:07.8412 INFO Query: SELECT *, pro.Name AS ProductName FROM Weighment as w INNER JOIN Product AS pro on pro.Id = w.ProductId Where w.TicketNumber =2
2018-03-08 23:53:07.8412 INFO Database connection string : Data Source=|DataDirectory|\ScaleSoft.db3;Version=3;
2018-03-08 23:53:43.7812 INFO Database connection string : Data Source=|DataDirectory|\ScaleSoft.db3;Version=3;
2018-03-08 23:54:37.0979 INFO Database connection string : Data Source=|DataDirectory|\ScaleSoft.db3;Version=3;
2018-03-08 23:54:37.0979 INFO Query: SELECT * FROM SystemSetting
2018-03-08 23:55:01.9430 INFO Finishing Initialisation...
